2017-10-07 08:50:20 trace :
------------
String:
<xml><ToUserName><![CDATA[gh_5c0f19e6e149]]></ToUserName>
<FromUserName><![CDATA[osBgU02X2VjokTwdQc4EqZmk47LI]]></FromUserName>
<CreateTime>1507337420</CreateTime>
<MsgType><![CDATA[event]]></MsgType>
<Event><![CDATA[CLICK]]></Event>
<EventKey><![CDATA[关注]]></EventKey>
</xml>

2017-10-07 08:50:22 trace :
------------
String:
<xml><ToUserName><![CDATA[gh_5c0f19e6e149]]></ToUserName>
<FromUserName><![CDATA[osBgU02X2VjokTwdQc4EqZmk47LI]]></FromUserName>
<CreateTime>1507337422</CreateTime>
<MsgType><![CDATA[event]]></MsgType>
<Event><![CDATA[VIEW]]></Event>
<EventKey><![CDATA[http://jyqc.hejiewl.com/app/index.php?i=1&c=entry&eid=18]]></EventKey>
<MenuId>427147390</MenuId>
</xml>

2017-10-07 08:50:22 params :
------------
String:
array (
  'rule' => -2,
  'module' => '',
  'message' => 
  array (
    'tousername' => 'gh_5c0f19e6e149',
    'fromusername' => 'osBgU02X2VjokTwdQc4EqZmk47LI',
    'createtime' => '1507337422',
    'msgtype' => 'event',
    'event' => 'VIEW',
    'eventkey' => 'http://jyqc.hejiewl.com/app/index.php?i=1&c=entry&eid=18',
    'menuid' => '427147390',
    'from' => 'osBgU02X2VjokTwdQc4EqZmk47LI',
    'to' => 'gh_5c0f19e6e149',
    'time' => '1507337422',
    'type' => 'text',
    'content' => 'http://jyqc.hejiewl.com/app/index.php?i=1&c=entry&eid=18',
    'redirection' => true,
    'source' => 'VIEW',
  ),
)

2017-10-07 08:50:22 response :
------------

2017-10-07 10:51:56 trace :
------------
String:
<xml><ToUserName><![CDATA[gh_5c0f19e6e149]]></ToUserName>
<FromUserName><![CDATA[osBgU0wRQRhvj1sGHt_sykTbfZFc]]></FromUserName>
<CreateTime>1507344715</CreateTime>
<MsgType><![CDATA[event]]></MsgType>
<Event><![CDATA[VIEW]]></Event>
<EventKey><![CDATA[http://jyqc.hejiewl.com/app/index.php?i=1&c=entry&eid=18]]></EventKey>
<MenuId>427147390</MenuId>
</xml>

2017-10-07 10:51:56 params :
------------
String:
array (
  'rule' => -2,
  'module' => '',
  'message' => 
  array (
    'tousername' => 'gh_5c0f19e6e149',
    'fromusername' => 'osBgU0wRQRhvj1sGHt_sykTbfZFc',
    'createtime' => '1507344715',
    'msgtype' => 'event',
    'event' => 'VIEW',
    'eventkey' => 'http://jyqc.hejiewl.com/app/index.php?i=1&c=entry&eid=18',
    'menuid' => '427147390',
    'from' => 'osBgU0wRQRhvj1sGHt_sykTbfZFc',
    'to' => 'gh_5c0f19e6e149',
    'time' => '1507344715',
    'type' => 'text',
    'content' => 'http://jyqc.hejiewl.com/app/index.php?i=1&c=entry&eid=18',
    'redirection' => true,
    'source' => 'VIEW',
  ),
)

2017-10-07 10:51:56 response :
------------

2017-10-07 10:52:25 trace :
------------
String:
<xml><ToUserName><![CDATA[gh_5c0f19e6e149]]></ToUserName>
<FromUserName><![CDATA[osBgU0wRQRhvj1sGHt_sykTbfZFc]]></FromUserName>
<CreateTime>1507344745</CreateTime>
<MsgType><![CDATA[event]]></MsgType>
<Event><![CDATA[VIEW]]></Event>
<EventKey><![CDATA[http://jyqc.hejiewl.com/app/index.php?i=1&c=entry&eid=18]]></EventKey>
<MenuId>427147390</MenuId>
</xml>

2017-10-07 10:52:25 params :
------------
String:
array (
  'rule' => -2,
  'module' => '',
  'message' => 
  array (
    'tousername' => 'gh_5c0f19e6e149',
    'fromusername' => 'osBgU0wRQRhvj1sGHt_sykTbfZFc',
    'createtime' => '1507344745',
    'msgtype' => 'event',
    'event' => 'VIEW',
    'eventkey' => 'http://jyqc.hejiewl.com/app/index.php?i=1&c=entry&eid=18',
    'menuid' => '427147390',
    'from' => 'osBgU0wRQRhvj1sGHt_sykTbfZFc',
    'to' => 'gh_5c0f19e6e149',
    'time' => '1507344745',
    'type' => 'text',
    'content' => 'http://jyqc.hejiewl.com/app/index.php?i=1&c=entry&eid=18',
    'redirection' => true,
    'source' => 'VIEW',
  ),
)

2017-10-07 10:52:25 response :
------------

2017-10-07 17:26:24 trace :
------------
String:
<xml><ToUserName><![CDATA[gh_5c0f19e6e149]]></ToUserName>
<FromUserName><![CDATA[osBgU028g6TeqiDs3H1ytUIHBCx4]]></FromUserName>
<CreateTime>1507368384</CreateTime>
<MsgType><![CDATA[event]]></MsgType>
<Event><![CDATA[subscribe]]></Event>
<EventKey><![CDATA[]]></EventKey>
</xml>

2017-10-07 17:26:24 params :
------------
String:
array (
  'rule' => -2,
  'module' => '',
  'message' => 
  array (
    'tousername' => 'gh_5c0f19e6e149',
    'fromusername' => 'osBgU028g6TeqiDs3H1ytUIHBCx4',
    'createtime' => '1507368384',
    'msgtype' => 'event',
    'event' => 'subscribe',
    'eventkey' => '',
    'from' => 'osBgU028g6TeqiDs3H1ytUIHBCx4',
    'to' => 'gh_5c0f19e6e149',
    'time' => '1507368384',
    'type' => 'text',
    'redirection' => true,
    'source' => 'subscribe',
  ),
)

2017-10-07 17:26:24 response :
------------

2017-10-07 17:26:32 trace :
------------
String:
<xml><ToUserName><![CDATA[gh_5c0f19e6e149]]></ToUserName>
<FromUserName><![CDATA[osBgU028g6TeqiDs3H1ytUIHBCx4]]></FromUserName>
<CreateTime>1507368392</CreateTime>
<MsgType><![CDATA[event]]></MsgType>
<Event><![CDATA[VIEW]]></Event>
<EventKey><![CDATA[http://jyqc.hejiewl.com/app/index.php?i=1&c=entry&eid=18]]></EventKey>
<MenuId>427147390</MenuId>
</xml>

2017-10-07 17:26:32 params :
------------
String:
array (
  'rule' => -2,
  'module' => '',
  'message' => 
  array (
    'tousername' => 'gh_5c0f19e6e149',
    'fromusername' => 'osBgU028g6TeqiDs3H1ytUIHBCx4',
    'createtime' => '1507368392',
    'msgtype' => 'event',
    'event' => 'VIEW',
    'eventkey' => 'http://jyqc.hejiewl.com/app/index.php?i=1&c=entry&eid=18',
    'menuid' => '427147390',
    'from' => 'osBgU028g6TeqiDs3H1ytUIHBCx4',
    'to' => 'gh_5c0f19e6e149',
    'time' => '1507368392',
    'type' => 'text',
    'content' => 'http://jyqc.hejiewl.com/app/index.php?i=1&c=entry&eid=18',
    'redirection' => true,
    'source' => 'VIEW',
  ),
)

2017-10-07 17:26:32 response :
------------

2017-10-07 21:48:59 trace :
------------
String:
<xml><ToUserName><![CDATA[gh_5c0f19e6e149]]></ToUserName>
<FromUserName><![CDATA[osBgU02X2VjokTwdQc4EqZmk47LI]]></FromUserName>
<CreateTime>1507384139</CreateTime>
<MsgType><![CDATA[event]]></MsgType>
<Event><![CDATA[VIEW]]></Event>
<EventKey><![CDATA[http://jyqc.hejiewl.com/app/index.php?i=1&c=entry&eid=18]]></EventKey>
<MenuId>427147390</MenuId>
</xml>

2017-10-07 21:48:59 params :
------------
String:
array (
  'rule' => -2,
  'module' => '',
  'message' => 
  array (
    'tousername' => 'gh_5c0f19e6e149',
    'fromusername' => 'osBgU02X2VjokTwdQc4EqZmk47LI',
    'createtime' => '1507384139',
    'msgtype' => 'event',
    'event' => 'VIEW',
    'eventkey' => 'http://jyqc.hejiewl.com/app/index.php?i=1&c=entry&eid=18',
    'menuid' => '427147390',
    'from' => 'osBgU02X2VjokTwdQc4EqZmk47LI',
    'to' => 'gh_5c0f19e6e149',
    'time' => '1507384139',
    'type' => 'text',
    'content' => 'http://jyqc.hejiewl.com/app/index.php?i=1&c=entry&eid=18',
    'redirection' => true,
    'source' => 'VIEW',
  ),
)

2017-10-07 21:48:59 response :
------------

2017-10-07 21:59:21 trace :
------------
String:
<xml><ToUserName><![CDATA[gh_5c0f19e6e149]]></ToUserName>
<FromUserName><![CDATA[osBgU02X2VjokTwdQc4EqZmk47LI]]></FromUserName>
<CreateTime>1507384761</CreateTime>
<MsgType><![CDATA[event]]></MsgType>
<Event><![CDATA[VIEW]]></Event>
<EventKey><![CDATA[http://jyqc.hejiewl.com/app/index.php?i=1&c=entry&eid=18]]></EventKey>
<MenuId>427147390</MenuId>
</xml>

2017-10-07 21:59:21 params :
------------
String:
array (
  'rule' => -2,
  'module' => '',
  'message' => 
  array (
    'tousername' => 'gh_5c0f19e6e149',
    'fromusername' => 'osBgU02X2VjokTwdQc4EqZmk47LI',
    'createtime' => '1507384761',
    'msgtype' => 'event',
    'event' => 'VIEW',
    'eventkey' => 'http://jyqc.hejiewl.com/app/index.php?i=1&c=entry&eid=18',
    'menuid' => '427147390',
    'from' => 'osBgU02X2VjokTwdQc4EqZmk47LI',
    'to' => 'gh_5c0f19e6e149',
    'time' => '1507384761',
    'type' => 'text',
    'content' => 'http://jyqc.hejiewl.com/app/index.php?i=1&c=entry&eid=18',
    'redirection' => true,
    'source' => 'VIEW',
  ),
)

2017-10-07 21:59:21 response :
------------

2017-10-07 21:59:35 trace :
------------
String:
<xml><ToUserName><![CDATA[gh_5c0f19e6e149]]></ToUserName>
<FromUserName><![CDATA[osBgU02X2VjokTwdQc4EqZmk47LI]]></FromUserName>
<CreateTime>1507384774</CreateTime>
<MsgType><![CDATA[text]]></MsgType>
<Content><![CDATA[/::>]]></Content>
<MsgId>6474168307246093268</MsgId>
</xml>

2017-10-07 21:59:35 params :
------------
String:
array (
  'rule' => -2,
  'module' => '',
  'message' => 
  array (
    'tousername' => 'gh_5c0f19e6e149',
    'fromusername' => 'osBgU02X2VjokTwdQc4EqZmk47LI',
    'createtime' => '1507384774',
    'msgtype' => 'text',
    'content' => '/::>',
    'msgid' => '6474168307246093268',
    'from' => 'osBgU02X2VjokTwdQc4EqZmk47LI',
    'to' => 'gh_5c0f19e6e149',
    'time' => '1507384774',
    'type' => 'text',
    'event' => NULL,
    'redirection' => false,
    'source' => NULL,
  ),
)

2017-10-07 21:59:35 response :
------------

