2017-11-22 10:49:56 trace :
------------
String:
<xml><ToUserName><![CDATA[gh_5c0f19e6e149]]></ToUserName>
<FromUserName><![CDATA[osBgU0wRQRhvj1sGHt_sykTbfZFc]]></FromUserName>
<CreateTime>1511318996</CreateTime>
<MsgType><![CDATA[event]]></MsgType>
<Event><![CDATA[VIEW]]></Event>
<EventKey><![CDATA[http://jyqc.hejiewl.com/app/index.php?i=1&c=entry&m=ewei_shopv2&do=mobile]]></EventKey>
<MenuId>429677808</MenuId>
</xml>

2017-11-22 10:49:56 params :
------------
String:
array (
  'message' => 
  array (
    'tousername' => 'gh_5c0f19e6e149',
    'fromusername' => 'osBgU0wRQRhvj1sGHt_sykTbfZFc',
    'createtime' => '1511318996',
    'msgtype' => 'event',
    'event' => 'VIEW',
    'eventkey' => 'http://jyqc.hejiewl.com/app/index.php?i=1&c=entry&m=ewei_shopv2&do=mobile',
    'menuid' => '429677808',
    'from' => 'osBgU0wRQRhvj1sGHt_sykTbfZFc',
    'to' => 'gh_5c0f19e6e149',
    'time' => '1511318996',
    'type' => 'text',
    'content' => '首次关注',
    'redirection' => true,
    'source' => 'default',
    'original' => 'http://jyqc.hejiewl.com/app/index.php?i=1&c=entry&m=ewei_shopv2&do=mobile',
  ),
  'module' => 'basic',
  'rule' => '27',
  'priority' => '0',
  'keyword' => 
  array (
    'id' => '32',
    'rid' => '27',
    'uniacid' => '1',
    'module' => 'basic',
    'content' => '首次',
    'type' => '2',
    'displayorder' => '0',
    'status' => '1',
  ),
)

2017-11-22 10:49:56 response :
------------
Array:
FromUserName : gh_5c0f19e6e149 ;
ToUserName : osBgU0wRQRhvj1sGHt_sykTbfZFc ;
MsgType : text ;
Content : 欢迎光临 ;

2017-11-22 10:50:22 trace :
------------
String:
<xml><ToUserName><![CDATA[gh_5c0f19e6e149]]></ToUserName>
<FromUserName><![CDATA[osBgU0wRQRhvj1sGHt_sykTbfZFc]]></FromUserName>
<CreateTime>1511319022</CreateTime>
<MsgType><![CDATA[event]]></MsgType>
<Event><![CDATA[VIEW]]></Event>
<EventKey><![CDATA[http://jyqc.hejiewl.com/app/index.php?i=1&c=entry&m=ewei_shopv2&do=mobile&r=merch.list.merchuser]]></EventKey>
<MenuId>429677808</MenuId>
</xml>

2017-11-22 10:50:23 params :
------------
String:
array (
  'message' => 
  array (
    'tousername' => 'gh_5c0f19e6e149',
    'fromusername' => 'osBgU0wRQRhvj1sGHt_sykTbfZFc',
    'createtime' => '1511319022',
    'msgtype' => 'event',
    'event' => 'VIEW',
    'eventkey' => 'http://jyqc.hejiewl.com/app/index.php?i=1&c=entry&m=ewei_shopv2&do=mobile&r=merch.list.merchuser',
    'menuid' => '429677808',
    'from' => 'osBgU0wRQRhvj1sGHt_sykTbfZFc',
    'to' => 'gh_5c0f19e6e149',
    'time' => '1511319022',
    'type' => 'text',
    'content' => '首次关注',
    'redirection' => true,
    'source' => 'default',
    'original' => 'http://jyqc.hejiewl.com/app/index.php?i=1&c=entry&m=ewei_shopv2&do=mobile&r=merch.list.merchuser',
  ),
  'module' => 'basic',
  'rule' => '27',
  'priority' => '0',
  'keyword' => 
  array (
    'id' => '32',
    'rid' => '27',
    'uniacid' => '1',
    'module' => 'basic',
    'content' => '首次',
    'type' => '2',
    'displayorder' => '0',
    'status' => '1',
  ),
)

2017-11-22 10:50:23 response :
------------
Array:
FromUserName : gh_5c0f19e6e149 ;
ToUserName : osBgU0wRQRhvj1sGHt_sykTbfZFc ;
MsgType : text ;
Content : 欢迎光临 ;

2017-11-22 10:58:57 trace :
------------
String:
<xml><ToUserName><![CDATA[gh_5c0f19e6e149]]></ToUserName>
<FromUserName><![CDATA[osBgU0wRQRhvj1sGHt_sykTbfZFc]]></FromUserName>
<CreateTime>1511319537</CreateTime>
<MsgType><![CDATA[event]]></MsgType>
<Event><![CDATA[VIEW]]></Event>
<EventKey><![CDATA[http://jyqc.hejiewl.com/app/index.php?i=1&c=entry&m=ewei_shopv2&do=mobile&r=member]]></EventKey>
<MenuId>429677808</MenuId>
</xml>

2017-11-22 10:58:57 params :
------------
String:
array (
  'message' => 
  array (
    'tousername' => 'gh_5c0f19e6e149',
    'fromusername' => 'osBgU0wRQRhvj1sGHt_sykTbfZFc',
    'createtime' => '1511319537',
    'msgtype' => 'event',
    'event' => 'VIEW',
    'eventkey' => 'http://jyqc.hejiewl.com/app/index.php?i=1&c=entry&m=ewei_shopv2&do=mobile&r=member',
    'menuid' => '429677808',
    'from' => 'osBgU0wRQRhvj1sGHt_sykTbfZFc',
    'to' => 'gh_5c0f19e6e149',
    'time' => '1511319537',
    'type' => 'text',
    'content' => '首次关注',
    'redirection' => true,
    'source' => 'default',
    'original' => 'http://jyqc.hejiewl.com/app/index.php?i=1&c=entry&m=ewei_shopv2&do=mobile&r=member',
  ),
  'module' => 'basic',
  'rule' => '27',
  'priority' => '0',
  'keyword' => 
  array (
    'id' => '32',
    'rid' => '27',
    'uniacid' => '1',
    'module' => 'basic',
    'content' => '首次',
    'type' => '2',
    'displayorder' => '0',
    'status' => '1',
  ),
)

2017-11-22 10:58:57 response :
------------
Array:
FromUserName : gh_5c0f19e6e149 ;
ToUserName : osBgU0wRQRhvj1sGHt_sykTbfZFc ;
MsgType : text ;
Content : 欢迎光临 ;

2017-11-22 11:00:41 trace :
------------
String:
<xml><ToUserName><![CDATA[gh_5c0f19e6e149]]></ToUserName>
<FromUserName><![CDATA[osBgU0wRQRhvj1sGHt_sykTbfZFc]]></FromUserName>
<CreateTime>1511319641</CreateTime>
<MsgType><![CDATA[event]]></MsgType>
<Event><![CDATA[VIEW]]></Event>
<EventKey><![CDATA[http://jyqc.hejiewl.com/app/index.php?i=1&c=entry&m=ewei_shopv2&do=mobile]]></EventKey>
<MenuId>429677808</MenuId>
</xml>

2017-11-22 11:00:41 params :
------------
String:
array (
  'message' => 
  array (
    'tousername' => 'gh_5c0f19e6e149',
    'fromusername' => 'osBgU0wRQRhvj1sGHt_sykTbfZFc',
    'createtime' => '1511319641',
    'msgtype' => 'event',
    'event' => 'VIEW',
    'eventkey' => 'http://jyqc.hejiewl.com/app/index.php?i=1&c=entry&m=ewei_shopv2&do=mobile',
    'menuid' => '429677808',
    'from' => 'osBgU0wRQRhvj1sGHt_sykTbfZFc',
    'to' => 'gh_5c0f19e6e149',
    'time' => '1511319641',
    'type' => 'text',
    'content' => '首次关注',
    'redirection' => true,
    'source' => 'default',
    'original' => 'http://jyqc.hejiewl.com/app/index.php?i=1&c=entry&m=ewei_shopv2&do=mobile',
  ),
  'module' => 'basic',
  'rule' => '27',
  'priority' => '0',
  'keyword' => 
  array (
    'id' => '32',
    'rid' => '27',
    'uniacid' => '1',
    'module' => 'basic',
    'content' => '首次',
    'type' => '2',
    'displayorder' => '0',
    'status' => '1',
  ),
)

2017-11-22 11:00:41 response :
------------
Array:
FromUserName : gh_5c0f19e6e149 ;
ToUserName : osBgU0wRQRhvj1sGHt_sykTbfZFc ;
MsgType : text ;
Content : 欢迎光临 ;

2017-11-22 12:46:03 trace :
------------
String:
<xml><ToUserName><![CDATA[gh_5c0f19e6e149]]></ToUserName>
<FromUserName><![CDATA[osBgU06rsub7w00TeH_YlZw7uyRE]]></FromUserName>
<CreateTime>1511325963</CreateTime>
<MsgType><![CDATA[event]]></MsgType>
<Event><![CDATA[subscribe]]></Event>
<EventKey><![CDATA[qrscene_114683c0e567959b80550a88ab4f0e15]]></EventKey>
<Ticket><![CDATA[gQHE8TwAAAAAAAAAAS5odHRwOi8vd2VpeGluLnFxLmNvbS9xLzAySlNaNTkxTW9ja2oxMDAwME0wN1gAAgT4uNVZAwQAAAAA]]></Ticket>
</xml>

2017-11-22 12:46:21 trace :
------------
String:
<xml><ToUserName><![CDATA[gh_5c0f19e6e149]]></ToUserName>
<FromUserName><![CDATA[osBgU06rsub7w00TeH_YlZw7uyRE]]></FromUserName>
<CreateTime>1511325981</CreateTime>
<MsgType><![CDATA[event]]></MsgType>
<Event><![CDATA[SCAN]]></Event>
<EventKey><![CDATA[114683c0e567959b80550a88ab4f0e15]]></EventKey>
<Ticket><![CDATA[gQHE8TwAAAAAAAAAAS5odHRwOi8vd2VpeGluLnFxLmNvbS9xLzAySlNaNTkxTW9ja2oxMDAwME0wN1gAAgT4uNVZAwQAAAAA]]></Ticket>
</xml>

2017-11-22 12:46:27 trace :
------------
String:
<xml><ToUserName><![CDATA[gh_5c0f19e6e149]]></ToUserName>
<FromUserName><![CDATA[osBgU06rsub7w00TeH_YlZw7uyRE]]></FromUserName>
<CreateTime>1511325987</CreateTime>
<MsgType><![CDATA[event]]></MsgType>
<Event><![CDATA[CLICK]]></Event>
<EventKey><![CDATA[关注海报]]></EventKey>
</xml>

2017-11-22 12:46:34 trace :
------------
String:
<xml><ToUserName><![CDATA[gh_5c0f19e6e149]]></ToUserName>
<FromUserName><![CDATA[osBgU06rsub7w00TeH_YlZw7uyRE]]></FromUserName>
<CreateTime>1511325994</CreateTime>
<MsgType><![CDATA[event]]></MsgType>
<Event><![CDATA[VIEW]]></Event>
<EventKey><![CDATA[http://jyqc.hejiewl.com/app/index.php?i=1&c=entry&m=ewei_shopv2&do=mobile]]></EventKey>
<MenuId>429677808</MenuId>
</xml>

2017-11-22 12:46:34 params :
------------
String:
array (
  'message' => 
  array (
    'tousername' => 'gh_5c0f19e6e149',
    'fromusername' => 'osBgU06rsub7w00TeH_YlZw7uyRE',
    'createtime' => '1511325994',
    'msgtype' => 'event',
    'event' => 'VIEW',
    'eventkey' => 'http://jyqc.hejiewl.com/app/index.php?i=1&c=entry&m=ewei_shopv2&do=mobile',
    'menuid' => '429677808',
    'from' => 'osBgU06rsub7w00TeH_YlZw7uyRE',
    'to' => 'gh_5c0f19e6e149',
    'time' => '1511325994',
    'type' => 'text',
    'content' => '首次关注',
    'redirection' => true,
    'source' => 'default',
    'original' => 'http://jyqc.hejiewl.com/app/index.php?i=1&c=entry&m=ewei_shopv2&do=mobile',
  ),
  'module' => 'basic',
  'rule' => '27',
  'priority' => '0',
  'keyword' => 
  array (
    'id' => '32',
    'rid' => '27',
    'uniacid' => '1',
    'module' => 'basic',
    'content' => '首次',
    'type' => '2',
    'displayorder' => '0',
    'status' => '1',
  ),
)

2017-11-22 12:46:34 response :
------------
Array:
FromUserName : gh_5c0f19e6e149 ;
ToUserName : osBgU06rsub7w00TeH_YlZw7uyRE ;
MsgType : text ;
Content : 欢迎光临 ;

2017-11-22 12:46:45 trace :
------------
String:
<xml><ToUserName><![CDATA[gh_5c0f19e6e149]]></ToUserName>
<FromUserName><![CDATA[osBgU06rsub7w00TeH_YlZw7uyRE]]></FromUserName>
<CreateTime>1511326005</CreateTime>
<MsgType><![CDATA[event]]></MsgType>
<Event><![CDATA[CLICK]]></Event>
<EventKey><![CDATA[关注海报]]></EventKey>
</xml>

2017-11-22 14:02:34 trace :
------------
String:
<xml><ToUserName><![CDATA[gh_5c0f19e6e149]]></ToUserName>
<FromUserName><![CDATA[osBgU061paNjHwMzMBK3UycW8M70]]></FromUserName>
<CreateTime>1511330554</CreateTime>
<MsgType><![CDATA[event]]></MsgType>
<Event><![CDATA[VIEW]]></Event>
<EventKey><![CDATA[http://jyqc.hejiewl.com/app/index.php?i=1&c=entry&m=ewei_shopv2&do=mobile]]></EventKey>
<MenuId>429677808</MenuId>
</xml>

2017-11-22 14:02:34 params :
------------
String:
array (
  'message' => 
  array (
    'tousername' => 'gh_5c0f19e6e149',
    'fromusername' => 'osBgU061paNjHwMzMBK3UycW8M70',
    'createtime' => '1511330554',
    'msgtype' => 'event',
    'event' => 'VIEW',
    'eventkey' => 'http://jyqc.hejiewl.com/app/index.php?i=1&c=entry&m=ewei_shopv2&do=mobile',
    'menuid' => '429677808',
    'from' => 'osBgU061paNjHwMzMBK3UycW8M70',
    'to' => 'gh_5c0f19e6e149',
    'time' => '1511330554',
    'type' => 'text',
    'content' => '首次关注',
    'redirection' => true,
    'source' => 'default',
    'original' => 'http://jyqc.hejiewl.com/app/index.php?i=1&c=entry&m=ewei_shopv2&do=mobile',
  ),
  'module' => 'basic',
  'rule' => '27',
  'priority' => '0',
  'keyword' => 
  array (
    'id' => '32',
    'rid' => '27',
    'uniacid' => '1',
    'module' => 'basic',
    'content' => '首次',
    'type' => '2',
    'displayorder' => '0',
    'status' => '1',
  ),
)

2017-11-22 14:02:34 response :
------------
Array:
FromUserName : gh_5c0f19e6e149 ;
ToUserName : osBgU061paNjHwMzMBK3UycW8M70 ;
MsgType : text ;
Content : 欢迎光临 ;

2017-11-22 14:02:59 trace :
------------
String:
<xml><ToUserName><![CDATA[gh_5c0f19e6e149]]></ToUserName>
<FromUserName><![CDATA[osBgU06rsub7w00TeH_YlZw7uyRE]]></FromUserName>
<CreateTime>1511330579</CreateTime>
<MsgType><![CDATA[event]]></MsgType>
<Event><![CDATA[VIEW]]></Event>
<EventKey><![CDATA[http://jyqc.hejiewl.com/app/index.php?i=1&c=entry&m=ewei_shopv2&do=mobile]]></EventKey>
<MenuId>429677808</MenuId>
</xml>

2017-11-22 14:02:59 params :
------------
String:
array (
  'message' => 
  array (
    'tousername' => 'gh_5c0f19e6e149',
    'fromusername' => 'osBgU06rsub7w00TeH_YlZw7uyRE',
    'createtime' => '1511330579',
    'msgtype' => 'event',
    'event' => 'VIEW',
    'eventkey' => 'http://jyqc.hejiewl.com/app/index.php?i=1&c=entry&m=ewei_shopv2&do=mobile',
    'menuid' => '429677808',
    'from' => 'osBgU06rsub7w00TeH_YlZw7uyRE',
    'to' => 'gh_5c0f19e6e149',
    'time' => '1511330579',
    'type' => 'text',
    'content' => '首次关注',
    'redirection' => true,
    'source' => 'default',
    'original' => 'http://jyqc.hejiewl.com/app/index.php?i=1&c=entry&m=ewei_shopv2&do=mobile',
  ),
  'module' => 'basic',
  'rule' => '27',
  'priority' => '0',
  'keyword' => 
  array (
    'id' => '32',
    'rid' => '27',
    'uniacid' => '1',
    'module' => 'basic',
    'content' => '首次',
    'type' => '2',
    'displayorder' => '0',
    'status' => '1',
  ),
)

2017-11-22 14:02:59 response :
------------
Array:
FromUserName : gh_5c0f19e6e149 ;
ToUserName : osBgU06rsub7w00TeH_YlZw7uyRE ;
MsgType : text ;
Content : 欢迎光临 ;

2017-11-22 14:03:26 trace :
------------
String:
<xml><ToUserName><![CDATA[gh_5c0f19e6e149]]></ToUserName>
<FromUserName><![CDATA[osBgU06rsub7w00TeH_YlZw7uyRE]]></FromUserName>
<CreateTime>1511330606</CreateTime>
<MsgType><![CDATA[event]]></MsgType>
<Event><![CDATA[VIEW]]></Event>
<EventKey><![CDATA[http://jyqc.hejiewl.com/app/index.php?i=1&c=entry&m=ewei_shopv2&do=mobile]]></EventKey>
<MenuId>429677808</MenuId>
</xml>

2017-11-22 14:03:26 params :
------------
String:
array (
  'message' => 
  array (
    'tousername' => 'gh_5c0f19e6e149',
    'fromusername' => 'osBgU06rsub7w00TeH_YlZw7uyRE',
    'createtime' => '1511330606',
    'msgtype' => 'event',
    'event' => 'VIEW',
    'eventkey' => 'http://jyqc.hejiewl.com/app/index.php?i=1&c=entry&m=ewei_shopv2&do=mobile',
    'menuid' => '429677808',
    'from' => 'osBgU06rsub7w00TeH_YlZw7uyRE',
    'to' => 'gh_5c0f19e6e149',
    'time' => '1511330606',
    'type' => 'text',
    'content' => '首次关注',
    'redirection' => true,
    'source' => 'default',
    'original' => 'http://jyqc.hejiewl.com/app/index.php?i=1&c=entry&m=ewei_shopv2&do=mobile',
  ),
  'module' => 'basic',
  'rule' => '27',
  'priority' => '0',
  'keyword' => 
  array (
    'id' => '32',
    'rid' => '27',
    'uniacid' => '1',
    'module' => 'basic',
    'content' => '首次',
    'type' => '2',
    'displayorder' => '0',
    'status' => '1',
  ),
)

2017-11-22 14:03:26 response :
------------
Array:
FromUserName : gh_5c0f19e6e149 ;
ToUserName : osBgU06rsub7w00TeH_YlZw7uyRE ;
MsgType : text ;
Content : 欢迎光临 ;

2017-11-22 14:03:32 trace :
------------
String:
<xml><ToUserName><![CDATA[gh_5c0f19e6e149]]></ToUserName>
<FromUserName><![CDATA[osBgU06rsub7w00TeH_YlZw7uyRE]]></FromUserName>
<CreateTime>1511330612</CreateTime>
<MsgType><![CDATA[event]]></MsgType>
<Event><![CDATA[VIEW]]></Event>
<EventKey><![CDATA[http://jyqc.hejiewl.com/app/index.php?i=1&c=entry&m=ewei_shopv2&do=mobile&r=merch.list.merchuser]]></EventKey>
<MenuId>429677808</MenuId>
</xml>

2017-11-22 14:03:32 params :
------------
String:
array (
  'message' => 
  array (
    'tousername' => 'gh_5c0f19e6e149',
    'fromusername' => 'osBgU06rsub7w00TeH_YlZw7uyRE',
    'createtime' => '1511330612',
    'msgtype' => 'event',
    'event' => 'VIEW',
    'eventkey' => 'http://jyqc.hejiewl.com/app/index.php?i=1&c=entry&m=ewei_shopv2&do=mobile&r=merch.list.merchuser',
    'menuid' => '429677808',
    'from' => 'osBgU06rsub7w00TeH_YlZw7uyRE',
    'to' => 'gh_5c0f19e6e149',
    'time' => '1511330612',
    'type' => 'text',
    'content' => '首次关注',
    'redirection' => true,
    'source' => 'default',
    'original' => 'http://jyqc.hejiewl.com/app/index.php?i=1&c=entry&m=ewei_shopv2&do=mobile&r=merch.list.merchuser',
  ),
  'module' => 'basic',
  'rule' => '27',
  'priority' => '0',
  'keyword' => 
  array (
    'id' => '32',
    'rid' => '27',
    'uniacid' => '1',
    'module' => 'basic',
    'content' => '首次',
    'type' => '2',
    'displayorder' => '0',
    'status' => '1',
  ),
)

2017-11-22 14:03:32 response :
------------
Array:
FromUserName : gh_5c0f19e6e149 ;
ToUserName : osBgU06rsub7w00TeH_YlZw7uyRE ;
MsgType : text ;
Content : 欢迎光临 ;

2017-11-22 14:03:45 trace :
------------
String:
<xml><ToUserName><![CDATA[gh_5c0f19e6e149]]></ToUserName>
<FromUserName><![CDATA[osBgU06rsub7w00TeH_YlZw7uyRE]]></FromUserName>
<CreateTime>1511330625</CreateTime>
<MsgType><![CDATA[event]]></MsgType>
<Event><![CDATA[CLICK]]></Event>
<EventKey><![CDATA[关注海报]]></EventKey>
</xml>

2017-11-22 14:03:54 trace :
------------
String:
<xml><ToUserName><![CDATA[gh_5c0f19e6e149]]></ToUserName>
<FromUserName><![CDATA[osBgU06rsub7w00TeH_YlZw7uyRE]]></FromUserName>
<CreateTime>1511330634</CreateTime>
<MsgType><![CDATA[event]]></MsgType>
<Event><![CDATA[VIEW]]></Event>
<EventKey><![CDATA[http://jyqc.hejiewl.com/app/index.php?i=1&c=entry&m=ewei_shopv2&do=mobile]]></EventKey>
<MenuId>429677808</MenuId>
</xml>

2017-11-22 14:03:54 params :
------------
String:
array (
  'message' => 
  array (
    'tousername' => 'gh_5c0f19e6e149',
    'fromusername' => 'osBgU06rsub7w00TeH_YlZw7uyRE',
    'createtime' => '1511330634',
    'msgtype' => 'event',
    'event' => 'VIEW',
    'eventkey' => 'http://jyqc.hejiewl.com/app/index.php?i=1&c=entry&m=ewei_shopv2&do=mobile',
    'menuid' => '429677808',
    'from' => 'osBgU06rsub7w00TeH_YlZw7uyRE',
    'to' => 'gh_5c0f19e6e149',
    'time' => '1511330634',
    'type' => 'text',
    'content' => '首次关注',
    'redirection' => true,
    'source' => 'default',
    'original' => 'http://jyqc.hejiewl.com/app/index.php?i=1&c=entry&m=ewei_shopv2&do=mobile',
  ),
  'module' => 'basic',
  'rule' => '27',
  'priority' => '0',
  'keyword' => 
  array (
    'id' => '32',
    'rid' => '27',
    'uniacid' => '1',
    'module' => 'basic',
    'content' => '首次',
    'type' => '2',
    'displayorder' => '0',
    'status' => '1',
  ),
)

2017-11-22 14:03:54 response :
------------
Array:
FromUserName : gh_5c0f19e6e149 ;
ToUserName : osBgU06rsub7w00TeH_YlZw7uyRE ;
MsgType : text ;
Content : 欢迎光临 ;

2017-11-22 14:04:06 trace :
------------
String:
<xml><ToUserName><![CDATA[gh_5c0f19e6e149]]></ToUserName>
<FromUserName><![CDATA[osBgU06rsub7w00TeH_YlZw7uyRE]]></FromUserName>
<CreateTime>1511330646</CreateTime>
<MsgType><![CDATA[event]]></MsgType>
<Event><![CDATA[VIEW]]></Event>
<EventKey><![CDATA[http://jyqc.hejiewl.com/app/index.php?i=1&c=entry&m=ewei_shopv2&do=mobile&r=commission]]></EventKey>
<MenuId>429677808</MenuId>
</xml>

2017-11-22 14:04:06 params :
------------
String:
array (
  'message' => 
  array (
    'tousername' => 'gh_5c0f19e6e149',
    'fromusername' => 'osBgU06rsub7w00TeH_YlZw7uyRE',
    'createtime' => '1511330646',
    'msgtype' => 'event',
    'event' => 'VIEW',
    'eventkey' => 'http://jyqc.hejiewl.com/app/index.php?i=1&c=entry&m=ewei_shopv2&do=mobile&r=commission',
    'menuid' => '429677808',
    'from' => 'osBgU06rsub7w00TeH_YlZw7uyRE',
    'to' => 'gh_5c0f19e6e149',
    'time' => '1511330646',
    'type' => 'text',
    'content' => '首次关注',
    'redirection' => true,
    'source' => 'default',
    'original' => 'http://jyqc.hejiewl.com/app/index.php?i=1&c=entry&m=ewei_shopv2&do=mobile&r=commission',
  ),
  'module' => 'basic',
  'rule' => '27',
  'priority' => '0',
  'keyword' => 
  array (
    'id' => '32',
    'rid' => '27',
    'uniacid' => '1',
    'module' => 'basic',
    'content' => '首次',
    'type' => '2',
    'displayorder' => '0',
    'status' => '1',
  ),
)

2017-11-22 14:04:06 response :
------------
Array:
FromUserName : gh_5c0f19e6e149 ;
ToUserName : osBgU06rsub7w00TeH_YlZw7uyRE ;
MsgType : text ;
Content : 欢迎光临 ;

2017-11-22 14:05:31 trace :
------------
String:
<xml><ToUserName><![CDATA[gh_5c0f19e6e149]]></ToUserName>
<FromUserName><![CDATA[osBgU061paNjHwMzMBK3UycW8M70]]></FromUserName>
<CreateTime>1511330731</CreateTime>
<MsgType><![CDATA[event]]></MsgType>
<Event><![CDATA[VIEW]]></Event>
<EventKey><![CDATA[http://jyqc.hejiewl.com/app/index.php?i=1&c=entry&m=ewei_shopv2&do=mobile]]></EventKey>
<MenuId>429677808</MenuId>
</xml>

2017-11-22 14:05:31 params :
------------
String:
array (
  'message' => 
  array (
    'tousername' => 'gh_5c0f19e6e149',
    'fromusername' => 'osBgU061paNjHwMzMBK3UycW8M70',
    'createtime' => '1511330731',
    'msgtype' => 'event',
    'event' => 'VIEW',
    'eventkey' => 'http://jyqc.hejiewl.com/app/index.php?i=1&c=entry&m=ewei_shopv2&do=mobile',
    'menuid' => '429677808',
    'from' => 'osBgU061paNjHwMzMBK3UycW8M70',
    'to' => 'gh_5c0f19e6e149',
    'time' => '1511330731',
    'type' => 'text',
    'content' => '首次关注',
    'redirection' => true,
    'source' => 'default',
    'original' => 'http://jyqc.hejiewl.com/app/index.php?i=1&c=entry&m=ewei_shopv2&do=mobile',
  ),
  'module' => 'basic',
  'rule' => '27',
  'priority' => '0',
  'keyword' => 
  array (
    'id' => '32',
    'rid' => '27',
    'uniacid' => '1',
    'module' => 'basic',
    'content' => '首次',
    'type' => '2',
    'displayorder' => '0',
    'status' => '1',
  ),
)

2017-11-22 14:05:31 response :
------------
Array:
FromUserName : gh_5c0f19e6e149 ;
ToUserName : osBgU061paNjHwMzMBK3UycW8M70 ;
MsgType : text ;
Content : 欢迎光临 ;

2017-11-22 14:16:20 trace :
------------
String:
<xml><ToUserName><![CDATA[gh_5c0f19e6e149]]></ToUserName>
<FromUserName><![CDATA[osBgU07KSRUxAgyEdA0evljsFgS8]]></FromUserName>
<CreateTime>1511331380</CreateTime>
<MsgType><![CDATA[event]]></MsgType>
<Event><![CDATA[subscribe]]></Event>
<EventKey><![CDATA[qrscene_e11c1110df72b5a17d4b28afb8375884]]></EventKey>
<Ticket><![CDATA[gQGq8DwAAAAAAAAAAS5odHRwOi8vd2VpeGluLnFxLmNvbS9xLzAySEtFdjhVTW9ja2oxMDAwME0wN2UAAgQ2ARVaAwQAAAAA]]></Ticket>
</xml>

2017-11-22 14:18:16 trace :
------------
String:
<xml><ToUserName><![CDATA[gh_5c0f19e6e149]]></ToUserName>
<FromUserName><![CDATA[osBgU07KSRUxAgyEdA0evljsFgS8]]></FromUserName>
<CreateTime>1511331496</CreateTime>
<MsgType><![CDATA[event]]></MsgType>
<Event><![CDATA[SCAN]]></Event>
<EventKey><![CDATA[e11c1110df72b5a17d4b28afb8375884]]></EventKey>
<Ticket><![CDATA[gQGq8DwAAAAAAAAAAS5odHRwOi8vd2VpeGluLnFxLmNvbS9xLzAySEtFdjhVTW9ja2oxMDAwME0wN2UAAgQ2ARVaAwQAAAAA]]></Ticket>
</xml>

2017-11-22 14:18:20 trace :
------------
String:
<xml><ToUserName><![CDATA[gh_5c0f19e6e149]]></ToUserName>
<FromUserName><![CDATA[osBgU07KSRUxAgyEdA0evljsFgS8]]></FromUserName>
<CreateTime>1511331500</CreateTime>
<MsgType><![CDATA[event]]></MsgType>
<Event><![CDATA[VIEW]]></Event>
<EventKey><![CDATA[http://jyqc.hejiewl.com/app/index.php?i=1&c=entry&m=ewei_shopv2&do=mobile]]></EventKey>
<MenuId>429677808</MenuId>
</xml>

2017-11-22 14:18:20 params :
------------
String:
array (
  'message' => 
  array (
    'tousername' => 'gh_5c0f19e6e149',
    'fromusername' => 'osBgU07KSRUxAgyEdA0evljsFgS8',
    'createtime' => '1511331500',
    'msgtype' => 'event',
    'event' => 'VIEW',
    'eventkey' => 'http://jyqc.hejiewl.com/app/index.php?i=1&c=entry&m=ewei_shopv2&do=mobile',
    'menuid' => '429677808',
    'from' => 'osBgU07KSRUxAgyEdA0evljsFgS8',
    'to' => 'gh_5c0f19e6e149',
    'time' => '1511331500',
    'type' => 'text',
    'content' => '首次关注',
    'redirection' => true,
    'source' => 'default',
    'original' => 'http://jyqc.hejiewl.com/app/index.php?i=1&c=entry&m=ewei_shopv2&do=mobile',
  ),
  'module' => 'basic',
  'rule' => '27',
  'priority' => '0',
  'keyword' => 
  array (
    'id' => '32',
    'rid' => '27',
    'uniacid' => '1',
    'module' => 'basic',
    'content' => '首次',
    'type' => '2',
    'displayorder' => '0',
    'status' => '1',
  ),
)

2017-11-22 14:18:20 response :
------------
Array:
FromUserName : gh_5c0f19e6e149 ;
ToUserName : osBgU07KSRUxAgyEdA0evljsFgS8 ;
MsgType : text ;
Content : 欢迎光临 ;

2017-11-22 14:19:04 trace :
------------
String:
<xml><ToUserName><![CDATA[gh_5c0f19e6e149]]></ToUserName>
<FromUserName><![CDATA[osBgU07KSRUxAgyEdA0evljsFgS8]]></FromUserName>
<CreateTime>1511331544</CreateTime>
<MsgType><![CDATA[event]]></MsgType>
<Event><![CDATA[VIEW]]></Event>
<EventKey><![CDATA[http://jyqc.hejiewl.com/app/index.php?i=1&c=entry&m=ewei_shopv2&do=mobile]]></EventKey>
<MenuId>429677808</MenuId>
</xml>

2017-11-22 14:19:04 params :
------------
String:
array (
  'message' => 
  array (
    'tousername' => 'gh_5c0f19e6e149',
    'fromusername' => 'osBgU07KSRUxAgyEdA0evljsFgS8',
    'createtime' => '1511331544',
    'msgtype' => 'event',
    'event' => 'VIEW',
    'eventkey' => 'http://jyqc.hejiewl.com/app/index.php?i=1&c=entry&m=ewei_shopv2&do=mobile',
    'menuid' => '429677808',
    'from' => 'osBgU07KSRUxAgyEdA0evljsFgS8',
    'to' => 'gh_5c0f19e6e149',
    'time' => '1511331544',
    'type' => 'text',
    'content' => '首次关注',
    'redirection' => true,
    'source' => 'default',
    'original' => 'http://jyqc.hejiewl.com/app/index.php?i=1&c=entry&m=ewei_shopv2&do=mobile',
  ),
  'module' => 'basic',
  'rule' => '27',
  'priority' => '0',
  'keyword' => 
  array (
    'id' => '32',
    'rid' => '27',
    'uniacid' => '1',
    'module' => 'basic',
    'content' => '首次',
    'type' => '2',
    'displayorder' => '0',
    'status' => '1',
  ),
)

2017-11-22 14:19:04 response :
------------
Array:
FromUserName : gh_5c0f19e6e149 ;
ToUserName : osBgU07KSRUxAgyEdA0evljsFgS8 ;
MsgType : text ;
Content : 欢迎光临 ;

2017-11-22 14:20:48 trace :
------------
String:
<xml><ToUserName><![CDATA[gh_5c0f19e6e149]]></ToUserName>
<FromUserName><![CDATA[osBgU061paNjHwMzMBK3UycW8M70]]></FromUserName>
<CreateTime>1511331648</CreateTime>
<MsgType><![CDATA[event]]></MsgType>
<Event><![CDATA[VIEW]]></Event>
<EventKey><![CDATA[http://jyqc.hejiewl.com/app/index.php?i=1&c=entry&m=ewei_shopv2&do=mobile]]></EventKey>
<MenuId>429677808</MenuId>
</xml>

2017-11-22 14:20:48 params :
------------
String:
array (
  'message' => 
  array (
    'tousername' => 'gh_5c0f19e6e149',
    'fromusername' => 'osBgU061paNjHwMzMBK3UycW8M70',
    'createtime' => '1511331648',
    'msgtype' => 'event',
    'event' => 'VIEW',
    'eventkey' => 'http://jyqc.hejiewl.com/app/index.php?i=1&c=entry&m=ewei_shopv2&do=mobile',
    'menuid' => '429677808',
    'from' => 'osBgU061paNjHwMzMBK3UycW8M70',
    'to' => 'gh_5c0f19e6e149',
    'time' => '1511331648',
    'type' => 'text',
    'content' => '首次关注',
    'redirection' => true,
    'source' => 'default',
    'original' => 'http://jyqc.hejiewl.com/app/index.php?i=1&c=entry&m=ewei_shopv2&do=mobile',
  ),
  'module' => 'basic',
  'rule' => '27',
  'priority' => '0',
  'keyword' => 
  array (
    'id' => '32',
    'rid' => '27',
    'uniacid' => '1',
    'module' => 'basic',
    'content' => '首次',
    'type' => '2',
    'displayorder' => '0',
    'status' => '1',
  ),
)

2017-11-22 14:20:48 response :
------------
Array:
FromUserName : gh_5c0f19e6e149 ;
ToUserName : osBgU061paNjHwMzMBK3UycW8M70 ;
MsgType : text ;
Content : 欢迎光临 ;

2017-11-22 14:21:30 trace :
------------
String:
<xml><ToUserName><![CDATA[gh_5c0f19e6e149]]></ToUserName>
<FromUserName><![CDATA[osBgU061paNjHwMzMBK3UycW8M70]]></FromUserName>
<CreateTime>1511331690</CreateTime>
<MsgType><![CDATA[event]]></MsgType>
<Event><![CDATA[VIEW]]></Event>
<EventKey><![CDATA[http://jyqc.hejiewl.com/app/index.php?i=1&c=entry&m=ewei_shopv2&do=mobile]]></EventKey>
<MenuId>429677808</MenuId>
</xml>

2017-11-22 14:21:30 params :
------------
String:
array (
  'message' => 
  array (
    'tousername' => 'gh_5c0f19e6e149',
    'fromusername' => 'osBgU061paNjHwMzMBK3UycW8M70',
    'createtime' => '1511331690',
    'msgtype' => 'event',
    'event' => 'VIEW',
    'eventkey' => 'http://jyqc.hejiewl.com/app/index.php?i=1&c=entry&m=ewei_shopv2&do=mobile',
    'menuid' => '429677808',
    'from' => 'osBgU061paNjHwMzMBK3UycW8M70',
    'to' => 'gh_5c0f19e6e149',
    'time' => '1511331690',
    'type' => 'text',
    'content' => '首次关注',
    'redirection' => true,
    'source' => 'default',
    'original' => 'http://jyqc.hejiewl.com/app/index.php?i=1&c=entry&m=ewei_shopv2&do=mobile',
  ),
  'module' => 'basic',
  'rule' => '27',
  'priority' => '0',
  'keyword' => 
  array (
    'id' => '32',
    'rid' => '27',
    'uniacid' => '1',
    'module' => 'basic',
    'content' => '首次',
    'type' => '2',
    'displayorder' => '0',
    'status' => '1',
  ),
)

2017-11-22 14:21:30 response :
------------
Array:
FromUserName : gh_5c0f19e6e149 ;
ToUserName : osBgU061paNjHwMzMBK3UycW8M70 ;
MsgType : text ;
Content : 欢迎光临 ;

2017-11-22 14:41:39 trace :
------------
String:
<xml><ToUserName><![CDATA[gh_5c0f19e6e149]]></ToUserName>
<FromUserName><![CDATA[osBgU052SUpXXAc0h8CRmU9j5WZY]]></FromUserName>
<CreateTime>1511332899</CreateTime>
<MsgType><![CDATA[event]]></MsgType>
<Event><![CDATA[subscribe]]></Event>
<EventKey><![CDATA[qrscene_e11c1110df72b5a17d4b28afb8375884]]></EventKey>
<Ticket><![CDATA[gQGq8DwAAAAAAAAAAS5odHRwOi8vd2VpeGluLnFxLmNvbS9xLzAySEtFdjhVTW9ja2oxMDAwME0wN2UAAgQ2ARVaAwQAAAAA]]></Ticket>
</xml>

2017-11-22 14:41:43 trace :
------------
String:
<xml><ToUserName><![CDATA[gh_5c0f19e6e149]]></ToUserName>
<FromUserName><![CDATA[osBgU052SUpXXAc0h8CRmU9j5WZY]]></FromUserName>
<CreateTime>1511332903</CreateTime>
<MsgType><![CDATA[event]]></MsgType>
<Event><![CDATA[VIEW]]></Event>
<EventKey><![CDATA[http://jyqc.hejiewl.com/app/index.php?i=1&c=entry&m=ewei_shopv2&do=mobile]]></EventKey>
<MenuId>429677808</MenuId>
</xml>

2017-11-22 14:41:43 params :
------------
String:
array (
  'message' => 
  array (
    'tousername' => 'gh_5c0f19e6e149',
    'fromusername' => 'osBgU052SUpXXAc0h8CRmU9j5WZY',
    'createtime' => '1511332903',
    'msgtype' => 'event',
    'event' => 'VIEW',
    'eventkey' => 'http://jyqc.hejiewl.com/app/index.php?i=1&c=entry&m=ewei_shopv2&do=mobile',
    'menuid' => '429677808',
    'from' => 'osBgU052SUpXXAc0h8CRmU9j5WZY',
    'to' => 'gh_5c0f19e6e149',
    'time' => '1511332903',
    'type' => 'text',
    'content' => '首次关注',
    'redirection' => true,
    'source' => 'default',
    'original' => 'http://jyqc.hejiewl.com/app/index.php?i=1&c=entry&m=ewei_shopv2&do=mobile',
  ),
  'module' => 'basic',
  'rule' => '27',
  'priority' => '0',
  'keyword' => 
  array (
    'id' => '32',
    'rid' => '27',
    'uniacid' => '1',
    'module' => 'basic',
    'content' => '首次',
    'type' => '2',
    'displayorder' => '0',
    'status' => '1',
  ),
)

2017-11-22 14:41:43 response :
------------
Array:
FromUserName : gh_5c0f19e6e149 ;
ToUserName : osBgU052SUpXXAc0h8CRmU9j5WZY ;
MsgType : text ;
Content : 欢迎光临 ;

2017-11-22 14:44:00 trace :
------------
String:
<xml><ToUserName><![CDATA[gh_5c0f19e6e149]]></ToUserName>
<FromUserName><![CDATA[osBgU052SUpXXAc0h8CRmU9j5WZY]]></FromUserName>
<CreateTime>1511333040</CreateTime>
<MsgType><![CDATA[event]]></MsgType>
<Event><![CDATA[SCAN]]></Event>
<EventKey><![CDATA[e11c1110df72b5a17d4b28afb8375884]]></EventKey>
<Ticket><![CDATA[gQGq8DwAAAAAAAAAAS5odHRwOi8vd2VpeGluLnFxLmNvbS9xLzAySEtFdjhVTW9ja2oxMDAwME0wN2UAAgQ2ARVaAwQAAAAA]]></Ticket>
</xml>

2017-11-22 14:44:04 trace :
------------
String:
<xml><ToUserName><![CDATA[gh_5c0f19e6e149]]></ToUserName>
<FromUserName><![CDATA[osBgU052SUpXXAc0h8CRmU9j5WZY]]></FromUserName>
<CreateTime>1511333044</CreateTime>
<MsgType><![CDATA[event]]></MsgType>
<Event><![CDATA[VIEW]]></Event>
<EventKey><![CDATA[http://jyqc.hejiewl.com/app/index.php?i=1&c=entry&m=ewei_shopv2&do=mobile]]></EventKey>
<MenuId>429677808</MenuId>
</xml>

2017-11-22 14:44:04 params :
------------
String:
array (
  'message' => 
  array (
    'tousername' => 'gh_5c0f19e6e149',
    'fromusername' => 'osBgU052SUpXXAc0h8CRmU9j5WZY',
    'createtime' => '1511333044',
    'msgtype' => 'event',
    'event' => 'VIEW',
    'eventkey' => 'http://jyqc.hejiewl.com/app/index.php?i=1&c=entry&m=ewei_shopv2&do=mobile',
    'menuid' => '429677808',
    'from' => 'osBgU052SUpXXAc0h8CRmU9j5WZY',
    'to' => 'gh_5c0f19e6e149',
    'time' => '1511333044',
    'type' => 'text',
    'content' => '首次关注',
    'redirection' => true,
    'source' => 'default',
    'original' => 'http://jyqc.hejiewl.com/app/index.php?i=1&c=entry&m=ewei_shopv2&do=mobile',
  ),
  'module' => 'basic',
  'rule' => '27',
  'priority' => '0',
  'keyword' => 
  array (
    'id' => '32',
    'rid' => '27',
    'uniacid' => '1',
    'module' => 'basic',
    'content' => '首次',
    'type' => '2',
    'displayorder' => '0',
    'status' => '1',
  ),
)

2017-11-22 14:44:04 response :
------------
Array:
FromUserName : gh_5c0f19e6e149 ;
ToUserName : osBgU052SUpXXAc0h8CRmU9j5WZY ;
MsgType : text ;
Content : 欢迎光临 ;

2017-11-22 16:21:27 trace :
------------
String:
<xml><ToUserName><![CDATA[gh_5c0f19e6e149]]></ToUserName>
<FromUserName><![CDATA[osBgU06rsub7w00TeH_YlZw7uyRE]]></FromUserName>
<CreateTime>1511338887</CreateTime>
<MsgType><![CDATA[event]]></MsgType>
<Event><![CDATA[VIEW]]></Event>
<EventKey><![CDATA[http://jyqc.hejiewl.com/app/index.php?i=1&c=entry&m=ewei_shopv2&do=mobile]]></EventKey>
<MenuId>429677808</MenuId>
</xml>

2017-11-22 16:21:27 params :
------------
String:
array (
  'message' => 
  array (
    'tousername' => 'gh_5c0f19e6e149',
    'fromusername' => 'osBgU06rsub7w00TeH_YlZw7uyRE',
    'createtime' => '1511338887',
    'msgtype' => 'event',
    'event' => 'VIEW',
    'eventkey' => 'http://jyqc.hejiewl.com/app/index.php?i=1&c=entry&m=ewei_shopv2&do=mobile',
    'menuid' => '429677808',
    'from' => 'osBgU06rsub7w00TeH_YlZw7uyRE',
    'to' => 'gh_5c0f19e6e149',
    'time' => '1511338887',
    'type' => 'text',
    'content' => '首次关注',
    'redirection' => true,
    'source' => 'default',
    'original' => 'http://jyqc.hejiewl.com/app/index.php?i=1&c=entry&m=ewei_shopv2&do=mobile',
  ),
  'module' => 'basic',
  'rule' => '27',
  'priority' => '0',
  'keyword' => 
  array (
    'id' => '32',
    'rid' => '27',
    'uniacid' => '1',
    'module' => 'basic',
    'content' => '首次',
    'type' => '2',
    'displayorder' => '0',
    'status' => '1',
  ),
)

2017-11-22 16:21:27 response :
------------
Array:
FromUserName : gh_5c0f19e6e149 ;
ToUserName : osBgU06rsub7w00TeH_YlZw7uyRE ;
MsgType : text ;
Content : 欢迎光临 ;

2017-11-22 18:32:14 trace :
------------
String:
<xml><ToUserName><![CDATA[gh_5c0f19e6e149]]></ToUserName>
<FromUserName><![CDATA[osBgU061paNjHwMzMBK3UycW8M70]]></FromUserName>
<CreateTime>1511346734</CreateTime>
<MsgType><![CDATA[event]]></MsgType>
<Event><![CDATA[VIEW]]></Event>
<EventKey><![CDATA[http://jyqc.hejiewl.com/app/index.php?i=1&c=entry&m=ewei_shopv2&do=mobile]]></EventKey>
<MenuId>429677808</MenuId>
</xml>

2017-11-22 18:32:14 params :
------------
String:
array (
  'message' => 
  array (
    'tousername' => 'gh_5c0f19e6e149',
    'fromusername' => 'osBgU061paNjHwMzMBK3UycW8M70',
    'createtime' => '1511346734',
    'msgtype' => 'event',
    'event' => 'VIEW',
    'eventkey' => 'http://jyqc.hejiewl.com/app/index.php?i=1&c=entry&m=ewei_shopv2&do=mobile',
    'menuid' => '429677808',
    'from' => 'osBgU061paNjHwMzMBK3UycW8M70',
    'to' => 'gh_5c0f19e6e149',
    'time' => '1511346734',
    'type' => 'text',
    'content' => '首次关注',
    'redirection' => true,
    'source' => 'default',
    'original' => 'http://jyqc.hejiewl.com/app/index.php?i=1&c=entry&m=ewei_shopv2&do=mobile',
  ),
  'module' => 'basic',
  'rule' => '27',
  'priority' => '0',
  'keyword' => 
  array (
    'id' => '32',
    'rid' => '27',
    'uniacid' => '1',
    'module' => 'basic',
    'content' => '首次',
    'type' => '2',
    'displayorder' => '0',
    'status' => '1',
  ),
)

2017-11-22 18:32:14 response :
------------
Array:
FromUserName : gh_5c0f19e6e149 ;
ToUserName : osBgU061paNjHwMzMBK3UycW8M70 ;
MsgType : text ;
Content : 欢迎光临 ;

2017-11-22 18:32:32 trace :
------------
String:
<xml><ToUserName><![CDATA[gh_5c0f19e6e149]]></ToUserName>
<FromUserName><![CDATA[osBgU061paNjHwMzMBK3UycW8M70]]></FromUserName>
<CreateTime>1511346752</CreateTime>
<MsgType><![CDATA[event]]></MsgType>
<Event><![CDATA[VIEW]]></Event>
<EventKey><![CDATA[http://jyqc.hejiewl.com/app/index.php?i=1&c=entry&m=ewei_shopv2&do=mobile]]></EventKey>
<MenuId>429677808</MenuId>
</xml>

2017-11-22 18:32:32 params :
------------
String:
array (
  'message' => 
  array (
    'tousername' => 'gh_5c0f19e6e149',
    'fromusername' => 'osBgU061paNjHwMzMBK3UycW8M70',
    'createtime' => '1511346752',
    'msgtype' => 'event',
    'event' => 'VIEW',
    'eventkey' => 'http://jyqc.hejiewl.com/app/index.php?i=1&c=entry&m=ewei_shopv2&do=mobile',
    'menuid' => '429677808',
    'from' => 'osBgU061paNjHwMzMBK3UycW8M70',
    'to' => 'gh_5c0f19e6e149',
    'time' => '1511346752',
    'type' => 'text',
    'content' => '首次关注',
    'redirection' => true,
    'source' => 'default',
    'original' => 'http://jyqc.hejiewl.com/app/index.php?i=1&c=entry&m=ewei_shopv2&do=mobile',
  ),
  'module' => 'basic',
  'rule' => '27',
  'priority' => '0',
  'keyword' => 
  array (
    'id' => '32',
    'rid' => '27',
    'uniacid' => '1',
    'module' => 'basic',
    'content' => '首次',
    'type' => '2',
    'displayorder' => '0',
    'status' => '1',
  ),
)

2017-11-22 18:32:32 response :
------------
Array:
FromUserName : gh_5c0f19e6e149 ;
ToUserName : osBgU061paNjHwMzMBK3UycW8M70 ;
MsgType : text ;
Content : 欢迎光临 ;

