2017-10-08 09:50:36 trace :
------------
String:
<xml><ToUserName><![CDATA[gh_5c0f19e6e149]]></ToUserName>
<FromUserName><![CDATA[osBgU0wRQRhvj1sGHt_sykTbfZFc]]></FromUserName>
<CreateTime>1507427436</CreateTime>
<MsgType><![CDATA[event]]></MsgType>
<Event><![CDATA[VIEW]]></Event>
<EventKey><![CDATA[http://jyqc.hejiewl.com/app/index.php?i=1&c=entry&eid=18]]></EventKey>
<MenuId>427147390</MenuId>
</xml>

2017-10-08 09:50:36 params :
------------
String:
array (
  'rule' => -2,
  'module' => '',
  'message' => 
  array (
    'tousername' => 'gh_5c0f19e6e149',
    'fromusername' => 'osBgU0wRQRhvj1sGHt_sykTbfZFc',
    'createtime' => '1507427436',
    'msgtype' => 'event',
    'event' => 'VIEW',
    'eventkey' => 'http://jyqc.hejiewl.com/app/index.php?i=1&c=entry&eid=18',
    'menuid' => '427147390',
    'from' => 'osBgU0wRQRhvj1sGHt_sykTbfZFc',
    'to' => 'gh_5c0f19e6e149',
    'time' => '1507427436',
    'type' => 'text',
    'content' => 'http://jyqc.hejiewl.com/app/index.php?i=1&c=entry&eid=18',
    'redirection' => true,
    'source' => 'VIEW',
  ),
)

2017-10-08 09:50:36 response :
------------

2017-10-08 09:50:45 trace :
------------
String:
<xml><ToUserName><![CDATA[gh_5c0f19e6e149]]></ToUserName>
<FromUserName><![CDATA[osBgU0wRQRhvj1sGHt_sykTbfZFc]]></FromUserName>
<CreateTime>1507427445</CreateTime>
<MsgType><![CDATA[event]]></MsgType>
<Event><![CDATA[CLICK]]></Event>
<EventKey><![CDATA[关注]]></EventKey>
</xml>

2017-10-08 15:27:52 trace :
------------
String:
<xml><ToUserName><![CDATA[gh_5c0f19e6e149]]></ToUserName>
<FromUserName><![CDATA[osBgU02X2VjokTwdQc4EqZmk47LI]]></FromUserName>
<CreateTime>1507447672</CreateTime>
<MsgType><![CDATA[event]]></MsgType>
<Event><![CDATA[VIEW]]></Event>
<EventKey><![CDATA[http://jyqc.hejiewl.com/app/index.php?i=1&c=entry&eid=18]]></EventKey>
<MenuId>427147390</MenuId>
</xml>

2017-10-08 15:27:52 params :
------------
String:
array (
  'rule' => -2,
  'module' => '',
  'message' => 
  array (
    'tousername' => 'gh_5c0f19e6e149',
    'fromusername' => 'osBgU02X2VjokTwdQc4EqZmk47LI',
    'createtime' => '1507447672',
    'msgtype' => 'event',
    'event' => 'VIEW',
    'eventkey' => 'http://jyqc.hejiewl.com/app/index.php?i=1&c=entry&eid=18',
    'menuid' => '427147390',
    'from' => 'osBgU02X2VjokTwdQc4EqZmk47LI',
    'to' => 'gh_5c0f19e6e149',
    'time' => '1507447672',
    'type' => 'text',
    'content' => 'http://jyqc.hejiewl.com/app/index.php?i=1&c=entry&eid=18',
    'redirection' => true,
    'source' => 'VIEW',
  ),
)

2017-10-08 15:27:52 response :
------------

2017-10-08 17:13:07 trace :
------------
String:
<xml><ToUserName><![CDATA[gh_5c0f19e6e149]]></ToUserName>
<FromUserName><![CDATA[osBgU0wRQRhvj1sGHt_sykTbfZFc]]></FromUserName>
<CreateTime>1507453987</CreateTime>
<MsgType><![CDATA[event]]></MsgType>
<Event><![CDATA[VIEW]]></Event>
<EventKey><![CDATA[http://jyqc.hejiewl.com/app/index.php?i=1&c=entry&eid=18]]></EventKey>
<MenuId>427147390</MenuId>
</xml>

2017-10-08 17:13:07 params :
------------
String:
array (
  'rule' => -2,
  'module' => '',
  'message' => 
  array (
    'tousername' => 'gh_5c0f19e6e149',
    'fromusername' => 'osBgU0wRQRhvj1sGHt_sykTbfZFc',
    'createtime' => '1507453987',
    'msgtype' => 'event',
    'event' => 'VIEW',
    'eventkey' => 'http://jyqc.hejiewl.com/app/index.php?i=1&c=entry&eid=18',
    'menuid' => '427147390',
    'from' => 'osBgU0wRQRhvj1sGHt_sykTbfZFc',
    'to' => 'gh_5c0f19e6e149',
    'time' => '1507453987',
    'type' => 'text',
    'content' => 'http://jyqc.hejiewl.com/app/index.php?i=1&c=entry&eid=18',
    'redirection' => true,
    'source' => 'VIEW',
  ),
)

2017-10-08 17:13:07 response :
------------

2017-10-08 17:15:34 trace :
------------
String:
<xml><ToUserName><![CDATA[gh_5c0f19e6e149]]></ToUserName>
<FromUserName><![CDATA[osBgU097OGryg7GjapcHzdgkKp5g]]></FromUserName>
<CreateTime>1507454134</CreateTime>
<MsgType><![CDATA[event]]></MsgType>
<Event><![CDATA[MASSSENDJOBFINISH]]></Event>
<MsgID>1000000001</MsgID>
<Status><![CDATA[send success]]></Status>
<TotalCount>9</TotalCount>
<FilterCount>9</FilterCount>
<SentCount>9</SentCount>
<ErrorCount>0</ErrorCount>
<CopyrightCheckResult><Count>0</Count>
<ResultList></ResultList>
<CheckState>0</CheckState>
</CopyrightCheckResult>
</xml>

2017-10-08 17:15:34 params :
------------
String:
array (
  'rule' => -2,
  'module' => '',
  'message' => 
  array (
    'tousername' => 'gh_5c0f19e6e149',
    'fromusername' => 'osBgU097OGryg7GjapcHzdgkKp5g',
    'createtime' => '1507454134',
    'msgtype' => 'event',
    'event' => 'MASSSENDJOBFINISH',
    'msgid' => '1000000001',
    'status' => 'send success',
    'totalcount' => '9',
    'filtercount' => '9',
    'sentcount' => '9',
    'errorcount' => '0',
    'copyrightcheckresult' => 
    array (
      'count' => '0',
      'resultlist' => '',
      'checkstate' => '0',
    ),
    'from' => 'osBgU097OGryg7GjapcHzdgkKp5g',
    'to' => 'gh_5c0f19e6e149',
    'time' => '1507454134',
    'type' => 'event',
  ),
)

2017-10-08 17:15:34 response :
------------

2017-10-08 17:16:14 trace :
------------
String:
<xml><ToUserName><![CDATA[gh_5c0f19e6e149]]></ToUserName>
<FromUserName><![CDATA[osBgU02X2VjokTwdQc4EqZmk47LI]]></FromUserName>
<CreateTime>1507454174</CreateTime>
<MsgType><![CDATA[event]]></MsgType>
<Event><![CDATA[VIEW]]></Event>
<EventKey><![CDATA[http://jyqc.hejiewl.com/app/index.php?i=1&c=entry&eid=18]]></EventKey>
<MenuId>427147390</MenuId>
</xml>

2017-10-08 17:16:14 params :
------------
String:
array (
  'rule' => -2,
  'module' => '',
  'message' => 
  array (
    'tousername' => 'gh_5c0f19e6e149',
    'fromusername' => 'osBgU02X2VjokTwdQc4EqZmk47LI',
    'createtime' => '1507454174',
    'msgtype' => 'event',
    'event' => 'VIEW',
    'eventkey' => 'http://jyqc.hejiewl.com/app/index.php?i=1&c=entry&eid=18',
    'menuid' => '427147390',
    'from' => 'osBgU02X2VjokTwdQc4EqZmk47LI',
    'to' => 'gh_5c0f19e6e149',
    'time' => '1507454174',
    'type' => 'text',
    'content' => 'http://jyqc.hejiewl.com/app/index.php?i=1&c=entry&eid=18',
    'redirection' => true,
    'source' => 'VIEW',
  ),
)

2017-10-08 17:16:14 response :
------------

2017-10-08 17:16:22 trace :
------------
String:
<xml><ToUserName><![CDATA[gh_5c0f19e6e149]]></ToUserName>
<FromUserName><![CDATA[osBgU02X2VjokTwdQc4EqZmk47LI]]></FromUserName>
<CreateTime>1507454181</CreateTime>
<MsgType><![CDATA[event]]></MsgType>
<Event><![CDATA[CLICK]]></Event>
<EventKey><![CDATA[关注]]></EventKey>
</xml>

2017-10-08 17:16:29 trace :
------------
String:
<xml><ToUserName><![CDATA[gh_5c0f19e6e149]]></ToUserName>
<FromUserName><![CDATA[osBgU02X2VjokTwdQc4EqZmk47LI]]></FromUserName>
<CreateTime>1507454189</CreateTime>
<MsgType><![CDATA[event]]></MsgType>
<Event><![CDATA[SCAN]]></Event>
<EventKey><![CDATA[c9dc0474936a45aee8fa65f158dd46b4]]></EventKey>
<Ticket><![CDATA[gQFl8DwAAAAAAAAAAS5odHRwOi8vd2VpeGluLnFxLmNvbS9xLzAyX25qVDhNTW9ja2oxMDAwME0wN1oAAgR-FNVZAwQAAAAA]]></Ticket>
</xml>

2017-10-08 17:16:32 trace :
------------
String:
<xml><ToUserName><![CDATA[gh_5c0f19e6e149]]></ToUserName>
<FromUserName><![CDATA[osBgU02X2VjokTwdQc4EqZmk47LI]]></FromUserName>
<CreateTime>1507454192</CreateTime>
<MsgType><![CDATA[event]]></MsgType>
<Event><![CDATA[VIEW]]></Event>
<EventKey><![CDATA[http://jyqc.hejiewl.com/app/index.php?i=1&c=entry&m=ewei_shopv2&do=mobile&r=member]]></EventKey>
<MenuId>427147390</MenuId>
</xml>

2017-10-08 17:16:32 params :
------------
String:
array (
  'rule' => -2,
  'module' => '',
  'message' => 
  array (
    'tousername' => 'gh_5c0f19e6e149',
    'fromusername' => 'osBgU02X2VjokTwdQc4EqZmk47LI',
    'createtime' => '1507454192',
    'msgtype' => 'event',
    'event' => 'VIEW',
    'eventkey' => 'http://jyqc.hejiewl.com/app/index.php?i=1&c=entry&m=ewei_shopv2&do=mobile&r=member',
    'menuid' => '427147390',
    'from' => 'osBgU02X2VjokTwdQc4EqZmk47LI',
    'to' => 'gh_5c0f19e6e149',
    'time' => '1507454192',
    'type' => 'text',
    'content' => 'http://jyqc.hejiewl.com/app/index.php?i=1&c=entry&m=ewei_shopv2&do=mobile&r=member',
    'redirection' => true,
    'source' => 'VIEW',
  ),
)

2017-10-08 17:16:32 response :
------------

2017-10-08 17:22:56 trace :
------------
String:
<xml><ToUserName><![CDATA[gh_5c0f19e6e149]]></ToUserName>
<FromUserName><![CDATA[osBgU03Fpnw6rstqUs3MXDbwVwUE]]></FromUserName>
<CreateTime>1507454576</CreateTime>
<MsgType><![CDATA[event]]></MsgType>
<Event><![CDATA[VIEW]]></Event>
<EventKey><![CDATA[http://jyqc.hejiewl.com/app/index.php?i=1&c=entry&eid=18]]></EventKey>
<MenuId>427147390</MenuId>
</xml>

2017-10-08 17:22:56 params :
------------
String:
array (
  'rule' => -2,
  'module' => '',
  'message' => 
  array (
    'tousername' => 'gh_5c0f19e6e149',
    'fromusername' => 'osBgU03Fpnw6rstqUs3MXDbwVwUE',
    'createtime' => '1507454576',
    'msgtype' => 'event',
    'event' => 'VIEW',
    'eventkey' => 'http://jyqc.hejiewl.com/app/index.php?i=1&c=entry&eid=18',
    'menuid' => '427147390',
    'from' => 'osBgU03Fpnw6rstqUs3MXDbwVwUE',
    'to' => 'gh_5c0f19e6e149',
    'time' => '1507454576',
    'type' => 'text',
    'content' => 'http://jyqc.hejiewl.com/app/index.php?i=1&c=entry&eid=18',
    'redirection' => true,
    'source' => 'VIEW',
  ),
)

2017-10-08 17:22:56 response :
------------

2017-10-08 17:26:53 trace :
------------
String:
<xml><ToUserName><![CDATA[gh_5c0f19e6e149]]></ToUserName>
<FromUserName><![CDATA[osBgU02X2VjokTwdQc4EqZmk47LI]]></FromUserName>
<CreateTime>1507454812</CreateTime>
<MsgType><![CDATA[event]]></MsgType>
<Event><![CDATA[CLICK]]></Event>
<EventKey><![CDATA[关注]]></EventKey>
</xml>

2017-10-08 17:26:56 trace :
------------
String:
<xml><ToUserName><![CDATA[gh_5c0f19e6e149]]></ToUserName>
<FromUserName><![CDATA[osBgU02X2VjokTwdQc4EqZmk47LI]]></FromUserName>
<CreateTime>1507454816</CreateTime>
<MsgType><![CDATA[event]]></MsgType>
<Event><![CDATA[VIEW]]></Event>
<EventKey><![CDATA[http://jyqc.hejiewl.com/app/index.php?i=1&c=entry&m=ewei_shopv2&do=mobile&r=member]]></EventKey>
<MenuId>427147390</MenuId>
</xml>

2017-10-08 17:26:56 params :
------------
String:
array (
  'rule' => -2,
  'module' => '',
  'message' => 
  array (
    'tousername' => 'gh_5c0f19e6e149',
    'fromusername' => 'osBgU02X2VjokTwdQc4EqZmk47LI',
    'createtime' => '1507454816',
    'msgtype' => 'event',
    'event' => 'VIEW',
    'eventkey' => 'http://jyqc.hejiewl.com/app/index.php?i=1&c=entry&m=ewei_shopv2&do=mobile&r=member',
    'menuid' => '427147390',
    'from' => 'osBgU02X2VjokTwdQc4EqZmk47LI',
    'to' => 'gh_5c0f19e6e149',
    'time' => '1507454816',
    'type' => 'text',
    'content' => 'http://jyqc.hejiewl.com/app/index.php?i=1&c=entry&m=ewei_shopv2&do=mobile&r=member',
    'redirection' => true,
    'source' => 'VIEW',
  ),
)

2017-10-08 17:26:56 response :
------------

2017-10-08 17:32:10 trace :
------------
String:
<xml><ToUserName><![CDATA[gh_5c0f19e6e149]]></ToUserName>
<FromUserName><![CDATA[osBgU0_BfGaGRrtsy2TPk6zi7QXs]]></FromUserName>
<CreateTime>1507455130</CreateTime>
<MsgType><![CDATA[event]]></MsgType>
<Event><![CDATA[subscribe]]></Event>
<EventKey><![CDATA[]]></EventKey>
</xml>

2017-10-08 17:32:10 params :
------------
String:
array (
  'rule' => -2,
  'module' => '',
  'message' => 
  array (
    'tousername' => 'gh_5c0f19e6e149',
    'fromusername' => 'osBgU0_BfGaGRrtsy2TPk6zi7QXs',
    'createtime' => '1507455130',
    'msgtype' => 'event',
    'event' => 'subscribe',
    'eventkey' => '',
    'from' => 'osBgU0_BfGaGRrtsy2TPk6zi7QXs',
    'to' => 'gh_5c0f19e6e149',
    'time' => '1507455130',
    'type' => 'text',
    'redirection' => true,
    'source' => 'subscribe',
  ),
)

2017-10-08 17:32:10 response :
------------

2017-10-08 17:32:19 trace :
------------
String:
<xml><ToUserName><![CDATA[gh_5c0f19e6e149]]></ToUserName>
<FromUserName><![CDATA[osBgU0_BfGaGRrtsy2TPk6zi7QXs]]></FromUserName>
<CreateTime>1507455139</CreateTime>
<MsgType><![CDATA[event]]></MsgType>
<Event><![CDATA[VIEW]]></Event>
<EventKey><![CDATA[http://jyqc.hejiewl.com/app/index.php?i=1&c=entry&m=ewei_shopv2&do=mobile&r=member]]></EventKey>
<MenuId>427147390</MenuId>
</xml>

2017-10-08 17:32:19 params :
------------
String:
array (
  'rule' => -2,
  'module' => '',
  'message' => 
  array (
    'tousername' => 'gh_5c0f19e6e149',
    'fromusername' => 'osBgU0_BfGaGRrtsy2TPk6zi7QXs',
    'createtime' => '1507455139',
    'msgtype' => 'event',
    'event' => 'VIEW',
    'eventkey' => 'http://jyqc.hejiewl.com/app/index.php?i=1&c=entry&m=ewei_shopv2&do=mobile&r=member',
    'menuid' => '427147390',
    'from' => 'osBgU0_BfGaGRrtsy2TPk6zi7QXs',
    'to' => 'gh_5c0f19e6e149',
    'time' => '1507455139',
    'type' => 'text',
    'content' => 'http://jyqc.hejiewl.com/app/index.php?i=1&c=entry&m=ewei_shopv2&do=mobile&r=member',
    'redirection' => true,
    'source' => 'VIEW',
  ),
)

2017-10-08 17:32:19 response :
------------

2017-10-08 17:35:06 trace :
------------
String:
<xml><ToUserName><![CDATA[gh_5c0f19e6e149]]></ToUserName>
<FromUserName><![CDATA[osBgU0wRQRhvj1sGHt_sykTbfZFc]]></FromUserName>
<CreateTime>1507455306</CreateTime>
<MsgType><![CDATA[event]]></MsgType>
<Event><![CDATA[VIEW]]></Event>
<EventKey><![CDATA[http://jyqc.hejiewl.com/app/index.php?i=1&c=entry&eid=18]]></EventKey>
<MenuId>427147390</MenuId>
</xml>

2017-10-08 17:35:06 params :
------------
String:
array (
  'rule' => -2,
  'module' => '',
  'message' => 
  array (
    'tousername' => 'gh_5c0f19e6e149',
    'fromusername' => 'osBgU0wRQRhvj1sGHt_sykTbfZFc',
    'createtime' => '1507455306',
    'msgtype' => 'event',
    'event' => 'VIEW',
    'eventkey' => 'http://jyqc.hejiewl.com/app/index.php?i=1&c=entry&eid=18',
    'menuid' => '427147390',
    'from' => 'osBgU0wRQRhvj1sGHt_sykTbfZFc',
    'to' => 'gh_5c0f19e6e149',
    'time' => '1507455306',
    'type' => 'text',
    'content' => 'http://jyqc.hejiewl.com/app/index.php?i=1&c=entry&eid=18',
    'redirection' => true,
    'source' => 'VIEW',
  ),
)

2017-10-08 17:35:06 response :
------------

2017-10-08 17:59:06 trace :
------------
String:
<xml><ToUserName><![CDATA[gh_5c0f19e6e149]]></ToUserName>
<FromUserName><![CDATA[osBgU0yq74D9o2LhLIW3c85exsxo]]></FromUserName>
<CreateTime>1507456746</CreateTime>
<MsgType><![CDATA[event]]></MsgType>
<Event><![CDATA[CLICK]]></Event>
<EventKey><![CDATA[关注]]></EventKey>
</xml>

2017-10-08 17:59:10 trace :
------------
String:
<xml><ToUserName><![CDATA[gh_5c0f19e6e149]]></ToUserName>
<FromUserName><![CDATA[osBgU0yq74D9o2LhLIW3c85exsxo]]></FromUserName>
<CreateTime>1507456750</CreateTime>
<MsgType><![CDATA[event]]></MsgType>
<Event><![CDATA[VIEW]]></Event>
<EventKey><![CDATA[http://jyqc.hejiewl.com/app/index.php?i=1&c=entry&m=ewei_shopv2&do=mobile&r=member]]></EventKey>
<MenuId>427147390</MenuId>
</xml>

2017-10-08 17:59:10 params :
------------
String:
array (
  'rule' => -2,
  'module' => '',
  'message' => 
  array (
    'tousername' => 'gh_5c0f19e6e149',
    'fromusername' => 'osBgU0yq74D9o2LhLIW3c85exsxo',
    'createtime' => '1507456750',
    'msgtype' => 'event',
    'event' => 'VIEW',
    'eventkey' => 'http://jyqc.hejiewl.com/app/index.php?i=1&c=entry&m=ewei_shopv2&do=mobile&r=member',
    'menuid' => '427147390',
    'from' => 'osBgU0yq74D9o2LhLIW3c85exsxo',
    'to' => 'gh_5c0f19e6e149',
    'time' => '1507456750',
    'type' => 'text',
    'content' => 'http://jyqc.hejiewl.com/app/index.php?i=1&c=entry&m=ewei_shopv2&do=mobile&r=member',
    'redirection' => true,
    'source' => 'VIEW',
  ),
)

2017-10-08 17:59:10 response :
------------

2017-10-08 17:59:38 trace :
------------
String:
<xml><ToUserName><![CDATA[gh_5c0f19e6e149]]></ToUserName>
<FromUserName><![CDATA[osBgU0yq74D9o2LhLIW3c85exsxo]]></FromUserName>
<CreateTime>1507456778</CreateTime>
<MsgType><![CDATA[event]]></MsgType>
<Event><![CDATA[SCAN]]></Event>
<EventKey><![CDATA[238373ebe758952263b888ab6a0c1b4d]]></EventKey>
<Ticket><![CDATA[gQEA8TwAAAAAAAAAAS5odHRwOi8vd2VpeGluLnFxLmNvbS9xLzAyQXB4ajhHTW9ja2oxMDAwMGcwN0kAAgTlC9JZAwQAAAAA]]></Ticket>
</xml>

2017-10-08 17:59:51 trace :
------------
String:
<xml><ToUserName><![CDATA[gh_5c0f19e6e149]]></ToUserName>
<FromUserName><![CDATA[osBgU0yq74D9o2LhLIW3c85exsxo]]></FromUserName>
<CreateTime>1507456791</CreateTime>
<MsgType><![CDATA[event]]></MsgType>
<Event><![CDATA[VIEW]]></Event>
<EventKey><![CDATA[http://jyqc.hejiewl.com/app/index.php?i=1&c=entry&m=ewei_shopv2&do=mobile&r=member]]></EventKey>
<MenuId>427147390</MenuId>
</xml>

2017-10-08 17:59:51 params :
------------
String:
array (
  'rule' => -2,
  'module' => '',
  'message' => 
  array (
    'tousername' => 'gh_5c0f19e6e149',
    'fromusername' => 'osBgU0yq74D9o2LhLIW3c85exsxo',
    'createtime' => '1507456791',
    'msgtype' => 'event',
    'event' => 'VIEW',
    'eventkey' => 'http://jyqc.hejiewl.com/app/index.php?i=1&c=entry&m=ewei_shopv2&do=mobile&r=member',
    'menuid' => '427147390',
    'from' => 'osBgU0yq74D9o2LhLIW3c85exsxo',
    'to' => 'gh_5c0f19e6e149',
    'time' => '1507456791',
    'type' => 'text',
    'content' => 'http://jyqc.hejiewl.com/app/index.php?i=1&c=entry&m=ewei_shopv2&do=mobile&r=member',
    'redirection' => true,
    'source' => 'VIEW',
  ),
)

2017-10-08 17:59:51 response :
------------

2017-10-08 18:33:27 trace :
------------
String:
<xml><ToUserName><![CDATA[gh_5c0f19e6e149]]></ToUserName>
<FromUserName><![CDATA[osBgU0yq74D9o2LhLIW3c85exsxo]]></FromUserName>
<CreateTime>1507458807</CreateTime>
<MsgType><![CDATA[event]]></MsgType>
<Event><![CDATA[SCAN]]></Event>
<EventKey><![CDATA[238373ebe758952263b888ab6a0c1b4d]]></EventKey>
<Ticket><![CDATA[gQEA8TwAAAAAAAAAAS5odHRwOi8vd2VpeGluLnFxLmNvbS9xLzAyQXB4ajhHTW9ja2oxMDAwMGcwN0kAAgTlC9JZAwQAAAAA]]></Ticket>
</xml>

2017-10-08 21:12:11 trace :
------------
String:
<xml><ToUserName><![CDATA[gh_5c0f19e6e149]]></ToUserName>
<FromUserName><![CDATA[osBgU0-3UwjO4ZsZNjMCihZUOUVA]]></FromUserName>
<CreateTime>1507468331</CreateTime>
<MsgType><![CDATA[event]]></MsgType>
<Event><![CDATA[VIEW]]></Event>
<EventKey><![CDATA[http://jyqc.hejiewl.com/app/index.php?i=1&c=entry&eid=18]]></EventKey>
<MenuId>427147390</MenuId>
</xml>

2017-10-08 21:12:11 params :
------------
String:
array (
  'rule' => -2,
  'module' => '',
  'message' => 
  array (
    'tousername' => 'gh_5c0f19e6e149',
    'fromusername' => 'osBgU0-3UwjO4ZsZNjMCihZUOUVA',
    'createtime' => '1507468331',
    'msgtype' => 'event',
    'event' => 'VIEW',
    'eventkey' => 'http://jyqc.hejiewl.com/app/index.php?i=1&c=entry&eid=18',
    'menuid' => '427147390',
    'from' => 'osBgU0-3UwjO4ZsZNjMCihZUOUVA',
    'to' => 'gh_5c0f19e6e149',
    'time' => '1507468331',
    'type' => 'text',
    'content' => 'http://jyqc.hejiewl.com/app/index.php?i=1&c=entry&eid=18',
    'redirection' => true,
    'source' => 'VIEW',
  ),
)

2017-10-08 21:12:11 response :
------------

