2017-10-28 08:18:51 trace :
------------
String:
<xml><ToUserName><![CDATA[gh_5c0f19e6e149]]></ToUserName>
<FromUserName><![CDATA[osBgU09njL9yOLmbODekMdMW_lLw]]></FromUserName>
<CreateTime>1509149931</CreateTime>
<MsgType><![CDATA[event]]></MsgType>
<Event><![CDATA[unsubscribe]]></Event>
<EventKey><![CDATA[]]></EventKey>
</xml>

2017-10-28 09:12:06 trace :
------------
String:
<xml><ToUserName><![CDATA[gh_5c0f19e6e149]]></ToUserName>
<FromUserName><![CDATA[osBgU06DHFV-8I7rhZ3pnIzN6rw4]]></FromUserName>
<CreateTime>1509153126</CreateTime>
<MsgType><![CDATA[event]]></MsgType>
<Event><![CDATA[VIEW]]></Event>
<EventKey><![CDATA[http://jyqc.hejiewl.com/app/index.php?i=1&c=entry&m=ewei_shopv2&do=mobile]]></EventKey>
<MenuId>428471341</MenuId>
</xml>

2017-10-28 09:12:06 params :
------------
String:
array (
  'message' => 
  array (
    'tousername' => 'gh_5c0f19e6e149',
    'fromusername' => 'osBgU06DHFV-8I7rhZ3pnIzN6rw4',
    'createtime' => '1509153126',
    'msgtype' => 'event',
    'event' => 'VIEW',
    'eventkey' => 'http://jyqc.hejiewl.com/app/index.php?i=1&c=entry&m=ewei_shopv2&do=mobile',
    'menuid' => '428471341',
    'from' => 'osBgU06DHFV-8I7rhZ3pnIzN6rw4',
    'to' => 'gh_5c0f19e6e149',
    'time' => '1509153126',
    'type' => 'text',
    'content' => '首次关注',
    'redirection' => true,
    'source' => 'default',
    'original' => 'http://jyqc.hejiewl.com/app/index.php?i=1&c=entry&m=ewei_shopv2&do=mobile',
  ),
  'module' => 'news',
  'rule' => '11',
  'priority' => '0',
  'keyword' => 
  array (
    'id' => '16',
    'rid' => '11',
    'uniacid' => '1',
    'module' => 'news',
    'content' => '首次关注',
    'type' => '1',
    'displayorder' => '0',
    'status' => '1',
  ),
)

2017-10-28 09:12:06 response :
------------
Array:
FromUserName : gh_5c0f19e6e149 ;
ToUserName : osBgU06DHFV-8I7rhZ3pnIzN6rw4 ;
MsgType : news ;
ArticleCount : 1 ;
Articles : Array ;

2017-10-28 10:06:32 trace :
------------
String:
<xml><ToUserName><![CDATA[gh_5c0f19e6e149]]></ToUserName>
<FromUserName><![CDATA[osBgU06DHFV-8I7rhZ3pnIzN6rw4]]></FromUserName>
<CreateTime>1509156392</CreateTime>
<MsgType><![CDATA[event]]></MsgType>
<Event><![CDATA[VIEW]]></Event>
<EventKey><![CDATA[http://jyqc.hejiewl.com/app/index.php?i=1&c=entry&m=ewei_shopv2&do=mobile]]></EventKey>
<MenuId>428471341</MenuId>
</xml>

2017-10-28 10:06:32 params :
------------
String:
array (
  'message' => 
  array (
    'tousername' => 'gh_5c0f19e6e149',
    'fromusername' => 'osBgU06DHFV-8I7rhZ3pnIzN6rw4',
    'createtime' => '1509156392',
    'msgtype' => 'event',
    'event' => 'VIEW',
    'eventkey' => 'http://jyqc.hejiewl.com/app/index.php?i=1&c=entry&m=ewei_shopv2&do=mobile',
    'menuid' => '428471341',
    'from' => 'osBgU06DHFV-8I7rhZ3pnIzN6rw4',
    'to' => 'gh_5c0f19e6e149',
    'time' => '1509156392',
    'type' => 'text',
    'content' => '首次关注',
    'redirection' => true,
    'source' => 'default',
    'original' => 'http://jyqc.hejiewl.com/app/index.php?i=1&c=entry&m=ewei_shopv2&do=mobile',
  ),
  'module' => 'news',
  'rule' => '11',
  'priority' => '0',
  'keyword' => 
  array (
    'id' => '16',
    'rid' => '11',
    'uniacid' => '1',
    'module' => 'news',
    'content' => '首次关注',
    'type' => '1',
    'displayorder' => '0',
    'status' => '1',
  ),
)

2017-10-28 10:06:32 response :
------------
Array:
FromUserName : gh_5c0f19e6e149 ;
ToUserName : osBgU06DHFV-8I7rhZ3pnIzN6rw4 ;
MsgType : news ;
ArticleCount : 1 ;
Articles : Array ;

2017-10-28 10:23:03 trace :
------------
String:
<xml><ToUserName><![CDATA[gh_5c0f19e6e149]]></ToUserName>
<FromUserName><![CDATA[osBgU061paNjHwMzMBK3UycW8M70]]></FromUserName>
<CreateTime>1509157383</CreateTime>
<MsgType><![CDATA[event]]></MsgType>
<Event><![CDATA[VIEW]]></Event>
<EventKey><![CDATA[http://jyqc.hejiewl.com/app/index.php?i=1&c=entry&m=ewei_shopv2&do=mobile]]></EventKey>
<MenuId>428471341</MenuId>
</xml>

2017-10-28 10:23:03 params :
------------
String:
array (
  'message' => 
  array (
    'tousername' => 'gh_5c0f19e6e149',
    'fromusername' => 'osBgU061paNjHwMzMBK3UycW8M70',
    'createtime' => '1509157383',
    'msgtype' => 'event',
    'event' => 'VIEW',
    'eventkey' => 'http://jyqc.hejiewl.com/app/index.php?i=1&c=entry&m=ewei_shopv2&do=mobile',
    'menuid' => '428471341',
    'from' => 'osBgU061paNjHwMzMBK3UycW8M70',
    'to' => 'gh_5c0f19e6e149',
    'time' => '1509157383',
    'type' => 'text',
    'content' => '首次关注',
    'redirection' => true,
    'source' => 'default',
    'original' => 'http://jyqc.hejiewl.com/app/index.php?i=1&c=entry&m=ewei_shopv2&do=mobile',
  ),
  'module' => 'news',
  'rule' => '11',
  'priority' => '0',
  'keyword' => 
  array (
    'id' => '16',
    'rid' => '11',
    'uniacid' => '1',
    'module' => 'news',
    'content' => '首次关注',
    'type' => '1',
    'displayorder' => '0',
    'status' => '1',
  ),
)

2017-10-28 10:23:03 response :
------------
Array:
FromUserName : gh_5c0f19e6e149 ;
ToUserName : osBgU061paNjHwMzMBK3UycW8M70 ;
MsgType : news ;
ArticleCount : 1 ;
Articles : Array ;

2017-10-28 10:23:07 trace :
------------
String:
<xml><ToUserName><![CDATA[gh_5c0f19e6e149]]></ToUserName>
<FromUserName><![CDATA[osBgU061paNjHwMzMBK3UycW8M70]]></FromUserName>
<CreateTime>1509157387</CreateTime>
<MsgType><![CDATA[event]]></MsgType>
<Event><![CDATA[VIEW]]></Event>
<EventKey><![CDATA[http://jyqc.hejiewl.com/app/index.php?i=1&c=entry&m=ewei_shopv2&do=mobile]]></EventKey>
<MenuId>428471341</MenuId>
</xml>

2017-10-28 10:23:07 params :
------------
String:
array (
  'message' => 
  array (
    'tousername' => 'gh_5c0f19e6e149',
    'fromusername' => 'osBgU061paNjHwMzMBK3UycW8M70',
    'createtime' => '1509157387',
    'msgtype' => 'event',
    'event' => 'VIEW',
    'eventkey' => 'http://jyqc.hejiewl.com/app/index.php?i=1&c=entry&m=ewei_shopv2&do=mobile',
    'menuid' => '428471341',
    'from' => 'osBgU061paNjHwMzMBK3UycW8M70',
    'to' => 'gh_5c0f19e6e149',
    'time' => '1509157387',
    'type' => 'text',
    'content' => '首次关注',
    'redirection' => true,
    'source' => 'default',
    'original' => 'http://jyqc.hejiewl.com/app/index.php?i=1&c=entry&m=ewei_shopv2&do=mobile',
  ),
  'module' => 'news',
  'rule' => '11',
  'priority' => '0',
  'keyword' => 
  array (
    'id' => '16',
    'rid' => '11',
    'uniacid' => '1',
    'module' => 'news',
    'content' => '首次关注',
    'type' => '1',
    'displayorder' => '0',
    'status' => '1',
  ),
)

2017-10-28 10:23:07 response :
------------
Array:
FromUserName : gh_5c0f19e6e149 ;
ToUserName : osBgU061paNjHwMzMBK3UycW8M70 ;
MsgType : news ;
ArticleCount : 1 ;
Articles : Array ;

2017-10-28 10:24:30 trace :
------------
String:
<xml><ToUserName><![CDATA[gh_5c0f19e6e149]]></ToUserName>
<FromUserName><![CDATA[osBgU061paNjHwMzMBK3UycW8M70]]></FromUserName>
<CreateTime>1509157470</CreateTime>
<MsgType><![CDATA[event]]></MsgType>
<Event><![CDATA[VIEW]]></Event>
<EventKey><![CDATA[http://jyqc.hejiewl.com/app/index.php?i=1&c=entry&m=ewei_shopv2&do=mobile&r=member]]></EventKey>
<MenuId>428471341</MenuId>
</xml>

2017-10-28 10:24:30 params :
------------
String:
array (
  'message' => 
  array (
    'tousername' => 'gh_5c0f19e6e149',
    'fromusername' => 'osBgU061paNjHwMzMBK3UycW8M70',
    'createtime' => '1509157470',
    'msgtype' => 'event',
    'event' => 'VIEW',
    'eventkey' => 'http://jyqc.hejiewl.com/app/index.php?i=1&c=entry&m=ewei_shopv2&do=mobile&r=member',
    'menuid' => '428471341',
    'from' => 'osBgU061paNjHwMzMBK3UycW8M70',
    'to' => 'gh_5c0f19e6e149',
    'time' => '1509157470',
    'type' => 'text',
    'content' => '首次关注',
    'redirection' => true,
    'source' => 'default',
    'original' => 'http://jyqc.hejiewl.com/app/index.php?i=1&c=entry&m=ewei_shopv2&do=mobile&r=member',
  ),
  'module' => 'news',
  'rule' => '11',
  'priority' => '0',
  'keyword' => 
  array (
    'id' => '16',
    'rid' => '11',
    'uniacid' => '1',
    'module' => 'news',
    'content' => '首次关注',
    'type' => '1',
    'displayorder' => '0',
    'status' => '1',
  ),
)

2017-10-28 10:24:30 response :
------------
Array:
FromUserName : gh_5c0f19e6e149 ;
ToUserName : osBgU061paNjHwMzMBK3UycW8M70 ;
MsgType : news ;
ArticleCount : 1 ;
Articles : Array ;

2017-10-28 10:24:52 trace :
------------
String:
<xml><ToUserName><![CDATA[gh_5c0f19e6e149]]></ToUserName>
<FromUserName><![CDATA[osBgU061paNjHwMzMBK3UycW8M70]]></FromUserName>
<CreateTime>1509157492</CreateTime>
<MsgType><![CDATA[event]]></MsgType>
<Event><![CDATA[VIEW]]></Event>
<EventKey><![CDATA[http://jyqc.hejiewl.com/app/index.php?i=1&c=entry&m=ewei_shopv2&do=mobile]]></EventKey>
<MenuId>428471341</MenuId>
</xml>

2017-10-28 10:24:52 params :
------------
String:
array (
  'message' => 
  array (
    'tousername' => 'gh_5c0f19e6e149',
    'fromusername' => 'osBgU061paNjHwMzMBK3UycW8M70',
    'createtime' => '1509157492',
    'msgtype' => 'event',
    'event' => 'VIEW',
    'eventkey' => 'http://jyqc.hejiewl.com/app/index.php?i=1&c=entry&m=ewei_shopv2&do=mobile',
    'menuid' => '428471341',
    'from' => 'osBgU061paNjHwMzMBK3UycW8M70',
    'to' => 'gh_5c0f19e6e149',
    'time' => '1509157492',
    'type' => 'text',
    'content' => '首次关注',
    'redirection' => true,
    'source' => 'default',
    'original' => 'http://jyqc.hejiewl.com/app/index.php?i=1&c=entry&m=ewei_shopv2&do=mobile',
  ),
  'module' => 'news',
  'rule' => '11',
  'priority' => '0',
  'keyword' => 
  array (
    'id' => '16',
    'rid' => '11',
    'uniacid' => '1',
    'module' => 'news',
    'content' => '首次关注',
    'type' => '1',
    'displayorder' => '0',
    'status' => '1',
  ),
)

2017-10-28 10:24:52 response :
------------
Array:
FromUserName : gh_5c0f19e6e149 ;
ToUserName : osBgU061paNjHwMzMBK3UycW8M70 ;
MsgType : news ;
ArticleCount : 1 ;
Articles : Array ;

2017-10-28 10:49:27 trace :
------------
String:
<xml><ToUserName><![CDATA[gh_5c0f19e6e149]]></ToUserName>
<FromUserName><![CDATA[osBgU0wRQRhvj1sGHt_sykTbfZFc]]></FromUserName>
<CreateTime>1509158967</CreateTime>
<MsgType><![CDATA[event]]></MsgType>
<Event><![CDATA[VIEW]]></Event>
<EventKey><![CDATA[http://jyqc.hejiewl.com/app/index.php?i=1&c=entry&m=ewei_shopv2&do=mobile]]></EventKey>
<MenuId>428471341</MenuId>
</xml>

2017-10-28 10:49:27 params :
------------
String:
array (
  'message' => 
  array (
    'tousername' => 'gh_5c0f19e6e149',
    'fromusername' => 'osBgU0wRQRhvj1sGHt_sykTbfZFc',
    'createtime' => '1509158967',
    'msgtype' => 'event',
    'event' => 'VIEW',
    'eventkey' => 'http://jyqc.hejiewl.com/app/index.php?i=1&c=entry&m=ewei_shopv2&do=mobile',
    'menuid' => '428471341',
    'from' => 'osBgU0wRQRhvj1sGHt_sykTbfZFc',
    'to' => 'gh_5c0f19e6e149',
    'time' => '1509158967',
    'type' => 'text',
    'content' => '首次关注',
    'redirection' => true,
    'source' => 'default',
    'original' => 'http://jyqc.hejiewl.com/app/index.php?i=1&c=entry&m=ewei_shopv2&do=mobile',
  ),
  'module' => 'news',
  'rule' => '11',
  'priority' => '0',
  'keyword' => 
  array (
    'id' => '16',
    'rid' => '11',
    'uniacid' => '1',
    'module' => 'news',
    'content' => '首次关注',
    'type' => '1',
    'displayorder' => '0',
    'status' => '1',
  ),
)

2017-10-28 10:49:27 response :
------------
Array:
FromUserName : gh_5c0f19e6e149 ;
ToUserName : osBgU0wRQRhvj1sGHt_sykTbfZFc ;
MsgType : news ;
ArticleCount : 1 ;
Articles : Array ;

2017-10-28 11:46:10 trace :
------------
String:
<xml><ToUserName><![CDATA[gh_5c0f19e6e149]]></ToUserName>
<FromUserName><![CDATA[osBgU0wRQRhvj1sGHt_sykTbfZFc]]></FromUserName>
<CreateTime>1509162369</CreateTime>
<MsgType><![CDATA[event]]></MsgType>
<Event><![CDATA[VIEW]]></Event>
<EventKey><![CDATA[http://jyqc.hejiewl.com/app/index.php?i=1&c=entry&m=ewei_shopv2&do=mobile]]></EventKey>
<MenuId>428471341</MenuId>
</xml>

2017-10-28 11:46:10 params :
------------
String:
array (
  'message' => 
  array (
    'tousername' => 'gh_5c0f19e6e149',
    'fromusername' => 'osBgU0wRQRhvj1sGHt_sykTbfZFc',
    'createtime' => '1509162369',
    'msgtype' => 'event',
    'event' => 'VIEW',
    'eventkey' => 'http://jyqc.hejiewl.com/app/index.php?i=1&c=entry&m=ewei_shopv2&do=mobile',
    'menuid' => '428471341',
    'from' => 'osBgU0wRQRhvj1sGHt_sykTbfZFc',
    'to' => 'gh_5c0f19e6e149',
    'time' => '1509162369',
    'type' => 'text',
    'content' => '首次关注',
    'redirection' => true,
    'source' => 'default',
    'original' => 'http://jyqc.hejiewl.com/app/index.php?i=1&c=entry&m=ewei_shopv2&do=mobile',
  ),
  'module' => 'news',
  'rule' => '11',
  'priority' => '0',
  'keyword' => 
  array (
    'id' => '16',
    'rid' => '11',
    'uniacid' => '1',
    'module' => 'news',
    'content' => '首次关注',
    'type' => '1',
    'displayorder' => '0',
    'status' => '1',
  ),
)

2017-10-28 11:46:10 response :
------------
Array:
FromUserName : gh_5c0f19e6e149 ;
ToUserName : osBgU0wRQRhvj1sGHt_sykTbfZFc ;
MsgType : news ;
ArticleCount : 1 ;
Articles : Array ;

2017-10-28 12:52:04 trace :
------------
String:
<xml><ToUserName><![CDATA[gh_5c0f19e6e149]]></ToUserName>
<FromUserName><![CDATA[osBgU0wRQRhvj1sGHt_sykTbfZFc]]></FromUserName>
<CreateTime>1509166324</CreateTime>
<MsgType><![CDATA[event]]></MsgType>
<Event><![CDATA[VIEW]]></Event>
<EventKey><![CDATA[http://jyqc.hejiewl.com/app/index.php?i=1&c=entry&m=ewei_shopv2&do=mobile]]></EventKey>
<MenuId>428471341</MenuId>
</xml>

2017-10-28 12:52:04 params :
------------
String:
array (
  'message' => 
  array (
    'tousername' => 'gh_5c0f19e6e149',
    'fromusername' => 'osBgU0wRQRhvj1sGHt_sykTbfZFc',
    'createtime' => '1509166324',
    'msgtype' => 'event',
    'event' => 'VIEW',
    'eventkey' => 'http://jyqc.hejiewl.com/app/index.php?i=1&c=entry&m=ewei_shopv2&do=mobile',
    'menuid' => '428471341',
    'from' => 'osBgU0wRQRhvj1sGHt_sykTbfZFc',
    'to' => 'gh_5c0f19e6e149',
    'time' => '1509166324',
    'type' => 'text',
    'content' => '首次关注',
    'redirection' => true,
    'source' => 'default',
    'original' => 'http://jyqc.hejiewl.com/app/index.php?i=1&c=entry&m=ewei_shopv2&do=mobile',
  ),
  'module' => 'news',
  'rule' => '11',
  'priority' => '0',
  'keyword' => 
  array (
    'id' => '16',
    'rid' => '11',
    'uniacid' => '1',
    'module' => 'news',
    'content' => '首次关注',
    'type' => '1',
    'displayorder' => '0',
    'status' => '1',
  ),
)

2017-10-28 12:52:04 response :
------------
Array:
FromUserName : gh_5c0f19e6e149 ;
ToUserName : osBgU0wRQRhvj1sGHt_sykTbfZFc ;
MsgType : news ;
ArticleCount : 1 ;
Articles : Array ;

2017-10-28 12:53:02 trace :
------------
String:
<xml><ToUserName><![CDATA[gh_5c0f19e6e149]]></ToUserName>
<FromUserName><![CDATA[osBgU0wRQRhvj1sGHt_sykTbfZFc]]></FromUserName>
<CreateTime>1509166382</CreateTime>
<MsgType><![CDATA[event]]></MsgType>
<Event><![CDATA[CLICK]]></Event>
<EventKey><![CDATA[关注海报]]></EventKey>
</xml>

2017-10-28 12:53:06 trace :
------------
String:
<xml><ToUserName><![CDATA[gh_5c0f19e6e149]]></ToUserName>
<FromUserName><![CDATA[osBgU0wRQRhvj1sGHt_sykTbfZFc]]></FromUserName>
<CreateTime>1509166386</CreateTime>
<MsgType><![CDATA[event]]></MsgType>
<Event><![CDATA[VIEW]]></Event>
<EventKey><![CDATA[http://jyqc.hejiewl.com/app/index.php?i=1&c=entry&m=ewei_shopv2&do=mobile]]></EventKey>
<MenuId>428471341</MenuId>
</xml>

2017-10-28 12:53:06 params :
------------
String:
array (
  'message' => 
  array (
    'tousername' => 'gh_5c0f19e6e149',
    'fromusername' => 'osBgU0wRQRhvj1sGHt_sykTbfZFc',
    'createtime' => '1509166386',
    'msgtype' => 'event',
    'event' => 'VIEW',
    'eventkey' => 'http://jyqc.hejiewl.com/app/index.php?i=1&c=entry&m=ewei_shopv2&do=mobile',
    'menuid' => '428471341',
    'from' => 'osBgU0wRQRhvj1sGHt_sykTbfZFc',
    'to' => 'gh_5c0f19e6e149',
    'time' => '1509166386',
    'type' => 'text',
    'content' => '首次关注',
    'redirection' => true,
    'source' => 'default',
    'original' => 'http://jyqc.hejiewl.com/app/index.php?i=1&c=entry&m=ewei_shopv2&do=mobile',
  ),
  'module' => 'news',
  'rule' => '11',
  'priority' => '0',
  'keyword' => 
  array (
    'id' => '16',
    'rid' => '11',
    'uniacid' => '1',
    'module' => 'news',
    'content' => '首次关注',
    'type' => '1',
    'displayorder' => '0',
    'status' => '1',
  ),
)

2017-10-28 12:53:06 response :
------------
Array:
FromUserName : gh_5c0f19e6e149 ;
ToUserName : osBgU0wRQRhvj1sGHt_sykTbfZFc ;
MsgType : news ;
ArticleCount : 1 ;
Articles : Array ;

2017-10-28 12:53:49 trace :
------------
String:
<xml><ToUserName><![CDATA[gh_5c0f19e6e149]]></ToUserName>
<FromUserName><![CDATA[osBgU06DHFV-8I7rhZ3pnIzN6rw4]]></FromUserName>
<CreateTime>1509166429</CreateTime>
<MsgType><![CDATA[event]]></MsgType>
<Event><![CDATA[VIEW]]></Event>
<EventKey><![CDATA[http://jyqc.hejiewl.com/app/index.php?i=1&c=entry&m=ewei_shopv2&do=mobile]]></EventKey>
<MenuId>428471341</MenuId>
</xml>

2017-10-28 12:53:49 params :
------------
String:
array (
  'message' => 
  array (
    'tousername' => 'gh_5c0f19e6e149',
    'fromusername' => 'osBgU06DHFV-8I7rhZ3pnIzN6rw4',
    'createtime' => '1509166429',
    'msgtype' => 'event',
    'event' => 'VIEW',
    'eventkey' => 'http://jyqc.hejiewl.com/app/index.php?i=1&c=entry&m=ewei_shopv2&do=mobile',
    'menuid' => '428471341',
    'from' => 'osBgU06DHFV-8I7rhZ3pnIzN6rw4',
    'to' => 'gh_5c0f19e6e149',
    'time' => '1509166429',
    'type' => 'text',
    'content' => '首次关注',
    'redirection' => true,
    'source' => 'default',
    'original' => 'http://jyqc.hejiewl.com/app/index.php?i=1&c=entry&m=ewei_shopv2&do=mobile',
  ),
  'module' => 'news',
  'rule' => '11',
  'priority' => '0',
  'keyword' => 
  array (
    'id' => '16',
    'rid' => '11',
    'uniacid' => '1',
    'module' => 'news',
    'content' => '首次关注',
    'type' => '1',
    'displayorder' => '0',
    'status' => '1',
  ),
)

2017-10-28 12:53:49 response :
------------
Array:
FromUserName : gh_5c0f19e6e149 ;
ToUserName : osBgU06DHFV-8I7rhZ3pnIzN6rw4 ;
MsgType : news ;
ArticleCount : 1 ;
Articles : Array ;

2017-10-28 12:54:17 trace :
------------
String:
<xml><ToUserName><![CDATA[gh_5c0f19e6e149]]></ToUserName>
<FromUserName><![CDATA[osBgU0wRQRhvj1sGHt_sykTbfZFc]]></FromUserName>
<CreateTime>1509166457</CreateTime>
<MsgType><![CDATA[event]]></MsgType>
<Event><![CDATA[VIEW]]></Event>
<EventKey><![CDATA[http://jyqc.hejiewl.com/app/index.php?i=1&c=entry&m=ewei_shopv2&do=mobile&r=member]]></EventKey>
<MenuId>428471341</MenuId>
</xml>

2017-10-28 12:54:17 params :
------------
String:
array (
  'message' => 
  array (
    'tousername' => 'gh_5c0f19e6e149',
    'fromusername' => 'osBgU0wRQRhvj1sGHt_sykTbfZFc',
    'createtime' => '1509166457',
    'msgtype' => 'event',
    'event' => 'VIEW',
    'eventkey' => 'http://jyqc.hejiewl.com/app/index.php?i=1&c=entry&m=ewei_shopv2&do=mobile&r=member',
    'menuid' => '428471341',
    'from' => 'osBgU0wRQRhvj1sGHt_sykTbfZFc',
    'to' => 'gh_5c0f19e6e149',
    'time' => '1509166457',
    'type' => 'text',
    'content' => '首次关注',
    'redirection' => true,
    'source' => 'default',
    'original' => 'http://jyqc.hejiewl.com/app/index.php?i=1&c=entry&m=ewei_shopv2&do=mobile&r=member',
  ),
  'module' => 'news',
  'rule' => '11',
  'priority' => '0',
  'keyword' => 
  array (
    'id' => '16',
    'rid' => '11',
    'uniacid' => '1',
    'module' => 'news',
    'content' => '首次关注',
    'type' => '1',
    'displayorder' => '0',
    'status' => '1',
  ),
)

2017-10-28 12:54:17 response :
------------
Array:
FromUserName : gh_5c0f19e6e149 ;
ToUserName : osBgU0wRQRhvj1sGHt_sykTbfZFc ;
MsgType : news ;
ArticleCount : 1 ;
Articles : Array ;

2017-10-28 12:55:47 trace :
------------
String:
<xml><ToUserName><![CDATA[gh_5c0f19e6e149]]></ToUserName>
<FromUserName><![CDATA[osBgU06DHFV-8I7rhZ3pnIzN6rw4]]></FromUserName>
<CreateTime>1509166547</CreateTime>
<MsgType><![CDATA[event]]></MsgType>
<Event><![CDATA[VIEW]]></Event>
<EventKey><![CDATA[http://jyqc.hejiewl.com/app/index.php?i=1&c=entry&m=ewei_shopv2&do=mobile]]></EventKey>
<MenuId>428471341</MenuId>
</xml>

2017-10-28 12:55:47 params :
------------
String:
array (
  'message' => 
  array (
    'tousername' => 'gh_5c0f19e6e149',
    'fromusername' => 'osBgU06DHFV-8I7rhZ3pnIzN6rw4',
    'createtime' => '1509166547',
    'msgtype' => 'event',
    'event' => 'VIEW',
    'eventkey' => 'http://jyqc.hejiewl.com/app/index.php?i=1&c=entry&m=ewei_shopv2&do=mobile',
    'menuid' => '428471341',
    'from' => 'osBgU06DHFV-8I7rhZ3pnIzN6rw4',
    'to' => 'gh_5c0f19e6e149',
    'time' => '1509166547',
    'type' => 'text',
    'content' => '首次关注',
    'redirection' => true,
    'source' => 'default',
    'original' => 'http://jyqc.hejiewl.com/app/index.php?i=1&c=entry&m=ewei_shopv2&do=mobile',
  ),
  'module' => 'news',
  'rule' => '11',
  'priority' => '0',
  'keyword' => 
  array (
    'id' => '16',
    'rid' => '11',
    'uniacid' => '1',
    'module' => 'news',
    'content' => '首次关注',
    'type' => '1',
    'displayorder' => '0',
    'status' => '1',
  ),
)

2017-10-28 12:55:47 response :
------------
Array:
FromUserName : gh_5c0f19e6e149 ;
ToUserName : osBgU06DHFV-8I7rhZ3pnIzN6rw4 ;
MsgType : news ;
ArticleCount : 1 ;
Articles : Array ;

2017-10-28 19:42:11 trace :
------------
String:
<xml><ToUserName><![CDATA[gh_5c0f19e6e149]]></ToUserName>
<FromUserName><![CDATA[osBgU0zwcAnG7fAtBSB8tvhxwPGI]]></FromUserName>
<CreateTime>1509190931</CreateTime>
<MsgType><![CDATA[event]]></MsgType>
<Event><![CDATA[VIEW]]></Event>
<EventKey><![CDATA[http://jyqc.hejiewl.com/app/index.php?i=1&c=entry&m=ewei_shopv2&do=mobile]]></EventKey>
<MenuId>428471341</MenuId>
</xml>

2017-10-28 19:42:11 params :
------------
String:
array (
  'message' => 
  array (
    'tousername' => 'gh_5c0f19e6e149',
    'fromusername' => 'osBgU0zwcAnG7fAtBSB8tvhxwPGI',
    'createtime' => '1509190931',
    'msgtype' => 'event',
    'event' => 'VIEW',
    'eventkey' => 'http://jyqc.hejiewl.com/app/index.php?i=1&c=entry&m=ewei_shopv2&do=mobile',
    'menuid' => '428471341',
    'from' => 'osBgU0zwcAnG7fAtBSB8tvhxwPGI',
    'to' => 'gh_5c0f19e6e149',
    'time' => '1509190931',
    'type' => 'text',
    'content' => '首次关注',
    'redirection' => true,
    'source' => 'default',
    'original' => 'http://jyqc.hejiewl.com/app/index.php?i=1&c=entry&m=ewei_shopv2&do=mobile',
  ),
  'module' => 'news',
  'rule' => '11',
  'priority' => '0',
  'keyword' => 
  array (
    'id' => '16',
    'rid' => '11',
    'uniacid' => '1',
    'module' => 'news',
    'content' => '首次关注',
    'type' => '1',
    'displayorder' => '0',
    'status' => '1',
  ),
)

2017-10-28 19:42:11 response :
------------
Array:
FromUserName : gh_5c0f19e6e149 ;
ToUserName : osBgU0zwcAnG7fAtBSB8tvhxwPGI ;
MsgType : news ;
ArticleCount : 1 ;
Articles : Array ;

2017-10-28 20:07:22 trace :
------------
String:
<xml><ToUserName><![CDATA[gh_5c0f19e6e149]]></ToUserName>
<FromUserName><![CDATA[osBgU061paNjHwMzMBK3UycW8M70]]></FromUserName>
<CreateTime>1509192442</CreateTime>
<MsgType><![CDATA[event]]></MsgType>
<Event><![CDATA[VIEW]]></Event>
<EventKey><![CDATA[http://jyqc.hejiewl.com/app/index.php?i=1&c=entry&m=ewei_shopv2&do=mobile]]></EventKey>
<MenuId>428471341</MenuId>
</xml>

2017-10-28 20:07:22 params :
------------
String:
array (
  'message' => 
  array (
    'tousername' => 'gh_5c0f19e6e149',
    'fromusername' => 'osBgU061paNjHwMzMBK3UycW8M70',
    'createtime' => '1509192442',
    'msgtype' => 'event',
    'event' => 'VIEW',
    'eventkey' => 'http://jyqc.hejiewl.com/app/index.php?i=1&c=entry&m=ewei_shopv2&do=mobile',
    'menuid' => '428471341',
    'from' => 'osBgU061paNjHwMzMBK3UycW8M70',
    'to' => 'gh_5c0f19e6e149',
    'time' => '1509192442',
    'type' => 'text',
    'content' => '首次关注',
    'redirection' => true,
    'source' => 'default',
    'original' => 'http://jyqc.hejiewl.com/app/index.php?i=1&c=entry&m=ewei_shopv2&do=mobile',
  ),
  'module' => 'news',
  'rule' => '11',
  'priority' => '0',
  'keyword' => 
  array (
    'id' => '16',
    'rid' => '11',
    'uniacid' => '1',
    'module' => 'news',
    'content' => '首次关注',
    'type' => '1',
    'displayorder' => '0',
    'status' => '1',
  ),
)

2017-10-28 20:07:22 response :
------------
Array:
FromUserName : gh_5c0f19e6e149 ;
ToUserName : osBgU061paNjHwMzMBK3UycW8M70 ;
MsgType : news ;
ArticleCount : 1 ;
Articles : Array ;

