2017-11-30 09:45:42 trace :
------------
String:
<xml><ToUserName><![CDATA[gh_5c0f19e6e149]]></ToUserName>
<FromUserName><![CDATA[osBgU06DHFV-8I7rhZ3pnIzN6rw4]]></FromUserName>
<CreateTime>1512006342</CreateTime>
<MsgType><![CDATA[event]]></MsgType>
<Event><![CDATA[VIEW]]></Event>
<EventKey><![CDATA[http://jyqc.hejiewl.com/app/index.php?i=1&c=entry&m=ewei_shopv2&do=mobile]]></EventKey>
<MenuId>429677808</MenuId>
</xml>

2017-11-30 09:45:42 params :
------------
String:
array (
  'message' => 
  array (
    'tousername' => 'gh_5c0f19e6e149',
    'fromusername' => 'osBgU06DHFV-8I7rhZ3pnIzN6rw4',
    'createtime' => '1512006342',
    'msgtype' => 'event',
    'event' => 'VIEW',
    'eventkey' => 'http://jyqc.hejiewl.com/app/index.php?i=1&c=entry&m=ewei_shopv2&do=mobile',
    'menuid' => '429677808',
    'from' => 'osBgU06DHFV-8I7rhZ3pnIzN6rw4',
    'to' => 'gh_5c0f19e6e149',
    'time' => '1512006342',
    'type' => 'text',
    'content' => '首次关注',
    'redirection' => true,
    'source' => 'default',
    'original' => 'http://jyqc.hejiewl.com/app/index.php?i=1&c=entry&m=ewei_shopv2&do=mobile',
  ),
  'module' => 'basic',
  'rule' => '27',
  'priority' => '0',
  'keyword' => 
  array (
    'id' => '32',
    'rid' => '27',
    'uniacid' => '1',
    'module' => 'basic',
    'content' => '首次',
    'type' => '2',
    'displayorder' => '0',
    'status' => '1',
  ),
)

2017-11-30 09:45:42 response :
------------
Array:
FromUserName : gh_5c0f19e6e149 ;
ToUserName : osBgU06DHFV-8I7rhZ3pnIzN6rw4 ;
MsgType : text ;
Content : 欢迎光临 ;

2017-11-30 14:48:16 trace :
------------
String:
<xml><ToUserName><![CDATA[gh_5c0f19e6e149]]></ToUserName>
<FromUserName><![CDATA[osBgU061paNjHwMzMBK3UycW8M70]]></FromUserName>
<CreateTime>1512024495</CreateTime>
<MsgType><![CDATA[event]]></MsgType>
<Event><![CDATA[VIEW]]></Event>
<EventKey><![CDATA[http://jyqc.hejiewl.com/app/index.php?i=1&c=entry&m=ewei_shopv2&do=mobile]]></EventKey>
<MenuId>429677808</MenuId>
</xml>

2017-11-30 14:48:16 params :
------------
String:
array (
  'message' => 
  array (
    'tousername' => 'gh_5c0f19e6e149',
    'fromusername' => 'osBgU061paNjHwMzMBK3UycW8M70',
    'createtime' => '1512024495',
    'msgtype' => 'event',
    'event' => 'VIEW',
    'eventkey' => 'http://jyqc.hejiewl.com/app/index.php?i=1&c=entry&m=ewei_shopv2&do=mobile',
    'menuid' => '429677808',
    'from' => 'osBgU061paNjHwMzMBK3UycW8M70',
    'to' => 'gh_5c0f19e6e149',
    'time' => '1512024495',
    'type' => 'text',
    'content' => '首次关注',
    'redirection' => true,
    'source' => 'default',
    'original' => 'http://jyqc.hejiewl.com/app/index.php?i=1&c=entry&m=ewei_shopv2&do=mobile',
  ),
  'module' => 'basic',
  'rule' => '27',
  'priority' => '0',
  'keyword' => 
  array (
    'id' => '32',
    'rid' => '27',
    'uniacid' => '1',
    'module' => 'basic',
    'content' => '首次',
    'type' => '2',
    'displayorder' => '0',
    'status' => '1',
  ),
)

2017-11-30 14:48:16 response :
------------
Array:
FromUserName : gh_5c0f19e6e149 ;
ToUserName : osBgU061paNjHwMzMBK3UycW8M70 ;
MsgType : text ;
Content : 欢迎光临 ;

2017-11-30 14:54:46 trace :
------------
String:
<xml><ToUserName><![CDATA[gh_5c0f19e6e149]]></ToUserName>
<FromUserName><![CDATA[osBgU061paNjHwMzMBK3UycW8M70]]></FromUserName>
<CreateTime>1512024886</CreateTime>
<MsgType><![CDATA[event]]></MsgType>
<Event><![CDATA[VIEW]]></Event>
<EventKey><![CDATA[http://jyqc.hejiewl.com/app/index.php?i=1&c=entry&m=ewei_shopv2&do=mobile]]></EventKey>
<MenuId>429677808</MenuId>
</xml>

2017-11-30 14:54:46 params :
------------
String:
array (
  'message' => 
  array (
    'tousername' => 'gh_5c0f19e6e149',
    'fromusername' => 'osBgU061paNjHwMzMBK3UycW8M70',
    'createtime' => '1512024886',
    'msgtype' => 'event',
    'event' => 'VIEW',
    'eventkey' => 'http://jyqc.hejiewl.com/app/index.php?i=1&c=entry&m=ewei_shopv2&do=mobile',
    'menuid' => '429677808',
    'from' => 'osBgU061paNjHwMzMBK3UycW8M70',
    'to' => 'gh_5c0f19e6e149',
    'time' => '1512024886',
    'type' => 'text',
    'content' => '首次关注',
    'redirection' => true,
    'source' => 'default',
    'original' => 'http://jyqc.hejiewl.com/app/index.php?i=1&c=entry&m=ewei_shopv2&do=mobile',
  ),
  'module' => 'basic',
  'rule' => '27',
  'priority' => '0',
  'keyword' => 
  array (
    'id' => '32',
    'rid' => '27',
    'uniacid' => '1',
    'module' => 'basic',
    'content' => '首次',
    'type' => '2',
    'displayorder' => '0',
    'status' => '1',
  ),
)

2017-11-30 14:54:46 response :
------------
Array:
FromUserName : gh_5c0f19e6e149 ;
ToUserName : osBgU061paNjHwMzMBK3UycW8M70 ;
MsgType : text ;
Content : 欢迎光临 ;

2017-11-30 14:55:39 trace :
------------
String:
<xml><ToUserName><![CDATA[gh_5c0f19e6e149]]></ToUserName>
<FromUserName><![CDATA[osBgU061paNjHwMzMBK3UycW8M70]]></FromUserName>
<CreateTime>1512024939</CreateTime>
<MsgType><![CDATA[event]]></MsgType>
<Event><![CDATA[VIEW]]></Event>
<EventKey><![CDATA[http://jyqc.hejiewl.com/app/index.php?i=1&c=entry&m=ewei_shopv2&do=mobile&r=member]]></EventKey>
<MenuId>429677808</MenuId>
</xml>

2017-11-30 14:55:39 params :
------------
String:
array (
  'message' => 
  array (
    'tousername' => 'gh_5c0f19e6e149',
    'fromusername' => 'osBgU061paNjHwMzMBK3UycW8M70',
    'createtime' => '1512024939',
    'msgtype' => 'event',
    'event' => 'VIEW',
    'eventkey' => 'http://jyqc.hejiewl.com/app/index.php?i=1&c=entry&m=ewei_shopv2&do=mobile&r=member',
    'menuid' => '429677808',
    'from' => 'osBgU061paNjHwMzMBK3UycW8M70',
    'to' => 'gh_5c0f19e6e149',
    'time' => '1512024939',
    'type' => 'text',
    'content' => '首次关注',
    'redirection' => true,
    'source' => 'default',
    'original' => 'http://jyqc.hejiewl.com/app/index.php?i=1&c=entry&m=ewei_shopv2&do=mobile&r=member',
  ),
  'module' => 'basic',
  'rule' => '27',
  'priority' => '0',
  'keyword' => 
  array (
    'id' => '32',
    'rid' => '27',
    'uniacid' => '1',
    'module' => 'basic',
    'content' => '首次',
    'type' => '2',
    'displayorder' => '0',
    'status' => '1',
  ),
)

2017-11-30 14:55:39 response :
------------
Array:
FromUserName : gh_5c0f19e6e149 ;
ToUserName : osBgU061paNjHwMzMBK3UycW8M70 ;
MsgType : text ;
Content : 欢迎光临 ;

2017-11-30 14:57:41 trace :
------------
String:
<xml><ToUserName><![CDATA[gh_5c0f19e6e149]]></ToUserName>
<FromUserName><![CDATA[osBgU061paNjHwMzMBK3UycW8M70]]></FromUserName>
<CreateTime>1512025061</CreateTime>
<MsgType><![CDATA[event]]></MsgType>
<Event><![CDATA[VIEW]]></Event>
<EventKey><![CDATA[http://jyqc.hejiewl.com/app/index.php?i=1&c=entry&m=ewei_shopv2&do=mobile]]></EventKey>
<MenuId>429677808</MenuId>
</xml>

2017-11-30 14:57:41 params :
------------
String:
array (
  'message' => 
  array (
    'tousername' => 'gh_5c0f19e6e149',
    'fromusername' => 'osBgU061paNjHwMzMBK3UycW8M70',
    'createtime' => '1512025061',
    'msgtype' => 'event',
    'event' => 'VIEW',
    'eventkey' => 'http://jyqc.hejiewl.com/app/index.php?i=1&c=entry&m=ewei_shopv2&do=mobile',
    'menuid' => '429677808',
    'from' => 'osBgU061paNjHwMzMBK3UycW8M70',
    'to' => 'gh_5c0f19e6e149',
    'time' => '1512025061',
    'type' => 'text',
    'content' => '首次关注',
    'redirection' => true,
    'source' => 'default',
    'original' => 'http://jyqc.hejiewl.com/app/index.php?i=1&c=entry&m=ewei_shopv2&do=mobile',
  ),
  'module' => 'basic',
  'rule' => '27',
  'priority' => '0',
  'keyword' => 
  array (
    'id' => '32',
    'rid' => '27',
    'uniacid' => '1',
    'module' => 'basic',
    'content' => '首次',
    'type' => '2',
    'displayorder' => '0',
    'status' => '1',
  ),
)

2017-11-30 14:57:41 response :
------------
Array:
FromUserName : gh_5c0f19e6e149 ;
ToUserName : osBgU061paNjHwMzMBK3UycW8M70 ;
MsgType : text ;
Content : 欢迎光临 ;

2017-11-30 14:57:55 trace :
------------
String:
<xml><ToUserName><![CDATA[gh_5c0f19e6e149]]></ToUserName>
<FromUserName><![CDATA[osBgU061paNjHwMzMBK3UycW8M70]]></FromUserName>
<CreateTime>1512025075</CreateTime>
<MsgType><![CDATA[event]]></MsgType>
<Event><![CDATA[VIEW]]></Event>
<EventKey><![CDATA[http://jyqc.hejiewl.com/app/index.php?i=1&c=entry&m=ewei_shopv2&do=mobile]]></EventKey>
<MenuId>429677808</MenuId>
</xml>

2017-11-30 14:57:55 params :
------------
String:
array (
  'message' => 
  array (
    'tousername' => 'gh_5c0f19e6e149',
    'fromusername' => 'osBgU061paNjHwMzMBK3UycW8M70',
    'createtime' => '1512025075',
    'msgtype' => 'event',
    'event' => 'VIEW',
    'eventkey' => 'http://jyqc.hejiewl.com/app/index.php?i=1&c=entry&m=ewei_shopv2&do=mobile',
    'menuid' => '429677808',
    'from' => 'osBgU061paNjHwMzMBK3UycW8M70',
    'to' => 'gh_5c0f19e6e149',
    'time' => '1512025075',
    'type' => 'text',
    'content' => '首次关注',
    'redirection' => true,
    'source' => 'default',
    'original' => 'http://jyqc.hejiewl.com/app/index.php?i=1&c=entry&m=ewei_shopv2&do=mobile',
  ),
  'module' => 'basic',
  'rule' => '27',
  'priority' => '0',
  'keyword' => 
  array (
    'id' => '32',
    'rid' => '27',
    'uniacid' => '1',
    'module' => 'basic',
    'content' => '首次',
    'type' => '2',
    'displayorder' => '0',
    'status' => '1',
  ),
)

2017-11-30 14:57:55 response :
------------
Array:
FromUserName : gh_5c0f19e6e149 ;
ToUserName : osBgU061paNjHwMzMBK3UycW8M70 ;
MsgType : text ;
Content : 欢迎光临 ;

2017-11-30 14:58:31 trace :
------------
String:
<xml><ToUserName><![CDATA[gh_5c0f19e6e149]]></ToUserName>
<FromUserName><![CDATA[osBgU061paNjHwMzMBK3UycW8M70]]></FromUserName>
<CreateTime>1512025111</CreateTime>
<MsgType><![CDATA[event]]></MsgType>
<Event><![CDATA[VIEW]]></Event>
<EventKey><![CDATA[http://jyqc.hejiewl.com/app/index.php?i=1&c=entry&m=ewei_shopv2&do=mobile]]></EventKey>
<MenuId>429677808</MenuId>
</xml>

2017-11-30 14:58:31 params :
------------
String:
array (
  'message' => 
  array (
    'tousername' => 'gh_5c0f19e6e149',
    'fromusername' => 'osBgU061paNjHwMzMBK3UycW8M70',
    'createtime' => '1512025111',
    'msgtype' => 'event',
    'event' => 'VIEW',
    'eventkey' => 'http://jyqc.hejiewl.com/app/index.php?i=1&c=entry&m=ewei_shopv2&do=mobile',
    'menuid' => '429677808',
    'from' => 'osBgU061paNjHwMzMBK3UycW8M70',
    'to' => 'gh_5c0f19e6e149',
    'time' => '1512025111',
    'type' => 'text',
    'content' => '首次关注',
    'redirection' => true,
    'source' => 'default',
    'original' => 'http://jyqc.hejiewl.com/app/index.php?i=1&c=entry&m=ewei_shopv2&do=mobile',
  ),
  'module' => 'basic',
  'rule' => '27',
  'priority' => '0',
  'keyword' => 
  array (
    'id' => '32',
    'rid' => '27',
    'uniacid' => '1',
    'module' => 'basic',
    'content' => '首次',
    'type' => '2',
    'displayorder' => '0',
    'status' => '1',
  ),
)

2017-11-30 14:58:31 response :
------------
Array:
FromUserName : gh_5c0f19e6e149 ;
ToUserName : osBgU061paNjHwMzMBK3UycW8M70 ;
MsgType : text ;
Content : 欢迎光临 ;

2017-11-30 14:59:29 trace :
------------
String:
<xml><ToUserName><![CDATA[gh_5c0f19e6e149]]></ToUserName>
<FromUserName><![CDATA[osBgU061paNjHwMzMBK3UycW8M70]]></FromUserName>
<CreateTime>1512025169</CreateTime>
<MsgType><![CDATA[event]]></MsgType>
<Event><![CDATA[VIEW]]></Event>
<EventKey><![CDATA[http://jyqc.hejiewl.com/app/index.php?i=1&c=entry&m=ewei_shopv2&do=mobile&r=merch.list.merchuser]]></EventKey>
<MenuId>429677808</MenuId>
</xml>

2017-11-30 14:59:29 params :
------------
String:
array (
  'message' => 
  array (
    'tousername' => 'gh_5c0f19e6e149',
    'fromusername' => 'osBgU061paNjHwMzMBK3UycW8M70',
    'createtime' => '1512025169',
    'msgtype' => 'event',
    'event' => 'VIEW',
    'eventkey' => 'http://jyqc.hejiewl.com/app/index.php?i=1&c=entry&m=ewei_shopv2&do=mobile&r=merch.list.merchuser',
    'menuid' => '429677808',
    'from' => 'osBgU061paNjHwMzMBK3UycW8M70',
    'to' => 'gh_5c0f19e6e149',
    'time' => '1512025169',
    'type' => 'text',
    'content' => '首次关注',
    'redirection' => true,
    'source' => 'default',
    'original' => 'http://jyqc.hejiewl.com/app/index.php?i=1&c=entry&m=ewei_shopv2&do=mobile&r=merch.list.merchuser',
  ),
  'module' => 'basic',
  'rule' => '27',
  'priority' => '0',
  'keyword' => 
  array (
    'id' => '32',
    'rid' => '27',
    'uniacid' => '1',
    'module' => 'basic',
    'content' => '首次',
    'type' => '2',
    'displayorder' => '0',
    'status' => '1',
  ),
)

2017-11-30 14:59:29 response :
------------
Array:
FromUserName : gh_5c0f19e6e149 ;
ToUserName : osBgU061paNjHwMzMBK3UycW8M70 ;
MsgType : text ;
Content : 欢迎光临 ;

2017-11-30 15:04:26 trace :
------------
String:
<xml><ToUserName><![CDATA[gh_5c0f19e6e149]]></ToUserName>
<FromUserName><![CDATA[osBgU061paNjHwMzMBK3UycW8M70]]></FromUserName>
<CreateTime>1512025466</CreateTime>
<MsgType><![CDATA[event]]></MsgType>
<Event><![CDATA[VIEW]]></Event>
<EventKey><![CDATA[http://jyqc.hejiewl.com/app/index.php?i=1&c=entry&m=ewei_shopv2&do=mobile]]></EventKey>
<MenuId>429677808</MenuId>
</xml>

2017-11-30 15:04:26 params :
------------
String:
array (
  'message' => 
  array (
    'tousername' => 'gh_5c0f19e6e149',
    'fromusername' => 'osBgU061paNjHwMzMBK3UycW8M70',
    'createtime' => '1512025466',
    'msgtype' => 'event',
    'event' => 'VIEW',
    'eventkey' => 'http://jyqc.hejiewl.com/app/index.php?i=1&c=entry&m=ewei_shopv2&do=mobile',
    'menuid' => '429677808',
    'from' => 'osBgU061paNjHwMzMBK3UycW8M70',
    'to' => 'gh_5c0f19e6e149',
    'time' => '1512025466',
    'type' => 'text',
    'content' => '首次关注',
    'redirection' => true,
    'source' => 'default',
    'original' => 'http://jyqc.hejiewl.com/app/index.php?i=1&c=entry&m=ewei_shopv2&do=mobile',
  ),
  'module' => 'basic',
  'rule' => '27',
  'priority' => '0',
  'keyword' => 
  array (
    'id' => '32',
    'rid' => '27',
    'uniacid' => '1',
    'module' => 'basic',
    'content' => '首次',
    'type' => '2',
    'displayorder' => '0',
    'status' => '1',
  ),
)

2017-11-30 15:04:26 response :
------------
Array:
FromUserName : gh_5c0f19e6e149 ;
ToUserName : osBgU061paNjHwMzMBK3UycW8M70 ;
MsgType : text ;
Content : 欢迎光临 ;

2017-11-30 15:12:06 trace :
------------
String:
<xml><ToUserName><![CDATA[gh_5c0f19e6e149]]></ToUserName>
<FromUserName><![CDATA[osBgU06DHFV-8I7rhZ3pnIzN6rw4]]></FromUserName>
<CreateTime>1512025926</CreateTime>
<MsgType><![CDATA[event]]></MsgType>
<Event><![CDATA[VIEW]]></Event>
<EventKey><![CDATA[http://jyqc.hejiewl.com/app/index.php?i=1&c=entry&m=ewei_shopv2&do=mobile]]></EventKey>
<MenuId>429677808</MenuId>
</xml>

2017-11-30 15:12:06 params :
------------
String:
array (
  'message' => 
  array (
    'tousername' => 'gh_5c0f19e6e149',
    'fromusername' => 'osBgU06DHFV-8I7rhZ3pnIzN6rw4',
    'createtime' => '1512025926',
    'msgtype' => 'event',
    'event' => 'VIEW',
    'eventkey' => 'http://jyqc.hejiewl.com/app/index.php?i=1&c=entry&m=ewei_shopv2&do=mobile',
    'menuid' => '429677808',
    'from' => 'osBgU06DHFV-8I7rhZ3pnIzN6rw4',
    'to' => 'gh_5c0f19e6e149',
    'time' => '1512025926',
    'type' => 'text',
    'content' => '首次关注',
    'redirection' => true,
    'source' => 'default',
    'original' => 'http://jyqc.hejiewl.com/app/index.php?i=1&c=entry&m=ewei_shopv2&do=mobile',
  ),
  'module' => 'basic',
  'rule' => '27',
  'priority' => '0',
  'keyword' => 
  array (
    'id' => '32',
    'rid' => '27',
    'uniacid' => '1',
    'module' => 'basic',
    'content' => '首次',
    'type' => '2',
    'displayorder' => '0',
    'status' => '1',
  ),
)

2017-11-30 15:12:06 response :
------------
Array:
FromUserName : gh_5c0f19e6e149 ;
ToUserName : osBgU06DHFV-8I7rhZ3pnIzN6rw4 ;
MsgType : text ;
Content : 欢迎光临 ;

