2017-10-18 13:58:31 trace :
------------
String:
<xml><ToUserName><![CDATA[gh_5c0f19e6e149]]></ToUserName>
<FromUserName><![CDATA[osBgU05vgxtR-G52mFZfIkj-hG4Q]]></FromUserName>
<CreateTime>1508306310</CreateTime>
<MsgType><![CDATA[text]]></MsgType>
<Content><![CDATA[1]]></Content>
<MsgId>6478126274228908980</MsgId>
</xml>

2017-10-18 13:58:31 params :
------------
String:
array (
  'message' => 
  array (
    'tousername' => 'gh_5c0f19e6e149',
    'fromusername' => 'osBgU05vgxtR-G52mFZfIkj-hG4Q',
    'createtime' => '1508306310',
    'msgtype' => 'text',
    'content' => '1',
    'msgid' => '6478126274228908980',
    'from' => 'osBgU05vgxtR-G52mFZfIkj-hG4Q',
    'to' => 'gh_5c0f19e6e149',
    'time' => '1508306310',
    'type' => 'text',
    'event' => NULL,
    'redirection' => false,
    'source' => NULL,
  ),
  'module' => 'basic',
  'rule' => '14',
  'priority' => '0',
  'keyword' => 
  array (
    'id' => '19',
    'rid' => '14',
    'uniacid' => '1',
    'module' => 'basic',
    'content' => '1',
    'type' => '1',
    'displayorder' => '0',
    'status' => '1',
  ),
)

2017-10-18 13:58:31 response :
------------
Array:
FromUserName : gh_5c0f19e6e149 ;
ToUserName : osBgU05vgxtR-G52mFZfIkj-hG4Q ;
MsgType : text ;
Content : 1 ;

2017-10-18 13:58:39 trace :
------------
String:
<xml><ToUserName><![CDATA[gh_5c0f19e6e149]]></ToUserName>
<FromUserName><![CDATA[osBgU05vgxtR-G52mFZfIkj-hG4Q]]></FromUserName>
<CreateTime>1508306319</CreateTime>
<MsgType><![CDATA[text]]></MsgType>
<Content><![CDATA[关注海报]]></Content>
<MsgId>6478126312883614649</MsgId>
</xml>

2017-10-18 14:02:49 trace :
------------
String:
<xml><ToUserName><![CDATA[gh_5c0f19e6e149]]></ToUserName>
<FromUserName><![CDATA[osBgU05qp93EK7K3MiztmLfAcGGs]]></FromUserName>
<CreateTime>1508306569</CreateTime>
<MsgType><![CDATA[event]]></MsgType>
<Event><![CDATA[CLICK]]></Event>
<EventKey><![CDATA[关注海报]]></EventKey>
</xml>

2017-10-18 14:05:40 trace :
------------
String:
<xml><ToUserName><![CDATA[gh_5c0f19e6e149]]></ToUserName>
<FromUserName><![CDATA[osBgU05qp93EK7K3MiztmLfAcGGs]]></FromUserName>
<CreateTime>1508306740</CreateTime>
<MsgType><![CDATA[event]]></MsgType>
<Event><![CDATA[VIEW]]></Event>
<EventKey><![CDATA[http://jyqc.hejiewl.com/app/index.php?i=1&c=entry&m=ewei_shopv2&do=mobile]]></EventKey>
<MenuId>428471307</MenuId>
</xml>

2017-10-18 14:05:40 params :
------------
String:
array (
  'message' => 
  array (
    'tousername' => 'gh_5c0f19e6e149',
    'fromusername' => 'osBgU05qp93EK7K3MiztmLfAcGGs',
    'createtime' => '1508306740',
    'msgtype' => 'event',
    'event' => 'VIEW',
    'eventkey' => 'http://jyqc.hejiewl.com/app/index.php?i=1&c=entry&m=ewei_shopv2&do=mobile',
    'menuid' => '428471307',
    'from' => 'osBgU05qp93EK7K3MiztmLfAcGGs',
    'to' => 'gh_5c0f19e6e149',
    'time' => '1508306740',
    'type' => 'text',
    'content' => '首次关注',
    'redirection' => true,
    'source' => 'default',
    'original' => 'http://jyqc.hejiewl.com/app/index.php?i=1&c=entry&m=ewei_shopv2&do=mobile',
  ),
  'module' => 'news',
  'rule' => '11',
  'priority' => '0',
  'keyword' => 
  array (
    'id' => '16',
    'rid' => '11',
    'uniacid' => '1',
    'module' => 'news',
    'content' => '首次关注',
    'type' => '1',
    'displayorder' => '0',
    'status' => '1',
  ),
)

2017-10-18 14:05:40 response :
------------
Array:
FromUserName : gh_5c0f19e6e149 ;
ToUserName : osBgU05qp93EK7K3MiztmLfAcGGs ;
MsgType : news ;
ArticleCount : 1 ;
Articles : Array ;

2017-10-18 14:05:48 trace :
------------
String:
<xml><ToUserName><![CDATA[gh_5c0f19e6e149]]></ToUserName>
<FromUserName><![CDATA[osBgU05qp93EK7K3MiztmLfAcGGs]]></FromUserName>
<CreateTime>1508306748</CreateTime>
<MsgType><![CDATA[event]]></MsgType>
<Event><![CDATA[VIEW]]></Event>
<EventKey><![CDATA[http://jyqc.hejiewl.com/app/index.php?i=1&c=entry&m=ewei_shopv2&do=mobile]]></EventKey>
<MenuId>428471307</MenuId>
</xml>

2017-10-18 14:05:48 params :
------------
String:
array (
  'message' => 
  array (
    'tousername' => 'gh_5c0f19e6e149',
    'fromusername' => 'osBgU05qp93EK7K3MiztmLfAcGGs',
    'createtime' => '1508306748',
    'msgtype' => 'event',
    'event' => 'VIEW',
    'eventkey' => 'http://jyqc.hejiewl.com/app/index.php?i=1&c=entry&m=ewei_shopv2&do=mobile',
    'menuid' => '428471307',
    'from' => 'osBgU05qp93EK7K3MiztmLfAcGGs',
    'to' => 'gh_5c0f19e6e149',
    'time' => '1508306748',
    'type' => 'text',
    'content' => '首次关注',
    'redirection' => true,
    'source' => 'default',
    'original' => 'http://jyqc.hejiewl.com/app/index.php?i=1&c=entry&m=ewei_shopv2&do=mobile',
  ),
  'module' => 'news',
  'rule' => '11',
  'priority' => '0',
  'keyword' => 
  array (
    'id' => '16',
    'rid' => '11',
    'uniacid' => '1',
    'module' => 'news',
    'content' => '首次关注',
    'type' => '1',
    'displayorder' => '0',
    'status' => '1',
  ),
)

2017-10-18 14:05:48 response :
------------
Array:
FromUserName : gh_5c0f19e6e149 ;
ToUserName : osBgU05qp93EK7K3MiztmLfAcGGs ;
MsgType : news ;
ArticleCount : 1 ;
Articles : Array ;

2017-10-18 14:08:45 trace :
------------
String:
<xml><ToUserName><![CDATA[gh_5c0f19e6e149]]></ToUserName>
<FromUserName><![CDATA[osBgU028g6TeqiDs3H1ytUIHBCx4]]></FromUserName>
<CreateTime>1508306925</CreateTime>
<MsgType><![CDATA[event]]></MsgType>
<Event><![CDATA[CLICK]]></Event>
<EventKey><![CDATA[关注海报]]></EventKey>
</xml>

2017-10-18 16:24:45 trace :
------------
String:
<xml><ToUserName><![CDATA[gh_5c0f19e6e149]]></ToUserName>
<FromUserName><![CDATA[osBgU05qp93EK7K3MiztmLfAcGGs]]></FromUserName>
<CreateTime>1508315085</CreateTime>
<MsgType><![CDATA[event]]></MsgType>
<Event><![CDATA[VIEW]]></Event>
<EventKey><![CDATA[http://jyqc.hejiewl.com/app/index.php?i=1&c=entry&m=ewei_shopv2&do=mobile]]></EventKey>
<MenuId>428471307</MenuId>
</xml>

2017-10-18 16:24:45 params :
------------
String:
array (
  'message' => 
  array (
    'tousername' => 'gh_5c0f19e6e149',
    'fromusername' => 'osBgU05qp93EK7K3MiztmLfAcGGs',
    'createtime' => '1508315085',
    'msgtype' => 'event',
    'event' => 'VIEW',
    'eventkey' => 'http://jyqc.hejiewl.com/app/index.php?i=1&c=entry&m=ewei_shopv2&do=mobile',
    'menuid' => '428471307',
    'from' => 'osBgU05qp93EK7K3MiztmLfAcGGs',
    'to' => 'gh_5c0f19e6e149',
    'time' => '1508315085',
    'type' => 'text',
    'content' => '首次关注',
    'redirection' => true,
    'source' => 'default',
    'original' => 'http://jyqc.hejiewl.com/app/index.php?i=1&c=entry&m=ewei_shopv2&do=mobile',
  ),
  'module' => 'news',
  'rule' => '11',
  'priority' => '0',
  'keyword' => 
  array (
    'id' => '16',
    'rid' => '11',
    'uniacid' => '1',
    'module' => 'news',
    'content' => '首次关注',
    'type' => '1',
    'displayorder' => '0',
    'status' => '1',
  ),
)

2017-10-18 16:24:45 response :
------------
Array:
FromUserName : gh_5c0f19e6e149 ;
ToUserName : osBgU05qp93EK7K3MiztmLfAcGGs ;
MsgType : news ;
ArticleCount : 1 ;
Articles : Array ;

2017-10-18 16:33:24 trace :
------------
String:
<xml><ToUserName><![CDATA[gh_5c0f19e6e149]]></ToUserName>
<FromUserName><![CDATA[osBgU05qp93EK7K3MiztmLfAcGGs]]></FromUserName>
<CreateTime>1508315604</CreateTime>
<MsgType><![CDATA[event]]></MsgType>
<Event><![CDATA[VIEW]]></Event>
<EventKey><![CDATA[http://jyqc.hejiewl.com/app/index.php?i=1&c=entry&m=ewei_shopv2&do=mobile]]></EventKey>
<MenuId>428471341</MenuId>
</xml>

2017-10-18 16:33:24 params :
------------
String:
array (
  'message' => 
  array (
    'tousername' => 'gh_5c0f19e6e149',
    'fromusername' => 'osBgU05qp93EK7K3MiztmLfAcGGs',
    'createtime' => '1508315604',
    'msgtype' => 'event',
    'event' => 'VIEW',
    'eventkey' => 'http://jyqc.hejiewl.com/app/index.php?i=1&c=entry&m=ewei_shopv2&do=mobile',
    'menuid' => '428471341',
    'from' => 'osBgU05qp93EK7K3MiztmLfAcGGs',
    'to' => 'gh_5c0f19e6e149',
    'time' => '1508315604',
    'type' => 'text',
    'content' => '首次关注',
    'redirection' => true,
    'source' => 'default',
    'original' => 'http://jyqc.hejiewl.com/app/index.php?i=1&c=entry&m=ewei_shopv2&do=mobile',
  ),
  'module' => 'news',
  'rule' => '11',
  'priority' => '0',
  'keyword' => 
  array (
    'id' => '16',
    'rid' => '11',
    'uniacid' => '1',
    'module' => 'news',
    'content' => '首次关注',
    'type' => '1',
    'displayorder' => '0',
    'status' => '1',
  ),
)

2017-10-18 16:33:24 response :
------------
Array:
FromUserName : gh_5c0f19e6e149 ;
ToUserName : osBgU05qp93EK7K3MiztmLfAcGGs ;
MsgType : news ;
ArticleCount : 1 ;
Articles : Array ;

