2017-11-05 17:31:27 trace :
------------
String:
<xml><ToUserName><![CDATA[gh_5c0f19e6e149]]></ToUserName>
<FromUserName><![CDATA[osBgU06DHFV-8I7rhZ3pnIzN6rw4]]></FromUserName>
<CreateTime>1509874287</CreateTime>
<MsgType><![CDATA[event]]></MsgType>
<Event><![CDATA[VIEW]]></Event>
<EventKey><![CDATA[http://jyqc.hejiewl.com/app/index.php?i=1&c=entry&m=ewei_shopv2&do=mobile]]></EventKey>
<MenuId>429024776</MenuId>
</xml>

2017-11-05 17:31:27 params :
------------
String:
array (
  'message' => 
  array (
    'tousername' => 'gh_5c0f19e6e149',
    'fromusername' => 'osBgU06DHFV-8I7rhZ3pnIzN6rw4',
    'createtime' => '1509874287',
    'msgtype' => 'event',
    'event' => 'VIEW',
    'eventkey' => 'http://jyqc.hejiewl.com/app/index.php?i=1&c=entry&m=ewei_shopv2&do=mobile',
    'menuid' => '429024776',
    'from' => 'osBgU06DHFV-8I7rhZ3pnIzN6rw4',
    'to' => 'gh_5c0f19e6e149',
    'time' => '1509874287',
    'type' => 'text',
    'content' => '首次关注',
    'redirection' => true,
    'source' => 'default',
    'original' => 'http://jyqc.hejiewl.com/app/index.php?i=1&c=entry&m=ewei_shopv2&do=mobile',
  ),
  'module' => 'news',
  'rule' => '11',
  'priority' => '0',
  'keyword' => 
  array (
    'id' => '16',
    'rid' => '11',
    'uniacid' => '1',
    'module' => 'news',
    'content' => '首次关注',
    'type' => '1',
    'displayorder' => '0',
    'status' => '1',
  ),
)

2017-11-05 17:31:27 response :
------------
Array:
FromUserName : gh_5c0f19e6e149 ;
ToUserName : osBgU06DHFV-8I7rhZ3pnIzN6rw4 ;
MsgType : news ;
ArticleCount : 1 ;
Articles : Array ;

2017-11-05 17:31:37 trace :
------------
String:
<xml><ToUserName><![CDATA[gh_5c0f19e6e149]]></ToUserName>
<FromUserName><![CDATA[osBgU06DHFV-8I7rhZ3pnIzN6rw4]]></FromUserName>
<CreateTime>1509874297</CreateTime>
<MsgType><![CDATA[event]]></MsgType>
<Event><![CDATA[VIEW]]></Event>
<EventKey><![CDATA[http://jyqc.hejiewl.com/app/index.php?i=1&c=entry&m=ewei_shopv2&do=mobile]]></EventKey>
<MenuId>429024776</MenuId>
</xml>

2017-11-05 17:31:37 params :
------------
String:
array (
  'message' => 
  array (
    'tousername' => 'gh_5c0f19e6e149',
    'fromusername' => 'osBgU06DHFV-8I7rhZ3pnIzN6rw4',
    'createtime' => '1509874297',
    'msgtype' => 'event',
    'event' => 'VIEW',
    'eventkey' => 'http://jyqc.hejiewl.com/app/index.php?i=1&c=entry&m=ewei_shopv2&do=mobile',
    'menuid' => '429024776',
    'from' => 'osBgU06DHFV-8I7rhZ3pnIzN6rw4',
    'to' => 'gh_5c0f19e6e149',
    'time' => '1509874297',
    'type' => 'text',
    'content' => '首次关注',
    'redirection' => true,
    'source' => 'default',
    'original' => 'http://jyqc.hejiewl.com/app/index.php?i=1&c=entry&m=ewei_shopv2&do=mobile',
  ),
  'module' => 'news',
  'rule' => '11',
  'priority' => '0',
  'keyword' => 
  array (
    'id' => '16',
    'rid' => '11',
    'uniacid' => '1',
    'module' => 'news',
    'content' => '首次关注',
    'type' => '1',
    'displayorder' => '0',
    'status' => '1',
  ),
)

2017-11-05 17:31:37 response :
------------
Array:
FromUserName : gh_5c0f19e6e149 ;
ToUserName : osBgU06DHFV-8I7rhZ3pnIzN6rw4 ;
MsgType : news ;
ArticleCount : 1 ;
Articles : Array ;

