2017-11-12 10:07:36 trace :
------------
String:
<xml><ToUserName><![CDATA[gh_5c0f19e6e149]]></ToUserName>
<FromUserName><![CDATA[osBgU0yTaTXO0a9xMgsFyQbtDL7A]]></FromUserName>
<CreateTime>1510452456</CreateTime>
<MsgType><![CDATA[event]]></MsgType>
<Event><![CDATA[subscribe]]></Event>
<EventKey><![CDATA[]]></EventKey>
</xml>

2017-11-12 10:07:36 params :
------------
String:
array (
  'message' => 
  array (
    'tousername' => 'gh_5c0f19e6e149',
    'fromusername' => 'osBgU0yTaTXO0a9xMgsFyQbtDL7A',
    'createtime' => '1510452456',
    'msgtype' => 'event',
    'event' => 'subscribe',
    'eventkey' => '',
    'from' => 'osBgU0yTaTXO0a9xMgsFyQbtDL7A',
    'to' => 'gh_5c0f19e6e149',
    'time' => '1510452456',
    'type' => 'text',
    'redirection' => true,
    'source' => 'subscribe',
    'content' => '首次关注',
  ),
  'module' => 'news',
  'rule' => '11',
  'priority' => '0',
  'keyword' => 
  array (
    'id' => '16',
    'rid' => '11',
    'uniacid' => '1',
    'module' => 'news',
    'content' => '首次关注',
    'type' => '1',
    'displayorder' => '0',
    'status' => '1',
  ),
)

2017-11-12 10:07:36 response :
------------
Array:
FromUserName : gh_5c0f19e6e149 ;
ToUserName : osBgU0yTaTXO0a9xMgsFyQbtDL7A ;
MsgType : news ;
ArticleCount : 1 ;
Articles : Array ;

2017-11-12 10:07:41 trace :
------------
String:
<xml><ToUserName><![CDATA[gh_5c0f19e6e149]]></ToUserName>
<FromUserName><![CDATA[osBgU0yTaTXO0a9xMgsFyQbtDL7A]]></FromUserName>
<CreateTime>1510452461</CreateTime>
<MsgType><![CDATA[event]]></MsgType>
<Event><![CDATA[VIEW]]></Event>
<EventKey><![CDATA[http://jyqc.hejiewl.com/app/index.php?i=1&c=entry&m=ewei_shopv2&do=mobile]]></EventKey>
<MenuId>429458853</MenuId>
</xml>

2017-11-12 10:07:41 params :
------------
String:
array (
  'message' => 
  array (
    'tousername' => 'gh_5c0f19e6e149',
    'fromusername' => 'osBgU0yTaTXO0a9xMgsFyQbtDL7A',
    'createtime' => '1510452461',
    'msgtype' => 'event',
    'event' => 'VIEW',
    'eventkey' => 'http://jyqc.hejiewl.com/app/index.php?i=1&c=entry&m=ewei_shopv2&do=mobile',
    'menuid' => '429458853',
    'from' => 'osBgU0yTaTXO0a9xMgsFyQbtDL7A',
    'to' => 'gh_5c0f19e6e149',
    'time' => '1510452461',
    'type' => 'text',
    'content' => '首次关注',
    'redirection' => true,
    'source' => 'default',
    'original' => 'http://jyqc.hejiewl.com/app/index.php?i=1&c=entry&m=ewei_shopv2&do=mobile',
  ),
  'module' => 'news',
  'rule' => '11',
  'priority' => '0',
  'keyword' => 
  array (
    'id' => '16',
    'rid' => '11',
    'uniacid' => '1',
    'module' => 'news',
    'content' => '首次关注',
    'type' => '1',
    'displayorder' => '0',
    'status' => '1',
  ),
)

2017-11-12 10:07:41 response :
------------
Array:
FromUserName : gh_5c0f19e6e149 ;
ToUserName : osBgU0yTaTXO0a9xMgsFyQbtDL7A ;
MsgType : news ;
ArticleCount : 1 ;
Articles : Array ;

2017-11-12 14:39:53 trace :
------------
String:
<xml><ToUserName><![CDATA[gh_5c0f19e6e149]]></ToUserName>
<FromUserName><![CDATA[osBgU0zY5MDyvhTJSiabPHcTXlMw]]></FromUserName>
<CreateTime>1510468793</CreateTime>
<MsgType><![CDATA[event]]></MsgType>
<Event><![CDATA[VIEW]]></Event>
<EventKey><![CDATA[http://jyqc.hejiewl.com/app/index.php?i=1&c=entry&m=ewei_shopv2&do=mobile]]></EventKey>
<MenuId>429458853</MenuId>
</xml>

2017-11-12 14:39:53 params :
------------
String:
array (
  'message' => 
  array (
    'tousername' => 'gh_5c0f19e6e149',
    'fromusername' => 'osBgU0zY5MDyvhTJSiabPHcTXlMw',
    'createtime' => '1510468793',
    'msgtype' => 'event',
    'event' => 'VIEW',
    'eventkey' => 'http://jyqc.hejiewl.com/app/index.php?i=1&c=entry&m=ewei_shopv2&do=mobile',
    'menuid' => '429458853',
    'from' => 'osBgU0zY5MDyvhTJSiabPHcTXlMw',
    'to' => 'gh_5c0f19e6e149',
    'time' => '1510468793',
    'type' => 'text',
    'content' => '首次关注',
    'redirection' => true,
    'source' => 'default',
    'original' => 'http://jyqc.hejiewl.com/app/index.php?i=1&c=entry&m=ewei_shopv2&do=mobile',
  ),
  'module' => 'news',
  'rule' => '11',
  'priority' => '0',
  'keyword' => 
  array (
    'id' => '16',
    'rid' => '11',
    'uniacid' => '1',
    'module' => 'news',
    'content' => '首次关注',
    'type' => '1',
    'displayorder' => '0',
    'status' => '1',
  ),
)

2017-11-12 14:39:53 response :
------------
Array:
FromUserName : gh_5c0f19e6e149 ;
ToUserName : osBgU0zY5MDyvhTJSiabPHcTXlMw ;
MsgType : news ;
ArticleCount : 1 ;
Articles : Array ;

2017-11-12 14:54:23 trace :
------------
String:
<xml><ToUserName><![CDATA[gh_5c0f19e6e149]]></ToUserName>
<FromUserName><![CDATA[osBgU0zY5MDyvhTJSiabPHcTXlMw]]></FromUserName>
<CreateTime>1510469663</CreateTime>
<MsgType><![CDATA[text]]></MsgType>
<Content><![CDATA[在吗]]></Content>
<MsgId>6487417804614657840</MsgId>
</xml>

2017-11-12 14:54:23 params :
------------
String:
array (
  'message' => 
  array (
    'tousername' => 'gh_5c0f19e6e149',
    'fromusername' => 'osBgU0zY5MDyvhTJSiabPHcTXlMw',
    'createtime' => '1510469663',
    'msgtype' => 'text',
    'content' => '首次关注',
    'msgid' => '6487417804614657840',
    'from' => 'osBgU0zY5MDyvhTJSiabPHcTXlMw',
    'to' => 'gh_5c0f19e6e149',
    'time' => '1510469663',
    'type' => 'text',
    'event' => NULL,
    'redirection' => true,
    'source' => 'default',
    'original' => '在吗',
  ),
  'module' => 'news',
  'rule' => '11',
  'priority' => '0',
  'keyword' => 
  array (
    'id' => '16',
    'rid' => '11',
    'uniacid' => '1',
    'module' => 'news',
    'content' => '首次关注',
    'type' => '1',
    'displayorder' => '0',
    'status' => '1',
  ),
)

2017-11-12 14:54:23 response :
------------
Array:
FromUserName : gh_5c0f19e6e149 ;
ToUserName : osBgU0zY5MDyvhTJSiabPHcTXlMw ;
MsgType : news ;
ArticleCount : 1 ;
Articles : Array ;

2017-11-12 14:54:56 trace :
------------
String:
<xml><ToUserName><![CDATA[gh_5c0f19e6e149]]></ToUserName>
<FromUserName><![CDATA[osBgU0zY5MDyvhTJSiabPHcTXlMw]]></FromUserName>
<CreateTime>1510469696</CreateTime>
<MsgType><![CDATA[text]]></MsgType>
<Content><![CDATA[你们店在哪里]]></Content>
<MsgId>6487417946348578616</MsgId>
</xml>

2017-11-12 14:54:56 params :
------------
String:
array (
  'message' => 
  array (
    'tousername' => 'gh_5c0f19e6e149',
    'fromusername' => 'osBgU0zY5MDyvhTJSiabPHcTXlMw',
    'createtime' => '1510469696',
    'msgtype' => 'text',
    'content' => '首次关注',
    'msgid' => '6487417946348578616',
    'from' => 'osBgU0zY5MDyvhTJSiabPHcTXlMw',
    'to' => 'gh_5c0f19e6e149',
    'time' => '1510469696',
    'type' => 'text',
    'event' => NULL,
    'redirection' => true,
    'source' => 'default',
    'original' => '你们店在哪里',
  ),
  'module' => 'news',
  'rule' => '11',
  'priority' => '0',
  'keyword' => 
  array (
    'id' => '16',
    'rid' => '11',
    'uniacid' => '1',
    'module' => 'news',
    'content' => '首次关注',
    'type' => '1',
    'displayorder' => '0',
    'status' => '1',
  ),
)

2017-11-12 14:54:56 response :
------------
Array:
FromUserName : gh_5c0f19e6e149 ;
ToUserName : osBgU0zY5MDyvhTJSiabPHcTXlMw ;
MsgType : news ;
ArticleCount : 1 ;
Articles : Array ;

2017-11-12 15:17:50 trace :
------------
String:
<xml><ToUserName><![CDATA[gh_5c0f19e6e149]]></ToUserName>
<FromUserName><![CDATA[osBgU0zY5MDyvhTJSiabPHcTXlMw]]></FromUserName>
<CreateTime>1510471070</CreateTime>
<MsgType><![CDATA[event]]></MsgType>
<Event><![CDATA[VIEW]]></Event>
<EventKey><![CDATA[http://jyqc.hejiewl.com/app/index.php?i=1&c=entry&m=ewei_shopv2&do=mobile]]></EventKey>
<MenuId>429458853</MenuId>
</xml>

2017-11-12 15:17:50 params :
------------
String:
array (
  'message' => 
  array (
    'tousername' => 'gh_5c0f19e6e149',
    'fromusername' => 'osBgU0zY5MDyvhTJSiabPHcTXlMw',
    'createtime' => '1510471070',
    'msgtype' => 'event',
    'event' => 'VIEW',
    'eventkey' => 'http://jyqc.hejiewl.com/app/index.php?i=1&c=entry&m=ewei_shopv2&do=mobile',
    'menuid' => '429458853',
    'from' => 'osBgU0zY5MDyvhTJSiabPHcTXlMw',
    'to' => 'gh_5c0f19e6e149',
    'time' => '1510471070',
    'type' => 'text',
    'content' => '首次关注',
    'redirection' => true,
    'source' => 'default',
    'original' => 'http://jyqc.hejiewl.com/app/index.php?i=1&c=entry&m=ewei_shopv2&do=mobile',
  ),
  'module' => 'news',
  'rule' => '11',
  'priority' => '0',
  'keyword' => 
  array (
    'id' => '16',
    'rid' => '11',
    'uniacid' => '1',
    'module' => 'news',
    'content' => '首次关注',
    'type' => '1',
    'displayorder' => '0',
    'status' => '1',
  ),
)

2017-11-12 15:17:50 response :
------------
Array:
FromUserName : gh_5c0f19e6e149 ;
ToUserName : osBgU0zY5MDyvhTJSiabPHcTXlMw ;
MsgType : news ;
ArticleCount : 1 ;
Articles : Array ;

2017-11-12 15:24:31 trace :
------------
String:
<xml><ToUserName><![CDATA[gh_5c0f19e6e149]]></ToUserName>
<FromUserName><![CDATA[osBgU0zY5MDyvhTJSiabPHcTXlMw]]></FromUserName>
<CreateTime>1510471471</CreateTime>
<MsgType><![CDATA[voice]]></MsgType>
<MediaId><![CDATA[352tspxT_2rguVSKmJJfTXsIJvW9Lwh7H_4NtoQmOOEQo1vdrlCxP7fFJCTOEoEl]]></MediaId>
<Format><![CDATA[amr]]></Format>
<MsgId>6487425569915529516</MsgId>
<Recognition><![CDATA[]]></Recognition>
</xml>

2017-11-12 15:24:31 params :
------------
String:
array (
  'message' => 
  array (
    'tousername' => 'gh_5c0f19e6e149',
    'fromusername' => 'osBgU0zY5MDyvhTJSiabPHcTXlMw',
    'createtime' => '1510471471',
    'msgtype' => 'voice',
    'mediaid' => '352tspxT_2rguVSKmJJfTXsIJvW9Lwh7H_4NtoQmOOEQo1vdrlCxP7fFJCTOEoEl',
    'format' => 'amr',
    'msgid' => '6487425569915529516',
    'recognition' => '',
    'from' => 'osBgU0zY5MDyvhTJSiabPHcTXlMw',
    'to' => 'gh_5c0f19e6e149',
    'time' => '1510471471',
    'type' => 'text',
    'event' => NULL,
    'content' => '首次关注',
    'redirection' => true,
    'source' => 'default',
    'original' => NULL,
  ),
  'module' => 'news',
  'rule' => '11',
  'priority' => '0',
  'keyword' => 
  array (
    'id' => '16',
    'rid' => '11',
    'uniacid' => '1',
    'module' => 'news',
    'content' => '首次关注',
    'type' => '1',
    'displayorder' => '0',
    'status' => '1',
  ),
)

2017-11-12 15:24:31 response :
------------
Array:
FromUserName : gh_5c0f19e6e149 ;
ToUserName : osBgU0zY5MDyvhTJSiabPHcTXlMw ;
MsgType : news ;
ArticleCount : 1 ;
Articles : Array ;

2017-11-12 15:58:57 trace :
------------
String:
<xml><ToUserName><![CDATA[gh_5c0f19e6e149]]></ToUserName>
<FromUserName><![CDATA[osBgU0zY5MDyvhTJSiabPHcTXlMw]]></FromUserName>
<CreateTime>1510473537</CreateTime>
<MsgType><![CDATA[event]]></MsgType>
<Event><![CDATA[VIEW]]></Event>
<EventKey><![CDATA[http://jyqc.hejiewl.com/app/index.php?i=1&c=entry&m=ewei_shopv2&do=mobile]]></EventKey>
<MenuId>429458853</MenuId>
</xml>

2017-11-12 15:58:57 params :
------------
String:
array (
  'message' => 
  array (
    'tousername' => 'gh_5c0f19e6e149',
    'fromusername' => 'osBgU0zY5MDyvhTJSiabPHcTXlMw',
    'createtime' => '1510473537',
    'msgtype' => 'event',
    'event' => 'VIEW',
    'eventkey' => 'http://jyqc.hejiewl.com/app/index.php?i=1&c=entry&m=ewei_shopv2&do=mobile',
    'menuid' => '429458853',
    'from' => 'osBgU0zY5MDyvhTJSiabPHcTXlMw',
    'to' => 'gh_5c0f19e6e149',
    'time' => '1510473537',
    'type' => 'text',
    'content' => '首次关注',
    'redirection' => true,
    'source' => 'default',
    'original' => 'http://jyqc.hejiewl.com/app/index.php?i=1&c=entry&m=ewei_shopv2&do=mobile',
  ),
  'module' => 'news',
  'rule' => '11',
  'priority' => '0',
  'keyword' => 
  array (
    'id' => '16',
    'rid' => '11',
    'uniacid' => '1',
    'module' => 'news',
    'content' => '首次关注',
    'type' => '1',
    'displayorder' => '0',
    'status' => '1',
  ),
)

2017-11-12 15:58:57 response :
------------
Array:
FromUserName : gh_5c0f19e6e149 ;
ToUserName : osBgU0zY5MDyvhTJSiabPHcTXlMw ;
MsgType : news ;
ArticleCount : 1 ;
Articles : Array ;

2017-11-12 16:10:58 trace :
------------
String:
<xml><ToUserName><![CDATA[gh_5c0f19e6e149]]></ToUserName>
<FromUserName><![CDATA[osBgU0zY5MDyvhTJSiabPHcTXlMw]]></FromUserName>
<CreateTime>1510474258</CreateTime>
<MsgType><![CDATA[event]]></MsgType>
<Event><![CDATA[VIEW]]></Event>
<EventKey><![CDATA[http://jyqc.hejiewl.com/app/index.php?i=1&c=entry&m=ewei_shopv2&do=mobile]]></EventKey>
<MenuId>429458853</MenuId>
</xml>

2017-11-12 16:10:58 params :
------------
String:
array (
  'message' => 
  array (
    'tousername' => 'gh_5c0f19e6e149',
    'fromusername' => 'osBgU0zY5MDyvhTJSiabPHcTXlMw',
    'createtime' => '1510474258',
    'msgtype' => 'event',
    'event' => 'VIEW',
    'eventkey' => 'http://jyqc.hejiewl.com/app/index.php?i=1&c=entry&m=ewei_shopv2&do=mobile',
    'menuid' => '429458853',
    'from' => 'osBgU0zY5MDyvhTJSiabPHcTXlMw',
    'to' => 'gh_5c0f19e6e149',
    'time' => '1510474258',
    'type' => 'text',
    'content' => '首次关注',
    'redirection' => true,
    'source' => 'default',
    'original' => 'http://jyqc.hejiewl.com/app/index.php?i=1&c=entry&m=ewei_shopv2&do=mobile',
  ),
  'module' => 'news',
  'rule' => '11',
  'priority' => '0',
  'keyword' => 
  array (
    'id' => '16',
    'rid' => '11',
    'uniacid' => '1',
    'module' => 'news',
    'content' => '首次关注',
    'type' => '1',
    'displayorder' => '0',
    'status' => '1',
  ),
)

2017-11-12 16:10:58 response :
------------
Array:
FromUserName : gh_5c0f19e6e149 ;
ToUserName : osBgU0zY5MDyvhTJSiabPHcTXlMw ;
MsgType : news ;
ArticleCount : 1 ;
Articles : Array ;

2017-11-12 17:36:01 trace :
------------
String:
<xml><ToUserName><![CDATA[gh_5c0f19e6e149]]></ToUserName>
<FromUserName><![CDATA[osBgU0zY5MDyvhTJSiabPHcTXlMw]]></FromUserName>
<CreateTime>1510479361</CreateTime>
<MsgType><![CDATA[event]]></MsgType>
<Event><![CDATA[VIEW]]></Event>
<EventKey><![CDATA[http://jyqc.hejiewl.com/app/index.php?i=1&c=entry&m=ewei_shopv2&do=mobile&r=creditshop]]></EventKey>
<MenuId>429458853</MenuId>
</xml>

2017-11-12 17:36:01 params :
------------
String:
array (
  'message' => 
  array (
    'tousername' => 'gh_5c0f19e6e149',
    'fromusername' => 'osBgU0zY5MDyvhTJSiabPHcTXlMw',
    'createtime' => '1510479361',
    'msgtype' => 'event',
    'event' => 'VIEW',
    'eventkey' => 'http://jyqc.hejiewl.com/app/index.php?i=1&c=entry&m=ewei_shopv2&do=mobile&r=creditshop',
    'menuid' => '429458853',
    'from' => 'osBgU0zY5MDyvhTJSiabPHcTXlMw',
    'to' => 'gh_5c0f19e6e149',
    'time' => '1510479361',
    'type' => 'text',
    'content' => '首次关注',
    'redirection' => true,
    'source' => 'default',
    'original' => 'http://jyqc.hejiewl.com/app/index.php?i=1&c=entry&m=ewei_shopv2&do=mobile&r=creditshop',
  ),
  'module' => 'news',
  'rule' => '11',
  'priority' => '0',
  'keyword' => 
  array (
    'id' => '16',
    'rid' => '11',
    'uniacid' => '1',
    'module' => 'news',
    'content' => '首次关注',
    'type' => '1',
    'displayorder' => '0',
    'status' => '1',
  ),
)

2017-11-12 17:36:01 response :
------------
Array:
FromUserName : gh_5c0f19e6e149 ;
ToUserName : osBgU0zY5MDyvhTJSiabPHcTXlMw ;
MsgType : news ;
ArticleCount : 1 ;
Articles : Array ;

2017-11-12 17:36:11 trace :
------------
String:
<xml><ToUserName><![CDATA[gh_5c0f19e6e149]]></ToUserName>
<FromUserName><![CDATA[osBgU0zY5MDyvhTJSiabPHcTXlMw]]></FromUserName>
<CreateTime>1510479371</CreateTime>
<MsgType><![CDATA[event]]></MsgType>
<Event><![CDATA[VIEW]]></Event>
<EventKey><![CDATA[http://jyqc.hejiewl.com/app/index.php?i=1&c=entry&m=ewei_shopv2&do=mobile&r=merch.list.merchuser]]></EventKey>
<MenuId>429458853</MenuId>
</xml>

2017-11-12 17:36:11 params :
------------
String:
array (
  'message' => 
  array (
    'tousername' => 'gh_5c0f19e6e149',
    'fromusername' => 'osBgU0zY5MDyvhTJSiabPHcTXlMw',
    'createtime' => '1510479371',
    'msgtype' => 'event',
    'event' => 'VIEW',
    'eventkey' => 'http://jyqc.hejiewl.com/app/index.php?i=1&c=entry&m=ewei_shopv2&do=mobile&r=merch.list.merchuser',
    'menuid' => '429458853',
    'from' => 'osBgU0zY5MDyvhTJSiabPHcTXlMw',
    'to' => 'gh_5c0f19e6e149',
    'time' => '1510479371',
    'type' => 'text',
    'content' => '首次关注',
    'redirection' => true,
    'source' => 'default',
    'original' => 'http://jyqc.hejiewl.com/app/index.php?i=1&c=entry&m=ewei_shopv2&do=mobile&r=merch.list.merchuser',
  ),
  'module' => 'news',
  'rule' => '11',
  'priority' => '0',
  'keyword' => 
  array (
    'id' => '16',
    'rid' => '11',
    'uniacid' => '1',
    'module' => 'news',
    'content' => '首次关注',
    'type' => '1',
    'displayorder' => '0',
    'status' => '1',
  ),
)

2017-11-12 17:36:11 response :
------------
Array:
FromUserName : gh_5c0f19e6e149 ;
ToUserName : osBgU0zY5MDyvhTJSiabPHcTXlMw ;
MsgType : news ;
ArticleCount : 1 ;
Articles : Array ;

2017-11-12 18:27:45 trace :
------------
String:
<xml><ToUserName><![CDATA[gh_5c0f19e6e149]]></ToUserName>
<FromUserName><![CDATA[osBgU0zY5MDyvhTJSiabPHcTXlMw]]></FromUserName>
<CreateTime>1510482465</CreateTime>
<MsgType><![CDATA[event]]></MsgType>
<Event><![CDATA[VIEW]]></Event>
<EventKey><![CDATA[http://jyqc.hejiewl.com/web/merchant.php?i=1]]></EventKey>
<MenuId>429458853</MenuId>
</xml>

2017-11-12 18:27:45 params :
------------
String:
array (
  'message' => 
  array (
    'tousername' => 'gh_5c0f19e6e149',
    'fromusername' => 'osBgU0zY5MDyvhTJSiabPHcTXlMw',
    'createtime' => '1510482465',
    'msgtype' => 'event',
    'event' => 'VIEW',
    'eventkey' => 'http://jyqc.hejiewl.com/web/merchant.php?i=1',
    'menuid' => '429458853',
    'from' => 'osBgU0zY5MDyvhTJSiabPHcTXlMw',
    'to' => 'gh_5c0f19e6e149',
    'time' => '1510482465',
    'type' => 'text',
    'content' => '首次关注',
    'redirection' => true,
    'source' => 'default',
    'original' => 'http://jyqc.hejiewl.com/web/merchant.php?i=1',
  ),
  'module' => 'news',
  'rule' => '11',
  'priority' => '0',
  'keyword' => 
  array (
    'id' => '16',
    'rid' => '11',
    'uniacid' => '1',
    'module' => 'news',
    'content' => '首次关注',
    'type' => '1',
    'displayorder' => '0',
    'status' => '1',
  ),
)

2017-11-12 18:27:45 response :
------------
Array:
FromUserName : gh_5c0f19e6e149 ;
ToUserName : osBgU0zY5MDyvhTJSiabPHcTXlMw ;
MsgType : news ;
ArticleCount : 1 ;
Articles : Array ;

2017-11-12 18:27:53 trace :
------------
String:
<xml><ToUserName><![CDATA[gh_5c0f19e6e149]]></ToUserName>
<FromUserName><![CDATA[osBgU0zY5MDyvhTJSiabPHcTXlMw]]></FromUserName>
<CreateTime>1510482473</CreateTime>
<MsgType><![CDATA[event]]></MsgType>
<Event><![CDATA[VIEW]]></Event>
<EventKey><![CDATA[http://jyqc.hejiewl.com/app/index.php?i=1&c=entry&m=ewei_shopv2&do=mobile]]></EventKey>
<MenuId>429458853</MenuId>
</xml>

2017-11-12 18:27:53 params :
------------
String:
array (
  'message' => 
  array (
    'tousername' => 'gh_5c0f19e6e149',
    'fromusername' => 'osBgU0zY5MDyvhTJSiabPHcTXlMw',
    'createtime' => '1510482473',
    'msgtype' => 'event',
    'event' => 'VIEW',
    'eventkey' => 'http://jyqc.hejiewl.com/app/index.php?i=1&c=entry&m=ewei_shopv2&do=mobile',
    'menuid' => '429458853',
    'from' => 'osBgU0zY5MDyvhTJSiabPHcTXlMw',
    'to' => 'gh_5c0f19e6e149',
    'time' => '1510482473',
    'type' => 'text',
    'content' => '首次关注',
    'redirection' => true,
    'source' => 'default',
    'original' => 'http://jyqc.hejiewl.com/app/index.php?i=1&c=entry&m=ewei_shopv2&do=mobile',
  ),
  'module' => 'news',
  'rule' => '11',
  'priority' => '0',
  'keyword' => 
  array (
    'id' => '16',
    'rid' => '11',
    'uniacid' => '1',
    'module' => 'news',
    'content' => '首次关注',
    'type' => '1',
    'displayorder' => '0',
    'status' => '1',
  ),
)

2017-11-12 18:27:53 response :
------------
Array:
FromUserName : gh_5c0f19e6e149 ;
ToUserName : osBgU0zY5MDyvhTJSiabPHcTXlMw ;
MsgType : news ;
ArticleCount : 1 ;
Articles : Array ;

2017-11-12 23:57:37 trace :
------------
String:
<xml><ToUserName><![CDATA[gh_5c0f19e6e149]]></ToUserName>
<FromUserName><![CDATA[osBgU0zY5MDyvhTJSiabPHcTXlMw]]></FromUserName>
<CreateTime>1510502257</CreateTime>
<MsgType><![CDATA[event]]></MsgType>
<Event><![CDATA[VIEW]]></Event>
<EventKey><![CDATA[http://jyqc.hejiewl.com/app/index.php?i=1&c=entry&m=ewei_shopv2&do=mobile]]></EventKey>
<MenuId>429458853</MenuId>
</xml>

2017-11-12 23:57:37 params :
------------
String:
array (
  'message' => 
  array (
    'tousername' => 'gh_5c0f19e6e149',
    'fromusername' => 'osBgU0zY5MDyvhTJSiabPHcTXlMw',
    'createtime' => '1510502257',
    'msgtype' => 'event',
    'event' => 'VIEW',
    'eventkey' => 'http://jyqc.hejiewl.com/app/index.php?i=1&c=entry&m=ewei_shopv2&do=mobile',
    'menuid' => '429458853',
    'from' => 'osBgU0zY5MDyvhTJSiabPHcTXlMw',
    'to' => 'gh_5c0f19e6e149',
    'time' => '1510502257',
    'type' => 'text',
    'content' => '首次关注',
    'redirection' => true,
    'source' => 'default',
    'original' => 'http://jyqc.hejiewl.com/app/index.php?i=1&c=entry&m=ewei_shopv2&do=mobile',
  ),
  'module' => 'news',
  'rule' => '11',
  'priority' => '0',
  'keyword' => 
  array (
    'id' => '16',
    'rid' => '11',
    'uniacid' => '1',
    'module' => 'news',
    'content' => '首次关注',
    'type' => '1',
    'displayorder' => '0',
    'status' => '1',
  ),
)

2017-11-12 23:57:37 response :
------------
Array:
FromUserName : gh_5c0f19e6e149 ;
ToUserName : osBgU0zY5MDyvhTJSiabPHcTXlMw ;
MsgType : news ;
ArticleCount : 1 ;
Articles : Array ;

