2017-11-07 09:23:13 trace :
------------
String:
<xml><ToUserName><![CDATA[gh_5c0f19e6e149]]></ToUserName>
<FromUserName><![CDATA[osBgU007ItobIZs7QfwZb1muEkgo]]></FromUserName>
<CreateTime>1510017793</CreateTime>
<MsgType><![CDATA[event]]></MsgType>
<Event><![CDATA[VIEW]]></Event>
<EventKey><![CDATA[http://jyqc.hejiewl.com/app/index.php?i=1&c=entry&m=ewei_shopv2&do=mobile]]></EventKey>
<MenuId>429393477</MenuId>
</xml>

2017-11-07 09:23:13 params :
------------
String:
array (
  'message' => 
  array (
    'tousername' => 'gh_5c0f19e6e149',
    'fromusername' => 'osBgU007ItobIZs7QfwZb1muEkgo',
    'createtime' => '1510017793',
    'msgtype' => 'event',
    'event' => 'VIEW',
    'eventkey' => 'http://jyqc.hejiewl.com/app/index.php?i=1&c=entry&m=ewei_shopv2&do=mobile',
    'menuid' => '429393477',
    'from' => 'osBgU007ItobIZs7QfwZb1muEkgo',
    'to' => 'gh_5c0f19e6e149',
    'time' => '1510017793',
    'type' => 'text',
    'content' => '首次关注',
    'redirection' => true,
    'source' => 'default',
    'original' => 'http://jyqc.hejiewl.com/app/index.php?i=1&c=entry&m=ewei_shopv2&do=mobile',
  ),
  'module' => 'news',
  'rule' => '11',
  'priority' => '0',
  'keyword' => 
  array (
    'id' => '16',
    'rid' => '11',
    'uniacid' => '1',
    'module' => 'news',
    'content' => '首次关注',
    'type' => '1',
    'displayorder' => '0',
    'status' => '1',
  ),
)

2017-11-07 09:23:13 response :
------------
Array:
FromUserName : gh_5c0f19e6e149 ;
ToUserName : osBgU007ItobIZs7QfwZb1muEkgo ;
MsgType : news ;
ArticleCount : 1 ;
Articles : Array ;

2017-11-07 09:24:16 trace :
------------
String:
<xml><ToUserName><![CDATA[gh_5c0f19e6e149]]></ToUserName>
<FromUserName><![CDATA[osBgU06DHFV-8I7rhZ3pnIzN6rw4]]></FromUserName>
<CreateTime>1510017856</CreateTime>
<MsgType><![CDATA[event]]></MsgType>
<Event><![CDATA[VIEW]]></Event>
<EventKey><![CDATA[http://jyqc.hejiewl.com/app/index.php?i=1&c=entry&m=ewei_shopv2&do=mobile]]></EventKey>
<MenuId>429393477</MenuId>
</xml>

2017-11-07 09:24:16 params :
------------
String:
array (
  'message' => 
  array (
    'tousername' => 'gh_5c0f19e6e149',
    'fromusername' => 'osBgU06DHFV-8I7rhZ3pnIzN6rw4',
    'createtime' => '1510017856',
    'msgtype' => 'event',
    'event' => 'VIEW',
    'eventkey' => 'http://jyqc.hejiewl.com/app/index.php?i=1&c=entry&m=ewei_shopv2&do=mobile',
    'menuid' => '429393477',
    'from' => 'osBgU06DHFV-8I7rhZ3pnIzN6rw4',
    'to' => 'gh_5c0f19e6e149',
    'time' => '1510017856',
    'type' => 'text',
    'content' => '首次关注',
    'redirection' => true,
    'source' => 'default',
    'original' => 'http://jyqc.hejiewl.com/app/index.php?i=1&c=entry&m=ewei_shopv2&do=mobile',
  ),
  'module' => 'news',
  'rule' => '11',
  'priority' => '0',
  'keyword' => 
  array (
    'id' => '16',
    'rid' => '11',
    'uniacid' => '1',
    'module' => 'news',
    'content' => '首次关注',
    'type' => '1',
    'displayorder' => '0',
    'status' => '1',
  ),
)

2017-11-07 09:24:16 response :
------------
Array:
FromUserName : gh_5c0f19e6e149 ;
ToUserName : osBgU06DHFV-8I7rhZ3pnIzN6rw4 ;
MsgType : news ;
ArticleCount : 1 ;
Articles : Array ;

2017-11-07 09:25:16 trace :
------------
String:
<xml><ToUserName><![CDATA[gh_5c0f19e6e149]]></ToUserName>
<FromUserName><![CDATA[osBgU007ItobIZs7QfwZb1muEkgo]]></FromUserName>
<CreateTime>1510017916</CreateTime>
<MsgType><![CDATA[event]]></MsgType>
<Event><![CDATA[VIEW]]></Event>
<EventKey><![CDATA[http://jyqc.hejiewl.com/app/index.php?i=1&c=entry&m=ewei_shopv2&do=mobile]]></EventKey>
<MenuId>429393477</MenuId>
</xml>

2017-11-07 09:25:16 params :
------------
String:
array (
  'message' => 
  array (
    'tousername' => 'gh_5c0f19e6e149',
    'fromusername' => 'osBgU007ItobIZs7QfwZb1muEkgo',
    'createtime' => '1510017916',
    'msgtype' => 'event',
    'event' => 'VIEW',
    'eventkey' => 'http://jyqc.hejiewl.com/app/index.php?i=1&c=entry&m=ewei_shopv2&do=mobile',
    'menuid' => '429393477',
    'from' => 'osBgU007ItobIZs7QfwZb1muEkgo',
    'to' => 'gh_5c0f19e6e149',
    'time' => '1510017916',
    'type' => 'text',
    'content' => '首次关注',
    'redirection' => true,
    'source' => 'default',
    'original' => 'http://jyqc.hejiewl.com/app/index.php?i=1&c=entry&m=ewei_shopv2&do=mobile',
  ),
  'module' => 'news',
  'rule' => '11',
  'priority' => '0',
  'keyword' => 
  array (
    'id' => '16',
    'rid' => '11',
    'uniacid' => '1',
    'module' => 'news',
    'content' => '首次关注',
    'type' => '1',
    'displayorder' => '0',
    'status' => '1',
  ),
)

2017-11-07 09:25:16 response :
------------
Array:
FromUserName : gh_5c0f19e6e149 ;
ToUserName : osBgU007ItobIZs7QfwZb1muEkgo ;
MsgType : news ;
ArticleCount : 1 ;
Articles : Array ;

2017-11-07 09:27:10 trace :
------------
String:
<xml><ToUserName><![CDATA[gh_5c0f19e6e149]]></ToUserName>
<FromUserName><![CDATA[osBgU06DHFV-8I7rhZ3pnIzN6rw4]]></FromUserName>
<CreateTime>1510018030</CreateTime>
<MsgType><![CDATA[event]]></MsgType>
<Event><![CDATA[VIEW]]></Event>
<EventKey><![CDATA[http://jyqc.hejiewl.com/app/index.php?i=1&c=entry&m=ewei_shopv2&do=mobile&r=creditshop]]></EventKey>
<MenuId>429393477</MenuId>
</xml>

2017-11-07 09:27:10 params :
------------
String:
array (
  'message' => 
  array (
    'tousername' => 'gh_5c0f19e6e149',
    'fromusername' => 'osBgU06DHFV-8I7rhZ3pnIzN6rw4',
    'createtime' => '1510018030',
    'msgtype' => 'event',
    'event' => 'VIEW',
    'eventkey' => 'http://jyqc.hejiewl.com/app/index.php?i=1&c=entry&m=ewei_shopv2&do=mobile&r=creditshop',
    'menuid' => '429393477',
    'from' => 'osBgU06DHFV-8I7rhZ3pnIzN6rw4',
    'to' => 'gh_5c0f19e6e149',
    'time' => '1510018030',
    'type' => 'text',
    'content' => '首次关注',
    'redirection' => true,
    'source' => 'default',
    'original' => 'http://jyqc.hejiewl.com/app/index.php?i=1&c=entry&m=ewei_shopv2&do=mobile&r=creditshop',
  ),
  'module' => 'news',
  'rule' => '11',
  'priority' => '0',
  'keyword' => 
  array (
    'id' => '16',
    'rid' => '11',
    'uniacid' => '1',
    'module' => 'news',
    'content' => '首次关注',
    'type' => '1',
    'displayorder' => '0',
    'status' => '1',
  ),
)

2017-11-07 09:27:10 response :
------------
Array:
FromUserName : gh_5c0f19e6e149 ;
ToUserName : osBgU06DHFV-8I7rhZ3pnIzN6rw4 ;
MsgType : news ;
ArticleCount : 1 ;
Articles : Array ;

2017-11-07 09:30:09 trace :
------------
String:
<xml><ToUserName><![CDATA[gh_5c0f19e6e149]]></ToUserName>
<FromUserName><![CDATA[osBgU007ItobIZs7QfwZb1muEkgo]]></FromUserName>
<CreateTime>1510018209</CreateTime>
<MsgType><![CDATA[event]]></MsgType>
<Event><![CDATA[VIEW]]></Event>
<EventKey><![CDATA[http://jyqc.hejiewl.com/app/index.php?i=1&c=entry&m=ewei_shopv2&do=mobile&r=creditshop]]></EventKey>
<MenuId>429393477</MenuId>
</xml>

2017-11-07 09:30:09 params :
------------
String:
array (
  'message' => 
  array (
    'tousername' => 'gh_5c0f19e6e149',
    'fromusername' => 'osBgU007ItobIZs7QfwZb1muEkgo',
    'createtime' => '1510018209',
    'msgtype' => 'event',
    'event' => 'VIEW',
    'eventkey' => 'http://jyqc.hejiewl.com/app/index.php?i=1&c=entry&m=ewei_shopv2&do=mobile&r=creditshop',
    'menuid' => '429393477',
    'from' => 'osBgU007ItobIZs7QfwZb1muEkgo',
    'to' => 'gh_5c0f19e6e149',
    'time' => '1510018209',
    'type' => 'text',
    'content' => '首次关注',
    'redirection' => true,
    'source' => 'default',
    'original' => 'http://jyqc.hejiewl.com/app/index.php?i=1&c=entry&m=ewei_shopv2&do=mobile&r=creditshop',
  ),
  'module' => 'news',
  'rule' => '11',
  'priority' => '0',
  'keyword' => 
  array (
    'id' => '16',
    'rid' => '11',
    'uniacid' => '1',
    'module' => 'news',
    'content' => '首次关注',
    'type' => '1',
    'displayorder' => '0',
    'status' => '1',
  ),
)

2017-11-07 09:30:09 response :
------------
Array:
FromUserName : gh_5c0f19e6e149 ;
ToUserName : osBgU007ItobIZs7QfwZb1muEkgo ;
MsgType : news ;
ArticleCount : 1 ;
Articles : Array ;

2017-11-07 09:30:26 trace :
------------
String:
<xml><ToUserName><![CDATA[gh_5c0f19e6e149]]></ToUserName>
<FromUserName><![CDATA[osBgU007ItobIZs7QfwZb1muEkgo]]></FromUserName>
<CreateTime>1510018226</CreateTime>
<MsgType><![CDATA[event]]></MsgType>
<Event><![CDATA[VIEW]]></Event>
<EventKey><![CDATA[http://jyqc.hejiewl.com/app/index.php?i=1&c=entry&m=ewei_shopv2&do=mobile]]></EventKey>
<MenuId>429393477</MenuId>
</xml>

2017-11-07 09:30:26 params :
------------
String:
array (
  'message' => 
  array (
    'tousername' => 'gh_5c0f19e6e149',
    'fromusername' => 'osBgU007ItobIZs7QfwZb1muEkgo',
    'createtime' => '1510018226',
    'msgtype' => 'event',
    'event' => 'VIEW',
    'eventkey' => 'http://jyqc.hejiewl.com/app/index.php?i=1&c=entry&m=ewei_shopv2&do=mobile',
    'menuid' => '429393477',
    'from' => 'osBgU007ItobIZs7QfwZb1muEkgo',
    'to' => 'gh_5c0f19e6e149',
    'time' => '1510018226',
    'type' => 'text',
    'content' => '首次关注',
    'redirection' => true,
    'source' => 'default',
    'original' => 'http://jyqc.hejiewl.com/app/index.php?i=1&c=entry&m=ewei_shopv2&do=mobile',
  ),
  'module' => 'news',
  'rule' => '11',
  'priority' => '0',
  'keyword' => 
  array (
    'id' => '16',
    'rid' => '11',
    'uniacid' => '1',
    'module' => 'news',
    'content' => '首次关注',
    'type' => '1',
    'displayorder' => '0',
    'status' => '1',
  ),
)

2017-11-07 09:30:26 response :
------------
Array:
FromUserName : gh_5c0f19e6e149 ;
ToUserName : osBgU007ItobIZs7QfwZb1muEkgo ;
MsgType : news ;
ArticleCount : 1 ;
Articles : Array ;

2017-11-07 09:31:01 trace :
------------
String:
<xml><ToUserName><![CDATA[gh_5c0f19e6e149]]></ToUserName>
<FromUserName><![CDATA[osBgU007ItobIZs7QfwZb1muEkgo]]></FromUserName>
<CreateTime>1510018260</CreateTime>
<MsgType><![CDATA[event]]></MsgType>
<Event><![CDATA[VIEW]]></Event>
<EventKey><![CDATA[http://jyqc.hejiewl.com/app/index.php?i=1&c=entry&m=ewei_shopv2&do=mobile&r=creditshop]]></EventKey>
<MenuId>429393477</MenuId>
</xml>

2017-11-07 09:31:01 params :
------------
String:
array (
  'message' => 
  array (
    'tousername' => 'gh_5c0f19e6e149',
    'fromusername' => 'osBgU007ItobIZs7QfwZb1muEkgo',
    'createtime' => '1510018260',
    'msgtype' => 'event',
    'event' => 'VIEW',
    'eventkey' => 'http://jyqc.hejiewl.com/app/index.php?i=1&c=entry&m=ewei_shopv2&do=mobile&r=creditshop',
    'menuid' => '429393477',
    'from' => 'osBgU007ItobIZs7QfwZb1muEkgo',
    'to' => 'gh_5c0f19e6e149',
    'time' => '1510018260',
    'type' => 'text',
    'content' => '首次关注',
    'redirection' => true,
    'source' => 'default',
    'original' => 'http://jyqc.hejiewl.com/app/index.php?i=1&c=entry&m=ewei_shopv2&do=mobile&r=creditshop',
  ),
  'module' => 'news',
  'rule' => '11',
  'priority' => '0',
  'keyword' => 
  array (
    'id' => '16',
    'rid' => '11',
    'uniacid' => '1',
    'module' => 'news',
    'content' => '首次关注',
    'type' => '1',
    'displayorder' => '0',
    'status' => '1',
  ),
)

2017-11-07 09:31:01 response :
------------
Array:
FromUserName : gh_5c0f19e6e149 ;
ToUserName : osBgU007ItobIZs7QfwZb1muEkgo ;
MsgType : news ;
ArticleCount : 1 ;
Articles : Array ;

2017-11-07 09:31:27 trace :
------------
String:
<xml><ToUserName><![CDATA[gh_5c0f19e6e149]]></ToUserName>
<FromUserName><![CDATA[osBgU007ItobIZs7QfwZb1muEkgo]]></FromUserName>
<CreateTime>1510018287</CreateTime>
<MsgType><![CDATA[event]]></MsgType>
<Event><![CDATA[VIEW]]></Event>
<EventKey><![CDATA[http://jyqc.hejiewl.com/app/index.php?i=1&c=entry&m=ewei_shopv2&do=mobile]]></EventKey>
<MenuId>429393477</MenuId>
</xml>

2017-11-07 09:31:27 params :
------------
String:
array (
  'message' => 
  array (
    'tousername' => 'gh_5c0f19e6e149',
    'fromusername' => 'osBgU007ItobIZs7QfwZb1muEkgo',
    'createtime' => '1510018287',
    'msgtype' => 'event',
    'event' => 'VIEW',
    'eventkey' => 'http://jyqc.hejiewl.com/app/index.php?i=1&c=entry&m=ewei_shopv2&do=mobile',
    'menuid' => '429393477',
    'from' => 'osBgU007ItobIZs7QfwZb1muEkgo',
    'to' => 'gh_5c0f19e6e149',
    'time' => '1510018287',
    'type' => 'text',
    'content' => '首次关注',
    'redirection' => true,
    'source' => 'default',
    'original' => 'http://jyqc.hejiewl.com/app/index.php?i=1&c=entry&m=ewei_shopv2&do=mobile',
  ),
  'module' => 'news',
  'rule' => '11',
  'priority' => '0',
  'keyword' => 
  array (
    'id' => '16',
    'rid' => '11',
    'uniacid' => '1',
    'module' => 'news',
    'content' => '首次关注',
    'type' => '1',
    'displayorder' => '0',
    'status' => '1',
  ),
)

2017-11-07 09:31:27 response :
------------
Array:
FromUserName : gh_5c0f19e6e149 ;
ToUserName : osBgU007ItobIZs7QfwZb1muEkgo ;
MsgType : news ;
ArticleCount : 1 ;
Articles : Array ;

2017-11-07 09:55:44 trace :
------------
String:
<xml><ToUserName><![CDATA[gh_5c0f19e6e149]]></ToUserName>
<FromUserName><![CDATA[osBgU06DHFV-8I7rhZ3pnIzN6rw4]]></FromUserName>
<CreateTime>1510019744</CreateTime>
<MsgType><![CDATA[event]]></MsgType>
<Event><![CDATA[VIEW]]></Event>
<EventKey><![CDATA[http://jyqc.hejiewl.com/app/index.php?i=1&c=entry&m=ewei_shopv2&do=mobile&r=creditshop]]></EventKey>
<MenuId>429393477</MenuId>
</xml>

2017-11-07 09:55:44 params :
------------
String:
array (
  'message' => 
  array (
    'tousername' => 'gh_5c0f19e6e149',
    'fromusername' => 'osBgU06DHFV-8I7rhZ3pnIzN6rw4',
    'createtime' => '1510019744',
    'msgtype' => 'event',
    'event' => 'VIEW',
    'eventkey' => 'http://jyqc.hejiewl.com/app/index.php?i=1&c=entry&m=ewei_shopv2&do=mobile&r=creditshop',
    'menuid' => '429393477',
    'from' => 'osBgU06DHFV-8I7rhZ3pnIzN6rw4',
    'to' => 'gh_5c0f19e6e149',
    'time' => '1510019744',
    'type' => 'text',
    'content' => '首次关注',
    'redirection' => true,
    'source' => 'default',
    'original' => 'http://jyqc.hejiewl.com/app/index.php?i=1&c=entry&m=ewei_shopv2&do=mobile&r=creditshop',
  ),
  'module' => 'news',
  'rule' => '11',
  'priority' => '0',
  'keyword' => 
  array (
    'id' => '16',
    'rid' => '11',
    'uniacid' => '1',
    'module' => 'news',
    'content' => '首次关注',
    'type' => '1',
    'displayorder' => '0',
    'status' => '1',
  ),
)

2017-11-07 09:55:44 response :
------------
Array:
FromUserName : gh_5c0f19e6e149 ;
ToUserName : osBgU06DHFV-8I7rhZ3pnIzN6rw4 ;
MsgType : news ;
ArticleCount : 1 ;
Articles : Array ;

2017-11-07 09:55:50 trace :
------------
String:
<xml><ToUserName><![CDATA[gh_5c0f19e6e149]]></ToUserName>
<FromUserName><![CDATA[osBgU06DHFV-8I7rhZ3pnIzN6rw4]]></FromUserName>
<CreateTime>1510019750</CreateTime>
<MsgType><![CDATA[event]]></MsgType>
<Event><![CDATA[VIEW]]></Event>
<EventKey><![CDATA[http://jyqc.hejiewl.com/app/index.php?i=1&c=entry&m=ewei_shopv2&do=mobile]]></EventKey>
<MenuId>429393477</MenuId>
</xml>

2017-11-07 09:55:50 params :
------------
String:
array (
  'message' => 
  array (
    'tousername' => 'gh_5c0f19e6e149',
    'fromusername' => 'osBgU06DHFV-8I7rhZ3pnIzN6rw4',
    'createtime' => '1510019750',
    'msgtype' => 'event',
    'event' => 'VIEW',
    'eventkey' => 'http://jyqc.hejiewl.com/app/index.php?i=1&c=entry&m=ewei_shopv2&do=mobile',
    'menuid' => '429393477',
    'from' => 'osBgU06DHFV-8I7rhZ3pnIzN6rw4',
    'to' => 'gh_5c0f19e6e149',
    'time' => '1510019750',
    'type' => 'text',
    'content' => '首次关注',
    'redirection' => true,
    'source' => 'default',
    'original' => 'http://jyqc.hejiewl.com/app/index.php?i=1&c=entry&m=ewei_shopv2&do=mobile',
  ),
  'module' => 'news',
  'rule' => '11',
  'priority' => '0',
  'keyword' => 
  array (
    'id' => '16',
    'rid' => '11',
    'uniacid' => '1',
    'module' => 'news',
    'content' => '首次关注',
    'type' => '1',
    'displayorder' => '0',
    'status' => '1',
  ),
)

2017-11-07 09:55:50 response :
------------
Array:
FromUserName : gh_5c0f19e6e149 ;
ToUserName : osBgU06DHFV-8I7rhZ3pnIzN6rw4 ;
MsgType : news ;
ArticleCount : 1 ;
Articles : Array ;

2017-11-07 09:56:00 trace :
------------
String:
<xml><ToUserName><![CDATA[gh_5c0f19e6e149]]></ToUserName>
<FromUserName><![CDATA[osBgU06DHFV-8I7rhZ3pnIzN6rw4]]></FromUserName>
<CreateTime>1510019760</CreateTime>
<MsgType><![CDATA[event]]></MsgType>
<Event><![CDATA[VIEW]]></Event>
<EventKey><![CDATA[http://jyqc.hejiewl.com/app/index.php?i=1&c=entry&m=ewei_shopv2&do=mobile&r=creditshop]]></EventKey>
<MenuId>429393477</MenuId>
</xml>

2017-11-07 09:56:00 params :
------------
String:
array (
  'message' => 
  array (
    'tousername' => 'gh_5c0f19e6e149',
    'fromusername' => 'osBgU06DHFV-8I7rhZ3pnIzN6rw4',
    'createtime' => '1510019760',
    'msgtype' => 'event',
    'event' => 'VIEW',
    'eventkey' => 'http://jyqc.hejiewl.com/app/index.php?i=1&c=entry&m=ewei_shopv2&do=mobile&r=creditshop',
    'menuid' => '429393477',
    'from' => 'osBgU06DHFV-8I7rhZ3pnIzN6rw4',
    'to' => 'gh_5c0f19e6e149',
    'time' => '1510019760',
    'type' => 'text',
    'content' => '首次关注',
    'redirection' => true,
    'source' => 'default',
    'original' => 'http://jyqc.hejiewl.com/app/index.php?i=1&c=entry&m=ewei_shopv2&do=mobile&r=creditshop',
  ),
  'module' => 'news',
  'rule' => '11',
  'priority' => '0',
  'keyword' => 
  array (
    'id' => '16',
    'rid' => '11',
    'uniacid' => '1',
    'module' => 'news',
    'content' => '首次关注',
    'type' => '1',
    'displayorder' => '0',
    'status' => '1',
  ),
)

2017-11-07 09:56:00 response :
------------
Array:
FromUserName : gh_5c0f19e6e149 ;
ToUserName : osBgU06DHFV-8I7rhZ3pnIzN6rw4 ;
MsgType : news ;
ArticleCount : 1 ;
Articles : Array ;

2017-11-07 09:56:07 trace :
------------
String:
<xml><ToUserName><![CDATA[gh_5c0f19e6e149]]></ToUserName>
<FromUserName><![CDATA[osBgU06DHFV-8I7rhZ3pnIzN6rw4]]></FromUserName>
<CreateTime>1510019767</CreateTime>
<MsgType><![CDATA[event]]></MsgType>
<Event><![CDATA[VIEW]]></Event>
<EventKey><![CDATA[http://jyqc.hejiewl.com/app/index.php?i=1&c=entry&m=ewei_shopv2&do=mobile]]></EventKey>
<MenuId>429393477</MenuId>
</xml>

2017-11-07 09:56:07 params :
------------
String:
array (
  'message' => 
  array (
    'tousername' => 'gh_5c0f19e6e149',
    'fromusername' => 'osBgU06DHFV-8I7rhZ3pnIzN6rw4',
    'createtime' => '1510019767',
    'msgtype' => 'event',
    'event' => 'VIEW',
    'eventkey' => 'http://jyqc.hejiewl.com/app/index.php?i=1&c=entry&m=ewei_shopv2&do=mobile',
    'menuid' => '429393477',
    'from' => 'osBgU06DHFV-8I7rhZ3pnIzN6rw4',
    'to' => 'gh_5c0f19e6e149',
    'time' => '1510019767',
    'type' => 'text',
    'content' => '首次关注',
    'redirection' => true,
    'source' => 'default',
    'original' => 'http://jyqc.hejiewl.com/app/index.php?i=1&c=entry&m=ewei_shopv2&do=mobile',
  ),
  'module' => 'news',
  'rule' => '11',
  'priority' => '0',
  'keyword' => 
  array (
    'id' => '16',
    'rid' => '11',
    'uniacid' => '1',
    'module' => 'news',
    'content' => '首次关注',
    'type' => '1',
    'displayorder' => '0',
    'status' => '1',
  ),
)

2017-11-07 09:56:07 response :
------------
Array:
FromUserName : gh_5c0f19e6e149 ;
ToUserName : osBgU06DHFV-8I7rhZ3pnIzN6rw4 ;
MsgType : news ;
ArticleCount : 1 ;
Articles : Array ;

2017-11-07 09:56:35 trace :
------------
String:
<xml><ToUserName><![CDATA[gh_5c0f19e6e149]]></ToUserName>
<FromUserName><![CDATA[osBgU06DHFV-8I7rhZ3pnIzN6rw4]]></FromUserName>
<CreateTime>1510019795</CreateTime>
<MsgType><![CDATA[event]]></MsgType>
<Event><![CDATA[VIEW]]></Event>
<EventKey><![CDATA[http://jyqc.hejiewl.com/app/index.php?i=1&c=entry&m=ewei_shopv2&do=mobile]]></EventKey>
<MenuId>429419837</MenuId>
</xml>

2017-11-07 09:56:35 params :
------------
String:
array (
  'message' => 
  array (
    'tousername' => 'gh_5c0f19e6e149',
    'fromusername' => 'osBgU06DHFV-8I7rhZ3pnIzN6rw4',
    'createtime' => '1510019795',
    'msgtype' => 'event',
    'event' => 'VIEW',
    'eventkey' => 'http://jyqc.hejiewl.com/app/index.php?i=1&c=entry&m=ewei_shopv2&do=mobile',
    'menuid' => '429419837',
    'from' => 'osBgU06DHFV-8I7rhZ3pnIzN6rw4',
    'to' => 'gh_5c0f19e6e149',
    'time' => '1510019795',
    'type' => 'text',
    'content' => '首次关注',
    'redirection' => true,
    'source' => 'default',
    'original' => 'http://jyqc.hejiewl.com/app/index.php?i=1&c=entry&m=ewei_shopv2&do=mobile',
  ),
  'module' => 'news',
  'rule' => '11',
  'priority' => '0',
  'keyword' => 
  array (
    'id' => '16',
    'rid' => '11',
    'uniacid' => '1',
    'module' => 'news',
    'content' => '首次关注',
    'type' => '1',
    'displayorder' => '0',
    'status' => '1',
  ),
)

2017-11-07 09:56:35 response :
------------
Array:
FromUserName : gh_5c0f19e6e149 ;
ToUserName : osBgU06DHFV-8I7rhZ3pnIzN6rw4 ;
MsgType : news ;
ArticleCount : 1 ;
Articles : Array ;

2017-11-07 09:57:08 trace :
------------
String:
<xml><ToUserName><![CDATA[gh_5c0f19e6e149]]></ToUserName>
<FromUserName><![CDATA[osBgU06DHFV-8I7rhZ3pnIzN6rw4]]></FromUserName>
<CreateTime>1510019827</CreateTime>
<MsgType><![CDATA[event]]></MsgType>
<Event><![CDATA[VIEW]]></Event>
<EventKey><![CDATA[http://jyqc.hejiewl.com/app/index.php?i=1&c=entry&m=ewei_shopv2&do=mobile&r=creditshop]]></EventKey>
<MenuId>429419837</MenuId>
</xml>

2017-11-07 09:57:08 params :
------------
String:
array (
  'message' => 
  array (
    'tousername' => 'gh_5c0f19e6e149',
    'fromusername' => 'osBgU06DHFV-8I7rhZ3pnIzN6rw4',
    'createtime' => '1510019827',
    'msgtype' => 'event',
    'event' => 'VIEW',
    'eventkey' => 'http://jyqc.hejiewl.com/app/index.php?i=1&c=entry&m=ewei_shopv2&do=mobile&r=creditshop',
    'menuid' => '429419837',
    'from' => 'osBgU06DHFV-8I7rhZ3pnIzN6rw4',
    'to' => 'gh_5c0f19e6e149',
    'time' => '1510019827',
    'type' => 'text',
    'content' => '首次关注',
    'redirection' => true,
    'source' => 'default',
    'original' => 'http://jyqc.hejiewl.com/app/index.php?i=1&c=entry&m=ewei_shopv2&do=mobile&r=creditshop',
  ),
  'module' => 'news',
  'rule' => '11',
  'priority' => '0',
  'keyword' => 
  array (
    'id' => '16',
    'rid' => '11',
    'uniacid' => '1',
    'module' => 'news',
    'content' => '首次关注',
    'type' => '1',
    'displayorder' => '0',
    'status' => '1',
  ),
)

2017-11-07 09:57:08 response :
------------
Array:
FromUserName : gh_5c0f19e6e149 ;
ToUserName : osBgU06DHFV-8I7rhZ3pnIzN6rw4 ;
MsgType : news ;
ArticleCount : 1 ;
Articles : Array ;

2017-11-07 09:57:17 trace :
------------
String:
<xml><ToUserName><![CDATA[gh_5c0f19e6e149]]></ToUserName>
<FromUserName><![CDATA[osBgU06DHFV-8I7rhZ3pnIzN6rw4]]></FromUserName>
<CreateTime>1510019837</CreateTime>
<MsgType><![CDATA[event]]></MsgType>
<Event><![CDATA[VIEW]]></Event>
<EventKey><![CDATA[http://jyqc.hejiewl.com/app/index.php?i=1&c=entry&m=ewei_shopv2&do=mobile&r=creditshop]]></EventKey>
<MenuId>429419837</MenuId>
</xml>

2017-11-07 09:57:17 params :
------------
String:
array (
  'message' => 
  array (
    'tousername' => 'gh_5c0f19e6e149',
    'fromusername' => 'osBgU06DHFV-8I7rhZ3pnIzN6rw4',
    'createtime' => '1510019837',
    'msgtype' => 'event',
    'event' => 'VIEW',
    'eventkey' => 'http://jyqc.hejiewl.com/app/index.php?i=1&c=entry&m=ewei_shopv2&do=mobile&r=creditshop',
    'menuid' => '429419837',
    'from' => 'osBgU06DHFV-8I7rhZ3pnIzN6rw4',
    'to' => 'gh_5c0f19e6e149',
    'time' => '1510019837',
    'type' => 'text',
    'content' => '首次关注',
    'redirection' => true,
    'source' => 'default',
    'original' => 'http://jyqc.hejiewl.com/app/index.php?i=1&c=entry&m=ewei_shopv2&do=mobile&r=creditshop',
  ),
  'module' => 'news',
  'rule' => '11',
  'priority' => '0',
  'keyword' => 
  array (
    'id' => '16',
    'rid' => '11',
    'uniacid' => '1',
    'module' => 'news',
    'content' => '首次关注',
    'type' => '1',
    'displayorder' => '0',
    'status' => '1',
  ),
)

2017-11-07 09:57:17 response :
------------
Array:
FromUserName : gh_5c0f19e6e149 ;
ToUserName : osBgU06DHFV-8I7rhZ3pnIzN6rw4 ;
MsgType : news ;
ArticleCount : 1 ;
Articles : Array ;

2017-11-07 09:58:19 trace :
------------
String:
<xml><ToUserName><![CDATA[gh_5c0f19e6e149]]></ToUserName>
<FromUserName><![CDATA[osBgU06DHFV-8I7rhZ3pnIzN6rw4]]></FromUserName>
<CreateTime>1510019899</CreateTime>
<MsgType><![CDATA[event]]></MsgType>
<Event><![CDATA[VIEW]]></Event>
<EventKey><![CDATA[http://jyqc.hejiewl.com/web/merchant.php?i=1]]></EventKey>
<MenuId>429419837</MenuId>
</xml>

2017-11-07 09:58:19 params :
------------
String:
array (
  'message' => 
  array (
    'tousername' => 'gh_5c0f19e6e149',
    'fromusername' => 'osBgU06DHFV-8I7rhZ3pnIzN6rw4',
    'createtime' => '1510019899',
    'msgtype' => 'event',
    'event' => 'VIEW',
    'eventkey' => 'http://jyqc.hejiewl.com/web/merchant.php?i=1',
    'menuid' => '429419837',
    'from' => 'osBgU06DHFV-8I7rhZ3pnIzN6rw4',
    'to' => 'gh_5c0f19e6e149',
    'time' => '1510019899',
    'type' => 'text',
    'content' => '首次关注',
    'redirection' => true,
    'source' => 'default',
    'original' => 'http://jyqc.hejiewl.com/web/merchant.php?i=1',
  ),
  'module' => 'news',
  'rule' => '11',
  'priority' => '0',
  'keyword' => 
  array (
    'id' => '16',
    'rid' => '11',
    'uniacid' => '1',
    'module' => 'news',
    'content' => '首次关注',
    'type' => '1',
    'displayorder' => '0',
    'status' => '1',
  ),
)

2017-11-07 09:58:19 response :
------------
Array:
FromUserName : gh_5c0f19e6e149 ;
ToUserName : osBgU06DHFV-8I7rhZ3pnIzN6rw4 ;
MsgType : news ;
ArticleCount : 1 ;
Articles : Array ;

2017-11-07 09:58:32 trace :
------------
String:
<xml><ToUserName><![CDATA[gh_5c0f19e6e149]]></ToUserName>
<FromUserName><![CDATA[osBgU06DHFV-8I7rhZ3pnIzN6rw4]]></FromUserName>
<CreateTime>1510019912</CreateTime>
<MsgType><![CDATA[event]]></MsgType>
<Event><![CDATA[VIEW]]></Event>
<EventKey><![CDATA[http://jyqc.hejiewl.com/app/index.php?i=1&c=entry&m=ewei_shopv2&do=mobile&r=merch.register]]></EventKey>
<MenuId>429419837</MenuId>
</xml>

2017-11-07 09:58:32 params :
------------
String:
array (
  'message' => 
  array (
    'tousername' => 'gh_5c0f19e6e149',
    'fromusername' => 'osBgU06DHFV-8I7rhZ3pnIzN6rw4',
    'createtime' => '1510019912',
    'msgtype' => 'event',
    'event' => 'VIEW',
    'eventkey' => 'http://jyqc.hejiewl.com/app/index.php?i=1&c=entry&m=ewei_shopv2&do=mobile&r=merch.register',
    'menuid' => '429419837',
    'from' => 'osBgU06DHFV-8I7rhZ3pnIzN6rw4',
    'to' => 'gh_5c0f19e6e149',
    'time' => '1510019912',
    'type' => 'text',
    'content' => '首次关注',
    'redirection' => true,
    'source' => 'default',
    'original' => 'http://jyqc.hejiewl.com/app/index.php?i=1&c=entry&m=ewei_shopv2&do=mobile&r=merch.register',
  ),
  'module' => 'news',
  'rule' => '11',
  'priority' => '0',
  'keyword' => 
  array (
    'id' => '16',
    'rid' => '11',
    'uniacid' => '1',
    'module' => 'news',
    'content' => '首次关注',
    'type' => '1',
    'displayorder' => '0',
    'status' => '1',
  ),
)

2017-11-07 09:58:32 response :
------------
Array:
FromUserName : gh_5c0f19e6e149 ;
ToUserName : osBgU06DHFV-8I7rhZ3pnIzN6rw4 ;
MsgType : news ;
ArticleCount : 1 ;
Articles : Array ;

2017-11-07 09:58:42 trace :
------------
String:
<xml><ToUserName><![CDATA[gh_5c0f19e6e149]]></ToUserName>
<FromUserName><![CDATA[osBgU06DHFV-8I7rhZ3pnIzN6rw4]]></FromUserName>
<CreateTime>1510019922</CreateTime>
<MsgType><![CDATA[event]]></MsgType>
<Event><![CDATA[VIEW]]></Event>
<EventKey><![CDATA[http://jyqc.hejiewl.com/app/index.php?i=1&c=entry&m=ewei_shopv2&do=mobile]]></EventKey>
<MenuId>429419837</MenuId>
</xml>

2017-11-07 09:58:42 params :
------------
String:
array (
  'message' => 
  array (
    'tousername' => 'gh_5c0f19e6e149',
    'fromusername' => 'osBgU06DHFV-8I7rhZ3pnIzN6rw4',
    'createtime' => '1510019922',
    'msgtype' => 'event',
    'event' => 'VIEW',
    'eventkey' => 'http://jyqc.hejiewl.com/app/index.php?i=1&c=entry&m=ewei_shopv2&do=mobile',
    'menuid' => '429419837',
    'from' => 'osBgU06DHFV-8I7rhZ3pnIzN6rw4',
    'to' => 'gh_5c0f19e6e149',
    'time' => '1510019922',
    'type' => 'text',
    'content' => '首次关注',
    'redirection' => true,
    'source' => 'default',
    'original' => 'http://jyqc.hejiewl.com/app/index.php?i=1&c=entry&m=ewei_shopv2&do=mobile',
  ),
  'module' => 'news',
  'rule' => '11',
  'priority' => '0',
  'keyword' => 
  array (
    'id' => '16',
    'rid' => '11',
    'uniacid' => '1',
    'module' => 'news',
    'content' => '首次关注',
    'type' => '1',
    'displayorder' => '0',
    'status' => '1',
  ),
)

2017-11-07 09:58:42 response :
------------
Array:
FromUserName : gh_5c0f19e6e149 ;
ToUserName : osBgU06DHFV-8I7rhZ3pnIzN6rw4 ;
MsgType : news ;
ArticleCount : 1 ;
Articles : Array ;

2017-11-07 10:00:32 trace :
------------
String:
<xml><ToUserName><![CDATA[gh_5c0f19e6e149]]></ToUserName>
<FromUserName><![CDATA[osBgU06DHFV-8I7rhZ3pnIzN6rw4]]></FromUserName>
<CreateTime>1510020032</CreateTime>
<MsgType><![CDATA[event]]></MsgType>
<Event><![CDATA[VIEW]]></Event>
<EventKey><![CDATA[http://jyqc.hejiewl.com/app/index.php?i=1&c=entry&m=ewei_shopv2&do=mobile]]></EventKey>
<MenuId>429419837</MenuId>
</xml>

2017-11-07 10:00:32 params :
------------
String:
array (
  'message' => 
  array (
    'tousername' => 'gh_5c0f19e6e149',
    'fromusername' => 'osBgU06DHFV-8I7rhZ3pnIzN6rw4',
    'createtime' => '1510020032',
    'msgtype' => 'event',
    'event' => 'VIEW',
    'eventkey' => 'http://jyqc.hejiewl.com/app/index.php?i=1&c=entry&m=ewei_shopv2&do=mobile',
    'menuid' => '429419837',
    'from' => 'osBgU06DHFV-8I7rhZ3pnIzN6rw4',
    'to' => 'gh_5c0f19e6e149',
    'time' => '1510020032',
    'type' => 'text',
    'content' => '首次关注',
    'redirection' => true,
    'source' => 'default',
    'original' => 'http://jyqc.hejiewl.com/app/index.php?i=1&c=entry&m=ewei_shopv2&do=mobile',
  ),
  'module' => 'news',
  'rule' => '11',
  'priority' => '0',
  'keyword' => 
  array (
    'id' => '16',
    'rid' => '11',
    'uniacid' => '1',
    'module' => 'news',
    'content' => '首次关注',
    'type' => '1',
    'displayorder' => '0',
    'status' => '1',
  ),
)

2017-11-07 10:00:32 response :
------------
Array:
FromUserName : gh_5c0f19e6e149 ;
ToUserName : osBgU06DHFV-8I7rhZ3pnIzN6rw4 ;
MsgType : news ;
ArticleCount : 1 ;
Articles : Array ;

2017-11-07 10:01:20 trace :
------------
String:
<xml><ToUserName><![CDATA[gh_5c0f19e6e149]]></ToUserName>
<FromUserName><![CDATA[osBgU06DHFV-8I7rhZ3pnIzN6rw4]]></FromUserName>
<CreateTime>1510020080</CreateTime>
<MsgType><![CDATA[event]]></MsgType>
<Event><![CDATA[VIEW]]></Event>
<EventKey><![CDATA[http://jyqc.hejiewl.com/app/index.php?i=1&c=entry&m=ewei_shopv2&do=mobile]]></EventKey>
<MenuId>429419837</MenuId>
</xml>

2017-11-07 10:01:20 params :
------------
String:
array (
  'message' => 
  array (
    'tousername' => 'gh_5c0f19e6e149',
    'fromusername' => 'osBgU06DHFV-8I7rhZ3pnIzN6rw4',
    'createtime' => '1510020080',
    'msgtype' => 'event',
    'event' => 'VIEW',
    'eventkey' => 'http://jyqc.hejiewl.com/app/index.php?i=1&c=entry&m=ewei_shopv2&do=mobile',
    'menuid' => '429419837',
    'from' => 'osBgU06DHFV-8I7rhZ3pnIzN6rw4',
    'to' => 'gh_5c0f19e6e149',
    'time' => '1510020080',
    'type' => 'text',
    'content' => '首次关注',
    'redirection' => true,
    'source' => 'default',
    'original' => 'http://jyqc.hejiewl.com/app/index.php?i=1&c=entry&m=ewei_shopv2&do=mobile',
  ),
  'module' => 'news',
  'rule' => '11',
  'priority' => '0',
  'keyword' => 
  array (
    'id' => '16',
    'rid' => '11',
    'uniacid' => '1',
    'module' => 'news',
    'content' => '首次关注',
    'type' => '1',
    'displayorder' => '0',
    'status' => '1',
  ),
)

2017-11-07 10:01:20 response :
------------
Array:
FromUserName : gh_5c0f19e6e149 ;
ToUserName : osBgU06DHFV-8I7rhZ3pnIzN6rw4 ;
MsgType : news ;
ArticleCount : 1 ;
Articles : Array ;

2017-11-07 10:01:42 trace :
------------
String:
<xml><ToUserName><![CDATA[gh_5c0f19e6e149]]></ToUserName>
<FromUserName><![CDATA[osBgU06DHFV-8I7rhZ3pnIzN6rw4]]></FromUserName>
<CreateTime>1510020102</CreateTime>
<MsgType><![CDATA[event]]></MsgType>
<Event><![CDATA[VIEW]]></Event>
<EventKey><![CDATA[http://jyqc.hejiewl.com/app/index.php?i=1&c=entry&m=ewei_shopv2&do=mobile]]></EventKey>
<MenuId>429419837</MenuId>
</xml>

2017-11-07 10:01:42 params :
------------
String:
array (
  'message' => 
  array (
    'tousername' => 'gh_5c0f19e6e149',
    'fromusername' => 'osBgU06DHFV-8I7rhZ3pnIzN6rw4',
    'createtime' => '1510020102',
    'msgtype' => 'event',
    'event' => 'VIEW',
    'eventkey' => 'http://jyqc.hejiewl.com/app/index.php?i=1&c=entry&m=ewei_shopv2&do=mobile',
    'menuid' => '429419837',
    'from' => 'osBgU06DHFV-8I7rhZ3pnIzN6rw4',
    'to' => 'gh_5c0f19e6e149',
    'time' => '1510020102',
    'type' => 'text',
    'content' => '首次关注',
    'redirection' => true,
    'source' => 'default',
    'original' => 'http://jyqc.hejiewl.com/app/index.php?i=1&c=entry&m=ewei_shopv2&do=mobile',
  ),
  'module' => 'news',
  'rule' => '11',
  'priority' => '0',
  'keyword' => 
  array (
    'id' => '16',
    'rid' => '11',
    'uniacid' => '1',
    'module' => 'news',
    'content' => '首次关注',
    'type' => '1',
    'displayorder' => '0',
    'status' => '1',
  ),
)

2017-11-07 10:01:42 response :
------------
Array:
FromUserName : gh_5c0f19e6e149 ;
ToUserName : osBgU06DHFV-8I7rhZ3pnIzN6rw4 ;
MsgType : news ;
ArticleCount : 1 ;
Articles : Array ;

2017-11-07 10:07:45 trace :
------------
String:
<xml><ToUserName><![CDATA[gh_5c0f19e6e149]]></ToUserName>
<FromUserName><![CDATA[osBgU06DHFV-8I7rhZ3pnIzN6rw4]]></FromUserName>
<CreateTime>1510020465</CreateTime>
<MsgType><![CDATA[event]]></MsgType>
<Event><![CDATA[VIEW]]></Event>
<EventKey><![CDATA[http://jyqc.hejiewl.com/app/index.php?i=1&c=entry&m=ewei_shopv2&do=mobile]]></EventKey>
<MenuId>429419837</MenuId>
</xml>

2017-11-07 10:07:45 params :
------------
String:
array (
  'message' => 
  array (
    'tousername' => 'gh_5c0f19e6e149',
    'fromusername' => 'osBgU06DHFV-8I7rhZ3pnIzN6rw4',
    'createtime' => '1510020465',
    'msgtype' => 'event',
    'event' => 'VIEW',
    'eventkey' => 'http://jyqc.hejiewl.com/app/index.php?i=1&c=entry&m=ewei_shopv2&do=mobile',
    'menuid' => '429419837',
    'from' => 'osBgU06DHFV-8I7rhZ3pnIzN6rw4',
    'to' => 'gh_5c0f19e6e149',
    'time' => '1510020465',
    'type' => 'text',
    'content' => '首次关注',
    'redirection' => true,
    'source' => 'default',
    'original' => 'http://jyqc.hejiewl.com/app/index.php?i=1&c=entry&m=ewei_shopv2&do=mobile',
  ),
  'module' => 'news',
  'rule' => '11',
  'priority' => '0',
  'keyword' => 
  array (
    'id' => '16',
    'rid' => '11',
    'uniacid' => '1',
    'module' => 'news',
    'content' => '首次关注',
    'type' => '1',
    'displayorder' => '0',
    'status' => '1',
  ),
)

2017-11-07 10:07:45 response :
------------
Array:
FromUserName : gh_5c0f19e6e149 ;
ToUserName : osBgU06DHFV-8I7rhZ3pnIzN6rw4 ;
MsgType : news ;
ArticleCount : 1 ;
Articles : Array ;

2017-11-07 12:27:15 trace :
------------
String:
<xml><ToUserName><![CDATA[gh_5c0f19e6e149]]></ToUserName>
<FromUserName><![CDATA[osBgU0wRQRhvj1sGHt_sykTbfZFc]]></FromUserName>
<CreateTime>1510028835</CreateTime>
<MsgType><![CDATA[event]]></MsgType>
<Event><![CDATA[VIEW]]></Event>
<EventKey><![CDATA[http://jyqc.hejiewl.com/app/index.php?i=1&c=entry&m=ewei_shopv2&do=mobile]]></EventKey>
<MenuId>429419837</MenuId>
</xml>

2017-11-07 12:27:15 params :
------------
String:
array (
  'message' => 
  array (
    'tousername' => 'gh_5c0f19e6e149',
    'fromusername' => 'osBgU0wRQRhvj1sGHt_sykTbfZFc',
    'createtime' => '1510028835',
    'msgtype' => 'event',
    'event' => 'VIEW',
    'eventkey' => 'http://jyqc.hejiewl.com/app/index.php?i=1&c=entry&m=ewei_shopv2&do=mobile',
    'menuid' => '429419837',
    'from' => 'osBgU0wRQRhvj1sGHt_sykTbfZFc',
    'to' => 'gh_5c0f19e6e149',
    'time' => '1510028835',
    'type' => 'text',
    'content' => '首次关注',
    'redirection' => true,
    'source' => 'default',
    'original' => 'http://jyqc.hejiewl.com/app/index.php?i=1&c=entry&m=ewei_shopv2&do=mobile',
  ),
  'module' => 'news',
  'rule' => '11',
  'priority' => '0',
  'keyword' => 
  array (
    'id' => '16',
    'rid' => '11',
    'uniacid' => '1',
    'module' => 'news',
    'content' => '首次关注',
    'type' => '1',
    'displayorder' => '0',
    'status' => '1',
  ),
)

2017-11-07 12:27:15 response :
------------
Array:
FromUserName : gh_5c0f19e6e149 ;
ToUserName : osBgU0wRQRhvj1sGHt_sykTbfZFc ;
MsgType : news ;
ArticleCount : 1 ;
Articles : Array ;

2017-11-07 16:09:09 trace :
------------
String:
<xml><ToUserName><![CDATA[gh_5c0f19e6e149]]></ToUserName>
<FromUserName><![CDATA[osBgU06DHFV-8I7rhZ3pnIzN6rw4]]></FromUserName>
<CreateTime>1510042149</CreateTime>
<MsgType><![CDATA[event]]></MsgType>
<Event><![CDATA[VIEW]]></Event>
<EventKey><![CDATA[http://jyqc.hejiewl.com/app/index.php?i=1&c=entry&m=ewei_shopv2&do=mobile]]></EventKey>
<MenuId>429419837</MenuId>
</xml>

2017-11-07 16:09:09 params :
------------
String:
array (
  'message' => 
  array (
    'tousername' => 'gh_5c0f19e6e149',
    'fromusername' => 'osBgU06DHFV-8I7rhZ3pnIzN6rw4',
    'createtime' => '1510042149',
    'msgtype' => 'event',
    'event' => 'VIEW',
    'eventkey' => 'http://jyqc.hejiewl.com/app/index.php?i=1&c=entry&m=ewei_shopv2&do=mobile',
    'menuid' => '429419837',
    'from' => 'osBgU06DHFV-8I7rhZ3pnIzN6rw4',
    'to' => 'gh_5c0f19e6e149',
    'time' => '1510042149',
    'type' => 'text',
    'content' => '首次关注',
    'redirection' => true,
    'source' => 'default',
    'original' => 'http://jyqc.hejiewl.com/app/index.php?i=1&c=entry&m=ewei_shopv2&do=mobile',
  ),
  'module' => 'news',
  'rule' => '11',
  'priority' => '0',
  'keyword' => 
  array (
    'id' => '16',
    'rid' => '11',
    'uniacid' => '1',
    'module' => 'news',
    'content' => '首次关注',
    'type' => '1',
    'displayorder' => '0',
    'status' => '1',
  ),
)

2017-11-07 16:09:09 response :
------------
Array:
FromUserName : gh_5c0f19e6e149 ;
ToUserName : osBgU06DHFV-8I7rhZ3pnIzN6rw4 ;
MsgType : news ;
ArticleCount : 1 ;
Articles : Array ;

2017-11-07 16:09:14 trace :
------------
String:
<xml><ToUserName><![CDATA[gh_5c0f19e6e149]]></ToUserName>
<FromUserName><![CDATA[osBgU06DHFV-8I7rhZ3pnIzN6rw4]]></FromUserName>
<CreateTime>1510042154</CreateTime>
<MsgType><![CDATA[event]]></MsgType>
<Event><![CDATA[VIEW]]></Event>
<EventKey><![CDATA[http://jyqc.hejiewl.com/web/merchant.php?i=1]]></EventKey>
<MenuId>429419837</MenuId>
</xml>

2017-11-07 16:09:14 params :
------------
String:
array (
  'message' => 
  array (
    'tousername' => 'gh_5c0f19e6e149',
    'fromusername' => 'osBgU06DHFV-8I7rhZ3pnIzN6rw4',
    'createtime' => '1510042154',
    'msgtype' => 'event',
    'event' => 'VIEW',
    'eventkey' => 'http://jyqc.hejiewl.com/web/merchant.php?i=1',
    'menuid' => '429419837',
    'from' => 'osBgU06DHFV-8I7rhZ3pnIzN6rw4',
    'to' => 'gh_5c0f19e6e149',
    'time' => '1510042154',
    'type' => 'text',
    'content' => '首次关注',
    'redirection' => true,
    'source' => 'default',
    'original' => 'http://jyqc.hejiewl.com/web/merchant.php?i=1',
  ),
  'module' => 'news',
  'rule' => '11',
  'priority' => '0',
  'keyword' => 
  array (
    'id' => '16',
    'rid' => '11',
    'uniacid' => '1',
    'module' => 'news',
    'content' => '首次关注',
    'type' => '1',
    'displayorder' => '0',
    'status' => '1',
  ),
)

2017-11-07 16:09:14 response :
------------
Array:
FromUserName : gh_5c0f19e6e149 ;
ToUserName : osBgU06DHFV-8I7rhZ3pnIzN6rw4 ;
MsgType : news ;
ArticleCount : 1 ;
Articles : Array ;

2017-11-07 16:10:19 trace :
------------
String:
<xml><ToUserName><![CDATA[gh_5c0f19e6e149]]></ToUserName>
<FromUserName><![CDATA[osBgU007ItobIZs7QfwZb1muEkgo]]></FromUserName>
<CreateTime>1510042219</CreateTime>
<MsgType><![CDATA[event]]></MsgType>
<Event><![CDATA[VIEW]]></Event>
<EventKey><![CDATA[http://jyqc.hejiewl.com/app/index.php?i=1&c=entry&m=ewei_shopv2&do=mobile]]></EventKey>
<MenuId>429393477</MenuId>
</xml>

2017-11-07 16:10:19 params :
------------
String:
array (
  'message' => 
  array (
    'tousername' => 'gh_5c0f19e6e149',
    'fromusername' => 'osBgU007ItobIZs7QfwZb1muEkgo',
    'createtime' => '1510042219',
    'msgtype' => 'event',
    'event' => 'VIEW',
    'eventkey' => 'http://jyqc.hejiewl.com/app/index.php?i=1&c=entry&m=ewei_shopv2&do=mobile',
    'menuid' => '429393477',
    'from' => 'osBgU007ItobIZs7QfwZb1muEkgo',
    'to' => 'gh_5c0f19e6e149',
    'time' => '1510042219',
    'type' => 'text',
    'content' => '首次关注',
    'redirection' => true,
    'source' => 'default',
    'original' => 'http://jyqc.hejiewl.com/app/index.php?i=1&c=entry&m=ewei_shopv2&do=mobile',
  ),
  'module' => 'news',
  'rule' => '11',
  'priority' => '0',
  'keyword' => 
  array (
    'id' => '16',
    'rid' => '11',
    'uniacid' => '1',
    'module' => 'news',
    'content' => '首次关注',
    'type' => '1',
    'displayorder' => '0',
    'status' => '1',
  ),
)

2017-11-07 16:10:19 response :
------------
Array:
FromUserName : gh_5c0f19e6e149 ;
ToUserName : osBgU007ItobIZs7QfwZb1muEkgo ;
MsgType : news ;
ArticleCount : 1 ;
Articles : Array ;

2017-11-07 23:08:12 trace :
------------
String:
<xml><ToUserName><![CDATA[gh_5c0f19e6e149]]></ToUserName>
<FromUserName><![CDATA[osBgU01K5ICRyoD9sjOnoCfUcGpM]]></FromUserName>
<CreateTime>1510067292</CreateTime>
<MsgType><![CDATA[event]]></MsgType>
<Event><![CDATA[subscribe]]></Event>
<EventKey><![CDATA[]]></EventKey>
</xml>

2017-11-07 23:08:12 params :
------------
String:
array (
  'message' => 
  array (
    'tousername' => 'gh_5c0f19e6e149',
    'fromusername' => 'osBgU01K5ICRyoD9sjOnoCfUcGpM',
    'createtime' => '1510067292',
    'msgtype' => 'event',
    'event' => 'subscribe',
    'eventkey' => '',
    'from' => 'osBgU01K5ICRyoD9sjOnoCfUcGpM',
    'to' => 'gh_5c0f19e6e149',
    'time' => '1510067292',
    'type' => 'text',
    'redirection' => true,
    'source' => 'subscribe',
    'content' => '首次关注',
  ),
  'module' => 'news',
  'rule' => '11',
  'priority' => '0',
  'keyword' => 
  array (
    'id' => '16',
    'rid' => '11',
    'uniacid' => '1',
    'module' => 'news',
    'content' => '首次关注',
    'type' => '1',
    'displayorder' => '0',
    'status' => '1',
  ),
)

2017-11-07 23:08:12 response :
------------
Array:
FromUserName : gh_5c0f19e6e149 ;
ToUserName : osBgU01K5ICRyoD9sjOnoCfUcGpM ;
MsgType : news ;
ArticleCount : 1 ;
Articles : Array ;

