2018-05-01 14:14:24 trace :
------------
String:
<xml><ToUserName><![CDATA[gh_5c0f19e6e149]]></ToUserName>
<FromUserName><![CDATA[osBgU07txkjqNxPSSrB5CJo1M7iY]]></FromUserName>
<CreateTime>1525155263</CreateTime>
<MsgType><![CDATA[event]]></MsgType>
<Event><![CDATA[subscribe]]></Event>
<EventKey><![CDATA[]]></EventKey>
</xml>

2018-05-01 14:14:24 params :
------------
String:
array (
  'message' => 
  array (
    'tousername' => 'gh_5c0f19e6e149',
    'fromusername' => 'osBgU07txkjqNxPSSrB5CJo1M7iY',
    'createtime' => '1525155263',
    'msgtype' => 'event',
    'event' => 'subscribe',
    'eventkey' => '',
    'from' => 'osBgU07txkjqNxPSSrB5CJo1M7iY',
    'to' => 'gh_5c0f19e6e149',
    'time' => '1525155263',
    'type' => 'text',
    'redirection' => true,
    'source' => 'subscribe',
    'content' => '首次',
  ),
  'module' => 'basic',
  'rule' => '28',
  'priority' => '255',
  'keyword' => 
  array (
    'id' => '53',
    'rid' => '28',
    'uniacid' => '1',
    'module' => 'basic',
    'content' => '首次',
    'type' => '2',
    'displayorder' => '255',
    'status' => '1',
  ),
)

2018-05-01 14:14:24 response :
------------
Array:
FromUserName : gh_5c0f19e6e149 ;
ToUserName : osBgU07txkjqNxPSSrB5CJo1M7iY ;
MsgType : text ;
Content : 经义汽车欢迎你! ;

2018-05-01 14:14:29 trace :
------------
String:
<xml><ToUserName><![CDATA[gh_5c0f19e6e149]]></ToUserName>
<FromUserName><![CDATA[osBgU07txkjqNxPSSrB5CJo1M7iY]]></FromUserName>
<CreateTime>1525155269</CreateTime>
<MsgType><![CDATA[event]]></MsgType>
<Event><![CDATA[unsubscribe]]></Event>
<EventKey><![CDATA[]]></EventKey>
</xml>

