2018-07-23 14:03:08 trace :
------------
String:
<xml><ToUserName><![CDATA[gh_5c0f19e6e149]]></ToUserName>
<FromUserName><![CDATA[osBgU0wObadkYVV68CxJw3MdJnG4]]></FromUserName>
<CreateTime>1532325788</CreateTime>
<MsgType><![CDATA[event]]></MsgType>
<Event><![CDATA[VIEW]]></Event>
<EventKey><![CDATA[https://jyqc.hejiewl.com/app/index.php?i=1&c=entry&m=ewei_shopv2&do=mobile&r=member]]></EventKey>
<MenuId>437037963</MenuId>
</xml>

2018-07-23 14:03:08 params :
------------
String:
array (
  'message' => 
  array (
    'tousername' => 'gh_5c0f19e6e149',
    'fromusername' => 'osBgU0wObadkYVV68CxJw3MdJnG4',
    'createtime' => '1532325788',
    'msgtype' => 'event',
    'event' => 'VIEW',
    'eventkey' => 'https://jyqc.hejiewl.com/app/index.php?i=1&c=entry&m=ewei_shopv2&do=mobile&r=member',
    'menuid' => '437037963',
    'from' => 'osBgU0wObadkYVV68CxJw3MdJnG4',
    'to' => 'gh_5c0f19e6e149',
    'time' => '1532325788',
    'type' => 'text',
    'content' => '首次',
    'redirection' => true,
    'source' => 'default',
    'original' => 'https://jyqc.hejiewl.com/app/index.php?i=1&c=entry&m=ewei_shopv2&do=mobile&r=member',
  ),
  'module' => 'basic',
  'rule' => '28',
  'priority' => '255',
  'keyword' => 
  array (
    'id' => '53',
    'rid' => '28',
    'uniacid' => '1',
    'module' => 'basic',
    'content' => '首次',
    'type' => '2',
    'displayorder' => '255',
    'status' => '1',
  ),
)

2018-07-23 14:03:08 response :
------------
Array:
FromUserName : gh_5c0f19e6e149 ;
ToUserName : osBgU0wObadkYVV68CxJw3MdJnG4 ;
MsgType : text ;
Content : 经义汽车欢迎你! ;

2018-07-23 17:32:03 trace :
------------
String:
<xml><ToUserName><![CDATA[gh_5c0f19e6e149]]></ToUserName>
<FromUserName><![CDATA[osBgU099lScUMzjGLqwQVn7Z53ns]]></FromUserName>
<CreateTime>1532338323</CreateTime>
<MsgType><![CDATA[event]]></MsgType>
<Event><![CDATA[VIEW]]></Event>
<EventKey><![CDATA[https://jyqc.hejiewl.com/app/index.php?i=1&c=entry&m=ewei_shopv2&do=mobile&r=merch.list.merchuser]]></EventKey>
<MenuId>436595170</MenuId>
</xml>

2018-07-23 17:32:03 params :
------------
String:
array (
  'message' => 
  array (
    'tousername' => 'gh_5c0f19e6e149',
    'fromusername' => 'osBgU099lScUMzjGLqwQVn7Z53ns',
    'createtime' => '1532338323',
    'msgtype' => 'event',
    'event' => 'VIEW',
    'eventkey' => 'https://jyqc.hejiewl.com/app/index.php?i=1&c=entry&m=ewei_shopv2&do=mobile&r=merch.list.merchuser',
    'menuid' => '436595170',
    'from' => 'osBgU099lScUMzjGLqwQVn7Z53ns',
    'to' => 'gh_5c0f19e6e149',
    'time' => '1532338323',
    'type' => 'text',
    'content' => '首次',
    'redirection' => true,
    'source' => 'default',
    'original' => 'https://jyqc.hejiewl.com/app/index.php?i=1&c=entry&m=ewei_shopv2&do=mobile&r=merch.list.merchuser',
  ),
  'module' => 'basic',
  'rule' => '28',
  'priority' => '255',
  'keyword' => 
  array (
    'id' => '53',
    'rid' => '28',
    'uniacid' => '1',
    'module' => 'basic',
    'content' => '首次',
    'type' => '2',
    'displayorder' => '255',
    'status' => '1',
  ),
)

2018-07-23 17:32:03 response :
------------
Array:
FromUserName : gh_5c0f19e6e149 ;
ToUserName : osBgU099lScUMzjGLqwQVn7Z53ns ;
MsgType : text ;
Content : 经义汽车欢迎你! ;

2018-07-23 17:32:28 trace :
------------
String:
<xml><ToUserName><![CDATA[gh_5c0f19e6e149]]></ToUserName>
<FromUserName><![CDATA[osBgU099lScUMzjGLqwQVn7Z53ns]]></FromUserName>
<CreateTime>1532338348</CreateTime>
<MsgType><![CDATA[event]]></MsgType>
<Event><![CDATA[VIEW]]></Event>
<EventKey><![CDATA[https://jyqc.hejiewl.com/app/index.php?i=1&c=entry&m=ewei_shopv2&do=mobile&r=merch.list.merchuser]]></EventKey>
<MenuId>436595170</MenuId>
</xml>

2018-07-23 17:32:28 params :
------------
String:
array (
  'message' => 
  array (
    'tousername' => 'gh_5c0f19e6e149',
    'fromusername' => 'osBgU099lScUMzjGLqwQVn7Z53ns',
    'createtime' => '1532338348',
    'msgtype' => 'event',
    'event' => 'VIEW',
    'eventkey' => 'https://jyqc.hejiewl.com/app/index.php?i=1&c=entry&m=ewei_shopv2&do=mobile&r=merch.list.merchuser',
    'menuid' => '436595170',
    'from' => 'osBgU099lScUMzjGLqwQVn7Z53ns',
    'to' => 'gh_5c0f19e6e149',
    'time' => '1532338348',
    'type' => 'text',
    'content' => '首次',
    'redirection' => true,
    'source' => 'default',
    'original' => 'https://jyqc.hejiewl.com/app/index.php?i=1&c=entry&m=ewei_shopv2&do=mobile&r=merch.list.merchuser',
  ),
  'module' => 'basic',
  'rule' => '28',
  'priority' => '255',
  'keyword' => 
  array (
    'id' => '53',
    'rid' => '28',
    'uniacid' => '1',
    'module' => 'basic',
    'content' => '首次',
    'type' => '2',
    'displayorder' => '255',
    'status' => '1',
  ),
)

2018-07-23 17:32:28 response :
------------
Array:
FromUserName : gh_5c0f19e6e149 ;
ToUserName : osBgU099lScUMzjGLqwQVn7Z53ns ;
MsgType : text ;
Content : 经义汽车欢迎你! ;

