2018-06-11 08:50:16 trace :
------------
String:
<xml><ToUserName><![CDATA[gh_5c0f19e6e149]]></ToUserName>
<FromUserName><![CDATA[osBgU0wRQRhvj1sGHt_sykTbfZFc]]></FromUserName>
<CreateTime>1528678216</CreateTime>
<MsgType><![CDATA[event]]></MsgType>
<Event><![CDATA[VIEW]]></Event>
<EventKey><![CDATA[http://jyqc.hejiewl.com/app/index.php?i=1&c=entry&m=ewei_shopv2&do=mobile]]></EventKey>
<MenuId>430124510</MenuId>
</xml>

2018-06-11 08:50:16 params :
------------
String:
array (
  'message' => 
  array (
    'tousername' => 'gh_5c0f19e6e149',
    'fromusername' => 'osBgU0wRQRhvj1sGHt_sykTbfZFc',
    'createtime' => '1528678216',
    'msgtype' => 'event',
    'event' => 'VIEW',
    'eventkey' => 'http://jyqc.hejiewl.com/app/index.php?i=1&c=entry&m=ewei_shopv2&do=mobile',
    'menuid' => '430124510',
    'from' => 'osBgU0wRQRhvj1sGHt_sykTbfZFc',
    'to' => 'gh_5c0f19e6e149',
    'time' => '1528678216',
    'type' => 'text',
    'content' => '首次',
    'redirection' => true,
    'source' => 'default',
    'original' => 'http://jyqc.hejiewl.com/app/index.php?i=1&c=entry&m=ewei_shopv2&do=mobile',
  ),
  'module' => 'basic',
  'rule' => '28',
  'priority' => '255',
  'keyword' => 
  array (
    'id' => '53',
    'rid' => '28',
    'uniacid' => '1',
    'module' => 'basic',
    'content' => '首次',
    'type' => '2',
    'displayorder' => '255',
    'status' => '1',
  ),
)

2018-06-11 08:50:16 response :
------------
Array:
FromUserName : gh_5c0f19e6e149 ;
ToUserName : osBgU0wRQRhvj1sGHt_sykTbfZFc ;
MsgType : text ;
Content : 经义汽车欢迎你! ;

2018-06-11 08:55:12 trace :
------------
String:
<xml><ToUserName><![CDATA[gh_5c0f19e6e149]]></ToUserName>
<FromUserName><![CDATA[osBgU0wRQRhvj1sGHt_sykTbfZFc]]></FromUserName>
<CreateTime>1528678512</CreateTime>
<MsgType><![CDATA[event]]></MsgType>
<Event><![CDATA[VIEW]]></Event>
<EventKey><![CDATA[http://jyqc.hejiewl.com/app/index.php?i=1&c=entry&m=ewei_shopv2&do=mobile&r=member]]></EventKey>
<MenuId>430124510</MenuId>
</xml>

2018-06-11 08:55:12 params :
------------
String:
array (
  'message' => 
  array (
    'tousername' => 'gh_5c0f19e6e149',
    'fromusername' => 'osBgU0wRQRhvj1sGHt_sykTbfZFc',
    'createtime' => '1528678512',
    'msgtype' => 'event',
    'event' => 'VIEW',
    'eventkey' => 'http://jyqc.hejiewl.com/app/index.php?i=1&c=entry&m=ewei_shopv2&do=mobile&r=member',
    'menuid' => '430124510',
    'from' => 'osBgU0wRQRhvj1sGHt_sykTbfZFc',
    'to' => 'gh_5c0f19e6e149',
    'time' => '1528678512',
    'type' => 'text',
    'content' => '首次',
    'redirection' => true,
    'source' => 'default',
    'original' => 'http://jyqc.hejiewl.com/app/index.php?i=1&c=entry&m=ewei_shopv2&do=mobile&r=member',
  ),
  'module' => 'basic',
  'rule' => '28',
  'priority' => '255',
  'keyword' => 
  array (
    'id' => '53',
    'rid' => '28',
    'uniacid' => '1',
    'module' => 'basic',
    'content' => '首次',
    'type' => '2',
    'displayorder' => '255',
    'status' => '1',
  ),
)

2018-06-11 08:55:12 response :
------------
Array:
FromUserName : gh_5c0f19e6e149 ;
ToUserName : osBgU0wRQRhvj1sGHt_sykTbfZFc ;
MsgType : text ;
Content : 经义汽车欢迎你! ;

2018-06-11 08:57:28 trace :
------------
String:
<xml><ToUserName><![CDATA[gh_5c0f19e6e149]]></ToUserName>
<FromUserName><![CDATA[osBgU0wRQRhvj1sGHt_sykTbfZFc]]></FromUserName>
<CreateTime>1528678648</CreateTime>
<MsgType><![CDATA[event]]></MsgType>
<Event><![CDATA[VIEW]]></Event>
<EventKey><![CDATA[http://jyqc.hejiewl.com/app/index.php?i=1&c=entry&m=ewei_shopv2&do=mobile]]></EventKey>
<MenuId>430124510</MenuId>
</xml>

2018-06-11 08:57:28 params :
------------
String:
array (
  'message' => 
  array (
    'tousername' => 'gh_5c0f19e6e149',
    'fromusername' => 'osBgU0wRQRhvj1sGHt_sykTbfZFc',
    'createtime' => '1528678648',
    'msgtype' => 'event',
    'event' => 'VIEW',
    'eventkey' => 'http://jyqc.hejiewl.com/app/index.php?i=1&c=entry&m=ewei_shopv2&do=mobile',
    'menuid' => '430124510',
    'from' => 'osBgU0wRQRhvj1sGHt_sykTbfZFc',
    'to' => 'gh_5c0f19e6e149',
    'time' => '1528678648',
    'type' => 'text',
    'content' => '首次',
    'redirection' => true,
    'source' => 'default',
    'original' => 'http://jyqc.hejiewl.com/app/index.php?i=1&c=entry&m=ewei_shopv2&do=mobile',
  ),
  'module' => 'basic',
  'rule' => '28',
  'priority' => '255',
  'keyword' => 
  array (
    'id' => '53',
    'rid' => '28',
    'uniacid' => '1',
    'module' => 'basic',
    'content' => '首次',
    'type' => '2',
    'displayorder' => '255',
    'status' => '1',
  ),
)

2018-06-11 08:57:28 response :
------------
Array:
FromUserName : gh_5c0f19e6e149 ;
ToUserName : osBgU0wRQRhvj1sGHt_sykTbfZFc ;
MsgType : text ;
Content : 经义汽车欢迎你! ;

2018-06-11 09:07:11 trace :
------------
String:
<xml><ToUserName><![CDATA[gh_5c0f19e6e149]]></ToUserName>
<FromUserName><![CDATA[osBgU0wRQRhvj1sGHt_sykTbfZFc]]></FromUserName>
<CreateTime>1528679231</CreateTime>
<MsgType><![CDATA[event]]></MsgType>
<Event><![CDATA[CLICK]]></Event>
<EventKey><![CDATA[关注海报]]></EventKey>
</xml>

2018-06-11 09:07:20 trace :
------------
String:
<xml><ToUserName><![CDATA[gh_5c0f19e6e149]]></ToUserName>
<FromUserName><![CDATA[osBgU0wRQRhvj1sGHt_sykTbfZFc]]></FromUserName>
<CreateTime>1528679240</CreateTime>
<MsgType><![CDATA[event]]></MsgType>
<Event><![CDATA[VIEW]]></Event>
<EventKey><![CDATA[http://jyqc.hejiewl.com/app/index.php?i=1&c=entry&m=ewei_shopv2&do=mobile&r=member]]></EventKey>
<MenuId>430124510</MenuId>
</xml>

2018-06-11 09:07:20 params :
------------
String:
array (
  'message' => 
  array (
    'tousername' => 'gh_5c0f19e6e149',
    'fromusername' => 'osBgU0wRQRhvj1sGHt_sykTbfZFc',
    'createtime' => '1528679240',
    'msgtype' => 'event',
    'event' => 'VIEW',
    'eventkey' => 'http://jyqc.hejiewl.com/app/index.php?i=1&c=entry&m=ewei_shopv2&do=mobile&r=member',
    'menuid' => '430124510',
    'from' => 'osBgU0wRQRhvj1sGHt_sykTbfZFc',
    'to' => 'gh_5c0f19e6e149',
    'time' => '1528679240',
    'type' => 'text',
    'content' => '首次',
    'redirection' => true,
    'source' => 'default',
    'original' => 'http://jyqc.hejiewl.com/app/index.php?i=1&c=entry&m=ewei_shopv2&do=mobile&r=member',
  ),
  'module' => 'basic',
  'rule' => '28',
  'priority' => '255',
  'keyword' => 
  array (
    'id' => '53',
    'rid' => '28',
    'uniacid' => '1',
    'module' => 'basic',
    'content' => '首次',
    'type' => '2',
    'displayorder' => '255',
    'status' => '1',
  ),
)

2018-06-11 09:07:20 response :
------------
Array:
FromUserName : gh_5c0f19e6e149 ;
ToUserName : osBgU0wRQRhvj1sGHt_sykTbfZFc ;
MsgType : text ;
Content : 经义汽车欢迎你! ;

2018-06-11 09:10:53 trace :
------------
String:
<xml><ToUserName><![CDATA[gh_5c0f19e6e149]]></ToUserName>
<FromUserName><![CDATA[osBgU0wRQRhvj1sGHt_sykTbfZFc]]></FromUserName>
<CreateTime>1528679453</CreateTime>
<MsgType><![CDATA[event]]></MsgType>
<Event><![CDATA[VIEW]]></Event>
<EventKey><![CDATA[http://jyqc.hejiewl.com/app/index.php?i=1&c=entry&m=ewei_shopv2&do=mobile&r=merch.register]]></EventKey>
<MenuId>430124510</MenuId>
</xml>

2018-06-11 09:10:53 params :
------------
String:
array (
  'message' => 
  array (
    'tousername' => 'gh_5c0f19e6e149',
    'fromusername' => 'osBgU0wRQRhvj1sGHt_sykTbfZFc',
    'createtime' => '1528679453',
    'msgtype' => 'event',
    'event' => 'VIEW',
    'eventkey' => 'http://jyqc.hejiewl.com/app/index.php?i=1&c=entry&m=ewei_shopv2&do=mobile&r=merch.register',
    'menuid' => '430124510',
    'from' => 'osBgU0wRQRhvj1sGHt_sykTbfZFc',
    'to' => 'gh_5c0f19e6e149',
    'time' => '1528679453',
    'type' => 'text',
    'content' => '首次',
    'redirection' => true,
    'source' => 'default',
    'original' => 'http://jyqc.hejiewl.com/app/index.php?i=1&c=entry&m=ewei_shopv2&do=mobile&r=merch.register',
  ),
  'module' => 'basic',
  'rule' => '28',
  'priority' => '255',
  'keyword' => 
  array (
    'id' => '53',
    'rid' => '28',
    'uniacid' => '1',
    'module' => 'basic',
    'content' => '首次',
    'type' => '2',
    'displayorder' => '255',
    'status' => '1',
  ),
)

2018-06-11 09:10:53 response :
------------
Array:
FromUserName : gh_5c0f19e6e149 ;
ToUserName : osBgU0wRQRhvj1sGHt_sykTbfZFc ;
MsgType : text ;
Content : 经义汽车欢迎你! ;

2018-06-11 09:11:15 trace :
------------
String:
<xml><ToUserName><![CDATA[gh_5c0f19e6e149]]></ToUserName>
<FromUserName><![CDATA[osBgU0wRQRhvj1sGHt_sykTbfZFc]]></FromUserName>
<CreateTime>1528679475</CreateTime>
<MsgType><![CDATA[event]]></MsgType>
<Event><![CDATA[VIEW]]></Event>
<EventKey><![CDATA[http://jyqc.hejiewl.com/app/index.php?i=1&c=entry&m=ewei_shopv2&do=mobile&r=commission]]></EventKey>
<MenuId>430124510</MenuId>
</xml>

2018-06-11 09:11:15 params :
------------
String:
array (
  'message' => 
  array (
    'tousername' => 'gh_5c0f19e6e149',
    'fromusername' => 'osBgU0wRQRhvj1sGHt_sykTbfZFc',
    'createtime' => '1528679475',
    'msgtype' => 'event',
    'event' => 'VIEW',
    'eventkey' => 'http://jyqc.hejiewl.com/app/index.php?i=1&c=entry&m=ewei_shopv2&do=mobile&r=commission',
    'menuid' => '430124510',
    'from' => 'osBgU0wRQRhvj1sGHt_sykTbfZFc',
    'to' => 'gh_5c0f19e6e149',
    'time' => '1528679475',
    'type' => 'text',
    'content' => '首次',
    'redirection' => true,
    'source' => 'default',
    'original' => 'http://jyqc.hejiewl.com/app/index.php?i=1&c=entry&m=ewei_shopv2&do=mobile&r=commission',
  ),
  'module' => 'basic',
  'rule' => '28',
  'priority' => '255',
  'keyword' => 
  array (
    'id' => '53',
    'rid' => '28',
    'uniacid' => '1',
    'module' => 'basic',
    'content' => '首次',
    'type' => '2',
    'displayorder' => '255',
    'status' => '1',
  ),
)

2018-06-11 09:11:15 response :
------------
Array:
FromUserName : gh_5c0f19e6e149 ;
ToUserName : osBgU0wRQRhvj1sGHt_sykTbfZFc ;
MsgType : text ;
Content : 经义汽车欢迎你! ;

2018-06-11 09:11:54 trace :
------------
String:
<xml><ToUserName><![CDATA[gh_5c0f19e6e149]]></ToUserName>
<FromUserName><![CDATA[osBgU0wRQRhvj1sGHt_sykTbfZFc]]></FromUserName>
<CreateTime>1528679513</CreateTime>
<MsgType><![CDATA[event]]></MsgType>
<Event><![CDATA[VIEW]]></Event>
<EventKey><![CDATA[http://jyqc.hejiewl.com/app/index.php?i=1&c=entry&m=ewei_shopv2&do=mobile&r=merch.list.merchuser]]></EventKey>
<MenuId>430124510</MenuId>
</xml>

2018-06-11 09:11:54 params :
------------
String:
array (
  'message' => 
  array (
    'tousername' => 'gh_5c0f19e6e149',
    'fromusername' => 'osBgU0wRQRhvj1sGHt_sykTbfZFc',
    'createtime' => '1528679513',
    'msgtype' => 'event',
    'event' => 'VIEW',
    'eventkey' => 'http://jyqc.hejiewl.com/app/index.php?i=1&c=entry&m=ewei_shopv2&do=mobile&r=merch.list.merchuser',
    'menuid' => '430124510',
    'from' => 'osBgU0wRQRhvj1sGHt_sykTbfZFc',
    'to' => 'gh_5c0f19e6e149',
    'time' => '1528679513',
    'type' => 'text',
    'content' => '首次',
    'redirection' => true,
    'source' => 'default',
    'original' => 'http://jyqc.hejiewl.com/app/index.php?i=1&c=entry&m=ewei_shopv2&do=mobile&r=merch.list.merchuser',
  ),
  'module' => 'basic',
  'rule' => '28',
  'priority' => '255',
  'keyword' => 
  array (
    'id' => '53',
    'rid' => '28',
    'uniacid' => '1',
    'module' => 'basic',
    'content' => '首次',
    'type' => '2',
    'displayorder' => '255',
    'status' => '1',
  ),
)

2018-06-11 09:11:54 response :
------------
Array:
FromUserName : gh_5c0f19e6e149 ;
ToUserName : osBgU0wRQRhvj1sGHt_sykTbfZFc ;
MsgType : text ;
Content : 经义汽车欢迎你! ;

2018-06-11 09:12:03 trace :
------------
String:
<xml><ToUserName><![CDATA[gh_5c0f19e6e149]]></ToUserName>
<FromUserName><![CDATA[osBgU0wRQRhvj1sGHt_sykTbfZFc]]></FromUserName>
<CreateTime>1528679523</CreateTime>
<MsgType><![CDATA[event]]></MsgType>
<Event><![CDATA[VIEW]]></Event>
<EventKey><![CDATA[http://jyqc.hejiewl.com/app/index.php?i=1&c=entry&m=ewei_shopv2&do=mobile]]></EventKey>
<MenuId>430124510</MenuId>
</xml>

2018-06-11 09:12:03 params :
------------
String:
array (
  'message' => 
  array (
    'tousername' => 'gh_5c0f19e6e149',
    'fromusername' => 'osBgU0wRQRhvj1sGHt_sykTbfZFc',
    'createtime' => '1528679523',
    'msgtype' => 'event',
    'event' => 'VIEW',
    'eventkey' => 'http://jyqc.hejiewl.com/app/index.php?i=1&c=entry&m=ewei_shopv2&do=mobile',
    'menuid' => '430124510',
    'from' => 'osBgU0wRQRhvj1sGHt_sykTbfZFc',
    'to' => 'gh_5c0f19e6e149',
    'time' => '1528679523',
    'type' => 'text',
    'content' => '首次',
    'redirection' => true,
    'source' => 'default',
    'original' => 'http://jyqc.hejiewl.com/app/index.php?i=1&c=entry&m=ewei_shopv2&do=mobile',
  ),
  'module' => 'basic',
  'rule' => '28',
  'priority' => '255',
  'keyword' => 
  array (
    'id' => '53',
    'rid' => '28',
    'uniacid' => '1',
    'module' => 'basic',
    'content' => '首次',
    'type' => '2',
    'displayorder' => '255',
    'status' => '1',
  ),
)

2018-06-11 09:12:03 response :
------------
Array:
FromUserName : gh_5c0f19e6e149 ;
ToUserName : osBgU0wRQRhvj1sGHt_sykTbfZFc ;
MsgType : text ;
Content : 经义汽车欢迎你! ;

2018-06-11 09:25:48 trace :
------------
String:
<xml><ToUserName><![CDATA[gh_5c0f19e6e149]]></ToUserName>
<FromUserName><![CDATA[osBgU0wRQRhvj1sGHt_sykTbfZFc]]></FromUserName>
<CreateTime>1528680348</CreateTime>
<MsgType><![CDATA[event]]></MsgType>
<Event><![CDATA[VIEW]]></Event>
<EventKey><![CDATA[http://jyqc.hejiewl.com/app/index.php?i=1&c=entry&m=ewei_shopv2&do=mobile&r=member]]></EventKey>
<MenuId>430124510</MenuId>
</xml>

2018-06-11 09:25:48 params :
------------
String:
array (
  'message' => 
  array (
    'tousername' => 'gh_5c0f19e6e149',
    'fromusername' => 'osBgU0wRQRhvj1sGHt_sykTbfZFc',
    'createtime' => '1528680348',
    'msgtype' => 'event',
    'event' => 'VIEW',
    'eventkey' => 'http://jyqc.hejiewl.com/app/index.php?i=1&c=entry&m=ewei_shopv2&do=mobile&r=member',
    'menuid' => '430124510',
    'from' => 'osBgU0wRQRhvj1sGHt_sykTbfZFc',
    'to' => 'gh_5c0f19e6e149',
    'time' => '1528680348',
    'type' => 'text',
    'content' => '首次',
    'redirection' => true,
    'source' => 'default',
    'original' => 'http://jyqc.hejiewl.com/app/index.php?i=1&c=entry&m=ewei_shopv2&do=mobile&r=member',
  ),
  'module' => 'basic',
  'rule' => '28',
  'priority' => '255',
  'keyword' => 
  array (
    'id' => '53',
    'rid' => '28',
    'uniacid' => '1',
    'module' => 'basic',
    'content' => '首次',
    'type' => '2',
    'displayorder' => '255',
    'status' => '1',
  ),
)

2018-06-11 09:25:48 response :
------------
Array:
FromUserName : gh_5c0f19e6e149 ;
ToUserName : osBgU0wRQRhvj1sGHt_sykTbfZFc ;
MsgType : text ;
Content : 经义汽车欢迎你! ;

2018-06-11 09:29:05 trace :
------------
String:
<xml><ToUserName><![CDATA[gh_5c0f19e6e149]]></ToUserName>
<FromUserName><![CDATA[osBgU0wRQRhvj1sGHt_sykTbfZFc]]></FromUserName>
<CreateTime>1528680544</CreateTime>
<MsgType><![CDATA[event]]></MsgType>
<Event><![CDATA[VIEW]]></Event>
<EventKey><![CDATA[http://jyqc.hejiewl.com/web/merchant.php?i=1]]></EventKey>
<MenuId>430124510</MenuId>
</xml>

2018-06-11 09:29:05 params :
------------
String:
array (
  'message' => 
  array (
    'tousername' => 'gh_5c0f19e6e149',
    'fromusername' => 'osBgU0wRQRhvj1sGHt_sykTbfZFc',
    'createtime' => '1528680544',
    'msgtype' => 'event',
    'event' => 'VIEW',
    'eventkey' => 'http://jyqc.hejiewl.com/web/merchant.php?i=1',
    'menuid' => '430124510',
    'from' => 'osBgU0wRQRhvj1sGHt_sykTbfZFc',
    'to' => 'gh_5c0f19e6e149',
    'time' => '1528680544',
    'type' => 'text',
    'content' => '首次',
    'redirection' => true,
    'source' => 'default',
    'original' => 'http://jyqc.hejiewl.com/web/merchant.php?i=1',
  ),
  'module' => 'basic',
  'rule' => '28',
  'priority' => '255',
  'keyword' => 
  array (
    'id' => '53',
    'rid' => '28',
    'uniacid' => '1',
    'module' => 'basic',
    'content' => '首次',
    'type' => '2',
    'displayorder' => '255',
    'status' => '1',
  ),
)

2018-06-11 09:29:05 response :
------------
Array:
FromUserName : gh_5c0f19e6e149 ;
ToUserName : osBgU0wRQRhvj1sGHt_sykTbfZFc ;
MsgType : text ;
Content : 经义汽车欢迎你! ;

2018-06-11 09:29:56 trace :
------------
String:
<xml><ToUserName><![CDATA[gh_5c0f19e6e149]]></ToUserName>
<FromUserName><![CDATA[osBgU0wRQRhvj1sGHt_sykTbfZFc]]></FromUserName>
<CreateTime>1528680596</CreateTime>
<MsgType><![CDATA[event]]></MsgType>
<Event><![CDATA[VIEW]]></Event>
<EventKey><![CDATA[http://jyqc.hejiewl.com/app/index.php?i=1&c=entry&m=ewei_shopv2&do=mobile&r=member]]></EventKey>
<MenuId>430124510</MenuId>
</xml>

2018-06-11 09:29:56 params :
------------
String:
array (
  'message' => 
  array (
    'tousername' => 'gh_5c0f19e6e149',
    'fromusername' => 'osBgU0wRQRhvj1sGHt_sykTbfZFc',
    'createtime' => '1528680596',
    'msgtype' => 'event',
    'event' => 'VIEW',
    'eventkey' => 'http://jyqc.hejiewl.com/app/index.php?i=1&c=entry&m=ewei_shopv2&do=mobile&r=member',
    'menuid' => '430124510',
    'from' => 'osBgU0wRQRhvj1sGHt_sykTbfZFc',
    'to' => 'gh_5c0f19e6e149',
    'time' => '1528680596',
    'type' => 'text',
    'content' => '首次',
    'redirection' => true,
    'source' => 'default',
    'original' => 'http://jyqc.hejiewl.com/app/index.php?i=1&c=entry&m=ewei_shopv2&do=mobile&r=member',
  ),
  'module' => 'basic',
  'rule' => '28',
  'priority' => '255',
  'keyword' => 
  array (
    'id' => '53',
    'rid' => '28',
    'uniacid' => '1',
    'module' => 'basic',
    'content' => '首次',
    'type' => '2',
    'displayorder' => '255',
    'status' => '1',
  ),
)

2018-06-11 09:29:56 response :
------------
Array:
FromUserName : gh_5c0f19e6e149 ;
ToUserName : osBgU0wRQRhvj1sGHt_sykTbfZFc ;
MsgType : text ;
Content : 经义汽车欢迎你! ;

2018-06-11 09:37:43 trace :
------------
String:
<xml><ToUserName><![CDATA[gh_5c0f19e6e149]]></ToUserName>
<FromUserName><![CDATA[osBgU0wRQRhvj1sGHt_sykTbfZFc]]></FromUserName>
<CreateTime>1528681063</CreateTime>
<MsgType><![CDATA[event]]></MsgType>
<Event><![CDATA[VIEW]]></Event>
<EventKey><![CDATA[http://jyqc.hejiewl.com/app/index.php?i=1&c=entry&m=ewei_shopv2&do=mobile&r=member]]></EventKey>
<MenuId>430124510</MenuId>
</xml>

2018-06-11 09:37:43 params :
------------
String:
array (
  'message' => 
  array (
    'tousername' => 'gh_5c0f19e6e149',
    'fromusername' => 'osBgU0wRQRhvj1sGHt_sykTbfZFc',
    'createtime' => '1528681063',
    'msgtype' => 'event',
    'event' => 'VIEW',
    'eventkey' => 'http://jyqc.hejiewl.com/app/index.php?i=1&c=entry&m=ewei_shopv2&do=mobile&r=member',
    'menuid' => '430124510',
    'from' => 'osBgU0wRQRhvj1sGHt_sykTbfZFc',
    'to' => 'gh_5c0f19e6e149',
    'time' => '1528681063',
    'type' => 'text',
    'content' => '首次',
    'redirection' => true,
    'source' => 'default',
    'original' => 'http://jyqc.hejiewl.com/app/index.php?i=1&c=entry&m=ewei_shopv2&do=mobile&r=member',
  ),
  'module' => 'basic',
  'rule' => '28',
  'priority' => '255',
  'keyword' => 
  array (
    'id' => '53',
    'rid' => '28',
    'uniacid' => '1',
    'module' => 'basic',
    'content' => '首次',
    'type' => '2',
    'displayorder' => '255',
    'status' => '1',
  ),
)

2018-06-11 09:37:43 response :
------------
Array:
FromUserName : gh_5c0f19e6e149 ;
ToUserName : osBgU0wRQRhvj1sGHt_sykTbfZFc ;
MsgType : text ;
Content : 经义汽车欢迎你! ;

2018-06-11 12:40:55 trace :
------------
String:
<xml><ToUserName><![CDATA[gh_5c0f19e6e149]]></ToUserName>
<FromUserName><![CDATA[osBgU0wRQRhvj1sGHt_sykTbfZFc]]></FromUserName>
<CreateTime>1528692055</CreateTime>
<MsgType><![CDATA[event]]></MsgType>
<Event><![CDATA[VIEW]]></Event>
<EventKey><![CDATA[http://jyqc.hejiewl.com/app/index.php?i=1&c=entry&m=ewei_shopv2&do=mobile&r=commission]]></EventKey>
<MenuId>430124510</MenuId>
</xml>

2018-06-11 12:40:55 params :
------------
String:
array (
  'message' => 
  array (
    'tousername' => 'gh_5c0f19e6e149',
    'fromusername' => 'osBgU0wRQRhvj1sGHt_sykTbfZFc',
    'createtime' => '1528692055',
    'msgtype' => 'event',
    'event' => 'VIEW',
    'eventkey' => 'http://jyqc.hejiewl.com/app/index.php?i=1&c=entry&m=ewei_shopv2&do=mobile&r=commission',
    'menuid' => '430124510',
    'from' => 'osBgU0wRQRhvj1sGHt_sykTbfZFc',
    'to' => 'gh_5c0f19e6e149',
    'time' => '1528692055',
    'type' => 'text',
    'content' => '首次',
    'redirection' => true,
    'source' => 'default',
    'original' => 'http://jyqc.hejiewl.com/app/index.php?i=1&c=entry&m=ewei_shopv2&do=mobile&r=commission',
  ),
  'module' => 'basic',
  'rule' => '28',
  'priority' => '255',
  'keyword' => 
  array (
    'id' => '53',
    'rid' => '28',
    'uniacid' => '1',
    'module' => 'basic',
    'content' => '首次',
    'type' => '2',
    'displayorder' => '255',
    'status' => '1',
  ),
)

2018-06-11 12:40:55 response :
------------
Array:
FromUserName : gh_5c0f19e6e149 ;
ToUserName : osBgU0wRQRhvj1sGHt_sykTbfZFc ;
MsgType : text ;
Content : 经义汽车欢迎你! ;

2018-06-11 12:56:46 trace :
------------
String:
<xml><ToUserName><![CDATA[gh_5c0f19e6e149]]></ToUserName>
<FromUserName><![CDATA[osBgU0wRQRhvj1sGHt_sykTbfZFc]]></FromUserName>
<CreateTime>1528693006</CreateTime>
<MsgType><![CDATA[event]]></MsgType>
<Event><![CDATA[VIEW]]></Event>
<EventKey><![CDATA[http://jyqc.hejiewl.com/app/index.php?i=1&c=entry&m=ewei_shopv2&do=mobile&r=member]]></EventKey>
<MenuId>430124510</MenuId>
</xml>

2018-06-11 12:56:46 params :
------------
String:
array (
  'message' => 
  array (
    'tousername' => 'gh_5c0f19e6e149',
    'fromusername' => 'osBgU0wRQRhvj1sGHt_sykTbfZFc',
    'createtime' => '1528693006',
    'msgtype' => 'event',
    'event' => 'VIEW',
    'eventkey' => 'http://jyqc.hejiewl.com/app/index.php?i=1&c=entry&m=ewei_shopv2&do=mobile&r=member',
    'menuid' => '430124510',
    'from' => 'osBgU0wRQRhvj1sGHt_sykTbfZFc',
    'to' => 'gh_5c0f19e6e149',
    'time' => '1528693006',
    'type' => 'text',
    'content' => '首次',
    'redirection' => true,
    'source' => 'default',
    'original' => 'http://jyqc.hejiewl.com/app/index.php?i=1&c=entry&m=ewei_shopv2&do=mobile&r=member',
  ),
  'module' => 'basic',
  'rule' => '28',
  'priority' => '255',
  'keyword' => 
  array (
    'id' => '53',
    'rid' => '28',
    'uniacid' => '1',
    'module' => 'basic',
    'content' => '首次',
    'type' => '2',
    'displayorder' => '255',
    'status' => '1',
  ),
)

2018-06-11 12:56:46 response :
------------
Array:
FromUserName : gh_5c0f19e6e149 ;
ToUserName : osBgU0wRQRhvj1sGHt_sykTbfZFc ;
MsgType : text ;
Content : 经义汽车欢迎你! ;

2018-06-11 12:58:14 trace :
------------
String:
<xml><ToUserName><![CDATA[gh_5c0f19e6e149]]></ToUserName>
<FromUserName><![CDATA[osBgU06rsub7w00TeH_YlZw7uyRE]]></FromUserName>
<CreateTime>1528693094</CreateTime>
<MsgType><![CDATA[event]]></MsgType>
<Event><![CDATA[VIEW]]></Event>
<EventKey><![CDATA[http://jyqc.hejiewl.com/app/index.php?i=1&c=entry&m=ewei_shopv2&do=mobile&r=member]]></EventKey>
<MenuId>430124510</MenuId>
</xml>

2018-06-11 12:58:14 params :
------------
String:
array (
  'message' => 
  array (
    'tousername' => 'gh_5c0f19e6e149',
    'fromusername' => 'osBgU06rsub7w00TeH_YlZw7uyRE',
    'createtime' => '1528693094',
    'msgtype' => 'event',
    'event' => 'VIEW',
    'eventkey' => 'http://jyqc.hejiewl.com/app/index.php?i=1&c=entry&m=ewei_shopv2&do=mobile&r=member',
    'menuid' => '430124510',
    'from' => 'osBgU06rsub7w00TeH_YlZw7uyRE',
    'to' => 'gh_5c0f19e6e149',
    'time' => '1528693094',
    'type' => 'text',
    'content' => '首次',
    'redirection' => true,
    'source' => 'default',
    'original' => 'http://jyqc.hejiewl.com/app/index.php?i=1&c=entry&m=ewei_shopv2&do=mobile&r=member',
  ),
  'module' => 'basic',
  'rule' => '28',
  'priority' => '255',
  'keyword' => 
  array (
    'id' => '53',
    'rid' => '28',
    'uniacid' => '1',
    'module' => 'basic',
    'content' => '首次',
    'type' => '2',
    'displayorder' => '255',
    'status' => '1',
  ),
)

2018-06-11 12:58:14 response :
------------
Array:
FromUserName : gh_5c0f19e6e149 ;
ToUserName : osBgU06rsub7w00TeH_YlZw7uyRE ;
MsgType : text ;
Content : 经义汽车欢迎你! ;

2018-06-11 21:16:54 trace :
------------
String:
<xml><ToUserName><![CDATA[gh_5c0f19e6e149]]></ToUserName>
<FromUserName><![CDATA[osBgU061paNjHwMzMBK3UycW8M70]]></FromUserName>
<CreateTime>1528723014</CreateTime>
<MsgType><![CDATA[event]]></MsgType>
<Event><![CDATA[VIEW]]></Event>
<EventKey><![CDATA[http://jyqc.hejiewl.com/app/index.php?i=1&c=entry&m=ewei_shopv2&do=mobile]]></EventKey>
<MenuId>430124510</MenuId>
</xml>

2018-06-11 21:16:54 params :
------------
String:
array (
  'message' => 
  array (
    'tousername' => 'gh_5c0f19e6e149',
    'fromusername' => 'osBgU061paNjHwMzMBK3UycW8M70',
    'createtime' => '1528723014',
    'msgtype' => 'event',
    'event' => 'VIEW',
    'eventkey' => 'http://jyqc.hejiewl.com/app/index.php?i=1&c=entry&m=ewei_shopv2&do=mobile',
    'menuid' => '430124510',
    'from' => 'osBgU061paNjHwMzMBK3UycW8M70',
    'to' => 'gh_5c0f19e6e149',
    'time' => '1528723014',
    'type' => 'text',
    'content' => '首次',
    'redirection' => true,
    'source' => 'default',
    'original' => 'http://jyqc.hejiewl.com/app/index.php?i=1&c=entry&m=ewei_shopv2&do=mobile',
  ),
  'module' => 'basic',
  'rule' => '28',
  'priority' => '255',
  'keyword' => 
  array (
    'id' => '53',
    'rid' => '28',
    'uniacid' => '1',
    'module' => 'basic',
    'content' => '首次',
    'type' => '2',
    'displayorder' => '255',
    'status' => '1',
  ),
)

2018-06-11 21:16:54 response :
------------
Array:
FromUserName : gh_5c0f19e6e149 ;
ToUserName : osBgU061paNjHwMzMBK3UycW8M70 ;
MsgType : text ;
Content : 经义汽车欢迎你! ;

2018-06-11 21:16:57 trace :
------------
String:
<xml><ToUserName><![CDATA[gh_5c0f19e6e149]]></ToUserName>
<FromUserName><![CDATA[osBgU061paNjHwMzMBK3UycW8M70]]></FromUserName>
<CreateTime>1528723017</CreateTime>
<MsgType><![CDATA[event]]></MsgType>
<Event><![CDATA[VIEW]]></Event>
<EventKey><![CDATA[http://jyqc.hejiewl.com/app/index.php?i=1&c=entry&m=ewei_shopv2&do=mobile]]></EventKey>
<MenuId>430124510</MenuId>
</xml>

2018-06-11 21:16:57 params :
------------
String:
array (
  'message' => 
  array (
    'tousername' => 'gh_5c0f19e6e149',
    'fromusername' => 'osBgU061paNjHwMzMBK3UycW8M70',
    'createtime' => '1528723017',
    'msgtype' => 'event',
    'event' => 'VIEW',
    'eventkey' => 'http://jyqc.hejiewl.com/app/index.php?i=1&c=entry&m=ewei_shopv2&do=mobile',
    'menuid' => '430124510',
    'from' => 'osBgU061paNjHwMzMBK3UycW8M70',
    'to' => 'gh_5c0f19e6e149',
    'time' => '1528723017',
    'type' => 'text',
    'content' => '首次',
    'redirection' => true,
    'source' => 'default',
    'original' => 'http://jyqc.hejiewl.com/app/index.php?i=1&c=entry&m=ewei_shopv2&do=mobile',
  ),
  'module' => 'basic',
  'rule' => '28',
  'priority' => '255',
  'keyword' => 
  array (
    'id' => '53',
    'rid' => '28',
    'uniacid' => '1',
    'module' => 'basic',
    'content' => '首次',
    'type' => '2',
    'displayorder' => '255',
    'status' => '1',
  ),
)

2018-06-11 21:16:57 response :
------------
Array:
FromUserName : gh_5c0f19e6e149 ;
ToUserName : osBgU061paNjHwMzMBK3UycW8M70 ;
MsgType : text ;
Content : 经义汽车欢迎你! ;

2018-06-11 21:56:00 trace :
------------
String:
<xml><ToUserName><![CDATA[gh_5c0f19e6e149]]></ToUserName>
<FromUserName><![CDATA[osBgU00gZ-YQJre0Yevi7YhZ1NNA]]></FromUserName>
<CreateTime>1528725360</CreateTime>
<MsgType><![CDATA[event]]></MsgType>
<Event><![CDATA[VIEW]]></Event>
<EventKey><![CDATA[http://jyqc.hejiewl.com/app/index.php?i=1&c=entry&m=ewei_shopv2&do=mobile]]></EventKey>
<MenuId>430124510</MenuId>
</xml>

2018-06-11 21:56:00 params :
------------
String:
array (
  'message' => 
  array (
    'tousername' => 'gh_5c0f19e6e149',
    'fromusername' => 'osBgU00gZ-YQJre0Yevi7YhZ1NNA',
    'createtime' => '1528725360',
    'msgtype' => 'event',
    'event' => 'VIEW',
    'eventkey' => 'http://jyqc.hejiewl.com/app/index.php?i=1&c=entry&m=ewei_shopv2&do=mobile',
    'menuid' => '430124510',
    'from' => 'osBgU00gZ-YQJre0Yevi7YhZ1NNA',
    'to' => 'gh_5c0f19e6e149',
    'time' => '1528725360',
    'type' => 'text',
    'content' => '首次',
    'redirection' => true,
    'source' => 'default',
    'original' => 'http://jyqc.hejiewl.com/app/index.php?i=1&c=entry&m=ewei_shopv2&do=mobile',
  ),
  'module' => 'basic',
  'rule' => '28',
  'priority' => '255',
  'keyword' => 
  array (
    'id' => '53',
    'rid' => '28',
    'uniacid' => '1',
    'module' => 'basic',
    'content' => '首次',
    'type' => '2',
    'displayorder' => '255',
    'status' => '1',
  ),
)

2018-06-11 21:56:00 response :
------------
Array:
FromUserName : gh_5c0f19e6e149 ;
ToUserName : osBgU00gZ-YQJre0Yevi7YhZ1NNA ;
MsgType : text ;
Content : 经义汽车欢迎你! ;

