2018-06-23 10:45:02 trace :
------------
String:
<xml><ToUserName><![CDATA[gh_5c0f19e6e149]]></ToUserName>
<FromUserName><![CDATA[osBgU019qIgAz8vOqP81ef0LFxDs]]></FromUserName>
<CreateTime>1529721902</CreateTime>
<MsgType><![CDATA[event]]></MsgType>
<Event><![CDATA[VIEW]]></Event>
<EventKey><![CDATA[http://jyqc.hejiewl.com/app/index.php?i=1&c=entry&m=ewei_shopv2&do=mobile]]></EventKey>
<MenuId>430124510</MenuId>
</xml>

2018-06-23 10:45:02 params :
------------
String:
array (
  'message' => 
  array (
    'tousername' => 'gh_5c0f19e6e149',
    'fromusername' => 'osBgU019qIgAz8vOqP81ef0LFxDs',
    'createtime' => '1529721902',
    'msgtype' => 'event',
    'event' => 'VIEW',
    'eventkey' => 'http://jyqc.hejiewl.com/app/index.php?i=1&c=entry&m=ewei_shopv2&do=mobile',
    'menuid' => '430124510',
    'from' => 'osBgU019qIgAz8vOqP81ef0LFxDs',
    'to' => 'gh_5c0f19e6e149',
    'time' => '1529721902',
    'type' => 'text',
    'content' => '首次',
    'redirection' => true,
    'source' => 'default',
    'original' => 'http://jyqc.hejiewl.com/app/index.php?i=1&c=entry&m=ewei_shopv2&do=mobile',
  ),
  'module' => 'basic',
  'rule' => '28',
  'priority' => '255',
  'keyword' => 
  array (
    'id' => '53',
    'rid' => '28',
    'uniacid' => '1',
    'module' => 'basic',
    'content' => '首次',
    'type' => '2',
    'displayorder' => '255',
    'status' => '1',
  ),
)

2018-06-23 10:45:02 response :
------------
Array:
FromUserName : gh_5c0f19e6e149 ;
ToUserName : osBgU019qIgAz8vOqP81ef0LFxDs ;
MsgType : text ;
Content : 经义汽车欢迎你! ;

2018-06-23 19:06:42 trace :
------------
String:
<xml><ToUserName><![CDATA[gh_5c0f19e6e149]]></ToUserName>
<FromUserName><![CDATA[osBgU0zYwgIveKhMmS5ysrCBeTcc]]></FromUserName>
<CreateTime>1529752001</CreateTime>
<MsgType><![CDATA[event]]></MsgType>
<Event><![CDATA[VIEW]]></Event>
<EventKey><![CDATA[http://jyqc.hejiewl.com/app/index.php?i=1&c=entry&m=ewei_shopv2&do=mobile&r=member]]></EventKey>
<MenuId>430124510</MenuId>
</xml>

2018-06-23 19:06:42 params :
------------
String:
array (
  'message' => 
  array (
    'tousername' => 'gh_5c0f19e6e149',
    'fromusername' => 'osBgU0zYwgIveKhMmS5ysrCBeTcc',
    'createtime' => '1529752001',
    'msgtype' => 'event',
    'event' => 'VIEW',
    'eventkey' => 'http://jyqc.hejiewl.com/app/index.php?i=1&c=entry&m=ewei_shopv2&do=mobile&r=member',
    'menuid' => '430124510',
    'from' => 'osBgU0zYwgIveKhMmS5ysrCBeTcc',
    'to' => 'gh_5c0f19e6e149',
    'time' => '1529752001',
    'type' => 'text',
    'content' => '首次',
    'redirection' => true,
    'source' => 'default',
    'original' => 'http://jyqc.hejiewl.com/app/index.php?i=1&c=entry&m=ewei_shopv2&do=mobile&r=member',
  ),
  'module' => 'basic',
  'rule' => '28',
  'priority' => '255',
  'keyword' => 
  array (
    'id' => '53',
    'rid' => '28',
    'uniacid' => '1',
    'module' => 'basic',
    'content' => '首次',
    'type' => '2',
    'displayorder' => '255',
    'status' => '1',
  ),
)

2018-06-23 19:06:42 response :
------------
Array:
FromUserName : gh_5c0f19e6e149 ;
ToUserName : osBgU0zYwgIveKhMmS5ysrCBeTcc ;
MsgType : text ;
Content : 经义汽车欢迎你! ;

