2018-09-10 09:34:35 trace :
------------
String:
<xml><ToUserName><![CDATA[gh_5c0f19e6e149]]></ToUserName>
<FromUserName><![CDATA[osBgU0z34oQ6Pnl7Z5jO22bz9ets]]></FromUserName>
<CreateTime>1536543274</CreateTime>
<MsgType><![CDATA[event]]></MsgType>
<Event><![CDATA[CLICK]]></Event>
<EventKey><![CDATA[关注海报]]></EventKey>
</xml>

2018-09-10 09:34:44 trace :
------------
String:
<xml><ToUserName><![CDATA[gh_5c0f19e6e149]]></ToUserName>
<FromUserName><![CDATA[osBgU0z34oQ6Pnl7Z5jO22bz9ets]]></FromUserName>
<CreateTime>1536543284</CreateTime>
<MsgType><![CDATA[event]]></MsgType>
<Event><![CDATA[VIEW]]></Event>
<EventKey><![CDATA[https://jyqc.hejiewl.com/app/index.php?i=1&c=entry&m=ewei_shopv2&do=mobile&r=merch.register]]></EventKey>
<MenuId>437037963</MenuId>
</xml>

2018-09-10 09:34:44 params :
------------
String:
array (
  'message' => 
  array (
    'tousername' => 'gh_5c0f19e6e149',
    'fromusername' => 'osBgU0z34oQ6Pnl7Z5jO22bz9ets',
    'createtime' => '1536543284',
    'msgtype' => 'event',
    'event' => 'VIEW',
    'eventkey' => 'https://jyqc.hejiewl.com/app/index.php?i=1&c=entry&m=ewei_shopv2&do=mobile&r=merch.register',
    'menuid' => '437037963',
    'from' => 'osBgU0z34oQ6Pnl7Z5jO22bz9ets',
    'to' => 'gh_5c0f19e6e149',
    'time' => '1536543284',
    'type' => 'text',
    'content' => '首次',
    'redirection' => true,
    'source' => 'default',
    'original' => 'https://jyqc.hejiewl.com/app/index.php?i=1&c=entry&m=ewei_shopv2&do=mobile&r=merch.register',
  ),
  'module' => 'basic',
  'rule' => '28',
  'priority' => '255',
  'keyword' => 
  array (
    'id' => '53',
    'rid' => '28',
    'uniacid' => '1',
    'module' => 'basic',
    'content' => '首次',
    'type' => '2',
    'displayorder' => '255',
    'status' => '1',
  ),
)

2018-09-10 09:34:44 response :
------------
Array:
FromUserName : gh_5c0f19e6e149 ;
ToUserName : osBgU0z34oQ6Pnl7Z5jO22bz9ets ;
MsgType : text ;
Content : 经义汽车欢迎你! ;

2018-09-10 09:37:14 trace :
------------
String:
<xml><ToUserName><![CDATA[gh_5c0f19e6e149]]></ToUserName>
<FromUserName><![CDATA[osBgU0z34oQ6Pnl7Z5jO22bz9ets]]></FromUserName>
<CreateTime>1536543433</CreateTime>
<MsgType><![CDATA[event]]></MsgType>
<Event><![CDATA[VIEW]]></Event>
<EventKey><![CDATA[https://jyqc.hejiewl.com/web/merchant.php?i=1]]></EventKey>
<MenuId>437037963</MenuId>
</xml>

2018-09-10 09:37:14 params :
------------
String:
array (
  'message' => 
  array (
    'tousername' => 'gh_5c0f19e6e149',
    'fromusername' => 'osBgU0z34oQ6Pnl7Z5jO22bz9ets',
    'createtime' => '1536543433',
    'msgtype' => 'event',
    'event' => 'VIEW',
    'eventkey' => 'https://jyqc.hejiewl.com/web/merchant.php?i=1',
    'menuid' => '437037963',
    'from' => 'osBgU0z34oQ6Pnl7Z5jO22bz9ets',
    'to' => 'gh_5c0f19e6e149',
    'time' => '1536543433',
    'type' => 'text',
    'content' => '首次',
    'redirection' => true,
    'source' => 'default',
    'original' => 'https://jyqc.hejiewl.com/web/merchant.php?i=1',
  ),
  'module' => 'basic',
  'rule' => '28',
  'priority' => '255',
  'keyword' => 
  array (
    'id' => '53',
    'rid' => '28',
    'uniacid' => '1',
    'module' => 'basic',
    'content' => '首次',
    'type' => '2',
    'displayorder' => '255',
    'status' => '1',
  ),
)

2018-09-10 09:37:14 response :
------------
Array:
FromUserName : gh_5c0f19e6e149 ;
ToUserName : osBgU0z34oQ6Pnl7Z5jO22bz9ets ;
MsgType : text ;
Content : 经义汽车欢迎你! ;

2018-09-10 09:37:18 trace :
------------
String:
<xml><ToUserName><![CDATA[gh_5c0f19e6e149]]></ToUserName>
<FromUserName><![CDATA[osBgU0z34oQ6Pnl7Z5jO22bz9ets]]></FromUserName>
<CreateTime>1536543437</CreateTime>
<MsgType><![CDATA[event]]></MsgType>
<Event><![CDATA[VIEW]]></Event>
<EventKey><![CDATA[https://jyqc.hejiewl.com/app/index.php?i=1&c=entry&m=ewei_shopv2&do=mobile&r=member]]></EventKey>
<MenuId>437037963</MenuId>
</xml>

2018-09-10 09:37:18 params :
------------
String:
array (
  'message' => 
  array (
    'tousername' => 'gh_5c0f19e6e149',
    'fromusername' => 'osBgU0z34oQ6Pnl7Z5jO22bz9ets',
    'createtime' => '1536543437',
    'msgtype' => 'event',
    'event' => 'VIEW',
    'eventkey' => 'https://jyqc.hejiewl.com/app/index.php?i=1&c=entry&m=ewei_shopv2&do=mobile&r=member',
    'menuid' => '437037963',
    'from' => 'osBgU0z34oQ6Pnl7Z5jO22bz9ets',
    'to' => 'gh_5c0f19e6e149',
    'time' => '1536543437',
    'type' => 'text',
    'content' => '首次',
    'redirection' => true,
    'source' => 'default',
    'original' => 'https://jyqc.hejiewl.com/app/index.php?i=1&c=entry&m=ewei_shopv2&do=mobile&r=member',
  ),
  'module' => 'basic',
  'rule' => '28',
  'priority' => '255',
  'keyword' => 
  array (
    'id' => '53',
    'rid' => '28',
    'uniacid' => '1',
    'module' => 'basic',
    'content' => '首次',
    'type' => '2',
    'displayorder' => '255',
    'status' => '1',
  ),
)

2018-09-10 09:37:18 response :
------------
Array:
FromUserName : gh_5c0f19e6e149 ;
ToUserName : osBgU0z34oQ6Pnl7Z5jO22bz9ets ;
MsgType : text ;
Content : 经义汽车欢迎你! ;

2018-09-10 09:37:21 trace :
------------
String:
<xml><ToUserName><![CDATA[gh_5c0f19e6e149]]></ToUserName>
<FromUserName><![CDATA[osBgU0z34oQ6Pnl7Z5jO22bz9ets]]></FromUserName>
<CreateTime>1536543441</CreateTime>
<MsgType><![CDATA[event]]></MsgType>
<Event><![CDATA[VIEW]]></Event>
<EventKey><![CDATA[https://jyqc.hejiewl.com/app/index.php?i=1&c=entry&m=ewei_shopv2&do=mobile&r=commission]]></EventKey>
<MenuId>437037963</MenuId>
</xml>

2018-09-10 09:37:21 params :
------------
String:
array (
  'message' => 
  array (
    'tousername' => 'gh_5c0f19e6e149',
    'fromusername' => 'osBgU0z34oQ6Pnl7Z5jO22bz9ets',
    'createtime' => '1536543441',
    'msgtype' => 'event',
    'event' => 'VIEW',
    'eventkey' => 'https://jyqc.hejiewl.com/app/index.php?i=1&c=entry&m=ewei_shopv2&do=mobile&r=commission',
    'menuid' => '437037963',
    'from' => 'osBgU0z34oQ6Pnl7Z5jO22bz9ets',
    'to' => 'gh_5c0f19e6e149',
    'time' => '1536543441',
    'type' => 'text',
    'content' => '首次',
    'redirection' => true,
    'source' => 'default',
    'original' => 'https://jyqc.hejiewl.com/app/index.php?i=1&c=entry&m=ewei_shopv2&do=mobile&r=commission',
  ),
  'module' => 'basic',
  'rule' => '28',
  'priority' => '255',
  'keyword' => 
  array (
    'id' => '53',
    'rid' => '28',
    'uniacid' => '1',
    'module' => 'basic',
    'content' => '首次',
    'type' => '2',
    'displayorder' => '255',
    'status' => '1',
  ),
)

2018-09-10 09:37:21 response :
------------
Array:
FromUserName : gh_5c0f19e6e149 ;
ToUserName : osBgU0z34oQ6Pnl7Z5jO22bz9ets ;
MsgType : text ;
Content : 经义汽车欢迎你! ;

2018-09-10 09:37:24 trace :
------------
String:
<xml><ToUserName><![CDATA[gh_5c0f19e6e149]]></ToUserName>
<FromUserName><![CDATA[osBgU0z34oQ6Pnl7Z5jO22bz9ets]]></FromUserName>
<CreateTime>1536543444</CreateTime>
<MsgType><![CDATA[event]]></MsgType>
<Event><![CDATA[VIEW]]></Event>
<EventKey><![CDATA[https://jyqc.hejiewl.com/app/index.php?i=1&c=entry&m=ewei_shopv2&do=mobile&r=merch.list.merchuser]]></EventKey>
<MenuId>437037963</MenuId>
</xml>

2018-09-10 09:37:24 params :
------------
String:
array (
  'message' => 
  array (
    'tousername' => 'gh_5c0f19e6e149',
    'fromusername' => 'osBgU0z34oQ6Pnl7Z5jO22bz9ets',
    'createtime' => '1536543444',
    'msgtype' => 'event',
    'event' => 'VIEW',
    'eventkey' => 'https://jyqc.hejiewl.com/app/index.php?i=1&c=entry&m=ewei_shopv2&do=mobile&r=merch.list.merchuser',
    'menuid' => '437037963',
    'from' => 'osBgU0z34oQ6Pnl7Z5jO22bz9ets',
    'to' => 'gh_5c0f19e6e149',
    'time' => '1536543444',
    'type' => 'text',
    'content' => '首次',
    'redirection' => true,
    'source' => 'default',
    'original' => 'https://jyqc.hejiewl.com/app/index.php?i=1&c=entry&m=ewei_shopv2&do=mobile&r=merch.list.merchuser',
  ),
  'module' => 'basic',
  'rule' => '28',
  'priority' => '255',
  'keyword' => 
  array (
    'id' => '53',
    'rid' => '28',
    'uniacid' => '1',
    'module' => 'basic',
    'content' => '首次',
    'type' => '2',
    'displayorder' => '255',
    'status' => '1',
  ),
)

2018-09-10 09:37:24 response :
------------
Array:
FromUserName : gh_5c0f19e6e149 ;
ToUserName : osBgU0z34oQ6Pnl7Z5jO22bz9ets ;
MsgType : text ;
Content : 经义汽车欢迎你! ;

2018-09-10 09:37:43 trace :
------------
String:
<xml><ToUserName><![CDATA[gh_5c0f19e6e149]]></ToUserName>
<FromUserName><![CDATA[osBgU0z34oQ6Pnl7Z5jO22bz9ets]]></FromUserName>
<CreateTime>1536543463</CreateTime>
<MsgType><![CDATA[event]]></MsgType>
<Event><![CDATA[VIEW]]></Event>
<EventKey><![CDATA[https://jyqc.hejiewl.com/app/index.php?i=1&c=entry&m=ewei_shopv2&do=mobile&r=merch.list.merchuser]]></EventKey>
<MenuId>437037963</MenuId>
</xml>

2018-09-10 09:37:43 params :
------------
String:
array (
  'message' => 
  array (
    'tousername' => 'gh_5c0f19e6e149',
    'fromusername' => 'osBgU0z34oQ6Pnl7Z5jO22bz9ets',
    'createtime' => '1536543463',
    'msgtype' => 'event',
    'event' => 'VIEW',
    'eventkey' => 'https://jyqc.hejiewl.com/app/index.php?i=1&c=entry&m=ewei_shopv2&do=mobile&r=merch.list.merchuser',
    'menuid' => '437037963',
    'from' => 'osBgU0z34oQ6Pnl7Z5jO22bz9ets',
    'to' => 'gh_5c0f19e6e149',
    'time' => '1536543463',
    'type' => 'text',
    'content' => '首次',
    'redirection' => true,
    'source' => 'default',
    'original' => 'https://jyqc.hejiewl.com/app/index.php?i=1&c=entry&m=ewei_shopv2&do=mobile&r=merch.list.merchuser',
  ),
  'module' => 'basic',
  'rule' => '28',
  'priority' => '255',
  'keyword' => 
  array (
    'id' => '53',
    'rid' => '28',
    'uniacid' => '1',
    'module' => 'basic',
    'content' => '首次',
    'type' => '2',
    'displayorder' => '255',
    'status' => '1',
  ),
)

2018-09-10 09:37:43 response :
------------
Array:
FromUserName : gh_5c0f19e6e149 ;
ToUserName : osBgU0z34oQ6Pnl7Z5jO22bz9ets ;
MsgType : text ;
Content : 经义汽车欢迎你! ;

2018-09-10 09:37:56 trace :
------------
String:
<xml><ToUserName><![CDATA[gh_5c0f19e6e149]]></ToUserName>
<FromUserName><![CDATA[osBgU0z34oQ6Pnl7Z5jO22bz9ets]]></FromUserName>
<CreateTime>1536543476</CreateTime>
<MsgType><![CDATA[event]]></MsgType>
<Event><![CDATA[VIEW]]></Event>
<EventKey><![CDATA[https://jyqc.hejiewl.com/app/index.php?i=1&c=entry&m=ewei_shopv2&do=mobile]]></EventKey>
<MenuId>437037963</MenuId>
</xml>

2018-09-10 09:37:56 params :
------------
String:
array (
  'message' => 
  array (
    'tousername' => 'gh_5c0f19e6e149',
    'fromusername' => 'osBgU0z34oQ6Pnl7Z5jO22bz9ets',
    'createtime' => '1536543476',
    'msgtype' => 'event',
    'event' => 'VIEW',
    'eventkey' => 'https://jyqc.hejiewl.com/app/index.php?i=1&c=entry&m=ewei_shopv2&do=mobile',
    'menuid' => '437037963',
    'from' => 'osBgU0z34oQ6Pnl7Z5jO22bz9ets',
    'to' => 'gh_5c0f19e6e149',
    'time' => '1536543476',
    'type' => 'text',
    'content' => '首次',
    'redirection' => true,
    'source' => 'default',
    'original' => 'https://jyqc.hejiewl.com/app/index.php?i=1&c=entry&m=ewei_shopv2&do=mobile',
  ),
  'module' => 'basic',
  'rule' => '28',
  'priority' => '255',
  'keyword' => 
  array (
    'id' => '53',
    'rid' => '28',
    'uniacid' => '1',
    'module' => 'basic',
    'content' => '首次',
    'type' => '2',
    'displayorder' => '255',
    'status' => '1',
  ),
)

2018-09-10 09:37:56 response :
------------
Array:
FromUserName : gh_5c0f19e6e149 ;
ToUserName : osBgU0z34oQ6Pnl7Z5jO22bz9ets ;
MsgType : text ;
Content : 经义汽车欢迎你! ;

