2018-06-16 07:15:58 trace :
------------
String:
<xml><ToUserName><![CDATA[gh_5c0f19e6e149]]></ToUserName>
<FromUserName><![CDATA[osBgU05X6uZ_BO7QZ2ZrZNU5C9ik]]></FromUserName>
<CreateTime>1529104558</CreateTime>
<MsgType><![CDATA[event]]></MsgType>
<Event><![CDATA[unsubscribe]]></Event>
<EventKey><![CDATA[]]></EventKey>
</xml>

2018-06-16 12:18:30 trace :
------------
String:
<xml><ToUserName><![CDATA[gh_5c0f19e6e149]]></ToUserName>
<FromUserName><![CDATA[osBgU06rsub7w00TeH_YlZw7uyRE]]></FromUserName>
<CreateTime>1529122710</CreateTime>
<MsgType><![CDATA[event]]></MsgType>
<Event><![CDATA[CLICK]]></Event>
<EventKey><![CDATA[关注海报]]></EventKey>
</xml>

2018-06-16 13:38:45 trace :
------------
String:
<xml><ToUserName><![CDATA[gh_5c0f19e6e149]]></ToUserName>
<FromUserName><![CDATA[osBgU034L16I1bVnHcULfxHJWEdM]]></FromUserName>
<CreateTime>1529127525</CreateTime>
<MsgType><![CDATA[event]]></MsgType>
<Event><![CDATA[subscribe]]></Event>
<EventKey><![CDATA[qrscene_e11c1110df72b5a17d4b28afb8375884]]></EventKey>
<Ticket><![CDATA[gQGq8DwAAAAAAAAAAS5odHRwOi8vd2VpeGluLnFxLmNvbS9xLzAySEtFdjhVTW9ja2oxMDAwME0wN2UAAgQ2ARVaAwQAAAAA]]></Ticket>
</xml>

2018-06-16 13:38:53 trace :
------------
String:
<xml><ToUserName><![CDATA[gh_5c0f19e6e149]]></ToUserName>
<FromUserName><![CDATA[osBgU034L16I1bVnHcULfxHJWEdM]]></FromUserName>
<CreateTime>1529127533</CreateTime>
<MsgType><![CDATA[event]]></MsgType>
<Event><![CDATA[VIEW]]></Event>
<EventKey><![CDATA[http://jyqc.hejiewl.com/app/index.php?i=1&c=entry&m=ewei_shopv2&do=mobile]]></EventKey>
<MenuId>430124510</MenuId>
</xml>

2018-06-16 13:38:53 params :
------------
String:
array (
  'message' => 
  array (
    'tousername' => 'gh_5c0f19e6e149',
    'fromusername' => 'osBgU034L16I1bVnHcULfxHJWEdM',
    'createtime' => '1529127533',
    'msgtype' => 'event',
    'event' => 'VIEW',
    'eventkey' => 'http://jyqc.hejiewl.com/app/index.php?i=1&c=entry&m=ewei_shopv2&do=mobile',
    'menuid' => '430124510',
    'from' => 'osBgU034L16I1bVnHcULfxHJWEdM',
    'to' => 'gh_5c0f19e6e149',
    'time' => '1529127533',
    'type' => 'text',
    'content' => '首次',
    'redirection' => true,
    'source' => 'default',
    'original' => 'http://jyqc.hejiewl.com/app/index.php?i=1&c=entry&m=ewei_shopv2&do=mobile',
  ),
  'module' => 'basic',
  'rule' => '28',
  'priority' => '255',
  'keyword' => 
  array (
    'id' => '53',
    'rid' => '28',
    'uniacid' => '1',
    'module' => 'basic',
    'content' => '首次',
    'type' => '2',
    'displayorder' => '255',
    'status' => '1',
  ),
)

2018-06-16 13:38:53 response :
------------
Array:
FromUserName : gh_5c0f19e6e149 ;
ToUserName : osBgU034L16I1bVnHcULfxHJWEdM ;
MsgType : text ;
Content : 经义汽车欢迎你! ;

2018-06-16 13:40:45 trace :
------------
String:
<xml><ToUserName><![CDATA[gh_5c0f19e6e149]]></ToUserName>
<FromUserName><![CDATA[osBgU034L16I1bVnHcULfxHJWEdM]]></FromUserName>
<CreateTime>1529127645</CreateTime>
<MsgType><![CDATA[event]]></MsgType>
<Event><![CDATA[VIEW]]></Event>
<EventKey><![CDATA[http://jyqc.hejiewl.com/app/index.php?i=1&c=entry&m=ewei_shopv2&do=mobile&r=merch.list.merchuser]]></EventKey>
<MenuId>430124510</MenuId>
</xml>

2018-06-16 13:40:45 params :
------------
String:
array (
  'message' => 
  array (
    'tousername' => 'gh_5c0f19e6e149',
    'fromusername' => 'osBgU034L16I1bVnHcULfxHJWEdM',
    'createtime' => '1529127645',
    'msgtype' => 'event',
    'event' => 'VIEW',
    'eventkey' => 'http://jyqc.hejiewl.com/app/index.php?i=1&c=entry&m=ewei_shopv2&do=mobile&r=merch.list.merchuser',
    'menuid' => '430124510',
    'from' => 'osBgU034L16I1bVnHcULfxHJWEdM',
    'to' => 'gh_5c0f19e6e149',
    'time' => '1529127645',
    'type' => 'text',
    'content' => '首次',
    'redirection' => true,
    'source' => 'default',
    'original' => 'http://jyqc.hejiewl.com/app/index.php?i=1&c=entry&m=ewei_shopv2&do=mobile&r=merch.list.merchuser',
  ),
  'module' => 'basic',
  'rule' => '28',
  'priority' => '255',
  'keyword' => 
  array (
    'id' => '53',
    'rid' => '28',
    'uniacid' => '1',
    'module' => 'basic',
    'content' => '首次',
    'type' => '2',
    'displayorder' => '255',
    'status' => '1',
  ),
)

2018-06-16 13:40:45 response :
------------
Array:
FromUserName : gh_5c0f19e6e149 ;
ToUserName : osBgU034L16I1bVnHcULfxHJWEdM ;
MsgType : text ;
Content : 经义汽车欢迎你! ;

2018-06-16 13:50:29 trace :
------------
String:
<xml><ToUserName><![CDATA[gh_5c0f19e6e149]]></ToUserName>
<FromUserName><![CDATA[osBgU034L16I1bVnHcULfxHJWEdM]]></FromUserName>
<CreateTime>1529128229</CreateTime>
<MsgType><![CDATA[event]]></MsgType>
<Event><![CDATA[VIEW]]></Event>
<EventKey><![CDATA[http://jyqc.hejiewl.com/app/index.php?i=1&c=entry&m=ewei_shopv2&do=mobile]]></EventKey>
<MenuId>430124510</MenuId>
</xml>

2018-06-16 13:50:29 params :
------------
String:
array (
  'message' => 
  array (
    'tousername' => 'gh_5c0f19e6e149',
    'fromusername' => 'osBgU034L16I1bVnHcULfxHJWEdM',
    'createtime' => '1529128229',
    'msgtype' => 'event',
    'event' => 'VIEW',
    'eventkey' => 'http://jyqc.hejiewl.com/app/index.php?i=1&c=entry&m=ewei_shopv2&do=mobile',
    'menuid' => '430124510',
    'from' => 'osBgU034L16I1bVnHcULfxHJWEdM',
    'to' => 'gh_5c0f19e6e149',
    'time' => '1529128229',
    'type' => 'text',
    'content' => '首次',
    'redirection' => true,
    'source' => 'default',
    'original' => 'http://jyqc.hejiewl.com/app/index.php?i=1&c=entry&m=ewei_shopv2&do=mobile',
  ),
  'module' => 'basic',
  'rule' => '28',
  'priority' => '255',
  'keyword' => 
  array (
    'id' => '53',
    'rid' => '28',
    'uniacid' => '1',
    'module' => 'basic',
    'content' => '首次',
    'type' => '2',
    'displayorder' => '255',
    'status' => '1',
  ),
)

2018-06-16 13:50:29 response :
------------
Array:
FromUserName : gh_5c0f19e6e149 ;
ToUserName : osBgU034L16I1bVnHcULfxHJWEdM ;
MsgType : text ;
Content : 经义汽车欢迎你! ;

2018-06-16 13:52:37 trace :
------------
String:
<xml><ToUserName><![CDATA[gh_5c0f19e6e149]]></ToUserName>
<FromUserName><![CDATA[osBgU034L16I1bVnHcULfxHJWEdM]]></FromUserName>
<CreateTime>1529128357</CreateTime>
<MsgType><![CDATA[event]]></MsgType>
<Event><![CDATA[SCAN]]></Event>
<EventKey><![CDATA[e11c1110df72b5a17d4b28afb8375884]]></EventKey>
<Ticket><![CDATA[gQGq8DwAAAAAAAAAAS5odHRwOi8vd2VpeGluLnFxLmNvbS9xLzAySEtFdjhVTW9ja2oxMDAwME0wN2UAAgQ2ARVaAwQAAAAA]]></Ticket>
</xml>

2018-06-16 13:52:57 trace :
------------
String:
<xml><ToUserName><![CDATA[gh_5c0f19e6e149]]></ToUserName>
<FromUserName><![CDATA[osBgU034L16I1bVnHcULfxHJWEdM]]></FromUserName>
<CreateTime>1529128377</CreateTime>
<MsgType><![CDATA[event]]></MsgType>
<Event><![CDATA[SCAN]]></Event>
<EventKey><![CDATA[e11c1110df72b5a17d4b28afb8375884]]></EventKey>
<Ticket><![CDATA[gQGq8DwAAAAAAAAAAS5odHRwOi8vd2VpeGluLnFxLmNvbS9xLzAySEtFdjhVTW9ja2oxMDAwME0wN2UAAgQ2ARVaAwQAAAAA]]></Ticket>
</xml>

2018-06-16 13:53:51 trace :
------------
String:
<xml><ToUserName><![CDATA[gh_5c0f19e6e149]]></ToUserName>
<FromUserName><![CDATA[osBgU034L16I1bVnHcULfxHJWEdM]]></FromUserName>
<CreateTime>1529128431</CreateTime>
<MsgType><![CDATA[event]]></MsgType>
<Event><![CDATA[VIEW]]></Event>
<EventKey><![CDATA[http://jyqc.hejiewl.com/app/index.php?i=1&c=entry&m=ewei_shopv2&do=mobile]]></EventKey>
<MenuId>430124510</MenuId>
</xml>

2018-06-16 13:53:51 params :
------------
String:
array (
  'message' => 
  array (
    'tousername' => 'gh_5c0f19e6e149',
    'fromusername' => 'osBgU034L16I1bVnHcULfxHJWEdM',
    'createtime' => '1529128431',
    'msgtype' => 'event',
    'event' => 'VIEW',
    'eventkey' => 'http://jyqc.hejiewl.com/app/index.php?i=1&c=entry&m=ewei_shopv2&do=mobile',
    'menuid' => '430124510',
    'from' => 'osBgU034L16I1bVnHcULfxHJWEdM',
    'to' => 'gh_5c0f19e6e149',
    'time' => '1529128431',
    'type' => 'text',
    'content' => '首次',
    'redirection' => true,
    'source' => 'default',
    'original' => 'http://jyqc.hejiewl.com/app/index.php?i=1&c=entry&m=ewei_shopv2&do=mobile',
  ),
  'module' => 'basic',
  'rule' => '28',
  'priority' => '255',
  'keyword' => 
  array (
    'id' => '53',
    'rid' => '28',
    'uniacid' => '1',
    'module' => 'basic',
    'content' => '首次',
    'type' => '2',
    'displayorder' => '255',
    'status' => '1',
  ),
)

2018-06-16 13:53:51 response :
------------
Array:
FromUserName : gh_5c0f19e6e149 ;
ToUserName : osBgU034L16I1bVnHcULfxHJWEdM ;
MsgType : text ;
Content : 经义汽车欢迎你! ;

2018-06-16 13:55:50 trace :
------------
String:
<xml><ToUserName><![CDATA[gh_5c0f19e6e149]]></ToUserName>
<FromUserName><![CDATA[osBgU034L16I1bVnHcULfxHJWEdM]]></FromUserName>
<CreateTime>1529128550</CreateTime>
<MsgType><![CDATA[event]]></MsgType>
<Event><![CDATA[VIEW]]></Event>
<EventKey><![CDATA[http://jyqc.hejiewl.com/app/index.php?i=1&c=entry&m=ewei_shopv2&do=mobile]]></EventKey>
<MenuId>430124510</MenuId>
</xml>

2018-06-16 13:55:50 params :
------------
String:
array (
  'message' => 
  array (
    'tousername' => 'gh_5c0f19e6e149',
    'fromusername' => 'osBgU034L16I1bVnHcULfxHJWEdM',
    'createtime' => '1529128550',
    'msgtype' => 'event',
    'event' => 'VIEW',
    'eventkey' => 'http://jyqc.hejiewl.com/app/index.php?i=1&c=entry&m=ewei_shopv2&do=mobile',
    'menuid' => '430124510',
    'from' => 'osBgU034L16I1bVnHcULfxHJWEdM',
    'to' => 'gh_5c0f19e6e149',
    'time' => '1529128550',
    'type' => 'text',
    'content' => '首次',
    'redirection' => true,
    'source' => 'default',
    'original' => 'http://jyqc.hejiewl.com/app/index.php?i=1&c=entry&m=ewei_shopv2&do=mobile',
  ),
  'module' => 'basic',
  'rule' => '28',
  'priority' => '255',
  'keyword' => 
  array (
    'id' => '53',
    'rid' => '28',
    'uniacid' => '1',
    'module' => 'basic',
    'content' => '首次',
    'type' => '2',
    'displayorder' => '255',
    'status' => '1',
  ),
)

2018-06-16 13:55:50 response :
------------
Array:
FromUserName : gh_5c0f19e6e149 ;
ToUserName : osBgU034L16I1bVnHcULfxHJWEdM ;
MsgType : text ;
Content : 经义汽车欢迎你! ;

2018-06-16 14:38:09 trace :
------------
String:
<xml><ToUserName><![CDATA[gh_5c0f19e6e149]]></ToUserName>
<FromUserName><![CDATA[osBgU034L16I1bVnHcULfxHJWEdM]]></FromUserName>
<CreateTime>1529131089</CreateTime>
<MsgType><![CDATA[event]]></MsgType>
<Event><![CDATA[VIEW]]></Event>
<EventKey><![CDATA[http://jyqc.hejiewl.com/app/index.php?i=1&c=entry&m=ewei_shopv2&do=mobile]]></EventKey>
<MenuId>430124510</MenuId>
</xml>

2018-06-16 14:38:09 params :
------------
String:
array (
  'message' => 
  array (
    'tousername' => 'gh_5c0f19e6e149',
    'fromusername' => 'osBgU034L16I1bVnHcULfxHJWEdM',
    'createtime' => '1529131089',
    'msgtype' => 'event',
    'event' => 'VIEW',
    'eventkey' => 'http://jyqc.hejiewl.com/app/index.php?i=1&c=entry&m=ewei_shopv2&do=mobile',
    'menuid' => '430124510',
    'from' => 'osBgU034L16I1bVnHcULfxHJWEdM',
    'to' => 'gh_5c0f19e6e149',
    'time' => '1529131089',
    'type' => 'text',
    'content' => '首次',
    'redirection' => true,
    'source' => 'default',
    'original' => 'http://jyqc.hejiewl.com/app/index.php?i=1&c=entry&m=ewei_shopv2&do=mobile',
  ),
  'module' => 'basic',
  'rule' => '28',
  'priority' => '255',
  'keyword' => 
  array (
    'id' => '53',
    'rid' => '28',
    'uniacid' => '1',
    'module' => 'basic',
    'content' => '首次',
    'type' => '2',
    'displayorder' => '255',
    'status' => '1',
  ),
)

2018-06-16 14:38:09 response :
------------
Array:
FromUserName : gh_5c0f19e6e149 ;
ToUserName : osBgU034L16I1bVnHcULfxHJWEdM ;
MsgType : text ;
Content : 经义汽车欢迎你! ;

2018-06-16 14:39:04 trace :
------------
String:
<xml><ToUserName><![CDATA[gh_5c0f19e6e149]]></ToUserName>
<FromUserName><![CDATA[osBgU034L16I1bVnHcULfxHJWEdM]]></FromUserName>
<CreateTime>1529131144</CreateTime>
<MsgType><![CDATA[event]]></MsgType>
<Event><![CDATA[VIEW]]></Event>
<EventKey><![CDATA[http://jyqc.hejiewl.com/app/index.php?i=1&c=entry&m=ewei_shopv2&do=mobile]]></EventKey>
<MenuId>430124510</MenuId>
</xml>

2018-06-16 14:39:04 params :
------------
String:
array (
  'message' => 
  array (
    'tousername' => 'gh_5c0f19e6e149',
    'fromusername' => 'osBgU034L16I1bVnHcULfxHJWEdM',
    'createtime' => '1529131144',
    'msgtype' => 'event',
    'event' => 'VIEW',
    'eventkey' => 'http://jyqc.hejiewl.com/app/index.php?i=1&c=entry&m=ewei_shopv2&do=mobile',
    'menuid' => '430124510',
    'from' => 'osBgU034L16I1bVnHcULfxHJWEdM',
    'to' => 'gh_5c0f19e6e149',
    'time' => '1529131144',
    'type' => 'text',
    'content' => '首次',
    'redirection' => true,
    'source' => 'default',
    'original' => 'http://jyqc.hejiewl.com/app/index.php?i=1&c=entry&m=ewei_shopv2&do=mobile',
  ),
  'module' => 'basic',
  'rule' => '28',
  'priority' => '255',
  'keyword' => 
  array (
    'id' => '53',
    'rid' => '28',
    'uniacid' => '1',
    'module' => 'basic',
    'content' => '首次',
    'type' => '2',
    'displayorder' => '255',
    'status' => '1',
  ),
)

2018-06-16 14:39:04 response :
------------
Array:
FromUserName : gh_5c0f19e6e149 ;
ToUserName : osBgU034L16I1bVnHcULfxHJWEdM ;
MsgType : text ;
Content : 经义汽车欢迎你! ;

2018-06-16 16:07:37 trace :
------------
String:
<xml><ToUserName><![CDATA[gh_5c0f19e6e149]]></ToUserName>
<FromUserName><![CDATA[osBgU034L16I1bVnHcULfxHJWEdM]]></FromUserName>
<CreateTime>1529136457</CreateTime>
<MsgType><![CDATA[event]]></MsgType>
<Event><![CDATA[CLICK]]></Event>
<EventKey><![CDATA[关注海报]]></EventKey>
</xml>

2018-06-16 16:31:39 trace :
------------
String:
<xml><ToUserName><![CDATA[gh_5c0f19e6e149]]></ToUserName>
<FromUserName><![CDATA[osBgU0wfD9ruKtNzniBKA5jhMZRM]]></FromUserName>
<CreateTime>1529137899</CreateTime>
<MsgType><![CDATA[event]]></MsgType>
<Event><![CDATA[subscribe]]></Event>
<EventKey><![CDATA[qrscene_b1f49a28f4304472281e609babeac077]]></EventKey>
<Ticket><![CDATA[gQFe8TwAAAAAAAAAAS5odHRwOi8vd2VpeGluLnFxLmNvbS9xLzAyVG55WDhMTW9ja2oxMDAwMDAwN2gAAgSvoiRbAwQAAAAA]]></Ticket>
</xml>

2018-06-16 16:31:41 trace :
------------
String:
<xml><ToUserName><![CDATA[gh_5c0f19e6e149]]></ToUserName>
<FromUserName><![CDATA[osBgU0wfD9ruKtNzniBKA5jhMZRM]]></FromUserName>
<CreateTime>1529137901</CreateTime>
<MsgType><![CDATA[event]]></MsgType>
<Event><![CDATA[VIEW]]></Event>
<EventKey><![CDATA[http://jyqc.hejiewl.com/app/index.php?i=1&c=entry&m=ewei_shopv2&do=mobile]]></EventKey>
<MenuId>430124510</MenuId>
</xml>

2018-06-16 16:31:41 params :
------------
String:
array (
  'message' => 
  array (
    'tousername' => 'gh_5c0f19e6e149',
    'fromusername' => 'osBgU0wfD9ruKtNzniBKA5jhMZRM',
    'createtime' => '1529137901',
    'msgtype' => 'event',
    'event' => 'VIEW',
    'eventkey' => 'http://jyqc.hejiewl.com/app/index.php?i=1&c=entry&m=ewei_shopv2&do=mobile',
    'menuid' => '430124510',
    'from' => 'osBgU0wfD9ruKtNzniBKA5jhMZRM',
    'to' => 'gh_5c0f19e6e149',
    'time' => '1529137901',
    'type' => 'text',
    'content' => '首次',
    'redirection' => true,
    'source' => 'default',
    'original' => 'http://jyqc.hejiewl.com/app/index.php?i=1&c=entry&m=ewei_shopv2&do=mobile',
  ),
  'module' => 'basic',
  'rule' => '28',
  'priority' => '255',
  'keyword' => 
  array (
    'id' => '53',
    'rid' => '28',
    'uniacid' => '1',
    'module' => 'basic',
    'content' => '首次',
    'type' => '2',
    'displayorder' => '255',
    'status' => '1',
  ),
)

2018-06-16 16:31:41 response :
------------
Array:
FromUserName : gh_5c0f19e6e149 ;
ToUserName : osBgU0wfD9ruKtNzniBKA5jhMZRM ;
MsgType : text ;
Content : 经义汽车欢迎你! ;

2018-06-16 16:33:17 trace :
------------
String:
<xml><ToUserName><![CDATA[gh_5c0f19e6e149]]></ToUserName>
<FromUserName><![CDATA[osBgU0wfD9ruKtNzniBKA5jhMZRM]]></FromUserName>
<CreateTime>1529137997</CreateTime>
<MsgType><![CDATA[event]]></MsgType>
<Event><![CDATA[SCAN]]></Event>
<EventKey><![CDATA[b1f49a28f4304472281e609babeac077]]></EventKey>
<Ticket><![CDATA[gQFe8TwAAAAAAAAAAS5odHRwOi8vd2VpeGluLnFxLmNvbS9xLzAyVG55WDhMTW9ja2oxMDAwMDAwN2gAAgSvoiRbAwQAAAAA]]></Ticket>
</xml>

2018-06-16 16:33:25 trace :
------------
String:
<xml><ToUserName><![CDATA[gh_5c0f19e6e149]]></ToUserName>
<FromUserName><![CDATA[osBgU0wfD9ruKtNzniBKA5jhMZRM]]></FromUserName>
<CreateTime>1529138005</CreateTime>
<MsgType><![CDATA[event]]></MsgType>
<Event><![CDATA[VIEW]]></Event>
<EventKey><![CDATA[http://jyqc.hejiewl.com/app/index.php?i=1&c=entry&m=ewei_shopv2&do=mobile&r=commission]]></EventKey>
<MenuId>430124510</MenuId>
</xml>

2018-06-16 16:33:25 params :
------------
String:
array (
  'message' => 
  array (
    'tousername' => 'gh_5c0f19e6e149',
    'fromusername' => 'osBgU0wfD9ruKtNzniBKA5jhMZRM',
    'createtime' => '1529138005',
    'msgtype' => 'event',
    'event' => 'VIEW',
    'eventkey' => 'http://jyqc.hejiewl.com/app/index.php?i=1&c=entry&m=ewei_shopv2&do=mobile&r=commission',
    'menuid' => '430124510',
    'from' => 'osBgU0wfD9ruKtNzniBKA5jhMZRM',
    'to' => 'gh_5c0f19e6e149',
    'time' => '1529138005',
    'type' => 'text',
    'content' => '首次',
    'redirection' => true,
    'source' => 'default',
    'original' => 'http://jyqc.hejiewl.com/app/index.php?i=1&c=entry&m=ewei_shopv2&do=mobile&r=commission',
  ),
  'module' => 'basic',
  'rule' => '28',
  'priority' => '255',
  'keyword' => 
  array (
    'id' => '53',
    'rid' => '28',
    'uniacid' => '1',
    'module' => 'basic',
    'content' => '首次',
    'type' => '2',
    'displayorder' => '255',
    'status' => '1',
  ),
)

2018-06-16 16:33:25 response :
------------
Array:
FromUserName : gh_5c0f19e6e149 ;
ToUserName : osBgU0wfD9ruKtNzniBKA5jhMZRM ;
MsgType : text ;
Content : 经义汽车欢迎你! ;

