2018-05-24 11:47:30 trace :
------------
String:
<xml><ToUserName><![CDATA[gh_5c0f19e6e149]]></ToUserName>
<FromUserName><![CDATA[osBgU061paNjHwMzMBK3UycW8M70]]></FromUserName>
<CreateTime>1527133650</CreateTime>
<MsgType><![CDATA[event]]></MsgType>
<Event><![CDATA[VIEW]]></Event>
<EventKey><![CDATA[http://jyqc.hejiewl.com/app/index.php?i=1&c=entry&m=ewei_shopv2&do=mobile&r=merch.list.merchuser]]></EventKey>
<MenuId>430124510</MenuId>
</xml>

2018-05-24 11:47:30 params :
------------
String:
array (
  'message' => 
  array (
    'tousername' => 'gh_5c0f19e6e149',
    'fromusername' => 'osBgU061paNjHwMzMBK3UycW8M70',
    'createtime' => '1527133650',
    'msgtype' => 'event',
    'event' => 'VIEW',
    'eventkey' => 'http://jyqc.hejiewl.com/app/index.php?i=1&c=entry&m=ewei_shopv2&do=mobile&r=merch.list.merchuser',
    'menuid' => '430124510',
    'from' => 'osBgU061paNjHwMzMBK3UycW8M70',
    'to' => 'gh_5c0f19e6e149',
    'time' => '1527133650',
    'type' => 'text',
    'content' => '首次',
    'redirection' => true,
    'source' => 'default',
    'original' => 'http://jyqc.hejiewl.com/app/index.php?i=1&c=entry&m=ewei_shopv2&do=mobile&r=merch.list.merchuser',
  ),
  'module' => 'basic',
  'rule' => '28',
  'priority' => '255',
  'keyword' => 
  array (
    'id' => '53',
    'rid' => '28',
    'uniacid' => '1',
    'module' => 'basic',
    'content' => '首次',
    'type' => '2',
    'displayorder' => '255',
    'status' => '1',
  ),
)

2018-05-24 11:47:30 response :
------------
Array:
FromUserName : gh_5c0f19e6e149 ;
ToUserName : osBgU061paNjHwMzMBK3UycW8M70 ;
MsgType : text ;
Content : 经义汽车欢迎你! ;

2018-05-24 11:49:22 trace :
------------
String:
<xml><ToUserName><![CDATA[gh_5c0f19e6e149]]></ToUserName>
<FromUserName><![CDATA[osBgU061paNjHwMzMBK3UycW8M70]]></FromUserName>
<CreateTime>1527133762</CreateTime>
<MsgType><![CDATA[event]]></MsgType>
<Event><![CDATA[SCAN]]></Event>
<EventKey><![CDATA[114683c0e567959b80550a88ab4f0e15]]></EventKey>
<Ticket><![CDATA[gQHE8TwAAAAAAAAAAS5odHRwOi8vd2VpeGluLnFxLmNvbS9xLzAySlNaNTkxTW9ja2oxMDAwME0wN1gAAgT4uNVZAwQAAAAA]]></Ticket>
</xml>

2018-05-24 11:49:58 trace :
------------
String:
<xml><ToUserName><![CDATA[gh_5c0f19e6e149]]></ToUserName>
<FromUserName><![CDATA[osBgU061paNjHwMzMBK3UycW8M70]]></FromUserName>
<CreateTime>1527133798</CreateTime>
<MsgType><![CDATA[event]]></MsgType>
<Event><![CDATA[VIEW]]></Event>
<EventKey><![CDATA[http://jyqc.hejiewl.com/app/index.php?i=1&c=entry&m=ewei_shopv2&do=mobile]]></EventKey>
<MenuId>430124510</MenuId>
</xml>

2018-05-24 11:49:58 params :
------------
String:
array (
  'message' => 
  array (
    'tousername' => 'gh_5c0f19e6e149',
    'fromusername' => 'osBgU061paNjHwMzMBK3UycW8M70',
    'createtime' => '1527133798',
    'msgtype' => 'event',
    'event' => 'VIEW',
    'eventkey' => 'http://jyqc.hejiewl.com/app/index.php?i=1&c=entry&m=ewei_shopv2&do=mobile',
    'menuid' => '430124510',
    'from' => 'osBgU061paNjHwMzMBK3UycW8M70',
    'to' => 'gh_5c0f19e6e149',
    'time' => '1527133798',
    'type' => 'text',
    'content' => '首次',
    'redirection' => true,
    'source' => 'default',
    'original' => 'http://jyqc.hejiewl.com/app/index.php?i=1&c=entry&m=ewei_shopv2&do=mobile',
  ),
  'module' => 'basic',
  'rule' => '28',
  'priority' => '255',
  'keyword' => 
  array (
    'id' => '53',
    'rid' => '28',
    'uniacid' => '1',
    'module' => 'basic',
    'content' => '首次',
    'type' => '2',
    'displayorder' => '255',
    'status' => '1',
  ),
)

2018-05-24 11:49:58 response :
------------
Array:
FromUserName : gh_5c0f19e6e149 ;
ToUserName : osBgU061paNjHwMzMBK3UycW8M70 ;
MsgType : text ;
Content : 经义汽车欢迎你! ;

2018-05-24 11:52:02 trace :
------------
String:
<xml><ToUserName><![CDATA[gh_5c0f19e6e149]]></ToUserName>
<FromUserName><![CDATA[osBgU061paNjHwMzMBK3UycW8M70]]></FromUserName>
<CreateTime>1527133922</CreateTime>
<MsgType><![CDATA[event]]></MsgType>
<Event><![CDATA[VIEW]]></Event>
<EventKey><![CDATA[http://jyqc.hejiewl.com/app/index.php?i=1&c=entry&m=ewei_shopv2&do=mobile&r=member]]></EventKey>
<MenuId>430124510</MenuId>
</xml>

2018-05-24 11:52:02 params :
------------
String:
array (
  'message' => 
  array (
    'tousername' => 'gh_5c0f19e6e149',
    'fromusername' => 'osBgU061paNjHwMzMBK3UycW8M70',
    'createtime' => '1527133922',
    'msgtype' => 'event',
    'event' => 'VIEW',
    'eventkey' => 'http://jyqc.hejiewl.com/app/index.php?i=1&c=entry&m=ewei_shopv2&do=mobile&r=member',
    'menuid' => '430124510',
    'from' => 'osBgU061paNjHwMzMBK3UycW8M70',
    'to' => 'gh_5c0f19e6e149',
    'time' => '1527133922',
    'type' => 'text',
    'content' => '首次',
    'redirection' => true,
    'source' => 'default',
    'original' => 'http://jyqc.hejiewl.com/app/index.php?i=1&c=entry&m=ewei_shopv2&do=mobile&r=member',
  ),
  'module' => 'basic',
  'rule' => '28',
  'priority' => '255',
  'keyword' => 
  array (
    'id' => '53',
    'rid' => '28',
    'uniacid' => '1',
    'module' => 'basic',
    'content' => '首次',
    'type' => '2',
    'displayorder' => '255',
    'status' => '1',
  ),
)

2018-05-24 11:52:02 response :
------------
Array:
FromUserName : gh_5c0f19e6e149 ;
ToUserName : osBgU061paNjHwMzMBK3UycW8M70 ;
MsgType : text ;
Content : 经义汽车欢迎你! ;

2018-05-24 12:36:29 trace :
------------
String:
<xml><ToUserName><![CDATA[gh_5c0f19e6e149]]></ToUserName>
<FromUserName><![CDATA[osBgU061paNjHwMzMBK3UycW8M70]]></FromUserName>
<CreateTime>1527136589</CreateTime>
<MsgType><![CDATA[event]]></MsgType>
<Event><![CDATA[VIEW]]></Event>
<EventKey><![CDATA[http://jyqc.hejiewl.com/app/index.php?i=1&c=entry&m=ewei_shopv2&do=mobile&r=member]]></EventKey>
<MenuId>430124510</MenuId>
</xml>

2018-05-24 12:36:29 params :
------------
String:
array (
  'message' => 
  array (
    'tousername' => 'gh_5c0f19e6e149',
    'fromusername' => 'osBgU061paNjHwMzMBK3UycW8M70',
    'createtime' => '1527136589',
    'msgtype' => 'event',
    'event' => 'VIEW',
    'eventkey' => 'http://jyqc.hejiewl.com/app/index.php?i=1&c=entry&m=ewei_shopv2&do=mobile&r=member',
    'menuid' => '430124510',
    'from' => 'osBgU061paNjHwMzMBK3UycW8M70',
    'to' => 'gh_5c0f19e6e149',
    'time' => '1527136589',
    'type' => 'text',
    'content' => '首次',
    'redirection' => true,
    'source' => 'default',
    'original' => 'http://jyqc.hejiewl.com/app/index.php?i=1&c=entry&m=ewei_shopv2&do=mobile&r=member',
  ),
  'module' => 'basic',
  'rule' => '28',
  'priority' => '255',
  'keyword' => 
  array (
    'id' => '53',
    'rid' => '28',
    'uniacid' => '1',
    'module' => 'basic',
    'content' => '首次',
    'type' => '2',
    'displayorder' => '255',
    'status' => '1',
  ),
)

2018-05-24 12:36:29 response :
------------
Array:
FromUserName : gh_5c0f19e6e149 ;
ToUserName : osBgU061paNjHwMzMBK3UycW8M70 ;
MsgType : text ;
Content : 经义汽车欢迎你! ;

2018-05-24 12:36:44 trace :
------------
String:
<xml><ToUserName><![CDATA[gh_5c0f19e6e149]]></ToUserName>
<FromUserName><![CDATA[osBgU061paNjHwMzMBK3UycW8M70]]></FromUserName>
<CreateTime>1527136604</CreateTime>
<MsgType><![CDATA[event]]></MsgType>
<Event><![CDATA[VIEW]]></Event>
<EventKey><![CDATA[http://jyqc.hejiewl.com/app/index.php?i=1&c=entry&m=ewei_shopv2&do=mobile&r=commission]]></EventKey>
<MenuId>430124510</MenuId>
</xml>

2018-05-24 12:36:44 params :
------------
String:
array (
  'message' => 
  array (
    'tousername' => 'gh_5c0f19e6e149',
    'fromusername' => 'osBgU061paNjHwMzMBK3UycW8M70',
    'createtime' => '1527136604',
    'msgtype' => 'event',
    'event' => 'VIEW',
    'eventkey' => 'http://jyqc.hejiewl.com/app/index.php?i=1&c=entry&m=ewei_shopv2&do=mobile&r=commission',
    'menuid' => '430124510',
    'from' => 'osBgU061paNjHwMzMBK3UycW8M70',
    'to' => 'gh_5c0f19e6e149',
    'time' => '1527136604',
    'type' => 'text',
    'content' => '首次',
    'redirection' => true,
    'source' => 'default',
    'original' => 'http://jyqc.hejiewl.com/app/index.php?i=1&c=entry&m=ewei_shopv2&do=mobile&r=commission',
  ),
  'module' => 'basic',
  'rule' => '28',
  'priority' => '255',
  'keyword' => 
  array (
    'id' => '53',
    'rid' => '28',
    'uniacid' => '1',
    'module' => 'basic',
    'content' => '首次',
    'type' => '2',
    'displayorder' => '255',
    'status' => '1',
  ),
)

2018-05-24 12:36:44 response :
------------
Array:
FromUserName : gh_5c0f19e6e149 ;
ToUserName : osBgU061paNjHwMzMBK3UycW8M70 ;
MsgType : text ;
Content : 经义汽车欢迎你! ;

2018-05-24 12:38:20 trace :
------------
String:
<xml><ToUserName><![CDATA[gh_5c0f19e6e149]]></ToUserName>
<FromUserName><![CDATA[osBgU061paNjHwMzMBK3UycW8M70]]></FromUserName>
<CreateTime>1527136700</CreateTime>
<MsgType><![CDATA[event]]></MsgType>
<Event><![CDATA[VIEW]]></Event>
<EventKey><![CDATA[http://jyqc.hejiewl.com/app/index.php?i=1&c=entry&m=ewei_shopv2&do=mobile&r=commission]]></EventKey>
<MenuId>430124510</MenuId>
</xml>

2018-05-24 12:38:20 params :
------------
String:
array (
  'message' => 
  array (
    'tousername' => 'gh_5c0f19e6e149',
    'fromusername' => 'osBgU061paNjHwMzMBK3UycW8M70',
    'createtime' => '1527136700',
    'msgtype' => 'event',
    'event' => 'VIEW',
    'eventkey' => 'http://jyqc.hejiewl.com/app/index.php?i=1&c=entry&m=ewei_shopv2&do=mobile&r=commission',
    'menuid' => '430124510',
    'from' => 'osBgU061paNjHwMzMBK3UycW8M70',
    'to' => 'gh_5c0f19e6e149',
    'time' => '1527136700',
    'type' => 'text',
    'content' => '首次',
    'redirection' => true,
    'source' => 'default',
    'original' => 'http://jyqc.hejiewl.com/app/index.php?i=1&c=entry&m=ewei_shopv2&do=mobile&r=commission',
  ),
  'module' => 'basic',
  'rule' => '28',
  'priority' => '255',
  'keyword' => 
  array (
    'id' => '53',
    'rid' => '28',
    'uniacid' => '1',
    'module' => 'basic',
    'content' => '首次',
    'type' => '2',
    'displayorder' => '255',
    'status' => '1',
  ),
)

2018-05-24 12:38:20 response :
------------
Array:
FromUserName : gh_5c0f19e6e149 ;
ToUserName : osBgU061paNjHwMzMBK3UycW8M70 ;
MsgType : text ;
Content : 经义汽车欢迎你! ;

