2018-06-26 08:50:00 trace :
------------
String:
<xml><ToUserName><![CDATA[gh_5c0f19e6e149]]></ToUserName>
<FromUserName><![CDATA[osBgU08QWEy4paZaa0rovwR-zdgI]]></FromUserName>
<CreateTime>1529974200</CreateTime>
<MsgType><![CDATA[event]]></MsgType>
<Event><![CDATA[unsubscribe]]></Event>
<EventKey><![CDATA[]]></EventKey>
</xml>

2018-06-26 12:21:50 trace :
------------
String:
<xml><ToUserName><![CDATA[gh_5c0f19e6e149]]></ToUserName>
<FromUserName><![CDATA[osBgU061paNjHwMzMBK3UycW8M70]]></FromUserName>
<CreateTime>1529986909</CreateTime>
<MsgType><![CDATA[event]]></MsgType>
<Event><![CDATA[VIEW]]></Event>
<EventKey><![CDATA[http://jyqc.hejiewl.com/app/index.php?i=1&c=entry&m=ewei_shopv2&do=mobile]]></EventKey>
<MenuId>430124510</MenuId>
</xml>

2018-06-26 12:21:50 params :
------------
String:
array (
  'message' => 
  array (
    'tousername' => 'gh_5c0f19e6e149',
    'fromusername' => 'osBgU061paNjHwMzMBK3UycW8M70',
    'createtime' => '1529986909',
    'msgtype' => 'event',
    'event' => 'VIEW',
    'eventkey' => 'http://jyqc.hejiewl.com/app/index.php?i=1&c=entry&m=ewei_shopv2&do=mobile',
    'menuid' => '430124510',
    'from' => 'osBgU061paNjHwMzMBK3UycW8M70',
    'to' => 'gh_5c0f19e6e149',
    'time' => '1529986909',
    'type' => 'text',
    'content' => '首次',
    'redirection' => true,
    'source' => 'default',
    'original' => 'http://jyqc.hejiewl.com/app/index.php?i=1&c=entry&m=ewei_shopv2&do=mobile',
  ),
  'module' => 'basic',
  'rule' => '28',
  'priority' => '255',
  'keyword' => 
  array (
    'id' => '53',
    'rid' => '28',
    'uniacid' => '1',
    'module' => 'basic',
    'content' => '首次',
    'type' => '2',
    'displayorder' => '255',
    'status' => '1',
  ),
)

2018-06-26 12:21:50 response :
------------
Array:
FromUserName : gh_5c0f19e6e149 ;
ToUserName : osBgU061paNjHwMzMBK3UycW8M70 ;
MsgType : text ;
Content : 经义汽车欢迎你! ;

2018-06-26 12:21:58 trace :
------------
String:
<xml><ToUserName><![CDATA[gh_5c0f19e6e149]]></ToUserName>
<FromUserName><![CDATA[osBgU061paNjHwMzMBK3UycW8M70]]></FromUserName>
<CreateTime>1529986918</CreateTime>
<MsgType><![CDATA[event]]></MsgType>
<Event><![CDATA[VIEW]]></Event>
<EventKey><![CDATA[http://jyqc.hejiewl.com/app/index.php?i=1&c=entry&m=ewei_shopv2&do=mobile]]></EventKey>
<MenuId>430124510</MenuId>
</xml>

2018-06-26 12:21:58 params :
------------
String:
array (
  'message' => 
  array (
    'tousername' => 'gh_5c0f19e6e149',
    'fromusername' => 'osBgU061paNjHwMzMBK3UycW8M70',
    'createtime' => '1529986918',
    'msgtype' => 'event',
    'event' => 'VIEW',
    'eventkey' => 'http://jyqc.hejiewl.com/app/index.php?i=1&c=entry&m=ewei_shopv2&do=mobile',
    'menuid' => '430124510',
    'from' => 'osBgU061paNjHwMzMBK3UycW8M70',
    'to' => 'gh_5c0f19e6e149',
    'time' => '1529986918',
    'type' => 'text',
    'content' => '首次',
    'redirection' => true,
    'source' => 'default',
    'original' => 'http://jyqc.hejiewl.com/app/index.php?i=1&c=entry&m=ewei_shopv2&do=mobile',
  ),
  'module' => 'basic',
  'rule' => '28',
  'priority' => '255',
  'keyword' => 
  array (
    'id' => '53',
    'rid' => '28',
    'uniacid' => '1',
    'module' => 'basic',
    'content' => '首次',
    'type' => '2',
    'displayorder' => '255',
    'status' => '1',
  ),
)

2018-06-26 12:21:58 response :
------------
Array:
FromUserName : gh_5c0f19e6e149 ;
ToUserName : osBgU061paNjHwMzMBK3UycW8M70 ;
MsgType : text ;
Content : 经义汽车欢迎你! ;

2018-06-26 15:14:59 trace :
------------
String:
<xml><ToUserName><![CDATA[gh_5c0f19e6e149]]></ToUserName>
<FromUserName><![CDATA[osBgU061paNjHwMzMBK3UycW8M70]]></FromUserName>
<CreateTime>1529997299</CreateTime>
<MsgType><![CDATA[event]]></MsgType>
<Event><![CDATA[VIEW]]></Event>
<EventKey><![CDATA[http://jyqc.hejiewl.com/app/index.php?i=1&c=entry&m=ewei_shopv2&do=mobile]]></EventKey>
<MenuId>430124510</MenuId>
</xml>

2018-06-26 15:14:59 params :
------------
String:
array (
  'message' => 
  array (
    'tousername' => 'gh_5c0f19e6e149',
    'fromusername' => 'osBgU061paNjHwMzMBK3UycW8M70',
    'createtime' => '1529997299',
    'msgtype' => 'event',
    'event' => 'VIEW',
    'eventkey' => 'http://jyqc.hejiewl.com/app/index.php?i=1&c=entry&m=ewei_shopv2&do=mobile',
    'menuid' => '430124510',
    'from' => 'osBgU061paNjHwMzMBK3UycW8M70',
    'to' => 'gh_5c0f19e6e149',
    'time' => '1529997299',
    'type' => 'text',
    'content' => '首次',
    'redirection' => true,
    'source' => 'default',
    'original' => 'http://jyqc.hejiewl.com/app/index.php?i=1&c=entry&m=ewei_shopv2&do=mobile',
  ),
  'module' => 'basic',
  'rule' => '28',
  'priority' => '255',
  'keyword' => 
  array (
    'id' => '53',
    'rid' => '28',
    'uniacid' => '1',
    'module' => 'basic',
    'content' => '首次',
    'type' => '2',
    'displayorder' => '255',
    'status' => '1',
  ),
)

2018-06-26 15:14:59 response :
------------
Array:
FromUserName : gh_5c0f19e6e149 ;
ToUserName : osBgU061paNjHwMzMBK3UycW8M70 ;
MsgType : text ;
Content : 经义汽车欢迎你! ;

2018-06-26 15:34:41 trace :
------------
String:
<xml><ToUserName><![CDATA[gh_5c0f19e6e149]]></ToUserName>
<FromUserName><![CDATA[osBgU061paNjHwMzMBK3UycW8M70]]></FromUserName>
<CreateTime>1529998481</CreateTime>
<MsgType><![CDATA[event]]></MsgType>
<Event><![CDATA[VIEW]]></Event>
<EventKey><![CDATA[http://jyqc.hejiewl.com/app/index.php?i=1&c=entry&m=ewei_shopv2&do=mobile]]></EventKey>
<MenuId>430124510</MenuId>
</xml>

2018-06-26 15:34:41 params :
------------
String:
array (
  'message' => 
  array (
    'tousername' => 'gh_5c0f19e6e149',
    'fromusername' => 'osBgU061paNjHwMzMBK3UycW8M70',
    'createtime' => '1529998481',
    'msgtype' => 'event',
    'event' => 'VIEW',
    'eventkey' => 'http://jyqc.hejiewl.com/app/index.php?i=1&c=entry&m=ewei_shopv2&do=mobile',
    'menuid' => '430124510',
    'from' => 'osBgU061paNjHwMzMBK3UycW8M70',
    'to' => 'gh_5c0f19e6e149',
    'time' => '1529998481',
    'type' => 'text',
    'content' => '首次',
    'redirection' => true,
    'source' => 'default',
    'original' => 'http://jyqc.hejiewl.com/app/index.php?i=1&c=entry&m=ewei_shopv2&do=mobile',
  ),
  'module' => 'basic',
  'rule' => '28',
  'priority' => '255',
  'keyword' => 
  array (
    'id' => '53',
    'rid' => '28',
    'uniacid' => '1',
    'module' => 'basic',
    'content' => '首次',
    'type' => '2',
    'displayorder' => '255',
    'status' => '1',
  ),
)

2018-06-26 15:34:41 response :
------------
Array:
FromUserName : gh_5c0f19e6e149 ;
ToUserName : osBgU061paNjHwMzMBK3UycW8M70 ;
MsgType : text ;
Content : 经义汽车欢迎你! ;

2018-06-26 15:35:04 trace :
------------
String:
<xml><ToUserName><![CDATA[gh_5c0f19e6e149]]></ToUserName>
<FromUserName><![CDATA[osBgU061paNjHwMzMBK3UycW8M70]]></FromUserName>
<CreateTime>1529998504</CreateTime>
<MsgType><![CDATA[event]]></MsgType>
<Event><![CDATA[VIEW]]></Event>
<EventKey><![CDATA[http://jyqc.hejiewl.com/app/index.php?i=1&c=entry&m=ewei_shopv2&do=mobile&r=member]]></EventKey>
<MenuId>430124510</MenuId>
</xml>

2018-06-26 15:35:04 params :
------------
String:
array (
  'message' => 
  array (
    'tousername' => 'gh_5c0f19e6e149',
    'fromusername' => 'osBgU061paNjHwMzMBK3UycW8M70',
    'createtime' => '1529998504',
    'msgtype' => 'event',
    'event' => 'VIEW',
    'eventkey' => 'http://jyqc.hejiewl.com/app/index.php?i=1&c=entry&m=ewei_shopv2&do=mobile&r=member',
    'menuid' => '430124510',
    'from' => 'osBgU061paNjHwMzMBK3UycW8M70',
    'to' => 'gh_5c0f19e6e149',
    'time' => '1529998504',
    'type' => 'text',
    'content' => '首次',
    'redirection' => true,
    'source' => 'default',
    'original' => 'http://jyqc.hejiewl.com/app/index.php?i=1&c=entry&m=ewei_shopv2&do=mobile&r=member',
  ),
  'module' => 'basic',
  'rule' => '28',
  'priority' => '255',
  'keyword' => 
  array (
    'id' => '53',
    'rid' => '28',
    'uniacid' => '1',
    'module' => 'basic',
    'content' => '首次',
    'type' => '2',
    'displayorder' => '255',
    'status' => '1',
  ),
)

2018-06-26 15:35:04 response :
------------
Array:
FromUserName : gh_5c0f19e6e149 ;
ToUserName : osBgU061paNjHwMzMBK3UycW8M70 ;
MsgType : text ;
Content : 经义汽车欢迎你! ;

2018-06-26 15:36:13 trace :
------------
String:
<xml><ToUserName><![CDATA[gh_5c0f19e6e149]]></ToUserName>
<FromUserName><![CDATA[osBgU061paNjHwMzMBK3UycW8M70]]></FromUserName>
<CreateTime>1529998573</CreateTime>
<MsgType><![CDATA[event]]></MsgType>
<Event><![CDATA[VIEW]]></Event>
<EventKey><![CDATA[http://jyqc.hejiewl.com/app/index.php?i=1&c=entry&m=ewei_shopv2&do=mobile&r=merch.list.merchuser]]></EventKey>
<MenuId>430124510</MenuId>
</xml>

2018-06-26 15:36:13 params :
------------
String:
array (
  'message' => 
  array (
    'tousername' => 'gh_5c0f19e6e149',
    'fromusername' => 'osBgU061paNjHwMzMBK3UycW8M70',
    'createtime' => '1529998573',
    'msgtype' => 'event',
    'event' => 'VIEW',
    'eventkey' => 'http://jyqc.hejiewl.com/app/index.php?i=1&c=entry&m=ewei_shopv2&do=mobile&r=merch.list.merchuser',
    'menuid' => '430124510',
    'from' => 'osBgU061paNjHwMzMBK3UycW8M70',
    'to' => 'gh_5c0f19e6e149',
    'time' => '1529998573',
    'type' => 'text',
    'content' => '首次',
    'redirection' => true,
    'source' => 'default',
    'original' => 'http://jyqc.hejiewl.com/app/index.php?i=1&c=entry&m=ewei_shopv2&do=mobile&r=merch.list.merchuser',
  ),
  'module' => 'basic',
  'rule' => '28',
  'priority' => '255',
  'keyword' => 
  array (
    'id' => '53',
    'rid' => '28',
    'uniacid' => '1',
    'module' => 'basic',
    'content' => '首次',
    'type' => '2',
    'displayorder' => '255',
    'status' => '1',
  ),
)

2018-06-26 15:36:13 response :
------------
Array:
FromUserName : gh_5c0f19e6e149 ;
ToUserName : osBgU061paNjHwMzMBK3UycW8M70 ;
MsgType : text ;
Content : 经义汽车欢迎你! ;

2018-06-26 15:41:52 trace :
------------
String:
<xml><ToUserName><![CDATA[gh_5c0f19e6e149]]></ToUserName>
<FromUserName><![CDATA[osBgU061paNjHwMzMBK3UycW8M70]]></FromUserName>
<CreateTime>1529998912</CreateTime>
<MsgType><![CDATA[event]]></MsgType>
<Event><![CDATA[VIEW]]></Event>
<EventKey><![CDATA[http://jyqc.hejiewl.com/app/index.php?i=1&c=entry&m=ewei_shopv2&do=mobile&r=merch.list.merchuser]]></EventKey>
<MenuId>430124510</MenuId>
</xml>

2018-06-26 15:41:52 params :
------------
String:
array (
  'message' => 
  array (
    'tousername' => 'gh_5c0f19e6e149',
    'fromusername' => 'osBgU061paNjHwMzMBK3UycW8M70',
    'createtime' => '1529998912',
    'msgtype' => 'event',
    'event' => 'VIEW',
    'eventkey' => 'http://jyqc.hejiewl.com/app/index.php?i=1&c=entry&m=ewei_shopv2&do=mobile&r=merch.list.merchuser',
    'menuid' => '430124510',
    'from' => 'osBgU061paNjHwMzMBK3UycW8M70',
    'to' => 'gh_5c0f19e6e149',
    'time' => '1529998912',
    'type' => 'text',
    'content' => '首次',
    'redirection' => true,
    'source' => 'default',
    'original' => 'http://jyqc.hejiewl.com/app/index.php?i=1&c=entry&m=ewei_shopv2&do=mobile&r=merch.list.merchuser',
  ),
  'module' => 'basic',
  'rule' => '28',
  'priority' => '255',
  'keyword' => 
  array (
    'id' => '53',
    'rid' => '28',
    'uniacid' => '1',
    'module' => 'basic',
    'content' => '首次',
    'type' => '2',
    'displayorder' => '255',
    'status' => '1',
  ),
)

2018-06-26 15:41:52 response :
------------
Array:
FromUserName : gh_5c0f19e6e149 ;
ToUserName : osBgU061paNjHwMzMBK3UycW8M70 ;
MsgType : text ;
Content : 经义汽车欢迎你! ;

2018-06-26 16:03:06 trace :
------------
String:
<xml><ToUserName><![CDATA[gh_5c0f19e6e149]]></ToUserName>
<FromUserName><![CDATA[osBgU05qp93EK7K3MiztmLfAcGGs]]></FromUserName>
<CreateTime>1530000186</CreateTime>
<MsgType><![CDATA[event]]></MsgType>
<Event><![CDATA[VIEW]]></Event>
<EventKey><![CDATA[http://jyqc.hejiewl.com/app/index.php?i=1&c=entry&m=ewei_shopv2&do=mobile&r=member]]></EventKey>
<MenuId>430124510</MenuId>
</xml>

2018-06-26 16:03:06 params :
------------
String:
array (
  'message' => 
  array (
    'tousername' => 'gh_5c0f19e6e149',
    'fromusername' => 'osBgU05qp93EK7K3MiztmLfAcGGs',
    'createtime' => '1530000186',
    'msgtype' => 'event',
    'event' => 'VIEW',
    'eventkey' => 'http://jyqc.hejiewl.com/app/index.php?i=1&c=entry&m=ewei_shopv2&do=mobile&r=member',
    'menuid' => '430124510',
    'from' => 'osBgU05qp93EK7K3MiztmLfAcGGs',
    'to' => 'gh_5c0f19e6e149',
    'time' => '1530000186',
    'type' => 'text',
    'content' => '首次',
    'redirection' => true,
    'source' => 'default',
    'original' => 'http://jyqc.hejiewl.com/app/index.php?i=1&c=entry&m=ewei_shopv2&do=mobile&r=member',
  ),
  'module' => 'basic',
  'rule' => '28',
  'priority' => '255',
  'keyword' => 
  array (
    'id' => '53',
    'rid' => '28',
    'uniacid' => '1',
    'module' => 'basic',
    'content' => '首次',
    'type' => '2',
    'displayorder' => '255',
    'status' => '1',
  ),
)

2018-06-26 16:03:06 response :
------------
Array:
FromUserName : gh_5c0f19e6e149 ;
ToUserName : osBgU05qp93EK7K3MiztmLfAcGGs ;
MsgType : text ;
Content : 经义汽车欢迎你! ;

2018-06-26 16:06:29 trace :
------------
String:
<xml><ToUserName><![CDATA[gh_5c0f19e6e149]]></ToUserName>
<FromUserName><![CDATA[osBgU061paNjHwMzMBK3UycW8M70]]></FromUserName>
<CreateTime>1530000388</CreateTime>
<MsgType><![CDATA[event]]></MsgType>
<Event><![CDATA[VIEW]]></Event>
<EventKey><![CDATA[http://jyqc.hejiewl.com/app/index.php?i=1&c=entry&m=ewei_shopv2&do=mobile&r=commission]]></EventKey>
<MenuId>430124510</MenuId>
</xml>

2018-06-26 16:06:29 params :
------------
String:
array (
  'message' => 
  array (
    'tousername' => 'gh_5c0f19e6e149',
    'fromusername' => 'osBgU061paNjHwMzMBK3UycW8M70',
    'createtime' => '1530000388',
    'msgtype' => 'event',
    'event' => 'VIEW',
    'eventkey' => 'http://jyqc.hejiewl.com/app/index.php?i=1&c=entry&m=ewei_shopv2&do=mobile&r=commission',
    'menuid' => '430124510',
    'from' => 'osBgU061paNjHwMzMBK3UycW8M70',
    'to' => 'gh_5c0f19e6e149',
    'time' => '1530000388',
    'type' => 'text',
    'content' => '首次',
    'redirection' => true,
    'source' => 'default',
    'original' => 'http://jyqc.hejiewl.com/app/index.php?i=1&c=entry&m=ewei_shopv2&do=mobile&r=commission',
  ),
  'module' => 'basic',
  'rule' => '28',
  'priority' => '255',
  'keyword' => 
  array (
    'id' => '53',
    'rid' => '28',
    'uniacid' => '1',
    'module' => 'basic',
    'content' => '首次',
    'type' => '2',
    'displayorder' => '255',
    'status' => '1',
  ),
)

2018-06-26 16:06:29 response :
------------
Array:
FromUserName : gh_5c0f19e6e149 ;
ToUserName : osBgU061paNjHwMzMBK3UycW8M70 ;
MsgType : text ;
Content : 经义汽车欢迎你! ;

2018-06-26 16:06:34 trace :
------------
String:
<xml><ToUserName><![CDATA[gh_5c0f19e6e149]]></ToUserName>
<FromUserName><![CDATA[osBgU061paNjHwMzMBK3UycW8M70]]></FromUserName>
<CreateTime>1530000394</CreateTime>
<MsgType><![CDATA[event]]></MsgType>
<Event><![CDATA[VIEW]]></Event>
<EventKey><![CDATA[http://jyqc.hejiewl.com/app/index.php?i=1&c=entry&m=ewei_shopv2&do=mobile&r=member]]></EventKey>
<MenuId>430124510</MenuId>
</xml>

2018-06-26 16:06:34 params :
------------
String:
array (
  'message' => 
  array (
    'tousername' => 'gh_5c0f19e6e149',
    'fromusername' => 'osBgU061paNjHwMzMBK3UycW8M70',
    'createtime' => '1530000394',
    'msgtype' => 'event',
    'event' => 'VIEW',
    'eventkey' => 'http://jyqc.hejiewl.com/app/index.php?i=1&c=entry&m=ewei_shopv2&do=mobile&r=member',
    'menuid' => '430124510',
    'from' => 'osBgU061paNjHwMzMBK3UycW8M70',
    'to' => 'gh_5c0f19e6e149',
    'time' => '1530000394',
    'type' => 'text',
    'content' => '首次',
    'redirection' => true,
    'source' => 'default',
    'original' => 'http://jyqc.hejiewl.com/app/index.php?i=1&c=entry&m=ewei_shopv2&do=mobile&r=member',
  ),
  'module' => 'basic',
  'rule' => '28',
  'priority' => '255',
  'keyword' => 
  array (
    'id' => '53',
    'rid' => '28',
    'uniacid' => '1',
    'module' => 'basic',
    'content' => '首次',
    'type' => '2',
    'displayorder' => '255',
    'status' => '1',
  ),
)

2018-06-26 16:06:34 response :
------------
Array:
FromUserName : gh_5c0f19e6e149 ;
ToUserName : osBgU061paNjHwMzMBK3UycW8M70 ;
MsgType : text ;
Content : 经义汽车欢迎你! ;

2018-06-26 16:08:36 trace :
------------
String:
<xml><ToUserName><![CDATA[gh_5c0f19e6e149]]></ToUserName>
<FromUserName><![CDATA[osBgU0wMmGEJlmHJGNwjT4-EurDA]]></FromUserName>
<CreateTime>1530000516</CreateTime>
<MsgType><![CDATA[event]]></MsgType>
<Event><![CDATA[subscribe]]></Event>
<EventKey><![CDATA[]]></EventKey>
</xml>

2018-06-26 16:08:36 params :
------------
String:
array (
  'message' => 
  array (
    'tousername' => 'gh_5c0f19e6e149',
    'fromusername' => 'osBgU0wMmGEJlmHJGNwjT4-EurDA',
    'createtime' => '1530000516',
    'msgtype' => 'event',
    'event' => 'subscribe',
    'eventkey' => '',
    'from' => 'osBgU0wMmGEJlmHJGNwjT4-EurDA',
    'to' => 'gh_5c0f19e6e149',
    'time' => '1530000516',
    'type' => 'text',
    'redirection' => true,
    'source' => 'subscribe',
    'content' => '首次',
  ),
  'module' => 'basic',
  'rule' => '28',
  'priority' => '255',
  'keyword' => 
  array (
    'id' => '53',
    'rid' => '28',
    'uniacid' => '1',
    'module' => 'basic',
    'content' => '首次',
    'type' => '2',
    'displayorder' => '255',
    'status' => '1',
  ),
)

2018-06-26 16:08:36 response :
------------
Array:
FromUserName : gh_5c0f19e6e149 ;
ToUserName : osBgU0wMmGEJlmHJGNwjT4-EurDA ;
MsgType : text ;
Content : 经义汽车欢迎你! ;

2018-06-26 16:08:37 trace :
------------
String:
<xml><ToUserName><![CDATA[gh_5c0f19e6e149]]></ToUserName>
<FromUserName><![CDATA[osBgU0wMmGEJlmHJGNwjT4-EurDA]]></FromUserName>
<CreateTime>1530000517</CreateTime>
<MsgType><![CDATA[event]]></MsgType>
<Event><![CDATA[VIEW]]></Event>
<EventKey><![CDATA[http://jyqc.hejiewl.com/app/index.php?i=1&c=entry&m=ewei_shopv2&do=mobile]]></EventKey>
<MenuId>430124510</MenuId>
</xml>

2018-06-26 16:08:37 params :
------------
String:
array (
  'message' => 
  array (
    'tousername' => 'gh_5c0f19e6e149',
    'fromusername' => 'osBgU0wMmGEJlmHJGNwjT4-EurDA',
    'createtime' => '1530000517',
    'msgtype' => 'event',
    'event' => 'VIEW',
    'eventkey' => 'http://jyqc.hejiewl.com/app/index.php?i=1&c=entry&m=ewei_shopv2&do=mobile',
    'menuid' => '430124510',
    'from' => 'osBgU0wMmGEJlmHJGNwjT4-EurDA',
    'to' => 'gh_5c0f19e6e149',
    'time' => '1530000517',
    'type' => 'text',
    'content' => '首次',
    'redirection' => true,
    'source' => 'default',
    'original' => 'http://jyqc.hejiewl.com/app/index.php?i=1&c=entry&m=ewei_shopv2&do=mobile',
  ),
  'module' => 'basic',
  'rule' => '28',
  'priority' => '255',
  'keyword' => 
  array (
    'id' => '53',
    'rid' => '28',
    'uniacid' => '1',
    'module' => 'basic',
    'content' => '首次',
    'type' => '2',
    'displayorder' => '255',
    'status' => '1',
  ),
)

2018-06-26 16:08:37 response :
------------
Array:
FromUserName : gh_5c0f19e6e149 ;
ToUserName : osBgU0wMmGEJlmHJGNwjT4-EurDA ;
MsgType : text ;
Content : 经义汽车欢迎你! ;

2018-06-26 16:09:26 trace :
------------
String:
<xml><ToUserName><![CDATA[gh_5c0f19e6e149]]></ToUserName>
<FromUserName><![CDATA[osBgU061paNjHwMzMBK3UycW8M70]]></FromUserName>
<CreateTime>1530000566</CreateTime>
<MsgType><![CDATA[event]]></MsgType>
<Event><![CDATA[VIEW]]></Event>
<EventKey><![CDATA[http://jyqc.hejiewl.com/app/index.php?i=1&c=entry&m=ewei_shopv2&do=mobile&r=member]]></EventKey>
<MenuId>430124510</MenuId>
</xml>

2018-06-26 16:09:26 params :
------------
String:
array (
  'message' => 
  array (
    'tousername' => 'gh_5c0f19e6e149',
    'fromusername' => 'osBgU061paNjHwMzMBK3UycW8M70',
    'createtime' => '1530000566',
    'msgtype' => 'event',
    'event' => 'VIEW',
    'eventkey' => 'http://jyqc.hejiewl.com/app/index.php?i=1&c=entry&m=ewei_shopv2&do=mobile&r=member',
    'menuid' => '430124510',
    'from' => 'osBgU061paNjHwMzMBK3UycW8M70',
    'to' => 'gh_5c0f19e6e149',
    'time' => '1530000566',
    'type' => 'text',
    'content' => '首次',
    'redirection' => true,
    'source' => 'default',
    'original' => 'http://jyqc.hejiewl.com/app/index.php?i=1&c=entry&m=ewei_shopv2&do=mobile&r=member',
  ),
  'module' => 'basic',
  'rule' => '28',
  'priority' => '255',
  'keyword' => 
  array (
    'id' => '53',
    'rid' => '28',
    'uniacid' => '1',
    'module' => 'basic',
    'content' => '首次',
    'type' => '2',
    'displayorder' => '255',
    'status' => '1',
  ),
)

2018-06-26 16:09:26 response :
------------
Array:
FromUserName : gh_5c0f19e6e149 ;
ToUserName : osBgU061paNjHwMzMBK3UycW8M70 ;
MsgType : text ;
Content : 经义汽车欢迎你! ;

2018-06-26 16:09:37 trace :
------------
String:
<xml><ToUserName><![CDATA[gh_5c0f19e6e149]]></ToUserName>
<FromUserName><![CDATA[osBgU06rsub7w00TeH_YlZw7uyRE]]></FromUserName>
<CreateTime>1530000577</CreateTime>
<MsgType><![CDATA[event]]></MsgType>
<Event><![CDATA[VIEW]]></Event>
<EventKey><![CDATA[http://jyqc.hejiewl.com/app/index.php?i=1&c=entry&m=ewei_shopv2&do=mobile&r=member]]></EventKey>
<MenuId>430124510</MenuId>
</xml>

2018-06-26 16:09:37 params :
------------
String:
array (
  'message' => 
  array (
    'tousername' => 'gh_5c0f19e6e149',
    'fromusername' => 'osBgU06rsub7w00TeH_YlZw7uyRE',
    'createtime' => '1530000577',
    'msgtype' => 'event',
    'event' => 'VIEW',
    'eventkey' => 'http://jyqc.hejiewl.com/app/index.php?i=1&c=entry&m=ewei_shopv2&do=mobile&r=member',
    'menuid' => '430124510',
    'from' => 'osBgU06rsub7w00TeH_YlZw7uyRE',
    'to' => 'gh_5c0f19e6e149',
    'time' => '1530000577',
    'type' => 'text',
    'content' => '首次',
    'redirection' => true,
    'source' => 'default',
    'original' => 'http://jyqc.hejiewl.com/app/index.php?i=1&c=entry&m=ewei_shopv2&do=mobile&r=member',
  ),
  'module' => 'basic',
  'rule' => '28',
  'priority' => '255',
  'keyword' => 
  array (
    'id' => '53',
    'rid' => '28',
    'uniacid' => '1',
    'module' => 'basic',
    'content' => '首次',
    'type' => '2',
    'displayorder' => '255',
    'status' => '1',
  ),
)

2018-06-26 16:09:37 response :
------------
Array:
FromUserName : gh_5c0f19e6e149 ;
ToUserName : osBgU06rsub7w00TeH_YlZw7uyRE ;
MsgType : text ;
Content : 经义汽车欢迎你! ;

2018-06-26 16:09:41 trace :
------------
String:
<xml><ToUserName><![CDATA[gh_5c0f19e6e149]]></ToUserName>
<FromUserName><![CDATA[osBgU061paNjHwMzMBK3UycW8M70]]></FromUserName>
<CreateTime>1530000581</CreateTime>
<MsgType><![CDATA[event]]></MsgType>
<Event><![CDATA[VIEW]]></Event>
<EventKey><![CDATA[http://jyqc.hejiewl.com/app/index.php?i=1&c=entry&m=ewei_shopv2&do=mobile&r=member]]></EventKey>
<MenuId>430124510</MenuId>
</xml>

2018-06-26 16:09:41 params :
------------
String:
array (
  'message' => 
  array (
    'tousername' => 'gh_5c0f19e6e149',
    'fromusername' => 'osBgU061paNjHwMzMBK3UycW8M70',
    'createtime' => '1530000581',
    'msgtype' => 'event',
    'event' => 'VIEW',
    'eventkey' => 'http://jyqc.hejiewl.com/app/index.php?i=1&c=entry&m=ewei_shopv2&do=mobile&r=member',
    'menuid' => '430124510',
    'from' => 'osBgU061paNjHwMzMBK3UycW8M70',
    'to' => 'gh_5c0f19e6e149',
    'time' => '1530000581',
    'type' => 'text',
    'content' => '首次',
    'redirection' => true,
    'source' => 'default',
    'original' => 'http://jyqc.hejiewl.com/app/index.php?i=1&c=entry&m=ewei_shopv2&do=mobile&r=member',
  ),
  'module' => 'basic',
  'rule' => '28',
  'priority' => '255',
  'keyword' => 
  array (
    'id' => '53',
    'rid' => '28',
    'uniacid' => '1',
    'module' => 'basic',
    'content' => '首次',
    'type' => '2',
    'displayorder' => '255',
    'status' => '1',
  ),
)

2018-06-26 16:09:41 response :
------------
Array:
FromUserName : gh_5c0f19e6e149 ;
ToUserName : osBgU061paNjHwMzMBK3UycW8M70 ;
MsgType : text ;
Content : 经义汽车欢迎你! ;

2018-06-26 16:09:51 trace :
------------
String:
<xml><ToUserName><![CDATA[gh_5c0f19e6e149]]></ToUserName>
<FromUserName><![CDATA[osBgU061paNjHwMzMBK3UycW8M70]]></FromUserName>
<CreateTime>1530000591</CreateTime>
<MsgType><![CDATA[event]]></MsgType>
<Event><![CDATA[VIEW]]></Event>
<EventKey><![CDATA[http://jyqc.hejiewl.com/app/index.php?i=1&c=entry&m=ewei_shopv2&do=mobile&r=member]]></EventKey>
<MenuId>430124510</MenuId>
</xml>

2018-06-26 16:09:51 params :
------------
String:
array (
  'message' => 
  array (
    'tousername' => 'gh_5c0f19e6e149',
    'fromusername' => 'osBgU061paNjHwMzMBK3UycW8M70',
    'createtime' => '1530000591',
    'msgtype' => 'event',
    'event' => 'VIEW',
    'eventkey' => 'http://jyqc.hejiewl.com/app/index.php?i=1&c=entry&m=ewei_shopv2&do=mobile&r=member',
    'menuid' => '430124510',
    'from' => 'osBgU061paNjHwMzMBK3UycW8M70',
    'to' => 'gh_5c0f19e6e149',
    'time' => '1530000591',
    'type' => 'text',
    'content' => '首次',
    'redirection' => true,
    'source' => 'default',
    'original' => 'http://jyqc.hejiewl.com/app/index.php?i=1&c=entry&m=ewei_shopv2&do=mobile&r=member',
  ),
  'module' => 'basic',
  'rule' => '28',
  'priority' => '255',
  'keyword' => 
  array (
    'id' => '53',
    'rid' => '28',
    'uniacid' => '1',
    'module' => 'basic',
    'content' => '首次',
    'type' => '2',
    'displayorder' => '255',
    'status' => '1',
  ),
)

2018-06-26 16:09:51 response :
------------
Array:
FromUserName : gh_5c0f19e6e149 ;
ToUserName : osBgU061paNjHwMzMBK3UycW8M70 ;
MsgType : text ;
Content : 经义汽车欢迎你! ;

2018-06-26 16:10:01 trace :
------------
String:
<xml><ToUserName><![CDATA[gh_5c0f19e6e149]]></ToUserName>
<FromUserName><![CDATA[osBgU06rsub7w00TeH_YlZw7uyRE]]></FromUserName>
<CreateTime>1530000601</CreateTime>
<MsgType><![CDATA[event]]></MsgType>
<Event><![CDATA[VIEW]]></Event>
<EventKey><![CDATA[http://jyqc.hejiewl.com/app/index.php?i=1&c=entry&m=ewei_shopv2&do=mobile&r=member]]></EventKey>
<MenuId>430124510</MenuId>
</xml>

2018-06-26 16:10:01 params :
------------
String:
array (
  'message' => 
  array (
    'tousername' => 'gh_5c0f19e6e149',
    'fromusername' => 'osBgU06rsub7w00TeH_YlZw7uyRE',
    'createtime' => '1530000601',
    'msgtype' => 'event',
    'event' => 'VIEW',
    'eventkey' => 'http://jyqc.hejiewl.com/app/index.php?i=1&c=entry&m=ewei_shopv2&do=mobile&r=member',
    'menuid' => '430124510',
    'from' => 'osBgU06rsub7w00TeH_YlZw7uyRE',
    'to' => 'gh_5c0f19e6e149',
    'time' => '1530000601',
    'type' => 'text',
    'content' => '首次',
    'redirection' => true,
    'source' => 'default',
    'original' => 'http://jyqc.hejiewl.com/app/index.php?i=1&c=entry&m=ewei_shopv2&do=mobile&r=member',
  ),
  'module' => 'basic',
  'rule' => '28',
  'priority' => '255',
  'keyword' => 
  array (
    'id' => '53',
    'rid' => '28',
    'uniacid' => '1',
    'module' => 'basic',
    'content' => '首次',
    'type' => '2',
    'displayorder' => '255',
    'status' => '1',
  ),
)

2018-06-26 16:10:01 response :
------------
Array:
FromUserName : gh_5c0f19e6e149 ;
ToUserName : osBgU06rsub7w00TeH_YlZw7uyRE ;
MsgType : text ;
Content : 经义汽车欢迎你! ;

2018-06-26 16:10:15 trace :
------------
String:
<xml><ToUserName><![CDATA[gh_5c0f19e6e149]]></ToUserName>
<FromUserName><![CDATA[osBgU061paNjHwMzMBK3UycW8M70]]></FromUserName>
<CreateTime>1530000614</CreateTime>
<MsgType><![CDATA[event]]></MsgType>
<Event><![CDATA[VIEW]]></Event>
<EventKey><![CDATA[http://jyqc.hejiewl.com/app/index.php?i=1&c=entry&m=ewei_shopv2&do=mobile&r=member]]></EventKey>
<MenuId>430124510</MenuId>
</xml>

2018-06-26 16:10:15 params :
------------
String:
array (
  'message' => 
  array (
    'tousername' => 'gh_5c0f19e6e149',
    'fromusername' => 'osBgU061paNjHwMzMBK3UycW8M70',
    'createtime' => '1530000614',
    'msgtype' => 'event',
    'event' => 'VIEW',
    'eventkey' => 'http://jyqc.hejiewl.com/app/index.php?i=1&c=entry&m=ewei_shopv2&do=mobile&r=member',
    'menuid' => '430124510',
    'from' => 'osBgU061paNjHwMzMBK3UycW8M70',
    'to' => 'gh_5c0f19e6e149',
    'time' => '1530000614',
    'type' => 'text',
    'content' => '首次',
    'redirection' => true,
    'source' => 'default',
    'original' => 'http://jyqc.hejiewl.com/app/index.php?i=1&c=entry&m=ewei_shopv2&do=mobile&r=member',
  ),
  'module' => 'basic',
  'rule' => '28',
  'priority' => '255',
  'keyword' => 
  array (
    'id' => '53',
    'rid' => '28',
    'uniacid' => '1',
    'module' => 'basic',
    'content' => '首次',
    'type' => '2',
    'displayorder' => '255',
    'status' => '1',
  ),
)

2018-06-26 16:10:15 response :
------------
Array:
FromUserName : gh_5c0f19e6e149 ;
ToUserName : osBgU061paNjHwMzMBK3UycW8M70 ;
MsgType : text ;
Content : 经义汽车欢迎你! ;

2018-06-26 16:10:16 trace :
------------
String:
<xml><ToUserName><![CDATA[gh_5c0f19e6e149]]></ToUserName>
<FromUserName><![CDATA[osBgU06rsub7w00TeH_YlZw7uyRE]]></FromUserName>
<CreateTime>1530000616</CreateTime>
<MsgType><![CDATA[event]]></MsgType>
<Event><![CDATA[VIEW]]></Event>
<EventKey><![CDATA[http://jyqc.hejiewl.com/app/index.php?i=1&c=entry&m=ewei_shopv2&do=mobile&r=member]]></EventKey>
<MenuId>430124510</MenuId>
</xml>

2018-06-26 16:10:16 params :
------------
String:
array (
  'message' => 
  array (
    'tousername' => 'gh_5c0f19e6e149',
    'fromusername' => 'osBgU06rsub7w00TeH_YlZw7uyRE',
    'createtime' => '1530000616',
    'msgtype' => 'event',
    'event' => 'VIEW',
    'eventkey' => 'http://jyqc.hejiewl.com/app/index.php?i=1&c=entry&m=ewei_shopv2&do=mobile&r=member',
    'menuid' => '430124510',
    'from' => 'osBgU06rsub7w00TeH_YlZw7uyRE',
    'to' => 'gh_5c0f19e6e149',
    'time' => '1530000616',
    'type' => 'text',
    'content' => '首次',
    'redirection' => true,
    'source' => 'default',
    'original' => 'http://jyqc.hejiewl.com/app/index.php?i=1&c=entry&m=ewei_shopv2&do=mobile&r=member',
  ),
  'module' => 'basic',
  'rule' => '28',
  'priority' => '255',
  'keyword' => 
  array (
    'id' => '53',
    'rid' => '28',
    'uniacid' => '1',
    'module' => 'basic',
    'content' => '首次',
    'type' => '2',
    'displayorder' => '255',
    'status' => '1',
  ),
)

2018-06-26 16:10:16 response :
------------
Array:
FromUserName : gh_5c0f19e6e149 ;
ToUserName : osBgU06rsub7w00TeH_YlZw7uyRE ;
MsgType : text ;
Content : 经义汽车欢迎你! ;

2018-06-26 16:10:32 trace :
------------
String:
<xml><ToUserName><![CDATA[gh_5c0f19e6e149]]></ToUserName>
<FromUserName><![CDATA[osBgU061paNjHwMzMBK3UycW8M70]]></FromUserName>
<CreateTime>1530000632</CreateTime>
<MsgType><![CDATA[event]]></MsgType>
<Event><![CDATA[VIEW]]></Event>
<EventKey><![CDATA[http://jyqc.hejiewl.com/app/index.php?i=1&c=entry&m=ewei_shopv2&do=mobile]]></EventKey>
<MenuId>430124510</MenuId>
</xml>

2018-06-26 16:10:32 params :
------------
String:
array (
  'message' => 
  array (
    'tousername' => 'gh_5c0f19e6e149',
    'fromusername' => 'osBgU061paNjHwMzMBK3UycW8M70',
    'createtime' => '1530000632',
    'msgtype' => 'event',
    'event' => 'VIEW',
    'eventkey' => 'http://jyqc.hejiewl.com/app/index.php?i=1&c=entry&m=ewei_shopv2&do=mobile',
    'menuid' => '430124510',
    'from' => 'osBgU061paNjHwMzMBK3UycW8M70',
    'to' => 'gh_5c0f19e6e149',
    'time' => '1530000632',
    'type' => 'text',
    'content' => '首次',
    'redirection' => true,
    'source' => 'default',
    'original' => 'http://jyqc.hejiewl.com/app/index.php?i=1&c=entry&m=ewei_shopv2&do=mobile',
  ),
  'module' => 'basic',
  'rule' => '28',
  'priority' => '255',
  'keyword' => 
  array (
    'id' => '53',
    'rid' => '28',
    'uniacid' => '1',
    'module' => 'basic',
    'content' => '首次',
    'type' => '2',
    'displayorder' => '255',
    'status' => '1',
  ),
)

2018-06-26 16:10:32 response :
------------
Array:
FromUserName : gh_5c0f19e6e149 ;
ToUserName : osBgU061paNjHwMzMBK3UycW8M70 ;
MsgType : text ;
Content : 经义汽车欢迎你! ;

2018-06-26 16:11:02 trace :
------------
String:
<xml><ToUserName><![CDATA[gh_5c0f19e6e149]]></ToUserName>
<FromUserName><![CDATA[osBgU0wMmGEJlmHJGNwjT4-EurDA]]></FromUserName>
<CreateTime>1530000662</CreateTime>
<MsgType><![CDATA[event]]></MsgType>
<Event><![CDATA[VIEW]]></Event>
<EventKey><![CDATA[http://jyqc.hejiewl.com/app/index.php?i=1&c=entry&m=ewei_shopv2&do=mobile&r=member]]></EventKey>
<MenuId>430124510</MenuId>
</xml>

2018-06-26 16:11:02 params :
------------
String:
array (
  'message' => 
  array (
    'tousername' => 'gh_5c0f19e6e149',
    'fromusername' => 'osBgU0wMmGEJlmHJGNwjT4-EurDA',
    'createtime' => '1530000662',
    'msgtype' => 'event',
    'event' => 'VIEW',
    'eventkey' => 'http://jyqc.hejiewl.com/app/index.php?i=1&c=entry&m=ewei_shopv2&do=mobile&r=member',
    'menuid' => '430124510',
    'from' => 'osBgU0wMmGEJlmHJGNwjT4-EurDA',
    'to' => 'gh_5c0f19e6e149',
    'time' => '1530000662',
    'type' => 'text',
    'content' => '首次',
    'redirection' => true,
    'source' => 'default',
    'original' => 'http://jyqc.hejiewl.com/app/index.php?i=1&c=entry&m=ewei_shopv2&do=mobile&r=member',
  ),
  'module' => 'basic',
  'rule' => '28',
  'priority' => '255',
  'keyword' => 
  array (
    'id' => '53',
    'rid' => '28',
    'uniacid' => '1',
    'module' => 'basic',
    'content' => '首次',
    'type' => '2',
    'displayorder' => '255',
    'status' => '1',
  ),
)

2018-06-26 16:11:02 response :
------------
Array:
FromUserName : gh_5c0f19e6e149 ;
ToUserName : osBgU0wMmGEJlmHJGNwjT4-EurDA ;
MsgType : text ;
Content : 经义汽车欢迎你! ;

2018-06-26 16:11:42 trace :
------------
String:
<xml><ToUserName><![CDATA[gh_5c0f19e6e149]]></ToUserName>
<FromUserName><![CDATA[osBgU06rsub7w00TeH_YlZw7uyRE]]></FromUserName>
<CreateTime>1530000702</CreateTime>
<MsgType><![CDATA[event]]></MsgType>
<Event><![CDATA[VIEW]]></Event>
<EventKey><![CDATA[http://jyqc.hejiewl.com/app/index.php?i=1&c=entry&m=ewei_shopv2&do=mobile&r=member]]></EventKey>
<MenuId>430124510</MenuId>
</xml>

2018-06-26 16:11:42 params :
------------
String:
array (
  'message' => 
  array (
    'tousername' => 'gh_5c0f19e6e149',
    'fromusername' => 'osBgU06rsub7w00TeH_YlZw7uyRE',
    'createtime' => '1530000702',
    'msgtype' => 'event',
    'event' => 'VIEW',
    'eventkey' => 'http://jyqc.hejiewl.com/app/index.php?i=1&c=entry&m=ewei_shopv2&do=mobile&r=member',
    'menuid' => '430124510',
    'from' => 'osBgU06rsub7w00TeH_YlZw7uyRE',
    'to' => 'gh_5c0f19e6e149',
    'time' => '1530000702',
    'type' => 'text',
    'content' => '首次',
    'redirection' => true,
    'source' => 'default',
    'original' => 'http://jyqc.hejiewl.com/app/index.php?i=1&c=entry&m=ewei_shopv2&do=mobile&r=member',
  ),
  'module' => 'basic',
  'rule' => '28',
  'priority' => '255',
  'keyword' => 
  array (
    'id' => '53',
    'rid' => '28',
    'uniacid' => '1',
    'module' => 'basic',
    'content' => '首次',
    'type' => '2',
    'displayorder' => '255',
    'status' => '1',
  ),
)

2018-06-26 16:11:42 response :
------------
Array:
FromUserName : gh_5c0f19e6e149 ;
ToUserName : osBgU06rsub7w00TeH_YlZw7uyRE ;
MsgType : text ;
Content : 经义汽车欢迎你! ;

2018-06-26 16:11:45 trace :
------------
String:
<xml><ToUserName><![CDATA[gh_5c0f19e6e149]]></ToUserName>
<FromUserName><![CDATA[osBgU0wMmGEJlmHJGNwjT4-EurDA]]></FromUserName>
<CreateTime>1530000705</CreateTime>
<MsgType><![CDATA[event]]></MsgType>
<Event><![CDATA[VIEW]]></Event>
<EventKey><![CDATA[http://jyqc.hejiewl.com/app/index.php?i=1&c=entry&m=ewei_shopv2&do=mobile&r=member]]></EventKey>
<MenuId>430124510</MenuId>
</xml>

2018-06-26 16:11:45 params :
------------
String:
array (
  'message' => 
  array (
    'tousername' => 'gh_5c0f19e6e149',
    'fromusername' => 'osBgU0wMmGEJlmHJGNwjT4-EurDA',
    'createtime' => '1530000705',
    'msgtype' => 'event',
    'event' => 'VIEW',
    'eventkey' => 'http://jyqc.hejiewl.com/app/index.php?i=1&c=entry&m=ewei_shopv2&do=mobile&r=member',
    'menuid' => '430124510',
    'from' => 'osBgU0wMmGEJlmHJGNwjT4-EurDA',
    'to' => 'gh_5c0f19e6e149',
    'time' => '1530000705',
    'type' => 'text',
    'content' => '首次',
    'redirection' => true,
    'source' => 'default',
    'original' => 'http://jyqc.hejiewl.com/app/index.php?i=1&c=entry&m=ewei_shopv2&do=mobile&r=member',
  ),
  'module' => 'basic',
  'rule' => '28',
  'priority' => '255',
  'keyword' => 
  array (
    'id' => '53',
    'rid' => '28',
    'uniacid' => '1',
    'module' => 'basic',
    'content' => '首次',
    'type' => '2',
    'displayorder' => '255',
    'status' => '1',
  ),
)

2018-06-26 16:11:45 response :
------------
Array:
FromUserName : gh_5c0f19e6e149 ;
ToUserName : osBgU0wMmGEJlmHJGNwjT4-EurDA ;
MsgType : text ;
Content : 经义汽车欢迎你! ;

2018-06-26 16:12:53 trace :
------------
String:
<xml><ToUserName><![CDATA[gh_5c0f19e6e149]]></ToUserName>
<FromUserName><![CDATA[osBgU0wMmGEJlmHJGNwjT4-EurDA]]></FromUserName>
<CreateTime>1530000773</CreateTime>
<MsgType><![CDATA[event]]></MsgType>
<Event><![CDATA[VIEW]]></Event>
<EventKey><![CDATA[http://jyqc.hejiewl.com/app/index.php?i=1&c=entry&m=ewei_shopv2&do=mobile&r=member]]></EventKey>
<MenuId>430124510</MenuId>
</xml>

2018-06-26 16:12:53 params :
------------
String:
array (
  'message' => 
  array (
    'tousername' => 'gh_5c0f19e6e149',
    'fromusername' => 'osBgU0wMmGEJlmHJGNwjT4-EurDA',
    'createtime' => '1530000773',
    'msgtype' => 'event',
    'event' => 'VIEW',
    'eventkey' => 'http://jyqc.hejiewl.com/app/index.php?i=1&c=entry&m=ewei_shopv2&do=mobile&r=member',
    'menuid' => '430124510',
    'from' => 'osBgU0wMmGEJlmHJGNwjT4-EurDA',
    'to' => 'gh_5c0f19e6e149',
    'time' => '1530000773',
    'type' => 'text',
    'content' => '首次',
    'redirection' => true,
    'source' => 'default',
    'original' => 'http://jyqc.hejiewl.com/app/index.php?i=1&c=entry&m=ewei_shopv2&do=mobile&r=member',
  ),
  'module' => 'basic',
  'rule' => '28',
  'priority' => '255',
  'keyword' => 
  array (
    'id' => '53',
    'rid' => '28',
    'uniacid' => '1',
    'module' => 'basic',
    'content' => '首次',
    'type' => '2',
    'displayorder' => '255',
    'status' => '1',
  ),
)

2018-06-26 16:12:53 response :
------------
Array:
FromUserName : gh_5c0f19e6e149 ;
ToUserName : osBgU0wMmGEJlmHJGNwjT4-EurDA ;
MsgType : text ;
Content : 经义汽车欢迎你! ;

2018-06-26 16:14:42 trace :
------------
String:
<xml><ToUserName><![CDATA[gh_5c0f19e6e149]]></ToUserName>
<FromUserName><![CDATA[osBgU0wMmGEJlmHJGNwjT4-EurDA]]></FromUserName>
<CreateTime>1530000882</CreateTime>
<MsgType><![CDATA[event]]></MsgType>
<Event><![CDATA[VIEW]]></Event>
<EventKey><![CDATA[http://jyqc.hejiewl.com/app/index.php?i=1&c=entry&m=ewei_shopv2&do=mobile&r=member]]></EventKey>
<MenuId>430124510</MenuId>
</xml>

2018-06-26 16:14:42 params :
------------
String:
array (
  'message' => 
  array (
    'tousername' => 'gh_5c0f19e6e149',
    'fromusername' => 'osBgU0wMmGEJlmHJGNwjT4-EurDA',
    'createtime' => '1530000882',
    'msgtype' => 'event',
    'event' => 'VIEW',
    'eventkey' => 'http://jyqc.hejiewl.com/app/index.php?i=1&c=entry&m=ewei_shopv2&do=mobile&r=member',
    'menuid' => '430124510',
    'from' => 'osBgU0wMmGEJlmHJGNwjT4-EurDA',
    'to' => 'gh_5c0f19e6e149',
    'time' => '1530000882',
    'type' => 'text',
    'content' => '首次',
    'redirection' => true,
    'source' => 'default',
    'original' => 'http://jyqc.hejiewl.com/app/index.php?i=1&c=entry&m=ewei_shopv2&do=mobile&r=member',
  ),
  'module' => 'basic',
  'rule' => '28',
  'priority' => '255',
  'keyword' => 
  array (
    'id' => '53',
    'rid' => '28',
    'uniacid' => '1',
    'module' => 'basic',
    'content' => '首次',
    'type' => '2',
    'displayorder' => '255',
    'status' => '1',
  ),
)

2018-06-26 16:14:42 response :
------------
Array:
FromUserName : gh_5c0f19e6e149 ;
ToUserName : osBgU0wMmGEJlmHJGNwjT4-EurDA ;
MsgType : text ;
Content : 经义汽车欢迎你! ;

2018-06-26 16:32:12 trace :
------------
String:
<xml><ToUserName><![CDATA[gh_5c0f19e6e149]]></ToUserName>
<FromUserName><![CDATA[osBgU0wMmGEJlmHJGNwjT4-EurDA]]></FromUserName>
<CreateTime>1530001932</CreateTime>
<MsgType><![CDATA[event]]></MsgType>
<Event><![CDATA[VIEW]]></Event>
<EventKey><![CDATA[http://jyqc.hejiewl.com/app/index.php?i=1&c=entry&m=ewei_shopv2&do=mobile&r=member]]></EventKey>
<MenuId>430124510</MenuId>
</xml>

2018-06-26 16:32:12 params :
------------
String:
array (
  'message' => 
  array (
    'tousername' => 'gh_5c0f19e6e149',
    'fromusername' => 'osBgU0wMmGEJlmHJGNwjT4-EurDA',
    'createtime' => '1530001932',
    'msgtype' => 'event',
    'event' => 'VIEW',
    'eventkey' => 'http://jyqc.hejiewl.com/app/index.php?i=1&c=entry&m=ewei_shopv2&do=mobile&r=member',
    'menuid' => '430124510',
    'from' => 'osBgU0wMmGEJlmHJGNwjT4-EurDA',
    'to' => 'gh_5c0f19e6e149',
    'time' => '1530001932',
    'type' => 'text',
    'content' => '首次',
    'redirection' => true,
    'source' => 'default',
    'original' => 'http://jyqc.hejiewl.com/app/index.php?i=1&c=entry&m=ewei_shopv2&do=mobile&r=member',
  ),
  'module' => 'basic',
  'rule' => '28',
  'priority' => '255',
  'keyword' => 
  array (
    'id' => '53',
    'rid' => '28',
    'uniacid' => '1',
    'module' => 'basic',
    'content' => '首次',
    'type' => '2',
    'displayorder' => '255',
    'status' => '1',
  ),
)

2018-06-26 16:32:12 response :
------------
Array:
FromUserName : gh_5c0f19e6e149 ;
ToUserName : osBgU0wMmGEJlmHJGNwjT4-EurDA ;
MsgType : text ;
Content : 经义汽车欢迎你! ;

2018-06-26 16:40:13 trace :
------------
String:
<xml><ToUserName><![CDATA[gh_5c0f19e6e149]]></ToUserName>
<FromUserName><![CDATA[osBgU0wMmGEJlmHJGNwjT4-EurDA]]></FromUserName>
<CreateTime>1530002413</CreateTime>
<MsgType><![CDATA[event]]></MsgType>
<Event><![CDATA[VIEW]]></Event>
<EventKey><![CDATA[http://jyqc.hejiewl.com/app/index.php?i=1&c=entry&m=ewei_shopv2&do=mobile&r=member]]></EventKey>
<MenuId>430124510</MenuId>
</xml>

2018-06-26 16:40:13 params :
------------
String:
array (
  'message' => 
  array (
    'tousername' => 'gh_5c0f19e6e149',
    'fromusername' => 'osBgU0wMmGEJlmHJGNwjT4-EurDA',
    'createtime' => '1530002413',
    'msgtype' => 'event',
    'event' => 'VIEW',
    'eventkey' => 'http://jyqc.hejiewl.com/app/index.php?i=1&c=entry&m=ewei_shopv2&do=mobile&r=member',
    'menuid' => '430124510',
    'from' => 'osBgU0wMmGEJlmHJGNwjT4-EurDA',
    'to' => 'gh_5c0f19e6e149',
    'time' => '1530002413',
    'type' => 'text',
    'content' => '首次',
    'redirection' => true,
    'source' => 'default',
    'original' => 'http://jyqc.hejiewl.com/app/index.php?i=1&c=entry&m=ewei_shopv2&do=mobile&r=member',
  ),
  'module' => 'basic',
  'rule' => '28',
  'priority' => '255',
  'keyword' => 
  array (
    'id' => '53',
    'rid' => '28',
    'uniacid' => '1',
    'module' => 'basic',
    'content' => '首次',
    'type' => '2',
    'displayorder' => '255',
    'status' => '1',
  ),
)

2018-06-26 16:40:13 response :
------------
Array:
FromUserName : gh_5c0f19e6e149 ;
ToUserName : osBgU0wMmGEJlmHJGNwjT4-EurDA ;
MsgType : text ;
Content : 经义汽车欢迎你! ;

2018-06-26 17:12:40 trace :
------------
String:
<xml><ToUserName><![CDATA[gh_5c0f19e6e149]]></ToUserName>
<FromUserName><![CDATA[osBgU061paNjHwMzMBK3UycW8M70]]></FromUserName>
<CreateTime>1530004360</CreateTime>
<MsgType><![CDATA[event]]></MsgType>
<Event><![CDATA[VIEW]]></Event>
<EventKey><![CDATA[http://jyqc.hejiewl.com/app/index.php?i=1&c=entry&m=ewei_shopv2&do=mobile]]></EventKey>
<MenuId>430124510</MenuId>
</xml>

2018-06-26 17:12:40 params :
------------
String:
array (
  'message' => 
  array (
    'tousername' => 'gh_5c0f19e6e149',
    'fromusername' => 'osBgU061paNjHwMzMBK3UycW8M70',
    'createtime' => '1530004360',
    'msgtype' => 'event',
    'event' => 'VIEW',
    'eventkey' => 'http://jyqc.hejiewl.com/app/index.php?i=1&c=entry&m=ewei_shopv2&do=mobile',
    'menuid' => '430124510',
    'from' => 'osBgU061paNjHwMzMBK3UycW8M70',
    'to' => 'gh_5c0f19e6e149',
    'time' => '1530004360',
    'type' => 'text',
    'content' => '首次',
    'redirection' => true,
    'source' => 'default',
    'original' => 'http://jyqc.hejiewl.com/app/index.php?i=1&c=entry&m=ewei_shopv2&do=mobile',
  ),
  'module' => 'basic',
  'rule' => '28',
  'priority' => '255',
  'keyword' => 
  array (
    'id' => '53',
    'rid' => '28',
    'uniacid' => '1',
    'module' => 'basic',
    'content' => '首次',
    'type' => '2',
    'displayorder' => '255',
    'status' => '1',
  ),
)

2018-06-26 17:12:40 response :
------------
Array:
FromUserName : gh_5c0f19e6e149 ;
ToUserName : osBgU061paNjHwMzMBK3UycW8M70 ;
MsgType : text ;
Content : 经义汽车欢迎你! ;

2018-06-26 17:13:16 trace :
------------
String:
<xml><ToUserName><![CDATA[gh_5c0f19e6e149]]></ToUserName>
<FromUserName><![CDATA[osBgU061paNjHwMzMBK3UycW8M70]]></FromUserName>
<CreateTime>1530004396</CreateTime>
<MsgType><![CDATA[event]]></MsgType>
<Event><![CDATA[VIEW]]></Event>
<EventKey><![CDATA[http://jyqc.hejiewl.com/app/index.php?i=1&c=entry&m=ewei_shopv2&do=mobile&r=member]]></EventKey>
<MenuId>430124510</MenuId>
</xml>

2018-06-26 17:13:16 params :
------------
String:
array (
  'message' => 
  array (
    'tousername' => 'gh_5c0f19e6e149',
    'fromusername' => 'osBgU061paNjHwMzMBK3UycW8M70',
    'createtime' => '1530004396',
    'msgtype' => 'event',
    'event' => 'VIEW',
    'eventkey' => 'http://jyqc.hejiewl.com/app/index.php?i=1&c=entry&m=ewei_shopv2&do=mobile&r=member',
    'menuid' => '430124510',
    'from' => 'osBgU061paNjHwMzMBK3UycW8M70',
    'to' => 'gh_5c0f19e6e149',
    'time' => '1530004396',
    'type' => 'text',
    'content' => '首次',
    'redirection' => true,
    'source' => 'default',
    'original' => 'http://jyqc.hejiewl.com/app/index.php?i=1&c=entry&m=ewei_shopv2&do=mobile&r=member',
  ),
  'module' => 'basic',
  'rule' => '28',
  'priority' => '255',
  'keyword' => 
  array (
    'id' => '53',
    'rid' => '28',
    'uniacid' => '1',
    'module' => 'basic',
    'content' => '首次',
    'type' => '2',
    'displayorder' => '255',
    'status' => '1',
  ),
)

2018-06-26 17:13:16 response :
------------
Array:
FromUserName : gh_5c0f19e6e149 ;
ToUserName : osBgU061paNjHwMzMBK3UycW8M70 ;
MsgType : text ;
Content : 经义汽车欢迎你! ;

2018-06-26 17:13:21 trace :
------------
String:
<xml><ToUserName><![CDATA[gh_5c0f19e6e149]]></ToUserName>
<FromUserName><![CDATA[osBgU061paNjHwMzMBK3UycW8M70]]></FromUserName>
<CreateTime>1530004401</CreateTime>
<MsgType><![CDATA[event]]></MsgType>
<Event><![CDATA[VIEW]]></Event>
<EventKey><![CDATA[http://jyqc.hejiewl.com/app/index.php?i=1&c=entry&m=ewei_shopv2&do=mobile&r=member]]></EventKey>
<MenuId>430124510</MenuId>
</xml>

2018-06-26 17:13:21 params :
------------
String:
array (
  'message' => 
  array (
    'tousername' => 'gh_5c0f19e6e149',
    'fromusername' => 'osBgU061paNjHwMzMBK3UycW8M70',
    'createtime' => '1530004401',
    'msgtype' => 'event',
    'event' => 'VIEW',
    'eventkey' => 'http://jyqc.hejiewl.com/app/index.php?i=1&c=entry&m=ewei_shopv2&do=mobile&r=member',
    'menuid' => '430124510',
    'from' => 'osBgU061paNjHwMzMBK3UycW8M70',
    'to' => 'gh_5c0f19e6e149',
    'time' => '1530004401',
    'type' => 'text',
    'content' => '首次',
    'redirection' => true,
    'source' => 'default',
    'original' => 'http://jyqc.hejiewl.com/app/index.php?i=1&c=entry&m=ewei_shopv2&do=mobile&r=member',
  ),
  'module' => 'basic',
  'rule' => '28',
  'priority' => '255',
  'keyword' => 
  array (
    'id' => '53',
    'rid' => '28',
    'uniacid' => '1',
    'module' => 'basic',
    'content' => '首次',
    'type' => '2',
    'displayorder' => '255',
    'status' => '1',
  ),
)

2018-06-26 17:13:21 response :
------------
Array:
FromUserName : gh_5c0f19e6e149 ;
ToUserName : osBgU061paNjHwMzMBK3UycW8M70 ;
MsgType : text ;
Content : 经义汽车欢迎你! ;

2018-06-26 17:14:11 trace :
------------
String:
<xml><ToUserName><![CDATA[gh_5c0f19e6e149]]></ToUserName>
<FromUserName><![CDATA[osBgU061paNjHwMzMBK3UycW8M70]]></FromUserName>
<CreateTime>1530004450</CreateTime>
<MsgType><![CDATA[event]]></MsgType>
<Event><![CDATA[VIEW]]></Event>
<EventKey><![CDATA[http://jyqc.hejiewl.com/app/index.php?i=1&c=entry&m=ewei_shopv2&do=mobile]]></EventKey>
<MenuId>430124510</MenuId>
</xml>

2018-06-26 17:14:11 params :
------------
String:
array (
  'message' => 
  array (
    'tousername' => 'gh_5c0f19e6e149',
    'fromusername' => 'osBgU061paNjHwMzMBK3UycW8M70',
    'createtime' => '1530004450',
    'msgtype' => 'event',
    'event' => 'VIEW',
    'eventkey' => 'http://jyqc.hejiewl.com/app/index.php?i=1&c=entry&m=ewei_shopv2&do=mobile',
    'menuid' => '430124510',
    'from' => 'osBgU061paNjHwMzMBK3UycW8M70',
    'to' => 'gh_5c0f19e6e149',
    'time' => '1530004450',
    'type' => 'text',
    'content' => '首次',
    'redirection' => true,
    'source' => 'default',
    'original' => 'http://jyqc.hejiewl.com/app/index.php?i=1&c=entry&m=ewei_shopv2&do=mobile',
  ),
  'module' => 'basic',
  'rule' => '28',
  'priority' => '255',
  'keyword' => 
  array (
    'id' => '53',
    'rid' => '28',
    'uniacid' => '1',
    'module' => 'basic',
    'content' => '首次',
    'type' => '2',
    'displayorder' => '255',
    'status' => '1',
  ),
)

2018-06-26 17:14:11 response :
------------
Array:
FromUserName : gh_5c0f19e6e149 ;
ToUserName : osBgU061paNjHwMzMBK3UycW8M70 ;
MsgType : text ;
Content : 经义汽车欢迎你! ;

2018-06-26 17:14:16 trace :
------------
String:
<xml><ToUserName><![CDATA[gh_5c0f19e6e149]]></ToUserName>
<FromUserName><![CDATA[osBgU061paNjHwMzMBK3UycW8M70]]></FromUserName>
<CreateTime>1530004456</CreateTime>
<MsgType><![CDATA[event]]></MsgType>
<Event><![CDATA[VIEW]]></Event>
<EventKey><![CDATA[http://jyqc.hejiewl.com/app/index.php?i=1&c=entry&m=ewei_shopv2&do=mobile]]></EventKey>
<MenuId>430124510</MenuId>
</xml>

2018-06-26 17:14:16 params :
------------
String:
array (
  'message' => 
  array (
    'tousername' => 'gh_5c0f19e6e149',
    'fromusername' => 'osBgU061paNjHwMzMBK3UycW8M70',
    'createtime' => '1530004456',
    'msgtype' => 'event',
    'event' => 'VIEW',
    'eventkey' => 'http://jyqc.hejiewl.com/app/index.php?i=1&c=entry&m=ewei_shopv2&do=mobile',
    'menuid' => '430124510',
    'from' => 'osBgU061paNjHwMzMBK3UycW8M70',
    'to' => 'gh_5c0f19e6e149',
    'time' => '1530004456',
    'type' => 'text',
    'content' => '首次',
    'redirection' => true,
    'source' => 'default',
    'original' => 'http://jyqc.hejiewl.com/app/index.php?i=1&c=entry&m=ewei_shopv2&do=mobile',
  ),
  'module' => 'basic',
  'rule' => '28',
  'priority' => '255',
  'keyword' => 
  array (
    'id' => '53',
    'rid' => '28',
    'uniacid' => '1',
    'module' => 'basic',
    'content' => '首次',
    'type' => '2',
    'displayorder' => '255',
    'status' => '1',
  ),
)

2018-06-26 17:14:16 response :
------------
Array:
FromUserName : gh_5c0f19e6e149 ;
ToUserName : osBgU061paNjHwMzMBK3UycW8M70 ;
MsgType : text ;
Content : 经义汽车欢迎你! ;

2018-06-26 17:16:16 trace :
------------
String:
<xml><ToUserName><![CDATA[gh_5c0f19e6e149]]></ToUserName>
<FromUserName><![CDATA[osBgU061paNjHwMzMBK3UycW8M70]]></FromUserName>
<CreateTime>1530004576</CreateTime>
<MsgType><![CDATA[event]]></MsgType>
<Event><![CDATA[VIEW]]></Event>
<EventKey><![CDATA[http://jyqc.hejiewl.com/app/index.php?i=1&c=entry&m=ewei_shopv2&do=mobile]]></EventKey>
<MenuId>430124510</MenuId>
</xml>

2018-06-26 17:16:16 params :
------------
String:
array (
  'message' => 
  array (
    'tousername' => 'gh_5c0f19e6e149',
    'fromusername' => 'osBgU061paNjHwMzMBK3UycW8M70',
    'createtime' => '1530004576',
    'msgtype' => 'event',
    'event' => 'VIEW',
    'eventkey' => 'http://jyqc.hejiewl.com/app/index.php?i=1&c=entry&m=ewei_shopv2&do=mobile',
    'menuid' => '430124510',
    'from' => 'osBgU061paNjHwMzMBK3UycW8M70',
    'to' => 'gh_5c0f19e6e149',
    'time' => '1530004576',
    'type' => 'text',
    'content' => '首次',
    'redirection' => true,
    'source' => 'default',
    'original' => 'http://jyqc.hejiewl.com/app/index.php?i=1&c=entry&m=ewei_shopv2&do=mobile',
  ),
  'module' => 'basic',
  'rule' => '28',
  'priority' => '255',
  'keyword' => 
  array (
    'id' => '53',
    'rid' => '28',
    'uniacid' => '1',
    'module' => 'basic',
    'content' => '首次',
    'type' => '2',
    'displayorder' => '255',
    'status' => '1',
  ),
)

2018-06-26 17:16:16 response :
------------
Array:
FromUserName : gh_5c0f19e6e149 ;
ToUserName : osBgU061paNjHwMzMBK3UycW8M70 ;
MsgType : text ;
Content : 经义汽车欢迎你! ;

2018-06-26 17:18:30 trace :
------------
String:
<xml><ToUserName><![CDATA[gh_5c0f19e6e149]]></ToUserName>
<FromUserName><![CDATA[osBgU061paNjHwMzMBK3UycW8M70]]></FromUserName>
<CreateTime>1530004710</CreateTime>
<MsgType><![CDATA[event]]></MsgType>
<Event><![CDATA[VIEW]]></Event>
<EventKey><![CDATA[http://jyqc.hejiewl.com/app/index.php?i=1&c=entry&m=ewei_shopv2&do=mobile]]></EventKey>
<MenuId>430124510</MenuId>
</xml>

2018-06-26 17:18:30 params :
------------
String:
array (
  'message' => 
  array (
    'tousername' => 'gh_5c0f19e6e149',
    'fromusername' => 'osBgU061paNjHwMzMBK3UycW8M70',
    'createtime' => '1530004710',
    'msgtype' => 'event',
    'event' => 'VIEW',
    'eventkey' => 'http://jyqc.hejiewl.com/app/index.php?i=1&c=entry&m=ewei_shopv2&do=mobile',
    'menuid' => '430124510',
    'from' => 'osBgU061paNjHwMzMBK3UycW8M70',
    'to' => 'gh_5c0f19e6e149',
    'time' => '1530004710',
    'type' => 'text',
    'content' => '首次',
    'redirection' => true,
    'source' => 'default',
    'original' => 'http://jyqc.hejiewl.com/app/index.php?i=1&c=entry&m=ewei_shopv2&do=mobile',
  ),
  'module' => 'basic',
  'rule' => '28',
  'priority' => '255',
  'keyword' => 
  array (
    'id' => '53',
    'rid' => '28',
    'uniacid' => '1',
    'module' => 'basic',
    'content' => '首次',
    'type' => '2',
    'displayorder' => '255',
    'status' => '1',
  ),
)

2018-06-26 17:18:30 response :
------------
Array:
FromUserName : gh_5c0f19e6e149 ;
ToUserName : osBgU061paNjHwMzMBK3UycW8M70 ;
MsgType : text ;
Content : 经义汽车欢迎你! ;

2018-06-26 17:18:36 trace :
------------
String:
<xml><ToUserName><![CDATA[gh_5c0f19e6e149]]></ToUserName>
<FromUserName><![CDATA[osBgU061paNjHwMzMBK3UycW8M70]]></FromUserName>
<CreateTime>1530004716</CreateTime>
<MsgType><![CDATA[event]]></MsgType>
<Event><![CDATA[VIEW]]></Event>
<EventKey><![CDATA[http://jyqc.hejiewl.com/app/index.php?i=1&c=entry&m=ewei_shopv2&do=mobile&r=member]]></EventKey>
<MenuId>430124510</MenuId>
</xml>

2018-06-26 17:18:36 params :
------------
String:
array (
  'message' => 
  array (
    'tousername' => 'gh_5c0f19e6e149',
    'fromusername' => 'osBgU061paNjHwMzMBK3UycW8M70',
    'createtime' => '1530004716',
    'msgtype' => 'event',
    'event' => 'VIEW',
    'eventkey' => 'http://jyqc.hejiewl.com/app/index.php?i=1&c=entry&m=ewei_shopv2&do=mobile&r=member',
    'menuid' => '430124510',
    'from' => 'osBgU061paNjHwMzMBK3UycW8M70',
    'to' => 'gh_5c0f19e6e149',
    'time' => '1530004716',
    'type' => 'text',
    'content' => '首次',
    'redirection' => true,
    'source' => 'default',
    'original' => 'http://jyqc.hejiewl.com/app/index.php?i=1&c=entry&m=ewei_shopv2&do=mobile&r=member',
  ),
  'module' => 'basic',
  'rule' => '28',
  'priority' => '255',
  'keyword' => 
  array (
    'id' => '53',
    'rid' => '28',
    'uniacid' => '1',
    'module' => 'basic',
    'content' => '首次',
    'type' => '2',
    'displayorder' => '255',
    'status' => '1',
  ),
)

2018-06-26 17:18:36 response :
------------
Array:
FromUserName : gh_5c0f19e6e149 ;
ToUserName : osBgU061paNjHwMzMBK3UycW8M70 ;
MsgType : text ;
Content : 经义汽车欢迎你! ;

2018-06-26 17:18:52 trace :
------------
String:
<xml><ToUserName><![CDATA[gh_5c0f19e6e149]]></ToUserName>
<FromUserName><![CDATA[osBgU061paNjHwMzMBK3UycW8M70]]></FromUserName>
<CreateTime>1530004732</CreateTime>
<MsgType><![CDATA[event]]></MsgType>
<Event><![CDATA[VIEW]]></Event>
<EventKey><![CDATA[http://jyqc.hejiewl.com/app/index.php?i=1&c=entry&m=ewei_shopv2&do=mobile]]></EventKey>
<MenuId>430124510</MenuId>
</xml>

2018-06-26 17:18:52 params :
------------
String:
array (
  'message' => 
  array (
    'tousername' => 'gh_5c0f19e6e149',
    'fromusername' => 'osBgU061paNjHwMzMBK3UycW8M70',
    'createtime' => '1530004732',
    'msgtype' => 'event',
    'event' => 'VIEW',
    'eventkey' => 'http://jyqc.hejiewl.com/app/index.php?i=1&c=entry&m=ewei_shopv2&do=mobile',
    'menuid' => '430124510',
    'from' => 'osBgU061paNjHwMzMBK3UycW8M70',
    'to' => 'gh_5c0f19e6e149',
    'time' => '1530004732',
    'type' => 'text',
    'content' => '首次',
    'redirection' => true,
    'source' => 'default',
    'original' => 'http://jyqc.hejiewl.com/app/index.php?i=1&c=entry&m=ewei_shopv2&do=mobile',
  ),
  'module' => 'basic',
  'rule' => '28',
  'priority' => '255',
  'keyword' => 
  array (
    'id' => '53',
    'rid' => '28',
    'uniacid' => '1',
    'module' => 'basic',
    'content' => '首次',
    'type' => '2',
    'displayorder' => '255',
    'status' => '1',
  ),
)

2018-06-26 17:18:52 response :
------------
Array:
FromUserName : gh_5c0f19e6e149 ;
ToUserName : osBgU061paNjHwMzMBK3UycW8M70 ;
MsgType : text ;
Content : 经义汽车欢迎你! ;

2018-06-26 17:19:01 trace :
------------
String:
<xml><ToUserName><![CDATA[gh_5c0f19e6e149]]></ToUserName>
<FromUserName><![CDATA[osBgU061paNjHwMzMBK3UycW8M70]]></FromUserName>
<CreateTime>1530004741</CreateTime>
<MsgType><![CDATA[event]]></MsgType>
<Event><![CDATA[VIEW]]></Event>
<EventKey><![CDATA[http://jyqc.hejiewl.com/app/index.php?i=1&c=entry&m=ewei_shopv2&do=mobile&r=merch.list.merchuser]]></EventKey>
<MenuId>430124510</MenuId>
</xml>

2018-06-26 17:19:01 params :
------------
String:
array (
  'message' => 
  array (
    'tousername' => 'gh_5c0f19e6e149',
    'fromusername' => 'osBgU061paNjHwMzMBK3UycW8M70',
    'createtime' => '1530004741',
    'msgtype' => 'event',
    'event' => 'VIEW',
    'eventkey' => 'http://jyqc.hejiewl.com/app/index.php?i=1&c=entry&m=ewei_shopv2&do=mobile&r=merch.list.merchuser',
    'menuid' => '430124510',
    'from' => 'osBgU061paNjHwMzMBK3UycW8M70',
    'to' => 'gh_5c0f19e6e149',
    'time' => '1530004741',
    'type' => 'text',
    'content' => '首次',
    'redirection' => true,
    'source' => 'default',
    'original' => 'http://jyqc.hejiewl.com/app/index.php?i=1&c=entry&m=ewei_shopv2&do=mobile&r=merch.list.merchuser',
  ),
  'module' => 'basic',
  'rule' => '28',
  'priority' => '255',
  'keyword' => 
  array (
    'id' => '53',
    'rid' => '28',
    'uniacid' => '1',
    'module' => 'basic',
    'content' => '首次',
    'type' => '2',
    'displayorder' => '255',
    'status' => '1',
  ),
)

2018-06-26 17:19:01 response :
------------
Array:
FromUserName : gh_5c0f19e6e149 ;
ToUserName : osBgU061paNjHwMzMBK3UycW8M70 ;
MsgType : text ;
Content : 经义汽车欢迎你! ;

2018-06-26 17:19:06 trace :
------------
String:
<xml><ToUserName><![CDATA[gh_5c0f19e6e149]]></ToUserName>
<FromUserName><![CDATA[osBgU061paNjHwMzMBK3UycW8M70]]></FromUserName>
<CreateTime>1530004746</CreateTime>
<MsgType><![CDATA[event]]></MsgType>
<Event><![CDATA[VIEW]]></Event>
<EventKey><![CDATA[http://jyqc.hejiewl.com/app/index.php?i=1&c=entry&m=ewei_shopv2&do=mobile]]></EventKey>
<MenuId>430124510</MenuId>
</xml>

2018-06-26 17:19:06 params :
------------
String:
array (
  'message' => 
  array (
    'tousername' => 'gh_5c0f19e6e149',
    'fromusername' => 'osBgU061paNjHwMzMBK3UycW8M70',
    'createtime' => '1530004746',
    'msgtype' => 'event',
    'event' => 'VIEW',
    'eventkey' => 'http://jyqc.hejiewl.com/app/index.php?i=1&c=entry&m=ewei_shopv2&do=mobile',
    'menuid' => '430124510',
    'from' => 'osBgU061paNjHwMzMBK3UycW8M70',
    'to' => 'gh_5c0f19e6e149',
    'time' => '1530004746',
    'type' => 'text',
    'content' => '首次',
    'redirection' => true,
    'source' => 'default',
    'original' => 'http://jyqc.hejiewl.com/app/index.php?i=1&c=entry&m=ewei_shopv2&do=mobile',
  ),
  'module' => 'basic',
  'rule' => '28',
  'priority' => '255',
  'keyword' => 
  array (
    'id' => '53',
    'rid' => '28',
    'uniacid' => '1',
    'module' => 'basic',
    'content' => '首次',
    'type' => '2',
    'displayorder' => '255',
    'status' => '1',
  ),
)

2018-06-26 17:19:06 response :
------------
Array:
FromUserName : gh_5c0f19e6e149 ;
ToUserName : osBgU061paNjHwMzMBK3UycW8M70 ;
MsgType : text ;
Content : 经义汽车欢迎你! ;

2018-06-26 17:22:29 trace :
------------
String:
<xml><ToUserName><![CDATA[gh_5c0f19e6e149]]></ToUserName>
<FromUserName><![CDATA[osBgU061paNjHwMzMBK3UycW8M70]]></FromUserName>
<CreateTime>1530004949</CreateTime>
<MsgType><![CDATA[event]]></MsgType>
<Event><![CDATA[VIEW]]></Event>
<EventKey><![CDATA[http://jyqc.hejiewl.com/app/index.php?i=1&c=entry&m=ewei_shopv2&do=mobile]]></EventKey>
<MenuId>430124510</MenuId>
</xml>

2018-06-26 17:22:29 params :
------------
String:
array (
  'message' => 
  array (
    'tousername' => 'gh_5c0f19e6e149',
    'fromusername' => 'osBgU061paNjHwMzMBK3UycW8M70',
    'createtime' => '1530004949',
    'msgtype' => 'event',
    'event' => 'VIEW',
    'eventkey' => 'http://jyqc.hejiewl.com/app/index.php?i=1&c=entry&m=ewei_shopv2&do=mobile',
    'menuid' => '430124510',
    'from' => 'osBgU061paNjHwMzMBK3UycW8M70',
    'to' => 'gh_5c0f19e6e149',
    'time' => '1530004949',
    'type' => 'text',
    'content' => '首次',
    'redirection' => true,
    'source' => 'default',
    'original' => 'http://jyqc.hejiewl.com/app/index.php?i=1&c=entry&m=ewei_shopv2&do=mobile',
  ),
  'module' => 'basic',
  'rule' => '28',
  'priority' => '255',
  'keyword' => 
  array (
    'id' => '53',
    'rid' => '28',
    'uniacid' => '1',
    'module' => 'basic',
    'content' => '首次',
    'type' => '2',
    'displayorder' => '255',
    'status' => '1',
  ),
)

2018-06-26 17:22:29 response :
------------
Array:
FromUserName : gh_5c0f19e6e149 ;
ToUserName : osBgU061paNjHwMzMBK3UycW8M70 ;
MsgType : text ;
Content : 经义汽车欢迎你! ;

2018-06-26 17:22:59 trace :
------------
String:
<xml><ToUserName><![CDATA[gh_5c0f19e6e149]]></ToUserName>
<FromUserName><![CDATA[osBgU061paNjHwMzMBK3UycW8M70]]></FromUserName>
<CreateTime>1530004979</CreateTime>
<MsgType><![CDATA[event]]></MsgType>
<Event><![CDATA[VIEW]]></Event>
<EventKey><![CDATA[http://jyqc.hejiewl.com/app/index.php?i=1&c=entry&m=ewei_shopv2&do=mobile]]></EventKey>
<MenuId>430124510</MenuId>
</xml>

2018-06-26 17:22:59 params :
------------
String:
array (
  'message' => 
  array (
    'tousername' => 'gh_5c0f19e6e149',
    'fromusername' => 'osBgU061paNjHwMzMBK3UycW8M70',
    'createtime' => '1530004979',
    'msgtype' => 'event',
    'event' => 'VIEW',
    'eventkey' => 'http://jyqc.hejiewl.com/app/index.php?i=1&c=entry&m=ewei_shopv2&do=mobile',
    'menuid' => '430124510',
    'from' => 'osBgU061paNjHwMzMBK3UycW8M70',
    'to' => 'gh_5c0f19e6e149',
    'time' => '1530004979',
    'type' => 'text',
    'content' => '首次',
    'redirection' => true,
    'source' => 'default',
    'original' => 'http://jyqc.hejiewl.com/app/index.php?i=1&c=entry&m=ewei_shopv2&do=mobile',
  ),
  'module' => 'basic',
  'rule' => '28',
  'priority' => '255',
  'keyword' => 
  array (
    'id' => '53',
    'rid' => '28',
    'uniacid' => '1',
    'module' => 'basic',
    'content' => '首次',
    'type' => '2',
    'displayorder' => '255',
    'status' => '1',
  ),
)

2018-06-26 17:22:59 response :
------------
Array:
FromUserName : gh_5c0f19e6e149 ;
ToUserName : osBgU061paNjHwMzMBK3UycW8M70 ;
MsgType : text ;
Content : 经义汽车欢迎你! ;

