2018-10-10 13:51:51 trace :
------------
String:
<xml><ToUserName><![CDATA[gh_5c0f19e6e149]]></ToUserName>
<FromUserName><![CDATA[osBgU05vVZZKT64jOxWwL0IkYf54]]></FromUserName>
<CreateTime>1539150710</CreateTime>
<MsgType><![CDATA[text]]></MsgType>
<Content><![CDATA[1]]></Content>
<MsgId>6610601963504564659</MsgId>
</xml>

2018-10-10 13:51:51 params :
------------
String:
array (
  'message' => 
  array (
    'tousername' => 'gh_5c0f19e6e149',
    'fromusername' => 'osBgU05vVZZKT64jOxWwL0IkYf54',
    'createtime' => '1539150710',
    'msgtype' => 'text',
    'content' => '首次',
    'msgid' => '6610601963504564659',
    'from' => 'osBgU05vVZZKT64jOxWwL0IkYf54',
    'to' => 'gh_5c0f19e6e149',
    'time' => '1539150710',
    'type' => 'text',
    'event' => NULL,
    'redirection' => true,
    'source' => 'default',
    'original' => '1',
  ),
  'module' => 'basic',
  'rule' => '28',
  'priority' => '255',
  'keyword' => 
  array (
    'id' => '53',
    'rid' => '28',
    'uniacid' => '1',
    'module' => 'basic',
    'content' => '首次',
    'type' => '2',
    'displayorder' => '255',
    'status' => '1',
  ),
)

2018-10-10 13:51:51 response :
------------
Array:
FromUserName : gh_5c0f19e6e149 ;
ToUserName : osBgU05vVZZKT64jOxWwL0IkYf54 ;
MsgType : text ;
Content : 经义汽车欢迎你! ;

2018-10-10 14:00:08 trace :
------------
String:
<xml><ToUserName><![CDATA[gh_5c0f19e6e149]]></ToUserName>
<FromUserName><![CDATA[osBgU0wMmGEJlmHJGNwjT4-EurDA]]></FromUserName>
<CreateTime>1539151208</CreateTime>
<MsgType><![CDATA[event]]></MsgType>
<Event><![CDATA[VIEW]]></Event>
<EventKey><![CDATA[https://jyqc.hejiewl.com/app/index.php?i=1&c=entry&m=ewei_shopv2&do=mobile&r=member]]></EventKey>
<MenuId>437037963</MenuId>
</xml>

2018-10-10 14:00:08 params :
------------
String:
array (
  'message' => 
  array (
    'tousername' => 'gh_5c0f19e6e149',
    'fromusername' => 'osBgU0wMmGEJlmHJGNwjT4-EurDA',
    'createtime' => '1539151208',
    'msgtype' => 'event',
    'event' => 'VIEW',
    'eventkey' => 'https://jyqc.hejiewl.com/app/index.php?i=1&c=entry&m=ewei_shopv2&do=mobile&r=member',
    'menuid' => '437037963',
    'from' => 'osBgU0wMmGEJlmHJGNwjT4-EurDA',
    'to' => 'gh_5c0f19e6e149',
    'time' => '1539151208',
    'type' => 'text',
    'content' => '首次',
    'redirection' => true,
    'source' => 'default',
    'original' => 'https://jyqc.hejiewl.com/app/index.php?i=1&c=entry&m=ewei_shopv2&do=mobile&r=member',
  ),
  'module' => 'basic',
  'rule' => '28',
  'priority' => '255',
  'keyword' => 
  array (
    'id' => '53',
    'rid' => '28',
    'uniacid' => '1',
    'module' => 'basic',
    'content' => '首次',
    'type' => '2',
    'displayorder' => '255',
    'status' => '1',
  ),
)

2018-10-10 14:00:08 response :
------------
Array:
FromUserName : gh_5c0f19e6e149 ;
ToUserName : osBgU0wMmGEJlmHJGNwjT4-EurDA ;
MsgType : text ;
Content : 经义汽车欢迎你! ;

2018-10-10 14:01:02 trace :
------------
String:
<xml><ToUserName><![CDATA[gh_5c0f19e6e149]]></ToUserName>
<FromUserName><![CDATA[osBgU0wMmGEJlmHJGNwjT4-EurDA]]></FromUserName>
<CreateTime>1539151262</CreateTime>
<MsgType><![CDATA[event]]></MsgType>
<Event><![CDATA[VIEW]]></Event>
<EventKey><![CDATA[https://jyqc.hejiewl.com/app/index.php?i=1&c=entry&m=ewei_shopv2&do=mobile&r=member]]></EventKey>
<MenuId>437037963</MenuId>
</xml>

2018-10-10 14:01:02 params :
------------
String:
array (
  'message' => 
  array (
    'tousername' => 'gh_5c0f19e6e149',
    'fromusername' => 'osBgU0wMmGEJlmHJGNwjT4-EurDA',
    'createtime' => '1539151262',
    'msgtype' => 'event',
    'event' => 'VIEW',
    'eventkey' => 'https://jyqc.hejiewl.com/app/index.php?i=1&c=entry&m=ewei_shopv2&do=mobile&r=member',
    'menuid' => '437037963',
    'from' => 'osBgU0wMmGEJlmHJGNwjT4-EurDA',
    'to' => 'gh_5c0f19e6e149',
    'time' => '1539151262',
    'type' => 'text',
    'content' => '首次',
    'redirection' => true,
    'source' => 'default',
    'original' => 'https://jyqc.hejiewl.com/app/index.php?i=1&c=entry&m=ewei_shopv2&do=mobile&r=member',
  ),
  'module' => 'basic',
  'rule' => '28',
  'priority' => '255',
  'keyword' => 
  array (
    'id' => '53',
    'rid' => '28',
    'uniacid' => '1',
    'module' => 'basic',
    'content' => '首次',
    'type' => '2',
    'displayorder' => '255',
    'status' => '1',
  ),
)

2018-10-10 14:01:02 response :
------------
Array:
FromUserName : gh_5c0f19e6e149 ;
ToUserName : osBgU0wMmGEJlmHJGNwjT4-EurDA ;
MsgType : text ;
Content : 经义汽车欢迎你! ;

2018-10-10 16:18:15 trace :
------------
String:
<xml><ToUserName><![CDATA[gh_5c0f19e6e149]]></ToUserName>
<FromUserName><![CDATA[osBgU05dHYQQ4I_07setMM3mDssg]]></FromUserName>
<CreateTime>1539159495</CreateTime>
<MsgType><![CDATA[event]]></MsgType>
<Event><![CDATA[unsubscribe]]></Event>
<EventKey><![CDATA[]]></EventKey>
</xml>

