2019-03-13 22:36:52 trace :
------------
String:
<xml><ToUserName><![CDATA[gh_5c0f19e6e149]]></ToUserName>
<FromUserName><![CDATA[osBgU061paNjHwMzMBK3UycW8M70]]></FromUserName>
<CreateTime>1552487811</CreateTime>
<MsgType><![CDATA[video]]></MsgType>
<MediaId><![CDATA[J-yKQW2WhzqkbNgVt7QLS4nfNzucR9q2knGbYSSG7Matj5tpsu0eWI5FlpU1iZ_1]]></MediaId>
<ThumbMediaId><![CDATA[eVRY_ut3KN9PeEMSTEBHDmdohOmvEJK6tqXhcHH-X1tqOS7IQz1oZwGoO5g9q19j]]></ThumbMediaId>
<MsgId>22226280395724206</MsgId>
</xml>

2019-03-13 22:36:52 params :
------------
String:
array (
  'message' => 
  array (
    'tousername' => 'gh_5c0f19e6e149',
    'fromusername' => 'osBgU061paNjHwMzMBK3UycW8M70',
    'createtime' => '1552487811',
    'msgtype' => 'video',
    'mediaid' => 'J-yKQW2WhzqkbNgVt7QLS4nfNzucR9q2knGbYSSG7Matj5tpsu0eWI5FlpU1iZ_1',
    'thumbmediaid' => 'eVRY_ut3KN9PeEMSTEBHDmdohOmvEJK6tqXhcHH-X1tqOS7IQz1oZwGoO5g9q19j',
    'msgid' => '22226280395724206',
    'from' => 'osBgU061paNjHwMzMBK3UycW8M70',
    'to' => 'gh_5c0f19e6e149',
    'time' => '1552487811',
    'type' => 'text',
    'event' => NULL,
    'thumb' => 'eVRY_ut3KN9PeEMSTEBHDmdohOmvEJK6tqXhcHH-X1tqOS7IQz1oZwGoO5g9q19j',
    'content' => '首次',
    'redirection' => true,
    'source' => 'default',
    'original' => NULL,
  ),
  'module' => 'basic',
  'rule' => '28',
  'priority' => '255',
  'keyword' => 
  array (
    'id' => '53',
    'rid' => '28',
    'uniacid' => '1',
    'module' => 'basic',
    'content' => '首次',
    'type' => '2',
    'displayorder' => '255',
    'status' => '1',
  ),
)

2019-03-13 22:36:52 response :
------------
Array:
FromUserName : gh_5c0f19e6e149 ;
ToUserName : osBgU061paNjHwMzMBK3UycW8M70 ;
MsgType : text ;
Content : 经义汽车欢迎你! ;

